[2026-03-29T23:22:34.085+0000] {local_task_job_runner.py:120} INFO - ::group::Pre task execution logs
[2026-03-29T23:22:34.219+0000] {taskinstance.py:2076} INFO - Dependencies all met for dep_context=non-requeueable deps ti=<TaskInstance: static_trades_analytics.clean_static_trades manual__2026-03-29T23:22:05.914588+00:00 [queued]>
[2026-03-29T23:22:34.241+0000] {taskinstance.py:2076} INFO - Dependencies all met for dep_context=requeueable deps ti=<TaskInstance: static_trades_analytics.clean_static_trades manual__2026-03-29T23:22:05.914588+00:00 [queued]>
[2026-03-29T23:22:34.242+0000] {taskinstance.py:2306} INFO - Starting attempt 1 of 1
[2026-03-29T23:22:34.270+0000] {taskinstance.py:2330} INFO - Executing <Task(PythonOperator): clean_static_trades> on 2026-03-29 23:22:05.914588+00:00
[2026-03-29T23:22:34.298+0000] {logging_mixin.py:188} WARNING - /home/***/.local/lib/python3.12/site-packages/***/task/task_runner/standard_task_runner.py:61 DeprecationWarning: This process (pid=692) is multi-threaded, use of fork() may lead to deadlocks in the child.
[2026-03-29T23:22:34.304+0000] {standard_task_runner.py:63} INFO - Started process 715 to run task
[2026-03-29T23:22:34.299+0000] {standard_task_runner.py:90} INFO - Running: ['***', 'tasks', 'run', 'static_trades_analytics', 'clean_static_trades', 'manual__2026-03-29T23:22:05.914588+00:00', '--job-id', '10', '--raw', '--subdir', 'DAGS_FOLDER/static_user_analytics.py', '--cfg-path', '/tmp/tmp6cnmjz6t']
[2026-03-29T23:22:34.308+0000] {standard_task_runner.py:91} INFO - Job 10: Subtask clean_static_trades
[2026-03-29T23:22:34.369+0000] {logging_mixin.py:188} WARNING - /home/***/.local/lib/python3.12/site-packages/***/settings.py:195 DeprecationWarning: The sql_alchemy_conn option in [core] has been moved to the sql_alchemy_conn option in [database] - the old setting has been used, but please update your config.
[2026-03-29T23:22:34.526+0000] {task_command.py:426} INFO - Running <TaskInstance: static_trades_analytics.clean_static_trades manual__2026-03-29T23:22:05.914588+00:00 [running]> on host 17cff4ce87d9
[2026-03-29T23:22:34.987+0000] {taskinstance.py:2648} INFO - Exporting env vars: AIRFLOW_CTX_DAG_OWNER='***' AIRFLOW_CTX_DAG_ID='static_trades_analytics' AIRFLOW_CTX_TASK_ID='clean_static_trades' AIRFLOW_CTX_EXECUTION_DATE='2026-03-29T23:22:05.914588+00:00' AIRFLOW_CTX_TRY_NUMBER='1' AIRFLOW_CTX_DAG_RUN_ID='manual__2026-03-29T23:22:05.914588+00:00'
[2026-03-29T23:22:34.991+0000] {taskinstance.py:430} INFO - ::endgroup::
[2026-03-29T23:22:35.412+0000] {logging_mixin.py:188} INFO - Cleaned data saved to /opt/***/temp/static_transformed.csv, 4 rows kept.
[2026-03-29T23:22:35.414+0000] {python.py:237} INFO - Done. Returned value was: None
[2026-03-29T23:22:35.416+0000] {taskinstance.py:441} INFO - ::group::Post task execution logs
[2026-03-29T23:22:35.465+0000] {taskinstance.py:1206} INFO - Marking task as SUCCESS. dag_id=static_trades_analytics, task_id=clean_static_trades, run_id=manual__2026-03-29T23:22:05.914588+00:00, execution_date=20260329T232205, start_date=20260329T232234, end_date=20260329T232235
[2026-03-29T23:22:35.544+0000] {local_task_job_runner.py:240} INFO - Task exited with return code 0
[2026-03-29T23:22:35.630+0000] {taskinstance.py:3503} INFO - 1 downstream tasks scheduled from follow-on schedule check
[2026-03-29T23:22:35.634+0000] {local_task_job_runner.py:222} INFO - ::endgroup::
