[2026-03-29T22:51:10.161+0000] {local_task_job_runner.py:120} INFO - ::group::Pre task execution logs
[2026-03-29T22:51:10.214+0000] {taskinstance.py:2076} INFO - Dependencies all met for dep_context=non-requeueable deps ti=<TaskInstance: static_trades_analytics.produce_static_trades manual__2026-03-29T22:51:07.247548+00:00 [queued]>
[2026-03-29T22:51:10.222+0000] {taskinstance.py:2076} INFO - Dependencies all met for dep_context=requeueable deps ti=<TaskInstance: static_trades_analytics.produce_static_trades manual__2026-03-29T22:51:07.247548+00:00 [queued]>
[2026-03-29T22:51:10.222+0000] {taskinstance.py:2306} INFO - Starting attempt 1 of 1
[2026-03-29T22:51:10.236+0000] {taskinstance.py:2330} INFO - Executing <Task(PythonOperator): produce_static_trades> on 2026-03-29 22:51:07.247548+00:00
[2026-03-29T22:51:10.248+0000] {logging_mixin.py:188} WARNING - /home/***/.local/lib/python3.12/site-packages/***/task/task_runner/standard_task_runner.py:61 DeprecationWarning: This process (pid=628) is multi-threaded, use of fork() may lead to deadlocks in the child.
[2026-03-29T22:51:10.252+0000] {standard_task_runner.py:63} INFO - Started process 636 to run task
[2026-03-29T22:51:10.250+0000] {standard_task_runner.py:90} INFO - Running: ['***', 'tasks', 'run', 'static_trades_analytics', 'produce_static_trades', 'manual__2026-03-29T22:51:07.247548+00:00', '--job-id', '3', '--raw', '--subdir', 'DAGS_FOLDER/static_user_analytics.py', '--cfg-path', '/tmp/tmpfd315fwl']
[2026-03-29T22:51:10.254+0000] {standard_task_runner.py:91} INFO - Job 3: Subtask produce_static_trades
[2026-03-29T22:51:10.272+0000] {logging_mixin.py:188} WARNING - /home/***/.local/lib/python3.12/site-packages/***/settings.py:195 DeprecationWarning: The sql_alchemy_conn option in [core] has been moved to the sql_alchemy_conn option in [database] - the old setting has been used, but please update your config.
[2026-03-29T22:51:10.318+0000] {task_command.py:426} INFO - Running <TaskInstance: static_trades_analytics.produce_static_trades manual__2026-03-29T22:51:07.247548+00:00 [running]> on host df8f2fa6a7f4
[2026-03-29T22:51:10.418+0000] {taskinstance.py:2648} INFO - Exporting env vars: AIRFLOW_CTX_DAG_OWNER='***' AIRFLOW_CTX_DAG_ID='static_trades_analytics' AIRFLOW_CTX_TASK_ID='produce_static_trades' AIRFLOW_CTX_EXECUTION_DATE='2026-03-29T22:51:07.247548+00:00' AIRFLOW_CTX_TRY_NUMBER='1' AIRFLOW_CTX_DAG_RUN_ID='manual__2026-03-29T22:51:07.247548+00:00'
[2026-03-29T22:51:10.420+0000] {taskinstance.py:430} INFO - ::endgroup::
[2026-03-29T22:51:10.439+0000] {logging_mixin.py:188} INFO - Static trades written to /opt/***/temp/static_trades.csv
[2026-03-29T22:51:10.439+0000] {python.py:237} INFO - Done. Returned value was: None
[2026-03-29T22:51:10.440+0000] {taskinstance.py:441} INFO - ::group::Post task execution logs
[2026-03-29T22:51:10.452+0000] {taskinstance.py:1206} INFO - Marking task as SUCCESS. dag_id=static_trades_analytics, task_id=produce_static_trades, run_id=manual__2026-03-29T22:51:07.247548+00:00, execution_date=20260329T225107, start_date=20260329T225110, end_date=20260329T225110
[2026-03-29T22:51:10.509+0000] {local_task_job_runner.py:240} INFO - Task exited with return code 0
[2026-03-29T22:51:10.539+0000] {taskinstance.py:3503} INFO - 1 downstream tasks scheduled from follow-on schedule check
[2026-03-29T22:51:10.542+0000] {local_task_job_runner.py:222} INFO - ::endgroup::
