[2026-03-29T11:22:06.292+0000] {local_task_job_runner.py:120} INFO - ::group::Pre task execution logs
[2026-03-29T11:22:06.371+0000] {taskinstance.py:2076} INFO - Dependencies all met for dep_context=non-requeueable deps ti=<TaskInstance: live_trades_analytics.clean_live_trades scheduled__2026-03-28T00:00:00+00:00 [queued]>
[2026-03-29T11:22:06.383+0000] {taskinstance.py:2076} INFO - Dependencies all met for dep_context=requeueable deps ti=<TaskInstance: live_trades_analytics.clean_live_trades scheduled__2026-03-28T00:00:00+00:00 [queued]>
[2026-03-29T11:22:06.383+0000] {taskinstance.py:2306} INFO - Starting attempt 1 of 1
[2026-03-29T11:22:06.405+0000] {taskinstance.py:2330} INFO - Executing <Task(PythonOperator): clean_live_trades> on 2026-03-28 00:00:00+00:00
[2026-03-29T11:22:06.427+0000] {logging_mixin.py:188} WARNING - /home/***/.local/lib/python3.12/site-packages/***/task/task_runner/standard_task_runner.py:61 DeprecationWarning: This process (pid=233) is multi-threaded, use of fork() may lead to deadlocks in the child.
[2026-03-29T11:22:06.431+0000] {standard_task_runner.py:63} INFO - Started process 235 to run task
[2026-03-29T11:22:06.429+0000] {standard_task_runner.py:90} INFO - Running: ['***', 'tasks', 'run', 'live_trades_analytics', 'clean_live_trades', 'scheduled__2026-03-28T00:00:00+00:00', '--job-id', '16', '--raw', '--subdir', 'DAGS_FOLDER/live_user_analytics.py', '--cfg-path', '/tmp/tmpl_hz1rw7']
[2026-03-29T11:22:06.434+0000] {standard_task_runner.py:91} INFO - Job 16: Subtask clean_live_trades
[2026-03-29T11:22:06.460+0000] {logging_mixin.py:188} WARNING - /home/***/.local/lib/python3.12/site-packages/***/settings.py:195 DeprecationWarning: The sql_alchemy_conn option in [core] has been moved to the sql_alchemy_conn option in [database] - the old setting has been used, but please update your config.
[2026-03-29T11:22:06.525+0000] {task_command.py:426} INFO - Running <TaskInstance: live_trades_analytics.clean_live_trades scheduled__2026-03-28T00:00:00+00:00 [running]> on host 02a713b558cd
[2026-03-29T11:22:06.733+0000] {taskinstance.py:2648} INFO - Exporting env vars: AIRFLOW_CTX_DAG_OWNER='***' AIRFLOW_CTX_DAG_ID='live_trades_analytics' AIRFLOW_CTX_TASK_ID='clean_live_trades' AIRFLOW_CTX_EXECUTION_DATE='2026-03-28T00:00:00+00:00' AIRFLOW_CTX_TRY_NUMBER='1' AIRFLOW_CTX_DAG_RUN_ID='scheduled__2026-03-28T00:00:00+00:00'
[2026-03-29T11:22:06.737+0000] {taskinstance.py:430} INFO - ::endgroup::
[2026-03-29T11:22:06.939+0000] {logging_mixin.py:188} INFO - Cleaned data saved to /opt/***/temp/live_transformed.csv, 12 rows kept.
[2026-03-29T11:22:06.940+0000] {python.py:237} INFO - Done. Returned value was: None
[2026-03-29T11:22:06.940+0000] {taskinstance.py:441} INFO - ::group::Post task execution logs
[2026-03-29T11:22:06.954+0000] {taskinstance.py:1206} INFO - Marking task as SUCCESS. dag_id=live_trades_analytics, task_id=clean_live_trades, run_id=scheduled__2026-03-28T00:00:00+00:00, execution_date=20260328T000000, start_date=20260329T112206, end_date=20260329T112206
[2026-03-29T11:22:06.978+0000] {local_task_job_runner.py:240} INFO - Task exited with return code 0
[2026-03-29T11:22:07.026+0000] {taskinstance.py:3503} INFO - 1 downstream tasks scheduled from follow-on schedule check
[2026-03-29T11:22:07.028+0000] {local_task_job_runner.py:222} INFO - ::endgroup::
[2026-03-29T11:55:12.597+0000] {local_task_job_runner.py:120} INFO - ::group::Pre task execution logs
[2026-03-29T11:55:12.699+0000] {taskinstance.py:2076} INFO - Dependencies all met for dep_context=non-requeueable deps ti=<TaskInstance: live_trades_analytics.clean_live_trades scheduled__2026-03-28T00:00:00+00:00 [queued]>
[2026-03-29T11:55:12.726+0000] {taskinstance.py:2076} INFO - Dependencies all met for dep_context=requeueable deps ti=<TaskInstance: live_trades_analytics.clean_live_trades scheduled__2026-03-28T00:00:00+00:00 [queued]>
[2026-03-29T11:55:12.727+0000] {taskinstance.py:2306} INFO - Starting attempt 1 of 1
[2026-03-29T11:55:12.766+0000] {taskinstance.py:2330} INFO - Executing <Task(PythonOperator): clean_live_trades> on 2026-03-28 00:00:00+00:00
[2026-03-29T11:55:12.810+0000] {logging_mixin.py:188} WARNING - /home/***/.local/lib/python3.12/site-packages/***/task/task_runner/standard_task_runner.py:61 DeprecationWarning: This process (pid=780) is multi-threaded, use of fork() may lead to deadlocks in the child.
[2026-03-29T11:55:12.816+0000] {standard_task_runner.py:63} INFO - Started process 787 to run task
[2026-03-29T11:55:12.808+0000] {standard_task_runner.py:90} INFO - Running: ['***', 'tasks', 'run', 'live_trades_analytics', 'clean_live_trades', 'scheduled__2026-03-28T00:00:00+00:00', '--job-id', '12', '--raw', '--subdir', 'DAGS_FOLDER/live_user_analytics.py', '--cfg-path', '/tmp/tmpcki3aq0a']
[2026-03-29T11:55:12.831+0000] {standard_task_runner.py:91} INFO - Job 12: Subtask clean_live_trades
[2026-03-29T11:55:12.908+0000] {logging_mixin.py:188} WARNING - /home/***/.local/lib/python3.12/site-packages/***/settings.py:195 DeprecationWarning: The sql_alchemy_conn option in [core] has been moved to the sql_alchemy_conn option in [database] - the old setting has been used, but please update your config.
[2026-03-29T11:55:13.116+0000] {task_command.py:426} INFO - Running <TaskInstance: live_trades_analytics.clean_live_trades scheduled__2026-03-28T00:00:00+00:00 [running]> on host 18bc553606fe
[2026-03-29T11:55:13.553+0000] {taskinstance.py:2648} INFO - Exporting env vars: AIRFLOW_CTX_DAG_OWNER='***' AIRFLOW_CTX_DAG_ID='live_trades_analytics' AIRFLOW_CTX_TASK_ID='clean_live_trades' AIRFLOW_CTX_EXECUTION_DATE='2026-03-28T00:00:00+00:00' AIRFLOW_CTX_TRY_NUMBER='1' AIRFLOW_CTX_DAG_RUN_ID='scheduled__2026-03-28T00:00:00+00:00'
[2026-03-29T11:55:13.556+0000] {taskinstance.py:430} INFO - ::endgroup::
[2026-03-29T11:55:13.894+0000] {logging_mixin.py:188} INFO - Cleaned data saved to /opt/***/temp/live_transformed.csv, 4 rows kept.
[2026-03-29T11:55:13.894+0000] {python.py:237} INFO - Done. Returned value was: None
[2026-03-29T11:55:13.895+0000] {taskinstance.py:441} INFO - ::group::Post task execution logs
[2026-03-29T11:55:13.919+0000] {taskinstance.py:1206} INFO - Marking task as SUCCESS. dag_id=live_trades_analytics, task_id=clean_live_trades, run_id=scheduled__2026-03-28T00:00:00+00:00, execution_date=20260328T000000, start_date=20260329T115512, end_date=20260329T115513
[2026-03-29T11:55:13.988+0000] {local_task_job_runner.py:240} INFO - Task exited with return code 0
[2026-03-29T11:55:14.039+0000] {taskinstance.py:3503} INFO - 1 downstream tasks scheduled from follow-on schedule check
[2026-03-29T11:55:14.042+0000] {local_task_job_runner.py:222} INFO - ::endgroup::
[2026-03-29T12:05:46.190+0000] {local_task_job_runner.py:120} INFO - ::group::Pre task execution logs
[2026-03-29T12:05:46.357+0000] {taskinstance.py:2076} INFO - Dependencies all met for dep_context=non-requeueable deps ti=<TaskInstance: live_trades_analytics.clean_live_trades scheduled__2026-03-28T00:00:00+00:00 [queued]>
[2026-03-29T12:05:46.407+0000] {taskinstance.py:2076} INFO - Dependencies all met for dep_context=requeueable deps ti=<TaskInstance: live_trades_analytics.clean_live_trades scheduled__2026-03-28T00:00:00+00:00 [queued]>
[2026-03-29T12:05:46.408+0000] {taskinstance.py:2306} INFO - Starting attempt 1 of 1
[2026-03-29T12:05:46.464+0000] {taskinstance.py:2330} INFO - Executing <Task(PythonOperator): clean_live_trades> on 2026-03-28 00:00:00+00:00
[2026-03-29T12:05:46.491+0000] {standard_task_runner.py:90} INFO - Running: ['***', 'tasks', 'run', 'live_trades_analytics', 'clean_live_trades', 'scheduled__2026-03-28T00:00:00+00:00', '--job-id', '12', '--raw', '--subdir', 'DAGS_FOLDER/live_user_analytics.py', '--cfg-path', '/tmp/tmpb4nuezeu']
[2026-03-29T12:05:46.495+0000] {standard_task_runner.py:91} INFO - Job 12: Subtask clean_live_trades
[2026-03-29T12:05:46.492+0000] {logging_mixin.py:188} WARNING - /home/***/.local/lib/python3.12/site-packages/***/task/task_runner/standard_task_runner.py:61 DeprecationWarning: This process (pid=337) is multi-threaded, use of fork() may lead to deadlocks in the child.
[2026-03-29T12:05:46.498+0000] {standard_task_runner.py:63} INFO - Started process 342 to run task
[2026-03-29T12:05:46.546+0000] {logging_mixin.py:188} WARNING - /home/***/.local/lib/python3.12/site-packages/***/settings.py:195 DeprecationWarning: The sql_alchemy_conn option in [core] has been moved to the sql_alchemy_conn option in [database] - the old setting has been used, but please update your config.
[2026-03-29T12:05:46.690+0000] {task_command.py:426} INFO - Running <TaskInstance: live_trades_analytics.clean_live_trades scheduled__2026-03-28T00:00:00+00:00 [running]> on host 446454d9da59
[2026-03-29T12:05:47.031+0000] {taskinstance.py:2648} INFO - Exporting env vars: AIRFLOW_CTX_DAG_OWNER='***' AIRFLOW_CTX_DAG_ID='live_trades_analytics' AIRFLOW_CTX_TASK_ID='clean_live_trades' AIRFLOW_CTX_EXECUTION_DATE='2026-03-28T00:00:00+00:00' AIRFLOW_CTX_TRY_NUMBER='1' AIRFLOW_CTX_DAG_RUN_ID='scheduled__2026-03-28T00:00:00+00:00'
[2026-03-29T12:05:47.032+0000] {taskinstance.py:430} INFO - ::endgroup::
[2026-03-29T12:05:47.336+0000] {logging_mixin.py:188} INFO - Cleaned data saved to /opt/***/temp/live_transformed.csv, 4 rows kept.
[2026-03-29T12:05:47.338+0000] {python.py:237} INFO - Done. Returned value was: None
[2026-03-29T12:05:47.340+0000] {taskinstance.py:441} INFO - ::group::Post task execution logs
[2026-03-29T12:05:47.362+0000] {taskinstance.py:1206} INFO - Marking task as SUCCESS. dag_id=live_trades_analytics, task_id=clean_live_trades, run_id=scheduled__2026-03-28T00:00:00+00:00, execution_date=20260328T000000, start_date=20260329T120546, end_date=20260329T120547
[2026-03-29T12:05:47.427+0000] {local_task_job_runner.py:240} INFO - Task exited with return code 0
[2026-03-29T12:05:47.490+0000] {taskinstance.py:3503} INFO - 1 downstream tasks scheduled from follow-on schedule check
[2026-03-29T12:05:47.496+0000] {local_task_job_runner.py:222} INFO - ::endgroup::
[2026-03-29T12:14:45.363+0000] {local_task_job_runner.py:120} INFO - ::group::Pre task execution logs
[2026-03-29T12:14:45.474+0000] {taskinstance.py:2076} INFO - Dependencies all met for dep_context=non-requeueable deps ti=<TaskInstance: live_trades_analytics.clean_live_trades scheduled__2026-03-28T00:00:00+00:00 [queued]>
[2026-03-29T12:14:45.485+0000] {taskinstance.py:2076} INFO - Dependencies all met for dep_context=requeueable deps ti=<TaskInstance: live_trades_analytics.clean_live_trades scheduled__2026-03-28T00:00:00+00:00 [queued]>
[2026-03-29T12:14:45.485+0000] {taskinstance.py:2306} INFO - Starting attempt 1 of 1
[2026-03-29T12:14:45.512+0000] {taskinstance.py:2330} INFO - Executing <Task(PythonOperator): clean_live_trades> on 2026-03-28 00:00:00+00:00
[2026-03-29T12:14:45.535+0000] {logging_mixin.py:188} WARNING - /home/***/.local/lib/python3.12/site-packages/***/task/task_runner/standard_task_runner.py:61 DeprecationWarning: This process (pid=323) is multi-threaded, use of fork() may lead to deadlocks in the child.
[2026-03-29T12:14:45.539+0000] {standard_task_runner.py:63} INFO - Started process 331 to run task
[2026-03-29T12:14:45.535+0000] {standard_task_runner.py:90} INFO - Running: ['***', 'tasks', 'run', 'live_trades_analytics', 'clean_live_trades', 'scheduled__2026-03-28T00:00:00+00:00', '--job-id', '13', '--raw', '--subdir', 'DAGS_FOLDER/live_user_analytics.py', '--cfg-path', '/tmp/tmpls1n3zhz']
[2026-03-29T12:14:45.541+0000] {standard_task_runner.py:91} INFO - Job 13: Subtask clean_live_trades
[2026-03-29T12:14:45.572+0000] {logging_mixin.py:188} WARNING - /home/***/.local/lib/python3.12/site-packages/***/settings.py:195 DeprecationWarning: The sql_alchemy_conn option in [core] has been moved to the sql_alchemy_conn option in [database] - the old setting has been used, but please update your config.
[2026-03-29T12:14:45.646+0000] {task_command.py:426} INFO - Running <TaskInstance: live_trades_analytics.clean_live_trades scheduled__2026-03-28T00:00:00+00:00 [running]> on host 8536c3ac8533
[2026-03-29T12:14:45.942+0000] {taskinstance.py:2648} INFO - Exporting env vars: AIRFLOW_CTX_DAG_OWNER='***' AIRFLOW_CTX_DAG_ID='live_trades_analytics' AIRFLOW_CTX_TASK_ID='clean_live_trades' AIRFLOW_CTX_EXECUTION_DATE='2026-03-28T00:00:00+00:00' AIRFLOW_CTX_TRY_NUMBER='1' AIRFLOW_CTX_DAG_RUN_ID='scheduled__2026-03-28T00:00:00+00:00'
[2026-03-29T12:14:45.944+0000] {taskinstance.py:430} INFO - ::endgroup::
[2026-03-29T12:14:46.319+0000] {logging_mixin.py:188} INFO - Cleaned data saved to /opt/***/temp/live_transformed.csv, 4 rows kept.
[2026-03-29T12:14:46.320+0000] {python.py:237} INFO - Done. Returned value was: None
[2026-03-29T12:14:46.320+0000] {taskinstance.py:441} INFO - ::group::Post task execution logs
[2026-03-29T12:14:46.336+0000] {taskinstance.py:1206} INFO - Marking task as SUCCESS. dag_id=live_trades_analytics, task_id=clean_live_trades, run_id=scheduled__2026-03-28T00:00:00+00:00, execution_date=20260328T000000, start_date=20260329T121445, end_date=20260329T121446
[2026-03-29T12:14:46.382+0000] {local_task_job_runner.py:240} INFO - Task exited with return code 0
[2026-03-29T12:14:46.420+0000] {taskinstance.py:3503} INFO - 1 downstream tasks scheduled from follow-on schedule check
[2026-03-29T12:14:46.422+0000] {local_task_job_runner.py:222} INFO - ::endgroup::
[2026-03-29T13:07:56.487+0000] {local_task_job_runner.py:120} INFO - ::group::Pre task execution logs
[2026-03-29T13:07:56.587+0000] {taskinstance.py:2076} INFO - Dependencies all met for dep_context=non-requeueable deps ti=<TaskInstance: live_trades_analytics.clean_live_trades scheduled__2026-03-28T00:00:00+00:00 [queued]>
[2026-03-29T13:07:56.614+0000] {taskinstance.py:2076} INFO - Dependencies all met for dep_context=requeueable deps ti=<TaskInstance: live_trades_analytics.clean_live_trades scheduled__2026-03-28T00:00:00+00:00 [queued]>
[2026-03-29T13:07:56.615+0000] {taskinstance.py:2306} INFO - Starting attempt 1 of 1
[2026-03-29T13:07:56.650+0000] {taskinstance.py:2330} INFO - Executing <Task(PythonOperator): clean_live_trades> on 2026-03-28 00:00:00+00:00
[2026-03-29T13:07:56.677+0000] {logging_mixin.py:188} WARNING - /home/***/.local/lib/python3.12/site-packages/***/task/task_runner/standard_task_runner.py:61 DeprecationWarning: This process (pid=373) is multi-threaded, use of fork() may lead to deadlocks in the child.
[2026-03-29T13:07:56.681+0000] {standard_task_runner.py:63} INFO - Started process 381 to run task
[2026-03-29T13:07:56.682+0000] {standard_task_runner.py:90} INFO - Running: ['***', 'tasks', 'run', 'live_trades_analytics', 'clean_live_trades', 'scheduled__2026-03-28T00:00:00+00:00', '--job-id', '11', '--raw', '--subdir', 'DAGS_FOLDER/live_user_analytics.py', '--cfg-path', '/tmp/tmpqcrdvnw2']
[2026-03-29T13:07:56.690+0000] {standard_task_runner.py:91} INFO - Job 11: Subtask clean_live_trades
[2026-03-29T13:07:56.727+0000] {logging_mixin.py:188} WARNING - /home/***/.local/lib/python3.12/site-packages/***/settings.py:195 DeprecationWarning: The sql_alchemy_conn option in [core] has been moved to the sql_alchemy_conn option in [database] - the old setting has been used, but please update your config.
[2026-03-29T13:07:56.833+0000] {task_command.py:426} INFO - Running <TaskInstance: live_trades_analytics.clean_live_trades scheduled__2026-03-28T00:00:00+00:00 [running]> on host 1e95fe724f77
[2026-03-29T13:07:57.107+0000] {taskinstance.py:2648} INFO - Exporting env vars: AIRFLOW_CTX_DAG_OWNER='***' AIRFLOW_CTX_DAG_ID='live_trades_analytics' AIRFLOW_CTX_TASK_ID='clean_live_trades' AIRFLOW_CTX_EXECUTION_DATE='2026-03-28T00:00:00+00:00' AIRFLOW_CTX_TRY_NUMBER='1' AIRFLOW_CTX_DAG_RUN_ID='scheduled__2026-03-28T00:00:00+00:00'
[2026-03-29T13:07:57.111+0000] {taskinstance.py:430} INFO - ::endgroup::
[2026-03-29T13:07:57.184+0000] {logging_mixin.py:188} INFO - Cleaned data saved to /opt/***/temp/live_transformed.csv, 4 rows kept.
[2026-03-29T13:07:57.187+0000] {python.py:237} INFO - Done. Returned value was: None
[2026-03-29T13:07:57.187+0000] {taskinstance.py:441} INFO - ::group::Post task execution logs
[2026-03-29T13:07:57.277+0000] {taskinstance.py:1206} INFO - Marking task as SUCCESS. dag_id=live_trades_analytics, task_id=clean_live_trades, run_id=scheduled__2026-03-28T00:00:00+00:00, execution_date=20260328T000000, start_date=20260329T130756, end_date=20260329T130757
[2026-03-29T13:07:57.488+0000] {local_task_job_runner.py:240} INFO - Task exited with return code 0
[2026-03-29T13:07:57.547+0000] {local_task_job_runner.py:222} INFO - ::endgroup::
[2026-03-29T13:14:46.687+0000] {local_task_job_runner.py:120} INFO - ::group::Pre task execution logs
[2026-03-29T13:14:46.764+0000] {taskinstance.py:2076} INFO - Dependencies all met for dep_context=non-requeueable deps ti=<TaskInstance: live_trades_analytics.clean_live_trades scheduled__2026-03-28T00:00:00+00:00 [queued]>
[2026-03-29T13:14:46.777+0000] {taskinstance.py:2076} INFO - Dependencies all met for dep_context=requeueable deps ti=<TaskInstance: live_trades_analytics.clean_live_trades scheduled__2026-03-28T00:00:00+00:00 [queued]>
[2026-03-29T13:14:46.777+0000] {taskinstance.py:2306} INFO - Starting attempt 1 of 1
[2026-03-29T13:14:46.858+0000] {taskinstance.py:2330} INFO - Executing <Task(PythonOperator): clean_live_trades> on 2026-03-28 00:00:00+00:00
[2026-03-29T13:14:46.882+0000] {logging_mixin.py:188} WARNING - /home/***/.local/lib/python3.12/site-packages/***/task/task_runner/standard_task_runner.py:61 DeprecationWarning: This process (pid=322) is multi-threaded, use of fork() may lead to deadlocks in the child.
[2026-03-29T13:14:46.884+0000] {standard_task_runner.py:63} INFO - Started process 329 to run task
[2026-03-29T13:14:46.882+0000] {standard_task_runner.py:90} INFO - Running: ['***', 'tasks', 'run', 'live_trades_analytics', 'clean_live_trades', 'scheduled__2026-03-28T00:00:00+00:00', '--job-id', '11', '--raw', '--subdir', 'DAGS_FOLDER/live_user_analytics.py', '--cfg-path', '/tmp/tmpjnbd_abg']
[2026-03-29T13:14:46.899+0000] {standard_task_runner.py:91} INFO - Job 11: Subtask clean_live_trades
[2026-03-29T13:14:46.959+0000] {logging_mixin.py:188} WARNING - /home/***/.local/lib/python3.12/site-packages/***/settings.py:195 DeprecationWarning: The sql_alchemy_conn option in [core] has been moved to the sql_alchemy_conn option in [database] - the old setting has been used, but please update your config.
[2026-03-29T13:14:47.045+0000] {task_command.py:426} INFO - Running <TaskInstance: live_trades_analytics.clean_live_trades scheduled__2026-03-28T00:00:00+00:00 [running]> on host 32aebd3e7a73
[2026-03-29T13:14:47.357+0000] {taskinstance.py:2648} INFO - Exporting env vars: AIRFLOW_CTX_DAG_OWNER='***' AIRFLOW_CTX_DAG_ID='live_trades_analytics' AIRFLOW_CTX_TASK_ID='clean_live_trades' AIRFLOW_CTX_EXECUTION_DATE='2026-03-28T00:00:00+00:00' AIRFLOW_CTX_TRY_NUMBER='1' AIRFLOW_CTX_DAG_RUN_ID='scheduled__2026-03-28T00:00:00+00:00'
[2026-03-29T13:14:47.362+0000] {taskinstance.py:430} INFO - ::endgroup::
[2026-03-29T13:14:47.441+0000] {logging_mixin.py:188} INFO - Cleaned data saved to /opt/***/temp/live_transformed.csv, 4 rows kept.
[2026-03-29T13:14:47.442+0000] {python.py:237} INFO - Done. Returned value was: None
[2026-03-29T13:14:47.444+0000] {taskinstance.py:441} INFO - ::group::Post task execution logs
[2026-03-29T13:14:47.472+0000] {taskinstance.py:1206} INFO - Marking task as SUCCESS. dag_id=live_trades_analytics, task_id=clean_live_trades, run_id=scheduled__2026-03-28T00:00:00+00:00, execution_date=20260328T000000, start_date=20260329T131446, end_date=20260329T131447
[2026-03-29T13:14:47.561+0000] {local_task_job_runner.py:240} INFO - Task exited with return code 0
[2026-03-29T13:14:47.604+0000] {taskinstance.py:3503} INFO - 1 downstream tasks scheduled from follow-on schedule check
[2026-03-29T13:14:47.607+0000] {local_task_job_runner.py:222} INFO - ::endgroup::
[2026-03-29T13:42:34.185+0000] {local_task_job_runner.py:120} INFO - ::group::Pre task execution logs
[2026-03-29T13:42:34.318+0000] {taskinstance.py:2076} INFO - Dependencies all met for dep_context=non-requeueable deps ti=<TaskInstance: live_trades_analytics.clean_live_trades scheduled__2026-03-28T00:00:00+00:00 [queued]>
[2026-03-29T13:42:34.350+0000] {taskinstance.py:2076} INFO - Dependencies all met for dep_context=requeueable deps ti=<TaskInstance: live_trades_analytics.clean_live_trades scheduled__2026-03-28T00:00:00+00:00 [queued]>
[2026-03-29T13:42:34.352+0000] {taskinstance.py:2306} INFO - Starting attempt 1 of 1
[2026-03-29T13:42:34.385+0000] {taskinstance.py:2330} INFO - Executing <Task(PythonOperator): clean_live_trades> on 2026-03-28 00:00:00+00:00
[2026-03-29T13:42:34.410+0000] {logging_mixin.py:188} WARNING - /home/***/.local/lib/python3.12/site-packages/***/task/task_runner/standard_task_runner.py:61 DeprecationWarning: This process (pid=448) is multi-threaded, use of fork() may lead to deadlocks in the child.
[2026-03-29T13:42:34.411+0000] {standard_task_runner.py:63} INFO - Started process 464 to run task
[2026-03-29T13:42:34.414+0000] {standard_task_runner.py:90} INFO - Running: ['***', 'tasks', 'run', 'live_trades_analytics', 'clean_live_trades', 'scheduled__2026-03-28T00:00:00+00:00', '--job-id', '11', '--raw', '--subdir', 'DAGS_FOLDER/live_user_analytics.py', '--cfg-path', '/tmp/tmp8van_6mf']
[2026-03-29T13:42:34.424+0000] {standard_task_runner.py:91} INFO - Job 11: Subtask clean_live_trades
[2026-03-29T13:42:34.480+0000] {logging_mixin.py:188} WARNING - /home/***/.local/lib/python3.12/site-packages/***/settings.py:195 DeprecationWarning: The sql_alchemy_conn option in [core] has been moved to the sql_alchemy_conn option in [database] - the old setting has been used, but please update your config.
[2026-03-29T13:42:34.629+0000] {task_command.py:426} INFO - Running <TaskInstance: live_trades_analytics.clean_live_trades scheduled__2026-03-28T00:00:00+00:00 [running]> on host 81ff4a14db57
[2026-03-29T13:42:35.115+0000] {taskinstance.py:2648} INFO - Exporting env vars: AIRFLOW_CTX_DAG_OWNER='***' AIRFLOW_CTX_DAG_ID='live_trades_analytics' AIRFLOW_CTX_TASK_ID='clean_live_trades' AIRFLOW_CTX_EXECUTION_DATE='2026-03-28T00:00:00+00:00' AIRFLOW_CTX_TRY_NUMBER='1' AIRFLOW_CTX_DAG_RUN_ID='scheduled__2026-03-28T00:00:00+00:00'
[2026-03-29T13:42:35.118+0000] {taskinstance.py:430} INFO - ::endgroup::
[2026-03-29T13:42:35.373+0000] {logging_mixin.py:188} INFO - Cleaned data saved to /opt/***/temp/live_transformed.csv, 4 rows kept.
[2026-03-29T13:42:35.377+0000] {python.py:237} INFO - Done. Returned value was: None
[2026-03-29T13:42:35.380+0000] {taskinstance.py:441} INFO - ::group::Post task execution logs
[2026-03-29T13:42:35.412+0000] {taskinstance.py:1206} INFO - Marking task as SUCCESS. dag_id=live_trades_analytics, task_id=clean_live_trades, run_id=scheduled__2026-03-28T00:00:00+00:00, execution_date=20260328T000000, start_date=20260329T134234, end_date=20260329T134235
[2026-03-29T13:42:35.486+0000] {local_task_job_runner.py:240} INFO - Task exited with return code 0
[2026-03-29T13:42:35.706+0000] {taskinstance.py:3503} INFO - 1 downstream tasks scheduled from follow-on schedule check
[2026-03-29T13:42:35.709+0000] {local_task_job_runner.py:222} INFO - ::endgroup::
[2026-03-29T13:52:57.871+0000] {local_task_job_runner.py:120} INFO - ::group::Pre task execution logs
[2026-03-29T13:52:57.915+0000] {taskinstance.py:2076} INFO - Dependencies all met for dep_context=non-requeueable deps ti=<TaskInstance: live_trades_analytics.clean_live_trades scheduled__2026-03-28T00:00:00+00:00 [queued]>
[2026-03-29T13:52:57.924+0000] {taskinstance.py:2076} INFO - Dependencies all met for dep_context=requeueable deps ti=<TaskInstance: live_trades_analytics.clean_live_trades scheduled__2026-03-28T00:00:00+00:00 [queued]>
[2026-03-29T13:52:57.924+0000] {taskinstance.py:2306} INFO - Starting attempt 1 of 1
[2026-03-29T13:52:57.941+0000] {taskinstance.py:2330} INFO - Executing <Task(PythonOperator): clean_live_trades> on 2026-03-28 00:00:00+00:00
[2026-03-29T13:52:57.953+0000] {logging_mixin.py:188} WARNING - /home/***/.local/lib/python3.12/site-packages/***/task/task_runner/standard_task_runner.py:61 DeprecationWarning: This process (pid=249) is multi-threaded, use of fork() may lead to deadlocks in the child.
[2026-03-29T13:52:57.954+0000] {standard_task_runner.py:63} INFO - Started process 253 to run task
[2026-03-29T13:52:57.957+0000] {standard_task_runner.py:90} INFO - Running: ['***', 'tasks', 'run', 'live_trades_analytics', 'clean_live_trades', 'scheduled__2026-03-28T00:00:00+00:00', '--job-id', '6', '--raw', '--subdir', 'DAGS_FOLDER/live_user_analytics.py', '--cfg-path', '/tmp/tmprucnkz4t']
[2026-03-29T13:52:57.970+0000] {standard_task_runner.py:91} INFO - Job 6: Subtask clean_live_trades
[2026-03-29T13:52:57.992+0000] {logging_mixin.py:188} WARNING - /home/***/.local/lib/python3.12/site-packages/***/settings.py:195 DeprecationWarning: The sql_alchemy_conn option in [core] has been moved to the sql_alchemy_conn option in [database] - the old setting has been used, but please update your config.
[2026-03-29T13:52:58.050+0000] {task_command.py:426} INFO - Running <TaskInstance: live_trades_analytics.clean_live_trades scheduled__2026-03-28T00:00:00+00:00 [running]> on host 3171732d1af6
[2026-03-29T13:52:58.169+0000] {taskinstance.py:2648} INFO - Exporting env vars: AIRFLOW_CTX_DAG_OWNER='***' AIRFLOW_CTX_DAG_ID='live_trades_analytics' AIRFLOW_CTX_TASK_ID='clean_live_trades' AIRFLOW_CTX_EXECUTION_DATE='2026-03-28T00:00:00+00:00' AIRFLOW_CTX_TRY_NUMBER='1' AIRFLOW_CTX_DAG_RUN_ID='scheduled__2026-03-28T00:00:00+00:00'
[2026-03-29T13:52:58.171+0000] {taskinstance.py:430} INFO - ::endgroup::
[2026-03-29T13:52:58.307+0000] {logging_mixin.py:188} INFO - Cleaned data saved to /opt/***/temp/live_transformed.csv, 4 rows kept.
[2026-03-29T13:52:58.307+0000] {python.py:237} INFO - Done. Returned value was: None
[2026-03-29T13:52:58.308+0000] {taskinstance.py:441} INFO - ::group::Post task execution logs
[2026-03-29T13:52:58.321+0000] {taskinstance.py:1206} INFO - Marking task as SUCCESS. dag_id=live_trades_analytics, task_id=clean_live_trades, run_id=scheduled__2026-03-28T00:00:00+00:00, execution_date=20260328T000000, start_date=20260329T135257, end_date=20260329T135258
[2026-03-29T13:52:58.373+0000] {local_task_job_runner.py:240} INFO - Task exited with return code 0
[2026-03-29T13:52:58.416+0000] {taskinstance.py:3503} INFO - 1 downstream tasks scheduled from follow-on schedule check
[2026-03-29T13:52:58.419+0000] {local_task_job_runner.py:222} INFO - ::endgroup::
[2026-03-29T13:58:56.020+0000] {local_task_job_runner.py:120} INFO - ::group::Pre task execution logs
[2026-03-29T13:58:56.121+0000] {taskinstance.py:2076} INFO - Dependencies all met for dep_context=non-requeueable deps ti=<TaskInstance: live_trades_analytics.clean_live_trades scheduled__2026-03-28T00:00:00+00:00 [queued]>
[2026-03-29T13:58:56.167+0000] {taskinstance.py:2076} INFO - Dependencies all met for dep_context=requeueable deps ti=<TaskInstance: live_trades_analytics.clean_live_trades scheduled__2026-03-28T00:00:00+00:00 [queued]>
[2026-03-29T13:58:56.169+0000] {taskinstance.py:2306} INFO - Starting attempt 1 of 1
[2026-03-29T13:58:56.211+0000] {taskinstance.py:2330} INFO - Executing <Task(PythonOperator): clean_live_trades> on 2026-03-28 00:00:00+00:00
[2026-03-29T13:58:56.244+0000] {logging_mixin.py:188} WARNING - /home/***/.local/lib/python3.12/site-packages/***/task/task_runner/standard_task_runner.py:61 DeprecationWarning: This process (pid=318) is multi-threaded, use of fork() may lead to deadlocks in the child.
[2026-03-29T13:58:56.246+0000] {standard_task_runner.py:63} INFO - Started process 324 to run task
[2026-03-29T13:58:56.245+0000] {standard_task_runner.py:90} INFO - Running: ['***', 'tasks', 'run', 'live_trades_analytics', 'clean_live_trades', 'scheduled__2026-03-28T00:00:00+00:00', '--job-id', '11', '--raw', '--subdir', 'DAGS_FOLDER/live_user_analytics.py', '--cfg-path', '/tmp/tmp2u0b4q31']
[2026-03-29T13:58:56.256+0000] {standard_task_runner.py:91} INFO - Job 11: Subtask clean_live_trades
[2026-03-29T13:58:56.308+0000] {logging_mixin.py:188} WARNING - /home/***/.local/lib/python3.12/site-packages/***/settings.py:195 DeprecationWarning: The sql_alchemy_conn option in [core] has been moved to the sql_alchemy_conn option in [database] - the old setting has been used, but please update your config.
[2026-03-29T13:58:56.458+0000] {task_command.py:426} INFO - Running <TaskInstance: live_trades_analytics.clean_live_trades scheduled__2026-03-28T00:00:00+00:00 [running]> on host 39eebc6a16f6
[2026-03-29T13:58:56.713+0000] {taskinstance.py:2648} INFO - Exporting env vars: AIRFLOW_CTX_DAG_OWNER='***' AIRFLOW_CTX_DAG_ID='live_trades_analytics' AIRFLOW_CTX_TASK_ID='clean_live_trades' AIRFLOW_CTX_EXECUTION_DATE='2026-03-28T00:00:00+00:00' AIRFLOW_CTX_TRY_NUMBER='1' AIRFLOW_CTX_DAG_RUN_ID='scheduled__2026-03-28T00:00:00+00:00'
[2026-03-29T13:58:56.716+0000] {taskinstance.py:430} INFO - ::endgroup::
[2026-03-29T13:58:56.839+0000] {logging_mixin.py:188} INFO - Cleaned data saved to /opt/***/temp/live_transformed.csv, 4 rows kept.
[2026-03-29T13:58:56.841+0000] {python.py:237} INFO - Done. Returned value was: None
[2026-03-29T13:58:56.842+0000] {taskinstance.py:441} INFO - ::group::Post task execution logs
[2026-03-29T13:58:56.871+0000] {taskinstance.py:1206} INFO - Marking task as SUCCESS. dag_id=live_trades_analytics, task_id=clean_live_trades, run_id=scheduled__2026-03-28T00:00:00+00:00, execution_date=20260328T000000, start_date=20260329T135856, end_date=20260329T135856
[2026-03-29T13:58:56.917+0000] {local_task_job_runner.py:240} INFO - Task exited with return code 0
[2026-03-29T13:58:56.945+0000] {taskinstance.py:3503} INFO - 1 downstream tasks scheduled from follow-on schedule check
[2026-03-29T13:58:56.949+0000] {local_task_job_runner.py:222} INFO - ::endgroup::
[2026-03-29T14:11:29.004+0000] {local_task_job_runner.py:120} INFO - ::group::Pre task execution logs
[2026-03-29T14:11:29.643+0000] {taskinstance.py:2076} INFO - Dependencies all met for dep_context=non-requeueable deps ti=<TaskInstance: live_trades_analytics.clean_live_trades scheduled__2026-03-28T00:00:00+00:00 [queued]>
[2026-03-29T14:11:29.666+0000] {taskinstance.py:2076} INFO - Dependencies all met for dep_context=requeueable deps ti=<TaskInstance: live_trades_analytics.clean_live_trades scheduled__2026-03-28T00:00:00+00:00 [queued]>
[2026-03-29T14:11:29.667+0000] {taskinstance.py:2306} INFO - Starting attempt 1 of 1
[2026-03-29T14:11:30.087+0000] {taskinstance.py:2330} INFO - Executing <Task(PythonOperator): clean_live_trades> on 2026-03-28 00:00:00+00:00
[2026-03-29T14:11:30.126+0000] {logging_mixin.py:188} WARNING - /home/***/.local/lib/python3.12/site-packages/***/task/task_runner/standard_task_runner.py:61 DeprecationWarning: This process (pid=361) is multi-threaded, use of fork() may lead to deadlocks in the child.
[2026-03-29T14:11:30.129+0000] {standard_task_runner.py:63} INFO - Started process 379 to run task
[2026-03-29T14:11:30.128+0000] {standard_task_runner.py:90} INFO - Running: ['***', 'tasks', 'run', 'live_trades_analytics', 'clean_live_trades', 'scheduled__2026-03-28T00:00:00+00:00', '--job-id', '10', '--raw', '--subdir', 'DAGS_FOLDER/live_user_analytics.py', '--cfg-path', '/tmp/tmpy1m0h0kn']
[2026-03-29T14:11:30.133+0000] {standard_task_runner.py:91} INFO - Job 10: Subtask clean_live_trades
[2026-03-29T14:11:30.233+0000] {logging_mixin.py:188} WARNING - /home/***/.local/lib/python3.12/site-packages/***/settings.py:195 DeprecationWarning: The sql_alchemy_conn option in [core] has been moved to the sql_alchemy_conn option in [database] - the old setting has been used, but please update your config.
[2026-03-29T14:11:30.399+0000] {task_command.py:426} INFO - Running <TaskInstance: live_trades_analytics.clean_live_trades scheduled__2026-03-28T00:00:00+00:00 [running]> on host 310a149ce3a7
[2026-03-29T14:11:30.774+0000] {taskinstance.py:2648} INFO - Exporting env vars: AIRFLOW_CTX_DAG_OWNER='***' AIRFLOW_CTX_DAG_ID='live_trades_analytics' AIRFLOW_CTX_TASK_ID='clean_live_trades' AIRFLOW_CTX_EXECUTION_DATE='2026-03-28T00:00:00+00:00' AIRFLOW_CTX_TRY_NUMBER='1' AIRFLOW_CTX_DAG_RUN_ID='scheduled__2026-03-28T00:00:00+00:00'
[2026-03-29T14:11:30.778+0000] {taskinstance.py:430} INFO - ::endgroup::
[2026-03-29T14:11:31.237+0000] {logging_mixin.py:188} INFO - Cleaned data saved to /opt/***/temp/live_transformed.csv, 4 rows kept.
[2026-03-29T14:11:31.238+0000] {python.py:237} INFO - Done. Returned value was: None
[2026-03-29T14:11:31.239+0000] {taskinstance.py:441} INFO - ::group::Post task execution logs
[2026-03-29T14:11:31.254+0000] {taskinstance.py:1206} INFO - Marking task as SUCCESS. dag_id=live_trades_analytics, task_id=clean_live_trades, run_id=scheduled__2026-03-28T00:00:00+00:00, execution_date=20260328T000000, start_date=20260329T141129, end_date=20260329T141131
[2026-03-29T14:11:31.321+0000] {local_task_job_runner.py:240} INFO - Task exited with return code 0
[2026-03-29T14:11:31.425+0000] {taskinstance.py:3503} INFO - 1 downstream tasks scheduled from follow-on schedule check
[2026-03-29T14:11:31.429+0000] {local_task_job_runner.py:222} INFO - ::endgroup::
[2026-03-29T14:17:16.713+0000] {local_task_job_runner.py:120} INFO - ::group::Pre task execution logs
[2026-03-29T14:17:16.852+0000] {taskinstance.py:2076} INFO - Dependencies all met for dep_context=non-requeueable deps ti=<TaskInstance: live_trades_analytics.clean_live_trades scheduled__2026-03-28T00:00:00+00:00 [queued]>
[2026-03-29T14:17:16.909+0000] {taskinstance.py:2076} INFO - Dependencies all met for dep_context=requeueable deps ti=<TaskInstance: live_trades_analytics.clean_live_trades scheduled__2026-03-28T00:00:00+00:00 [queued]>
[2026-03-29T14:17:16.910+0000] {taskinstance.py:2306} INFO - Starting attempt 1 of 1
[2026-03-29T14:17:17.013+0000] {taskinstance.py:2330} INFO - Executing <Task(PythonOperator): clean_live_trades> on 2026-03-28 00:00:00+00:00
[2026-03-29T14:17:17.057+0000] {logging_mixin.py:188} WARNING - /home/***/.local/lib/python3.12/site-packages/***/task/task_runner/standard_task_runner.py:61 DeprecationWarning: This process (pid=230) is multi-threaded, use of fork() may lead to deadlocks in the child.
[2026-03-29T14:17:17.068+0000] {standard_task_runner.py:63} INFO - Started process 238 to run task
[2026-03-29T14:17:17.054+0000] {standard_task_runner.py:90} INFO - Running: ['***', 'tasks', 'run', 'live_trades_analytics', 'clean_live_trades', 'scheduled__2026-03-28T00:00:00+00:00', '--job-id', '10', '--raw', '--subdir', 'DAGS_FOLDER/live_user_analytics.py', '--cfg-path', '/tmp/tmp0ig8nztg']
[2026-03-29T14:17:17.077+0000] {standard_task_runner.py:91} INFO - Job 10: Subtask clean_live_trades
[2026-03-29T14:17:17.181+0000] {logging_mixin.py:188} WARNING - /home/***/.local/lib/python3.12/site-packages/***/settings.py:195 DeprecationWarning: The sql_alchemy_conn option in [core] has been moved to the sql_alchemy_conn option in [database] - the old setting has been used, but please update your config.
[2026-03-29T14:17:17.409+0000] {task_command.py:426} INFO - Running <TaskInstance: live_trades_analytics.clean_live_trades scheduled__2026-03-28T00:00:00+00:00 [running]> on host 78e230e6b695
[2026-03-29T14:17:17.729+0000] {taskinstance.py:2648} INFO - Exporting env vars: AIRFLOW_CTX_DAG_OWNER='***' AIRFLOW_CTX_DAG_ID='live_trades_analytics' AIRFLOW_CTX_TASK_ID='clean_live_trades' AIRFLOW_CTX_EXECUTION_DATE='2026-03-28T00:00:00+00:00' AIRFLOW_CTX_TRY_NUMBER='1' AIRFLOW_CTX_DAG_RUN_ID='scheduled__2026-03-28T00:00:00+00:00'
[2026-03-29T14:17:17.732+0000] {taskinstance.py:430} INFO - ::endgroup::
[2026-03-29T14:17:17.955+0000] {logging_mixin.py:188} INFO - Cleaned data saved to /opt/***/temp/live_transformed.csv, 4 rows kept.
[2026-03-29T14:17:17.955+0000] {python.py:237} INFO - Done. Returned value was: None
[2026-03-29T14:17:17.956+0000] {taskinstance.py:441} INFO - ::group::Post task execution logs
[2026-03-29T14:17:17.971+0000] {taskinstance.py:1206} INFO - Marking task as SUCCESS. dag_id=live_trades_analytics, task_id=clean_live_trades, run_id=scheduled__2026-03-28T00:00:00+00:00, execution_date=20260328T000000, start_date=20260329T141716, end_date=20260329T141717
[2026-03-29T14:17:17.997+0000] {local_task_job_runner.py:240} INFO - Task exited with return code 0
[2026-03-29T14:17:18.022+0000] {taskinstance.py:3503} INFO - 1 downstream tasks scheduled from follow-on schedule check
[2026-03-29T14:17:18.023+0000] {local_task_job_runner.py:222} INFO - ::endgroup::
[2026-03-29T14:32:58.518+0000] {local_task_job_runner.py:120} INFO - ::group::Pre task execution logs
[2026-03-29T14:32:58.653+0000] {taskinstance.py:2076} INFO - Dependencies all met for dep_context=non-requeueable deps ti=<TaskInstance: live_trades_analytics.clean_live_trades scheduled__2026-03-28T00:00:00+00:00 [queued]>
[2026-03-29T14:32:58.688+0000] {taskinstance.py:2076} INFO - Dependencies all met for dep_context=requeueable deps ti=<TaskInstance: live_trades_analytics.clean_live_trades scheduled__2026-03-28T00:00:00+00:00 [queued]>
[2026-03-29T14:32:58.690+0000] {taskinstance.py:2306} INFO - Starting attempt 1 of 1
[2026-03-29T14:32:58.738+0000] {taskinstance.py:2330} INFO - Executing <Task(PythonOperator): clean_live_trades> on 2026-03-28 00:00:00+00:00
[2026-03-29T14:32:58.776+0000] {standard_task_runner.py:90} INFO - Running: ['***', 'tasks', 'run', 'live_trades_analytics', 'clean_live_trades', 'scheduled__2026-03-28T00:00:00+00:00', '--job-id', '12', '--raw', '--subdir', 'DAGS_FOLDER/live_user_analytics.py', '--cfg-path', '/tmp/tmpce6ppqhi']
[2026-03-29T14:32:58.786+0000] {standard_task_runner.py:91} INFO - Job 12: Subtask clean_live_trades
[2026-03-29T14:32:58.778+0000] {logging_mixin.py:188} WARNING - /home/***/.local/lib/python3.12/site-packages/***/task/task_runner/standard_task_runner.py:61 DeprecationWarning: This process (pid=376) is multi-threaded, use of fork() may lead to deadlocks in the child.
[2026-03-29T14:32:58.787+0000] {standard_task_runner.py:63} INFO - Started process 386 to run task
[2026-03-29T14:32:58.842+0000] {logging_mixin.py:188} WARNING - /home/***/.local/lib/python3.12/site-packages/***/settings.py:195 DeprecationWarning: The sql_alchemy_conn option in [core] has been moved to the sql_alchemy_conn option in [database] - the old setting has been used, but please update your config.
[2026-03-29T14:32:58.979+0000] {task_command.py:426} INFO - Running <TaskInstance: live_trades_analytics.clean_live_trades scheduled__2026-03-28T00:00:00+00:00 [running]> on host 3942be4b0136
[2026-03-29T14:32:59.387+0000] {taskinstance.py:2648} INFO - Exporting env vars: AIRFLOW_CTX_DAG_OWNER='***' AIRFLOW_CTX_DAG_ID='live_trades_analytics' AIRFLOW_CTX_TASK_ID='clean_live_trades' AIRFLOW_CTX_EXECUTION_DATE='2026-03-28T00:00:00+00:00' AIRFLOW_CTX_TRY_NUMBER='1' AIRFLOW_CTX_DAG_RUN_ID='scheduled__2026-03-28T00:00:00+00:00'
[2026-03-29T14:32:59.391+0000] {taskinstance.py:430} INFO - ::endgroup::
[2026-03-29T14:32:59.502+0000] {logging_mixin.py:188} INFO - Cleaned data saved to /opt/***/temp/live_transformed.csv, 4 rows kept.
[2026-03-29T14:32:59.505+0000] {python.py:237} INFO - Done. Returned value was: None
[2026-03-29T14:32:59.507+0000] {taskinstance.py:441} INFO - ::group::Post task execution logs
[2026-03-29T14:32:59.529+0000] {taskinstance.py:1206} INFO - Marking task as SUCCESS. dag_id=live_trades_analytics, task_id=clean_live_trades, run_id=scheduled__2026-03-28T00:00:00+00:00, execution_date=20260328T000000, start_date=20260329T143258, end_date=20260329T143259
[2026-03-29T14:32:59.590+0000] {local_task_job_runner.py:240} INFO - Task exited with return code 0
[2026-03-29T14:32:59.666+0000] {taskinstance.py:3503} INFO - 1 downstream tasks scheduled from follow-on schedule check
[2026-03-29T14:32:59.671+0000] {local_task_job_runner.py:222} INFO - ::endgroup::
