[2026-03-30T00:42:21.107+0000] {local_task_job_runner.py:120} INFO - ::group::Pre task execution logs
[2026-03-30T00:42:21.194+0000] {taskinstance.py:2076} INFO - Dependencies all met for dep_context=non-requeueable deps ti=<TaskInstance: static_trades_analytics.extract_static_trades scheduled__2026-03-29T00:00:00+00:00 [queued]>
[2026-03-30T00:42:21.222+0000] {taskinstance.py:2076} INFO - Dependencies all met for dep_context=requeueable deps ti=<TaskInstance: static_trades_analytics.extract_static_trades scheduled__2026-03-29T00:00:00+00:00 [queued]>
[2026-03-30T00:42:21.223+0000] {taskinstance.py:2306} INFO - Starting attempt 1 of 1
[2026-03-30T00:42:21.299+0000] {taskinstance.py:2330} INFO - Executing <Task(PythonOperator): extract_static_trades> on 2026-03-29 00:00:00+00:00
[2026-03-30T00:42:21.351+0000] {logging_mixin.py:188} WARNING - /home/***/.local/lib/python3.12/site-packages/***/task/task_runner/standard_task_runner.py:61 DeprecationWarning: This process (pid=215) is multi-threaded, use of fork() may lead to deadlocks in the child.
[2026-03-30T00:42:21.359+0000] {standard_task_runner.py:63} INFO - Started process 227 to run task
[2026-03-30T00:42:21.354+0000] {standard_task_runner.py:90} INFO - Running: ['***', 'tasks', 'run', 'static_trades_analytics', 'extract_static_trades', 'scheduled__2026-03-29T00:00:00+00:00', '--job-id', '29', '--raw', '--subdir', 'DAGS_FOLDER/static_user_analytics.py', '--cfg-path', '/tmp/tmp2cgdo21e']
[2026-03-30T00:42:21.364+0000] {standard_task_runner.py:91} INFO - Job 29: Subtask extract_static_trades
[2026-03-30T00:42:21.458+0000] {logging_mixin.py:188} WARNING - /home/***/.local/lib/python3.12/site-packages/***/settings.py:195 DeprecationWarning: The sql_alchemy_conn option in [core] has been moved to the sql_alchemy_conn option in [database] - the old setting has been used, but please update your config.
[2026-03-30T00:42:21.741+0000] {task_command.py:426} INFO - Running <TaskInstance: static_trades_analytics.extract_static_trades scheduled__2026-03-29T00:00:00+00:00 [running]> on host 17cff4ce87d9
[2026-03-30T00:42:21.941+0000] {taskinstance.py:2648} INFO - Exporting env vars: AIRFLOW_CTX_DAG_OWNER='***' AIRFLOW_CTX_DAG_ID='static_trades_analytics' AIRFLOW_CTX_TASK_ID='extract_static_trades' AIRFLOW_CTX_EXECUTION_DATE='2026-03-29T00:00:00+00:00' AIRFLOW_CTX_TRY_NUMBER='1' AIRFLOW_CTX_DAG_RUN_ID='scheduled__2026-03-29T00:00:00+00:00'
[2026-03-30T00:42:21.942+0000] {taskinstance.py:430} INFO - ::endgroup::
[2026-03-30T00:42:21.981+0000] {conn.py:1530} WARNING - DNS lookup failed for broker2:9092, exception was [Errno -2] Name or service not known. Is your advertised.listeners (called advertised.host.name before Kafka 9) correct and resolvable?
[2026-03-30T00:42:21.982+0000] {conn.py:323} ERROR - <BrokerConnection client_id=kafka-python-2.3.0, node_id=bootstrap-1 host=broker2:9092 <connecting> [unspecified None]>: DNS lookup failed for broker2:9092 (0)
[2026-03-30T00:42:21.983+0000] {conn.py:951} ERROR - <BrokerConnection client_id=kafka-python-2.3.0, node_id=bootstrap-1 host=broker2:9092 <connecting> [unspecified None]>: Closing connection. KafkaConnectionError: DNS failure
[2026-03-30T00:42:21.995+0000] {conn.py:1530} WARNING - DNS lookup failed for broker1:9092, exception was [Errno -2] Name or service not known. Is your advertised.listeners (called advertised.host.name before Kafka 9) correct and resolvable?
[2026-03-30T00:42:21.995+0000] {conn.py:323} ERROR - <BrokerConnection client_id=kafka-python-2.3.0, node_id=bootstrap-0 host=broker1:9092 <connecting> [unspecified None]>: DNS lookup failed for broker1:9092 (0)
[2026-03-30T00:42:21.999+0000] {conn.py:951} ERROR - <BrokerConnection client_id=kafka-python-2.3.0, node_id=bootstrap-0 host=broker1:9092 <connecting> [unspecified None]>: Closing connection. KafkaConnectionError: DNS failure
[2026-03-30T00:42:22.000+0000] {client_async.py:1051} WARNING - No node available during check_version; sleeping 0.02 secs
[2026-03-30T00:42:22.044+0000] {conn.py:1530} WARNING - DNS lookup failed for broker2:9092, exception was [Errno -2] Name or service not known. Is your advertised.listeners (called advertised.host.name before Kafka 9) correct and resolvable?
[2026-03-30T00:42:22.045+0000] {conn.py:323} ERROR - <BrokerConnection client_id=kafka-python-2.3.0, node_id=bootstrap-1 host=broker2:9092 <connecting> [unspecified None]>: DNS lookup failed for broker2:9092 (0)
[2026-03-30T00:42:22.045+0000] {conn.py:951} ERROR - <BrokerConnection client_id=kafka-python-2.3.0, node_id=bootstrap-1 host=broker2:9092 <connecting> [unspecified None]>: Closing connection. KafkaConnectionError: DNS failure
[2026-03-30T00:42:22.073+0000] {conn.py:1530} WARNING - DNS lookup failed for broker1:9092, exception was [Errno -2] Name or service not known. Is your advertised.listeners (called advertised.host.name before Kafka 9) correct and resolvable?
[2026-03-30T00:42:22.075+0000] {conn.py:323} ERROR - <BrokerConnection client_id=kafka-python-2.3.0, node_id=bootstrap-0 host=broker1:9092 <connecting> [unspecified None]>: DNS lookup failed for broker1:9092 (0)
[2026-03-30T00:42:22.078+0000] {conn.py:951} ERROR - <BrokerConnection client_id=kafka-python-2.3.0, node_id=bootstrap-0 host=broker1:9092 <connecting> [unspecified None]>: Closing connection. KafkaConnectionError: DNS failure
[2026-03-30T00:42:22.078+0000] {client_async.py:1051} WARNING - No node available during check_version; sleeping 0.05 secs
[2026-03-30T00:42:22.143+0000] {conn.py:1530} WARNING - DNS lookup failed for broker2:9092, exception was [Errno -2] Name or service not known. Is your advertised.listeners (called advertised.host.name before Kafka 9) correct and resolvable?
[2026-03-30T00:42:22.144+0000] {conn.py:323} ERROR - <BrokerConnection client_id=kafka-python-2.3.0, node_id=bootstrap-1 host=broker2:9092 <connecting> [unspecified None]>: DNS lookup failed for broker2:9092 (0)
[2026-03-30T00:42:22.144+0000] {conn.py:951} ERROR - <BrokerConnection client_id=kafka-python-2.3.0, node_id=bootstrap-1 host=broker2:9092 <connecting> [unspecified None]>: Closing connection. KafkaConnectionError: DNS failure
[2026-03-30T00:42:22.161+0000] {conn.py:1530} WARNING - DNS lookup failed for broker1:9092, exception was [Errno -2] Name or service not known. Is your advertised.listeners (called advertised.host.name before Kafka 9) correct and resolvable?
[2026-03-30T00:42:22.161+0000] {conn.py:323} ERROR - <BrokerConnection client_id=kafka-python-2.3.0, node_id=bootstrap-0 host=broker1:9092 <connecting> [unspecified None]>: DNS lookup failed for broker1:9092 (0)
[2026-03-30T00:42:22.162+0000] {conn.py:951} ERROR - <BrokerConnection client_id=kafka-python-2.3.0, node_id=bootstrap-0 host=broker1:9092 <connecting> [unspecified None]>: Closing connection. KafkaConnectionError: DNS failure
[2026-03-30T00:42:22.163+0000] {client_async.py:1051} WARNING - No node available during check_version; sleeping 0.16 secs
[2026-03-30T00:42:22.349+0000] {conn.py:1530} WARNING - DNS lookup failed for broker2:9092, exception was [Errno -2] Name or service not known. Is your advertised.listeners (called advertised.host.name before Kafka 9) correct and resolvable?
[2026-03-30T00:42:22.352+0000] {conn.py:323} ERROR - <BrokerConnection client_id=kafka-python-2.3.0, node_id=bootstrap-1 host=broker2:9092 <connecting> [unspecified None]>: DNS lookup failed for broker2:9092 (0)
[2026-03-30T00:42:22.352+0000] {conn.py:951} ERROR - <BrokerConnection client_id=kafka-python-2.3.0, node_id=bootstrap-1 host=broker2:9092 <connecting> [unspecified None]>: Closing connection. KafkaConnectionError: DNS failure
[2026-03-30T00:42:22.369+0000] {conn.py:1530} WARNING - DNS lookup failed for broker1:9092, exception was [Errno -2] Name or service not known. Is your advertised.listeners (called advertised.host.name before Kafka 9) correct and resolvable?
[2026-03-30T00:42:22.371+0000] {conn.py:323} ERROR - <BrokerConnection client_id=kafka-python-2.3.0, node_id=bootstrap-0 host=broker1:9092 <connecting> [unspecified None]>: DNS lookup failed for broker1:9092 (0)
[2026-03-30T00:42:22.372+0000] {conn.py:951} ERROR - <BrokerConnection client_id=kafka-python-2.3.0, node_id=bootstrap-0 host=broker1:9092 <connecting> [unspecified None]>: Closing connection. KafkaConnectionError: DNS failure
[2026-03-30T00:42:22.374+0000] {client_async.py:1051} WARNING - No node available during check_version; sleeping 0.30 secs
[2026-03-30T00:42:22.684+0000] {conn.py:1530} WARNING - DNS lookup failed for broker1:9092, exception was [Errno -2] Name or service not known. Is your advertised.listeners (called advertised.host.name before Kafka 9) correct and resolvable?
[2026-03-30T00:42:22.685+0000] {conn.py:323} ERROR - <BrokerConnection client_id=kafka-python-2.3.0, node_id=bootstrap-0 host=broker1:9092 <connecting> [unspecified None]>: DNS lookup failed for broker1:9092 (0)
[2026-03-30T00:42:22.686+0000] {conn.py:951} ERROR - <BrokerConnection client_id=kafka-python-2.3.0, node_id=bootstrap-0 host=broker1:9092 <connecting> [unspecified None]>: Closing connection. KafkaConnectionError: DNS failure
[2026-03-30T00:42:22.686+0000] {client_async.py:1051} WARNING - No node available during check_version; sleeping 0.06 secs
[2026-03-30T00:42:22.769+0000] {conn.py:1530} WARNING - DNS lookup failed for broker2:9092, exception was [Errno -2] Name or service not known. Is your advertised.listeners (called advertised.host.name before Kafka 9) correct and resolvable?
[2026-03-30T00:42:22.772+0000] {conn.py:323} ERROR - <BrokerConnection client_id=kafka-python-2.3.0, node_id=bootstrap-1 host=broker2:9092 <connecting> [unspecified None]>: DNS lookup failed for broker2:9092 (0)
[2026-03-30T00:42:22.772+0000] {conn.py:951} ERROR - <BrokerConnection client_id=kafka-python-2.3.0, node_id=bootstrap-1 host=broker2:9092 <connecting> [unspecified None]>: Closing connection. KafkaConnectionError: DNS failure
[2026-03-30T00:42:22.773+0000] {client_async.py:1051} WARNING - No node available during check_version; sleeping 0.57 secs
[2026-03-30T00:42:23.380+0000] {conn.py:1530} WARNING - DNS lookup failed for broker1:9092, exception was [Errno -2] Name or service not known. Is your advertised.listeners (called advertised.host.name before Kafka 9) correct and resolvable?
[2026-03-30T00:42:23.398+0000] {conn.py:323} ERROR - <BrokerConnection client_id=kafka-python-2.3.0, node_id=bootstrap-0 host=broker1:9092 <connecting> [unspecified None]>: DNS lookup failed for broker1:9092 (0)
[2026-03-30T00:42:23.400+0000] {conn.py:951} ERROR - <BrokerConnection client_id=kafka-python-2.3.0, node_id=bootstrap-0 host=broker1:9092 <connecting> [unspecified None]>: Closing connection. KafkaConnectionError: DNS failure
[2026-03-30T00:42:23.402+0000] {client_async.py:1051} WARNING - No node available during check_version; sleeping 0.27 secs
[2026-03-30T00:42:23.690+0000] {conn.py:1530} WARNING - DNS lookup failed for broker2:9092, exception was [Errno -2] Name or service not known. Is your advertised.listeners (called advertised.host.name before Kafka 9) correct and resolvable?
[2026-03-30T00:42:23.691+0000] {conn.py:323} ERROR - <BrokerConnection client_id=kafka-python-2.3.0, node_id=bootstrap-1 host=broker2:9092 <connecting> [unspecified None]>: DNS lookup failed for broker2:9092 (0)
[2026-03-30T00:42:23.694+0000] {conn.py:951} ERROR - <BrokerConnection client_id=kafka-python-2.3.0, node_id=bootstrap-1 host=broker2:9092 <connecting> [unspecified None]>: Closing connection. KafkaConnectionError: DNS failure
[2026-03-30T00:42:23.695+0000] {client_async.py:1051} WARNING - No node available during check_version; sleeping 0.27 secs
[2026-03-30T00:42:23.968+0000] {taskinstance.py:441} INFO - ::group::Post task execution logs
[2026-03-30T00:42:23.972+0000] {taskinstance.py:2905} ERROR - Task failed with exception
Traceback (most recent call last):
  File "/home/airflow/.local/lib/python3.12/site-packages/airflow/models/taskinstance.py", line 465, in _execute_task
    result = _execute_callable(context=context, **execute_callable_kwargs)
             ^^^^^^^^^^^^^^^^^^^^^^^^^^^^^^^^^^^^^^^^^^^^^^^^^^^^^^^^^^^^^
  File "/home/airflow/.local/lib/python3.12/site-packages/airflow/models/taskinstance.py", line 432, in _execute_callable
    return execute_callable(context=context, **execute_callable_kwargs)
           ^^^^^^^^^^^^^^^^^^^^^^^^^^^^^^^^^^^^^^^^^^^^^^^^^^^^^^^^^^^^
  File "/home/airflow/.local/lib/python3.12/site-packages/airflow/models/baseoperator.py", line 401, in wrapper
    return func(self, *args, **kwargs)
           ^^^^^^^^^^^^^^^^^^^^^^^^^^^
  File "/home/airflow/.local/lib/python3.12/site-packages/airflow/operators/python.py", line 235, in execute
    return_value = self.execute_callable()
                   ^^^^^^^^^^^^^^^^^^^^^^^
  File "/home/airflow/.local/lib/python3.12/site-packages/airflow/operators/python.py", line 252, in execute_callable
    return self.python_callable(*self.op_args, **self.op_kwargs)
           ^^^^^^^^^^^^^^^^^^^^^^^^^^^^^^^^^^^^^^^^^^^^^^^^^^^^^
  File "/opt/airflow/dags/static_user_analytics.py", line 31, in extract_static_trades
    consume_trades_from_kafka(
  File "/app/kafka_tutorial/consumer.py", line 13, in consume_trades_from_kafka
    consumer = KafkaConsumer(
               ^^^^^^^^^^^^^^
  File "/home/airflow/.local/lib/python3.12/site-packages/kafka/consumer/group.py", line 397, in __init__
    self._client = self.config['kafka_client'](metrics=self._metrics, **self.config)
                   ^^^^^^^^^^^^^^^^^^^^^^^^^^^^^^^^^^^^^^^^^^^^^^^^^^^^^^^^^^^^^^^^^
  File "/home/airflow/.local/lib/python3.12/site-packages/kafka/client_async.py", line 262, in __init__
    self.config['api_version'] = self.check_version()
                                 ^^^^^^^^^^^^^^^^^^^^
  File "/home/airflow/.local/lib/python3.12/site-packages/kafka/client_async.py", line 1076, in check_version
    raise Errors.NoBrokersAvailable()
kafka.errors.NoBrokersAvailable: NoBrokersAvailable
[2026-03-30T00:42:24.052+0000] {taskinstance.py:1206} INFO - Marking task as FAILED. dag_id=static_trades_analytics, task_id=extract_static_trades, run_id=scheduled__2026-03-29T00:00:00+00:00, execution_date=20260329T000000, start_date=20260330T004221, end_date=20260330T004224
[2026-03-30T00:42:24.118+0000] {standard_task_runner.py:110} ERROR - Failed to execute job 29 for task extract_static_trades (NoBrokersAvailable; 227)
[2026-03-30T00:42:24.239+0000] {local_task_job_runner.py:240} INFO - Task exited with return code 1
[2026-03-30T00:42:24.629+0000] {taskinstance.py:3503} INFO - 0 downstream tasks scheduled from follow-on schedule check
[2026-03-30T00:42:24.835+0000] {local_task_job_runner.py:222} INFO - ::endgroup::
