[2026-03-29T12:05:55.363+0000] {local_task_job_runner.py:120} INFO - ::group::Pre task execution logs
[2026-03-29T12:05:55.411+0000] {taskinstance.py:2076} INFO - Dependencies all met for dep_context=non-requeueable deps ti=<TaskInstance: live_trades_analytics.load_live_data manual__2026-03-29T12:05:25.838226+00:00 [queued]>
[2026-03-29T12:05:55.423+0000] {taskinstance.py:2076} INFO - Dependencies all met for dep_context=requeueable deps ti=<TaskInstance: live_trades_analytics.load_live_data manual__2026-03-29T12:05:25.838226+00:00 [queued]>
[2026-03-29T12:05:55.424+0000] {taskinstance.py:2306} INFO - Starting attempt 1 of 1
[2026-03-29T12:05:55.434+0000] {taskinstance.py:2330} INFO - Executing <Task(PythonOperator): load_live_data> on 2026-03-29 12:05:25.838226+00:00
[2026-03-29T12:05:55.444+0000] {logging_mixin.py:188} WARNING - /home/***/.local/lib/python3.12/site-packages/***/task/task_runner/standard_task_runner.py:61 DeprecationWarning: This process (pid=370) is multi-threaded, use of fork() may lead to deadlocks in the child.
[2026-03-29T12:05:55.445+0000] {standard_task_runner.py:63} INFO - Started process 377 to run task
[2026-03-29T12:05:55.444+0000] {standard_task_runner.py:90} INFO - Running: ['***', 'tasks', 'run', 'live_trades_analytics', 'load_live_data', 'manual__2026-03-29T12:05:25.838226+00:00', '--job-id', '19', '--raw', '--subdir', 'DAGS_FOLDER/live_user_analytics.py', '--cfg-path', '/tmp/tmpbjh3rjyt']
[2026-03-29T12:05:55.447+0000] {standard_task_runner.py:91} INFO - Job 19: Subtask load_live_data
[2026-03-29T12:05:55.462+0000] {logging_mixin.py:188} WARNING - /home/***/.local/lib/python3.12/site-packages/***/settings.py:195 DeprecationWarning: The sql_alchemy_conn option in [core] has been moved to the sql_alchemy_conn option in [database] - the old setting has been used, but please update your config.
[2026-03-29T12:05:55.499+0000] {task_command.py:426} INFO - Running <TaskInstance: live_trades_analytics.load_live_data manual__2026-03-29T12:05:25.838226+00:00 [running]> on host 446454d9da59
[2026-03-29T12:05:55.658+0000] {taskinstance.py:2648} INFO - Exporting env vars: AIRFLOW_CTX_DAG_OWNER='***' AIRFLOW_CTX_DAG_ID='live_trades_analytics' AIRFLOW_CTX_TASK_ID='load_live_data' AIRFLOW_CTX_EXECUTION_DATE='2026-03-29T12:05:25.838226+00:00' AIRFLOW_CTX_TRY_NUMBER='1' AIRFLOW_CTX_DAG_RUN_ID='manual__2026-03-29T12:05:25.838226+00:00'
[2026-03-29T12:05:55.662+0000] {taskinstance.py:430} INFO - ::endgroup::
[2026-03-29T12:05:55.744+0000] {logging_mixin.py:188} INFO - Loaded data to /tmp/***/data/live_final.csv
[2026-03-29T12:05:55.746+0000] {python.py:237} INFO - Done. Returned value was: None
[2026-03-29T12:05:55.748+0000] {taskinstance.py:441} INFO - ::group::Post task execution logs
[2026-03-29T12:05:55.772+0000] {taskinstance.py:1206} INFO - Marking task as SUCCESS. dag_id=live_trades_analytics, task_id=load_live_data, run_id=manual__2026-03-29T12:05:25.838226+00:00, execution_date=20260329T120525, start_date=20260329T120555, end_date=20260329T120555
[2026-03-29T12:05:55.826+0000] {local_task_job_runner.py:240} INFO - Task exited with return code 0
[2026-03-29T12:05:55.842+0000] {taskinstance.py:3503} INFO - 0 downstream tasks scheduled from follow-on schedule check
[2026-03-29T12:05:55.843+0000] {local_task_job_runner.py:222} INFO - ::endgroup::
