[2026-03-29T11:22:12.155+0000] {local_task_job_runner.py:120} INFO - ::group::Pre task execution logs
[2026-03-29T11:22:12.199+0000] {taskinstance.py:2076} INFO - Dependencies all met for dep_context=non-requeueable deps ti=<TaskInstance: live_trades_analytics.merge_live_trades manual__2026-03-29T11:21:53.943314+00:00 [queued]>
[2026-03-29T11:22:12.211+0000] {taskinstance.py:2076} INFO - Dependencies all met for dep_context=requeueable deps ti=<TaskInstance: live_trades_analytics.merge_live_trades manual__2026-03-29T11:21:53.943314+00:00 [queued]>
[2026-03-29T11:22:12.211+0000] {taskinstance.py:2306} INFO - Starting attempt 1 of 1
[2026-03-29T11:22:12.224+0000] {taskinstance.py:2330} INFO - Executing <Task(PythonOperator): merge_live_trades> on 2026-03-29 11:21:53.943314+00:00
[2026-03-29T11:22:12.234+0000] {logging_mixin.py:188} WARNING - /home/***/.local/lib/python3.12/site-packages/***/task/task_runner/standard_task_runner.py:61 DeprecationWarning: This process (pid=244) is multi-threaded, use of fork() may lead to deadlocks in the child.
[2026-03-29T11:22:12.235+0000] {standard_task_runner.py:63} INFO - Started process 247 to run task
[2026-03-29T11:22:12.235+0000] {standard_task_runner.py:90} INFO - Running: ['***', 'tasks', 'run', 'live_trades_analytics', 'merge_live_trades', 'manual__2026-03-29T11:21:53.943314+00:00', '--job-id', '20', '--raw', '--subdir', 'DAGS_FOLDER/live_user_analytics.py', '--cfg-path', '/tmp/tmp9wju838d']
[2026-03-29T11:22:12.238+0000] {standard_task_runner.py:91} INFO - Job 20: Subtask merge_live_trades
[2026-03-29T11:22:12.252+0000] {logging_mixin.py:188} WARNING - /home/***/.local/lib/python3.12/site-packages/***/settings.py:195 DeprecationWarning: The sql_alchemy_conn option in [core] has been moved to the sql_alchemy_conn option in [database] - the old setting has been used, but please update your config.
[2026-03-29T11:22:12.287+0000] {task_command.py:426} INFO - Running <TaskInstance: live_trades_analytics.merge_live_trades manual__2026-03-29T11:21:53.943314+00:00 [running]> on host 02a713b558cd
[2026-03-29T11:22:12.374+0000] {taskinstance.py:2648} INFO - Exporting env vars: AIRFLOW_CTX_DAG_OWNER='***' AIRFLOW_CTX_DAG_ID='live_trades_analytics' AIRFLOW_CTX_TASK_ID='merge_live_trades' AIRFLOW_CTX_EXECUTION_DATE='2026-03-29T11:21:53.943314+00:00' AIRFLOW_CTX_TRY_NUMBER='1' AIRFLOW_CTX_DAG_RUN_ID='manual__2026-03-29T11:21:53.943314+00:00'
[2026-03-29T11:22:12.375+0000] {taskinstance.py:430} INFO - ::endgroup::
[2026-03-29T11:22:12.392+0000] {logging_mixin.py:188} WARNING - /app/kafka_tutorial/consumer.py:79 FutureWarning: The behavior of DataFrame concatenation with empty or all-NA entries is deprecated. In a future version, this will no longer exclude empty or all-NA columns when determining the result dtypes. To retain the old behavior, exclude the relevant entries before the concat operation.
[2026-03-29T11:22:12.402+0000] {logging_mixin.py:188} INFO - Merged 4 trades. Market state now has 4 records.
[2026-03-29T11:22:12.402+0000] {python.py:237} INFO - Done. Returned value was: None
[2026-03-29T11:22:12.403+0000] {taskinstance.py:441} INFO - ::group::Post task execution logs
[2026-03-29T11:22:12.417+0000] {taskinstance.py:1206} INFO - Marking task as SUCCESS. dag_id=live_trades_analytics, task_id=merge_live_trades, run_id=manual__2026-03-29T11:21:53.943314+00:00, execution_date=20260329T112153, start_date=20260329T112212, end_date=20260329T112212
[2026-03-29T11:22:12.451+0000] {local_task_job_runner.py:240} INFO - Task exited with return code 0
[2026-03-29T11:22:12.470+0000] {taskinstance.py:3503} INFO - 1 downstream tasks scheduled from follow-on schedule check
[2026-03-29T11:22:12.472+0000] {local_task_job_runner.py:222} INFO - ::endgroup::
