[2026-03-29T23:09:43.811+0000] {local_task_job_runner.py:120} INFO - ::group::Pre task execution logs
[2026-03-29T23:09:43.924+0000] {taskinstance.py:2076} INFO - Dependencies all met for dep_context=non-requeueable deps ti=<TaskInstance: user_analytics.update_dashboard manual__2026-03-29T23:08:57.151904+00:00 [queued]>
[2026-03-29T23:09:43.941+0000] {taskinstance.py:2076} INFO - Dependencies all met for dep_context=requeueable deps ti=<TaskInstance: user_analytics.update_dashboard manual__2026-03-29T23:08:57.151904+00:00 [queued]>
[2026-03-29T23:09:43.942+0000] {taskinstance.py:2306} INFO - Starting attempt 1 of 1
[2026-03-29T23:09:43.985+0000] {taskinstance.py:2330} INFO - Executing <Task(PythonOperator): update_dashboard> on 2026-03-29 23:08:57.151904+00:00
[2026-03-29T23:09:44.018+0000] {logging_mixin.py:188} WARNING - /home/***/.local/lib/python3.12/site-packages/***/task/task_runner/standard_task_runner.py:61 DeprecationWarning: This process (pid=532) is multi-threaded, use of fork() may lead to deadlocks in the child.
[2026-03-29T23:09:44.022+0000] {standard_task_runner.py:63} INFO - Started process 543 to run task
[2026-03-29T23:09:44.019+0000] {standard_task_runner.py:90} INFO - Running: ['***', 'tasks', 'run', 'user_analytics', 'update_dashboard', 'manual__2026-03-29T23:08:57.151904+00:00', '--job-id', '25', '--raw', '--subdir', 'DAGS_FOLDER/user_analytics.py', '--cfg-path', '/tmp/tmprs7i854s']
[2026-03-29T23:09:44.024+0000] {standard_task_runner.py:91} INFO - Job 25: Subtask update_dashboard
[2026-03-29T23:09:44.060+0000] {logging_mixin.py:188} WARNING - /home/***/.local/lib/python3.12/site-packages/***/settings.py:195 DeprecationWarning: The sql_alchemy_conn option in [core] has been moved to the sql_alchemy_conn option in [database] - the old setting has been used, but please update your config.
[2026-03-29T23:09:44.140+0000] {task_command.py:426} INFO - Running <TaskInstance: user_analytics.update_dashboard manual__2026-03-29T23:08:57.151904+00:00 [running]> on host 90473cbdc518
[2026-03-29T23:09:44.351+0000] {taskinstance.py:2648} INFO - Exporting env vars: AIRFLOW_CTX_DAG_OWNER='***' AIRFLOW_CTX_DAG_ID='user_analytics' AIRFLOW_CTX_TASK_ID='update_dashboard' AIRFLOW_CTX_EXECUTION_DATE='2026-03-29T23:08:57.151904+00:00' AIRFLOW_CTX_TRY_NUMBER='1' AIRFLOW_CTX_DAG_RUN_ID='manual__2026-03-29T23:08:57.151904+00:00'
[2026-03-29T23:09:44.353+0000] {taskinstance.py:430} INFO - ::endgroup::
[2026-03-29T23:09:44.371+0000] {taskinstance.py:441} INFO - ::group::Post task execution logs
[2026-03-29T23:09:44.372+0000] {taskinstance.py:2905} ERROR - Task failed with exception
Traceback (most recent call last):
  File "/home/airflow/.local/lib/python3.12/site-packages/airflow/models/taskinstance.py", line 465, in _execute_task
    result = _execute_callable(context=context, **execute_callable_kwargs)
             ^^^^^^^^^^^^^^^^^^^^^^^^^^^^^^^^^^^^^^^^^^^^^^^^^^^^^^^^^^^^^
  File "/home/airflow/.local/lib/python3.12/site-packages/airflow/models/taskinstance.py", line 432, in _execute_callable
    return execute_callable(context=context, **execute_callable_kwargs)
           ^^^^^^^^^^^^^^^^^^^^^^^^^^^^^^^^^^^^^^^^^^^^^^^^^^^^^^^^^^^^
  File "/home/airflow/.local/lib/python3.12/site-packages/airflow/models/baseoperator.py", line 401, in wrapper
    return func(self, *args, **kwargs)
           ^^^^^^^^^^^^^^^^^^^^^^^^^^^
  File "/home/airflow/.local/lib/python3.12/site-packages/airflow/operators/python.py", line 235, in execute
    return_value = self.execute_callable()
                   ^^^^^^^^^^^^^^^^^^^^^^^
  File "/home/airflow/.local/lib/python3.12/site-packages/airflow/operators/python.py", line 252, in execute_callable
    return self.python_callable(*self.op_args, **self.op_kwargs)
           ^^^^^^^^^^^^^^^^^^^^^^^^^^^^^^^^^^^^^^^^^^^^^^^^^^^^^
  File "/opt/airflow/dags/user_analytics.py", line 33, in update_dashboard
    generate_dashboard(
  File "/app/kafka_tutorial/consumer.py", line 131, in generate_dashboard
    df = pd.read_csv(input_path)
         ^^^^^^^^^^^^^^^^^^^^^^^
  File "/home/airflow/.local/lib/python3.12/site-packages/pandas/io/parsers/readers.py", line 948, in read_csv
    return _read(filepath_or_buffer, kwds)
           ^^^^^^^^^^^^^^^^^^^^^^^^^^^^^^^
  File "/home/airflow/.local/lib/python3.12/site-packages/pandas/io/parsers/readers.py", line 611, in _read
    parser = TextFileReader(filepath_or_buffer, **kwds)
             ^^^^^^^^^^^^^^^^^^^^^^^^^^^^^^^^^^^^^^^^^^
  File "/home/airflow/.local/lib/python3.12/site-packages/pandas/io/parsers/readers.py", line 1448, in __init__
    self._engine = self._make_engine(f, self.engine)
                   ^^^^^^^^^^^^^^^^^^^^^^^^^^^^^^^^^
  File "/home/airflow/.local/lib/python3.12/site-packages/pandas/io/parsers/readers.py", line 1705, in _make_engine
    self.handles = get_handle(
                   ^^^^^^^^^^^
  File "/home/airflow/.local/lib/python3.12/site-packages/pandas/io/common.py", line 863, in get_handle
    handle = open(
             ^^^^^
FileNotFoundError: [Errno 2] No such file or directory: '/opt/airflow/temp/live_final.csv'
[2026-03-29T23:09:44.391+0000] {taskinstance.py:1206} INFO - Marking task as FAILED. dag_id=user_analytics, task_id=update_dashboard, run_id=manual__2026-03-29T23:08:57.151904+00:00, execution_date=20260329T230857, start_date=20260329T230943, end_date=20260329T230944
[2026-03-29T23:09:44.409+0000] {standard_task_runner.py:110} ERROR - Failed to execute job 25 for task update_dashboard ([Errno 2] No such file or directory: '/opt/airflow/temp/live_final.csv'; 543)
[2026-03-29T23:09:44.442+0000] {local_task_job_runner.py:240} INFO - Task exited with return code 1
[2026-03-29T23:09:44.471+0000] {taskinstance.py:3503} INFO - 0 downstream tasks scheduled from follow-on schedule check
[2026-03-29T23:09:44.494+0000] {local_task_job_runner.py:222} INFO - ::endgroup::
