[2026-03-29T11:22:10.245+0000] {local_task_job_runner.py:120} INFO - ::group::Pre task execution logs
[2026-03-29T11:22:10.281+0000] {taskinstance.py:2076} INFO - Dependencies all met for dep_context=non-requeueable deps ti=<TaskInstance: live_trades_analytics.clean_live_trades manual__2026-03-29T11:21:53.943314+00:00 [queued]>
[2026-03-29T11:22:10.287+0000] {taskinstance.py:2076} INFO - Dependencies all met for dep_context=requeueable deps ti=<TaskInstance: live_trades_analytics.clean_live_trades manual__2026-03-29T11:21:53.943314+00:00 [queued]>
[2026-03-29T11:22:10.288+0000] {taskinstance.py:2306} INFO - Starting attempt 1 of 1
[2026-03-29T11:22:10.299+0000] {taskinstance.py:2330} INFO - Executing <Task(PythonOperator): clean_live_trades> on 2026-03-29 11:21:53.943314+00:00
[2026-03-29T11:22:10.311+0000] {logging_mixin.py:188} WARNING - /home/***/.local/lib/python3.12/site-packages/***/task/task_runner/standard_task_runner.py:61 DeprecationWarning: This process (pid=239) is multi-threaded, use of fork() may lead to deadlocks in the child.
[2026-03-29T11:22:10.312+0000] {standard_task_runner.py:63} INFO - Started process 241 to run task
[2026-03-29T11:22:10.311+0000] {standard_task_runner.py:90} INFO - Running: ['***', 'tasks', 'run', 'live_trades_analytics', 'clean_live_trades', 'manual__2026-03-29T11:21:53.943314+00:00', '--job-id', '18', '--raw', '--subdir', 'DAGS_FOLDER/live_user_analytics.py', '--cfg-path', '/tmp/tmpgnqvpjfe']
[2026-03-29T11:22:10.314+0000] {standard_task_runner.py:91} INFO - Job 18: Subtask clean_live_trades
[2026-03-29T11:22:10.331+0000] {logging_mixin.py:188} WARNING - /home/***/.local/lib/python3.12/site-packages/***/settings.py:195 DeprecationWarning: The sql_alchemy_conn option in [core] has been moved to the sql_alchemy_conn option in [database] - the old setting has been used, but please update your config.
[2026-03-29T11:22:10.364+0000] {task_command.py:426} INFO - Running <TaskInstance: live_trades_analytics.clean_live_trades manual__2026-03-29T11:21:53.943314+00:00 [running]> on host 02a713b558cd
[2026-03-29T11:22:10.534+0000] {taskinstance.py:2648} INFO - Exporting env vars: AIRFLOW_CTX_DAG_OWNER='***' AIRFLOW_CTX_DAG_ID='live_trades_analytics' AIRFLOW_CTX_TASK_ID='clean_live_trades' AIRFLOW_CTX_EXECUTION_DATE='2026-03-29T11:21:53.943314+00:00' AIRFLOW_CTX_TRY_NUMBER='1' AIRFLOW_CTX_DAG_RUN_ID='manual__2026-03-29T11:21:53.943314+00:00'
[2026-03-29T11:22:10.537+0000] {taskinstance.py:430} INFO - ::endgroup::
[2026-03-29T11:22:10.577+0000] {logging_mixin.py:188} INFO - Cleaned data saved to /opt/***/temp/live_transformed.csv, 4 rows kept.
[2026-03-29T11:22:10.578+0000] {python.py:237} INFO - Done. Returned value was: None
[2026-03-29T11:22:10.578+0000] {taskinstance.py:441} INFO - ::group::Post task execution logs
[2026-03-29T11:22:10.591+0000] {taskinstance.py:1206} INFO - Marking task as SUCCESS. dag_id=live_trades_analytics, task_id=clean_live_trades, run_id=manual__2026-03-29T11:21:53.943314+00:00, execution_date=20260329T112153, start_date=20260329T112210, end_date=20260329T112210
[2026-03-29T11:22:10.650+0000] {local_task_job_runner.py:240} INFO - Task exited with return code 0
[2026-03-29T11:22:10.681+0000] {taskinstance.py:3503} INFO - 1 downstream tasks scheduled from follow-on schedule check
[2026-03-29T11:22:10.686+0000] {local_task_job_runner.py:222} INFO - ::endgroup::
