[2026-03-29T12:32:08.065+0000] {local_task_job_runner.py:120} INFO - ::group::Pre task execution logs
[2026-03-29T12:32:08.136+0000] {taskinstance.py:2076} INFO - Dependencies all met for dep_context=non-requeueable deps ti=<TaskInstance: user_analytics.clean_trade_data manual__2026-03-29T12:31:35.515930+00:00 [queued]>
[2026-03-29T12:32:08.146+0000] {taskinstance.py:2076} INFO - Dependencies all met for dep_context=requeueable deps ti=<TaskInstance: user_analytics.clean_trade_data manual__2026-03-29T12:31:35.515930+00:00 [queued]>
[2026-03-29T12:32:08.146+0000] {taskinstance.py:2306} INFO - Starting attempt 1 of 1
[2026-03-29T12:32:08.169+0000] {taskinstance.py:2330} INFO - Executing <Task(PythonOperator): clean_trade_data> on 2026-03-29 12:31:35.515930+00:00
[2026-03-29T12:32:08.192+0000] {logging_mixin.py:188} WARNING - /home/***/.local/lib/python3.12/site-packages/***/task/task_runner/standard_task_runner.py:61 DeprecationWarning: This process (pid=247) is multi-threaded, use of fork() may lead to deadlocks in the child.
[2026-03-29T12:32:08.195+0000] {standard_task_runner.py:63} INFO - Started process 250 to run task
[2026-03-29T12:32:08.193+0000] {standard_task_runner.py:90} INFO - Running: ['***', 'tasks', 'run', 'user_analytics', 'clean_trade_data', 'manual__2026-03-29T12:31:35.515930+00:00', '--job-id', '10', '--raw', '--subdir', 'DAGS_FOLDER/user_analytics.py', '--cfg-path', '/tmp/tmpq1agvyzp']
[2026-03-29T12:32:08.198+0000] {standard_task_runner.py:91} INFO - Job 10: Subtask clean_trade_data
[2026-03-29T12:32:08.231+0000] {logging_mixin.py:188} WARNING - /home/***/.local/lib/python3.12/site-packages/***/settings.py:195 DeprecationWarning: The sql_alchemy_conn option in [core] has been moved to the sql_alchemy_conn option in [database] - the old setting has been used, but please update your config.
[2026-03-29T12:32:08.360+0000] {task_command.py:426} INFO - Running <TaskInstance: user_analytics.clean_trade_data manual__2026-03-29T12:31:35.515930+00:00 [running]> on host e31b54ad1341
[2026-03-29T12:32:08.608+0000] {taskinstance.py:2648} INFO - Exporting env vars: AIRFLOW_CTX_DAG_OWNER='***' AIRFLOW_CTX_DAG_ID='user_analytics' AIRFLOW_CTX_TASK_ID='clean_trade_data' AIRFLOW_CTX_EXECUTION_DATE='2026-03-29T12:31:35.515930+00:00' AIRFLOW_CTX_TRY_NUMBER='1' AIRFLOW_CTX_DAG_RUN_ID='manual__2026-03-29T12:31:35.515930+00:00'
[2026-03-29T12:32:08.615+0000] {taskinstance.py:430} INFO - ::endgroup::
[2026-03-29T12:32:08.874+0000] {logging_mixin.py:188} INFO - Cleaned data saved to /opt/***/temp/transformed.csv, 10 rows kept.
[2026-03-29T12:32:08.879+0000] {python.py:237} INFO - Done. Returned value was: None
[2026-03-29T12:32:08.880+0000] {taskinstance.py:441} INFO - ::group::Post task execution logs
[2026-03-29T12:32:08.917+0000] {taskinstance.py:1206} INFO - Marking task as SUCCESS. dag_id=user_analytics, task_id=clean_trade_data, run_id=manual__2026-03-29T12:31:35.515930+00:00, execution_date=20260329T123135, start_date=20260329T123208, end_date=20260329T123208
[2026-03-29T12:32:08.994+0000] {local_task_job_runner.py:240} INFO - Task exited with return code 0
[2026-03-29T12:32:09.063+0000] {taskinstance.py:3503} INFO - 1 downstream tasks scheduled from follow-on schedule check
[2026-03-29T12:32:09.069+0000] {local_task_job_runner.py:222} INFO - ::endgroup::
