[2026-03-29T11:02:44.538+0000] {local_task_job_runner.py:120} INFO - ::group::Pre task execution logs
[2026-03-29T11:02:44.619+0000] {taskinstance.py:2076} INFO - Dependencies all met for dep_context=non-requeueable deps ti=<TaskInstance: user_analytics.load_final_data scheduled__2026-03-28T00:00:00+00:00 [queued]>
[2026-03-29T11:02:44.631+0000] {taskinstance.py:2076} INFO - Dependencies all met for dep_context=requeueable deps ti=<TaskInstance: user_analytics.load_final_data scheduled__2026-03-28T00:00:00+00:00 [queued]>
[2026-03-29T11:02:44.632+0000] {taskinstance.py:2306} INFO - Starting attempt 1 of 1
[2026-03-29T11:02:44.646+0000] {taskinstance.py:2330} INFO - Executing <Task(PythonOperator): load_final_data> on 2026-03-28 00:00:00+00:00
[2026-03-29T11:02:44.670+0000] {logging_mixin.py:188} WARNING - /home/***/.local/lib/python3.12/site-packages/***/task/task_runner/standard_task_runner.py:61 DeprecationWarning: This process (pid=394) is multi-threaded, use of fork() may lead to deadlocks in the child.
[2026-03-29T11:02:44.671+0000] {standard_task_runner.py:63} INFO - Started process 398 to run task
[2026-03-29T11:02:44.674+0000] {standard_task_runner.py:90} INFO - Running: ['***', 'tasks', 'run', 'user_analytics', 'load_final_data', 'scheduled__2026-03-28T00:00:00+00:00', '--job-id', '14', '--raw', '--subdir', 'DAGS_FOLDER/user_analytics.py', '--cfg-path', '/tmp/tmpfxgqsp0e']
[2026-03-29T11:02:44.682+0000] {standard_task_runner.py:91} INFO - Job 14: Subtask load_final_data
[2026-03-29T11:02:44.729+0000] {logging_mixin.py:188} WARNING - /home/***/.local/lib/python3.12/site-packages/***/settings.py:195 DeprecationWarning: The sql_alchemy_conn option in [core] has been moved to the sql_alchemy_conn option in [database] - the old setting has been used, but please update your config.
[2026-03-29T11:02:44.811+0000] {task_command.py:426} INFO - Running <TaskInstance: user_analytics.load_final_data scheduled__2026-03-28T00:00:00+00:00 [running]> on host 25c208e06e73
[2026-03-29T11:02:45.083+0000] {taskinstance.py:2648} INFO - Exporting env vars: AIRFLOW_CTX_DAG_OWNER='***' AIRFLOW_CTX_DAG_ID='user_analytics' AIRFLOW_CTX_TASK_ID='load_final_data' AIRFLOW_CTX_EXECUTION_DATE='2026-03-28T00:00:00+00:00' AIRFLOW_CTX_TRY_NUMBER='1' AIRFLOW_CTX_DAG_RUN_ID='scheduled__2026-03-28T00:00:00+00:00'
[2026-03-29T11:02:45.086+0000] {taskinstance.py:430} INFO - ::endgroup::
[2026-03-29T11:02:45.115+0000] {logging_mixin.py:188} INFO - Loaded data to /tmp/***_data/final.csv
[2026-03-29T11:02:45.116+0000] {python.py:237} INFO - Done. Returned value was: None
[2026-03-29T11:02:45.117+0000] {taskinstance.py:441} INFO - ::group::Post task execution logs
[2026-03-29T11:02:45.133+0000] {taskinstance.py:1206} INFO - Marking task as SUCCESS. dag_id=user_analytics, task_id=load_final_data, run_id=scheduled__2026-03-28T00:00:00+00:00, execution_date=20260328T000000, start_date=20260329T110244, end_date=20260329T110245
[2026-03-29T11:02:45.184+0000] {local_task_job_runner.py:240} INFO - Task exited with return code 0
[2026-03-29T11:02:45.245+0000] {taskinstance.py:3503} INFO - 1 downstream tasks scheduled from follow-on schedule check
[2026-03-29T11:02:45.247+0000] {local_task_job_runner.py:222} INFO - ::endgroup::
[2026-03-29T11:11:16.982+0000] {local_task_job_runner.py:120} INFO - ::group::Pre task execution logs
[2026-03-29T11:11:17.017+0000] {taskinstance.py:2076} INFO - Dependencies all met for dep_context=non-requeueable deps ti=<TaskInstance: user_analytics.load_final_data scheduled__2026-03-28T00:00:00+00:00 [queued]>
[2026-03-29T11:11:17.023+0000] {taskinstance.py:2076} INFO - Dependencies all met for dep_context=requeueable deps ti=<TaskInstance: user_analytics.load_final_data scheduled__2026-03-28T00:00:00+00:00 [queued]>
[2026-03-29T11:11:17.023+0000] {taskinstance.py:2306} INFO - Starting attempt 1 of 1
[2026-03-29T11:11:17.032+0000] {taskinstance.py:2330} INFO - Executing <Task(PythonOperator): load_final_data> on 2026-03-28 00:00:00+00:00
[2026-03-29T11:11:17.042+0000] {logging_mixin.py:188} WARNING - /home/***/.local/lib/python3.12/site-packages/***/task/task_runner/standard_task_runner.py:61 DeprecationWarning: This process (pid=443) is multi-threaded, use of fork() may lead to deadlocks in the child.
[2026-03-29T11:11:17.043+0000] {standard_task_runner.py:63} INFO - Started process 445 to run task
[2026-03-29T11:11:17.042+0000] {standard_task_runner.py:90} INFO - Running: ['***', 'tasks', 'run', 'user_analytics', 'load_final_data', 'scheduled__2026-03-28T00:00:00+00:00', '--job-id', '8', '--raw', '--subdir', 'DAGS_FOLDER/user_analytics.py', '--cfg-path', '/tmp/tmpdnsioaib']
[2026-03-29T11:11:17.045+0000] {standard_task_runner.py:91} INFO - Job 8: Subtask load_final_data
[2026-03-29T11:11:17.059+0000] {logging_mixin.py:188} WARNING - /home/***/.local/lib/python3.12/site-packages/***/settings.py:195 DeprecationWarning: The sql_alchemy_conn option in [core] has been moved to the sql_alchemy_conn option in [database] - the old setting has been used, but please update your config.
[2026-03-29T11:11:17.097+0000] {task_command.py:426} INFO - Running <TaskInstance: user_analytics.load_final_data scheduled__2026-03-28T00:00:00+00:00 [running]> on host 02a713b558cd
[2026-03-29T11:11:17.183+0000] {taskinstance.py:2648} INFO - Exporting env vars: AIRFLOW_CTX_DAG_OWNER='***' AIRFLOW_CTX_DAG_ID='user_analytics' AIRFLOW_CTX_TASK_ID='load_final_data' AIRFLOW_CTX_EXECUTION_DATE='2026-03-28T00:00:00+00:00' AIRFLOW_CTX_TRY_NUMBER='1' AIRFLOW_CTX_DAG_RUN_ID='scheduled__2026-03-28T00:00:00+00:00'
[2026-03-29T11:11:17.184+0000] {taskinstance.py:430} INFO - ::endgroup::
[2026-03-29T11:11:17.223+0000] {logging_mixin.py:188} INFO - Loaded data to /tmp/***_data/final.csv
[2026-03-29T11:11:17.224+0000] {python.py:237} INFO - Done. Returned value was: None
[2026-03-29T11:11:17.224+0000] {taskinstance.py:441} INFO - ::group::Post task execution logs
[2026-03-29T11:11:17.254+0000] {taskinstance.py:1206} INFO - Marking task as SUCCESS. dag_id=user_analytics, task_id=load_final_data, run_id=scheduled__2026-03-28T00:00:00+00:00, execution_date=20260328T000000, start_date=20260329T111117, end_date=20260329T111117
[2026-03-29T11:11:17.302+0000] {local_task_job_runner.py:240} INFO - Task exited with return code 0
[2026-03-29T11:11:17.338+0000] {taskinstance.py:3503} INFO - 1 downstream tasks scheduled from follow-on schedule check
[2026-03-29T11:11:17.340+0000] {local_task_job_runner.py:222} INFO - ::endgroup::
[2026-03-29T12:06:07.441+0000] {local_task_job_runner.py:120} INFO - ::group::Pre task execution logs
[2026-03-29T12:06:07.490+0000] {taskinstance.py:2076} INFO - Dependencies all met for dep_context=non-requeueable deps ti=<TaskInstance: user_analytics.load_final_data scheduled__2026-03-28T00:00:00+00:00 [queued]>
[2026-03-29T12:06:07.499+0000] {taskinstance.py:2076} INFO - Dependencies all met for dep_context=requeueable deps ti=<TaskInstance: user_analytics.load_final_data scheduled__2026-03-28T00:00:00+00:00 [queued]>
[2026-03-29T12:06:07.499+0000] {taskinstance.py:2306} INFO - Starting attempt 1 of 1
[2026-03-29T12:06:07.520+0000] {taskinstance.py:2330} INFO - Executing <Task(PythonOperator): load_final_data> on 2026-03-28 00:00:00+00:00
[2026-03-29T12:06:07.537+0000] {logging_mixin.py:188} WARNING - /home/***/.local/lib/python3.12/site-packages/***/task/task_runner/standard_task_runner.py:61 DeprecationWarning: This process (pid=398) is multi-threaded, use of fork() may lead to deadlocks in the child.
[2026-03-29T12:06:07.538+0000] {standard_task_runner.py:63} INFO - Started process 402 to run task
[2026-03-29T12:06:07.541+0000] {standard_task_runner.py:90} INFO - Running: ['***', 'tasks', 'run', 'user_analytics', 'load_final_data', 'scheduled__2026-03-28T00:00:00+00:00', '--job-id', '25', '--raw', '--subdir', 'DAGS_FOLDER/user_analytics.py', '--cfg-path', '/tmp/tmpa0olujg3']
[2026-03-29T12:06:07.543+0000] {standard_task_runner.py:91} INFO - Job 25: Subtask load_final_data
[2026-03-29T12:06:07.565+0000] {logging_mixin.py:188} WARNING - /home/***/.local/lib/python3.12/site-packages/***/settings.py:195 DeprecationWarning: The sql_alchemy_conn option in [core] has been moved to the sql_alchemy_conn option in [database] - the old setting has been used, but please update your config.
[2026-03-29T12:06:07.627+0000] {task_command.py:426} INFO - Running <TaskInstance: user_analytics.load_final_data scheduled__2026-03-28T00:00:00+00:00 [running]> on host 446454d9da59
[2026-03-29T12:06:07.752+0000] {taskinstance.py:2648} INFO - Exporting env vars: AIRFLOW_CTX_DAG_OWNER='***' AIRFLOW_CTX_DAG_ID='user_analytics' AIRFLOW_CTX_TASK_ID='load_final_data' AIRFLOW_CTX_EXECUTION_DATE='2026-03-28T00:00:00+00:00' AIRFLOW_CTX_TRY_NUMBER='1' AIRFLOW_CTX_DAG_RUN_ID='scheduled__2026-03-28T00:00:00+00:00'
[2026-03-29T12:06:07.754+0000] {taskinstance.py:430} INFO - ::endgroup::
[2026-03-29T12:06:07.794+0000] {logging_mixin.py:188} INFO - Loaded data to /tmp/***_data/final.csv
[2026-03-29T12:06:07.794+0000] {python.py:237} INFO - Done. Returned value was: None
[2026-03-29T12:06:07.795+0000] {taskinstance.py:441} INFO - ::group::Post task execution logs
[2026-03-29T12:06:07.812+0000] {taskinstance.py:1206} INFO - Marking task as SUCCESS. dag_id=user_analytics, task_id=load_final_data, run_id=scheduled__2026-03-28T00:00:00+00:00, execution_date=20260328T000000, start_date=20260329T120607, end_date=20260329T120607
[2026-03-29T12:06:07.837+0000] {local_task_job_runner.py:240} INFO - Task exited with return code 0
[2026-03-29T12:06:07.860+0000] {taskinstance.py:3503} INFO - 1 downstream tasks scheduled from follow-on schedule check
[2026-03-29T12:06:07.862+0000] {local_task_job_runner.py:222} INFO - ::endgroup::
[2026-03-29T12:15:00.088+0000] {local_task_job_runner.py:120} INFO - ::group::Pre task execution logs
[2026-03-29T12:15:00.184+0000] {taskinstance.py:2076} INFO - Dependencies all met for dep_context=non-requeueable deps ti=<TaskInstance: user_analytics.load_final_data scheduled__2026-03-28T00:00:00+00:00 [queued]>
[2026-03-29T12:15:00.194+0000] {taskinstance.py:2076} INFO - Dependencies all met for dep_context=requeueable deps ti=<TaskInstance: user_analytics.load_final_data scheduled__2026-03-28T00:00:00+00:00 [queued]>
[2026-03-29T12:15:00.194+0000] {taskinstance.py:2306} INFO - Starting attempt 1 of 1
[2026-03-29T12:15:00.256+0000] {taskinstance.py:2330} INFO - Executing <Task(PythonOperator): load_final_data> on 2026-03-28 00:00:00+00:00
[2026-03-29T12:15:00.272+0000] {logging_mixin.py:188} WARNING - /home/***/.local/lib/python3.12/site-packages/***/task/task_runner/standard_task_runner.py:61 DeprecationWarning: This process (pid=380) is multi-threaded, use of fork() may lead to deadlocks in the child.
[2026-03-29T12:15:00.276+0000] {standard_task_runner.py:63} INFO - Started process 384 to run task
[2026-03-29T12:15:00.274+0000] {standard_task_runner.py:90} INFO - Running: ['***', 'tasks', 'run', 'user_analytics', 'load_final_data', 'scheduled__2026-03-28T00:00:00+00:00', '--job-id', '23', '--raw', '--subdir', 'DAGS_FOLDER/user_analytics.py', '--cfg-path', '/tmp/tmpinbludxc']
[2026-03-29T12:15:00.280+0000] {standard_task_runner.py:91} INFO - Job 23: Subtask load_final_data
[2026-03-29T12:15:00.322+0000] {logging_mixin.py:188} WARNING - /home/***/.local/lib/python3.12/site-packages/***/settings.py:195 DeprecationWarning: The sql_alchemy_conn option in [core] has been moved to the sql_alchemy_conn option in [database] - the old setting has been used, but please update your config.
[2026-03-29T12:15:00.636+0000] {task_command.py:426} INFO - Running <TaskInstance: user_analytics.load_final_data scheduled__2026-03-28T00:00:00+00:00 [running]> on host 8536c3ac8533
[2026-03-29T12:15:00.973+0000] {taskinstance.py:2648} INFO - Exporting env vars: AIRFLOW_CTX_DAG_OWNER='***' AIRFLOW_CTX_DAG_ID='user_analytics' AIRFLOW_CTX_TASK_ID='load_final_data' AIRFLOW_CTX_EXECUTION_DATE='2026-03-28T00:00:00+00:00' AIRFLOW_CTX_TRY_NUMBER='1' AIRFLOW_CTX_DAG_RUN_ID='scheduled__2026-03-28T00:00:00+00:00'
[2026-03-29T12:15:00.977+0000] {taskinstance.py:430} INFO - ::endgroup::
[2026-03-29T12:15:01.001+0000] {logging_mixin.py:188} INFO - Loaded data to /tmp/***_data/final.csv
[2026-03-29T12:15:01.002+0000] {python.py:237} INFO - Done. Returned value was: None
[2026-03-29T12:15:01.003+0000] {taskinstance.py:441} INFO - ::group::Post task execution logs
[2026-03-29T12:15:01.028+0000] {taskinstance.py:1206} INFO - Marking task as SUCCESS. dag_id=user_analytics, task_id=load_final_data, run_id=scheduled__2026-03-28T00:00:00+00:00, execution_date=20260328T000000, start_date=20260329T121500, end_date=20260329T121501
[2026-03-29T12:15:01.080+0000] {local_task_job_runner.py:240} INFO - Task exited with return code 0
[2026-03-29T12:15:01.122+0000] {taskinstance.py:3503} INFO - 1 downstream tasks scheduled from follow-on schedule check
[2026-03-29T12:15:01.127+0000] {local_task_job_runner.py:222} INFO - ::endgroup::
[2026-03-29T14:17:33.220+0000] {local_task_job_runner.py:120} INFO - ::group::Pre task execution logs
[2026-03-29T14:17:33.372+0000] {taskinstance.py:2076} INFO - Dependencies all met for dep_context=non-requeueable deps ti=<TaskInstance: user_analytics.load_final_data scheduled__2026-03-28T00:00:00+00:00 [queued]>
[2026-03-29T14:17:33.397+0000] {taskinstance.py:2076} INFO - Dependencies all met for dep_context=requeueable deps ti=<TaskInstance: user_analytics.load_final_data scheduled__2026-03-28T00:00:00+00:00 [queued]>
[2026-03-29T14:17:33.401+0000] {taskinstance.py:2306} INFO - Starting attempt 1 of 1
[2026-03-29T14:17:33.466+0000] {taskinstance.py:2330} INFO - Executing <Task(PythonOperator): load_final_data> on 2026-03-28 00:00:00+00:00
[2026-03-29T14:17:33.505+0000] {logging_mixin.py:188} WARNING - /home/***/.local/lib/python3.12/site-packages/***/task/task_runner/standard_task_runner.py:61 DeprecationWarning: This process (pid=289) is multi-threaded, use of fork() may lead to deadlocks in the child.
[2026-03-29T14:17:33.509+0000] {standard_task_runner.py:63} INFO - Started process 294 to run task
[2026-03-29T14:17:33.508+0000] {standard_task_runner.py:90} INFO - Running: ['***', 'tasks', 'run', 'user_analytics', 'load_final_data', 'scheduled__2026-03-28T00:00:00+00:00', '--job-id', '23', '--raw', '--subdir', 'DAGS_FOLDER/user_analytics.py', '--cfg-path', '/tmp/tmpqpto48vs']
[2026-03-29T14:17:33.514+0000] {standard_task_runner.py:91} INFO - Job 23: Subtask load_final_data
[2026-03-29T14:17:33.554+0000] {logging_mixin.py:188} WARNING - /home/***/.local/lib/python3.12/site-packages/***/settings.py:195 DeprecationWarning: The sql_alchemy_conn option in [core] has been moved to the sql_alchemy_conn option in [database] - the old setting has been used, but please update your config.
[2026-03-29T14:17:33.663+0000] {task_command.py:426} INFO - Running <TaskInstance: user_analytics.load_final_data scheduled__2026-03-28T00:00:00+00:00 [running]> on host 78e230e6b695
[2026-03-29T14:17:33.894+0000] {taskinstance.py:2648} INFO - Exporting env vars: AIRFLOW_CTX_DAG_OWNER='***' AIRFLOW_CTX_DAG_ID='user_analytics' AIRFLOW_CTX_TASK_ID='load_final_data' AIRFLOW_CTX_EXECUTION_DATE='2026-03-28T00:00:00+00:00' AIRFLOW_CTX_TRY_NUMBER='1' AIRFLOW_CTX_DAG_RUN_ID='scheduled__2026-03-28T00:00:00+00:00'
[2026-03-29T14:17:33.898+0000] {taskinstance.py:430} INFO - ::endgroup::
[2026-03-29T14:17:33.955+0000] {logging_mixin.py:188} INFO - Loaded data to /tmp/***_data/final.csv
[2026-03-29T14:17:33.958+0000] {python.py:237} INFO - Done. Returned value was: None
[2026-03-29T14:17:33.964+0000] {taskinstance.py:441} INFO - ::group::Post task execution logs
[2026-03-29T14:17:33.996+0000] {taskinstance.py:1206} INFO - Marking task as SUCCESS. dag_id=user_analytics, task_id=load_final_data, run_id=scheduled__2026-03-28T00:00:00+00:00, execution_date=20260328T000000, start_date=20260329T141733, end_date=20260329T141733
[2026-03-29T14:17:34.093+0000] {local_task_job_runner.py:240} INFO - Task exited with return code 0
[2026-03-29T14:17:34.157+0000] {taskinstance.py:3503} INFO - 0 downstream tasks scheduled from follow-on schedule check
[2026-03-29T14:17:34.164+0000] {local_task_job_runner.py:222} INFO - ::endgroup::
[2026-03-29T14:33:11.954+0000] {local_task_job_runner.py:120} INFO - ::group::Pre task execution logs
[2026-03-29T14:33:12.005+0000] {taskinstance.py:2076} INFO - Dependencies all met for dep_context=non-requeueable deps ti=<TaskInstance: user_analytics.load_final_data scheduled__2026-03-28T00:00:00+00:00 [queued]>
[2026-03-29T14:33:12.015+0000] {taskinstance.py:2076} INFO - Dependencies all met for dep_context=requeueable deps ti=<TaskInstance: user_analytics.load_final_data scheduled__2026-03-28T00:00:00+00:00 [queued]>
[2026-03-29T14:33:12.016+0000] {taskinstance.py:2306} INFO - Starting attempt 1 of 1
[2026-03-29T14:33:12.028+0000] {taskinstance.py:2330} INFO - Executing <Task(PythonOperator): load_final_data> on 2026-03-28 00:00:00+00:00
[2026-03-29T14:33:12.047+0000] {logging_mixin.py:188} WARNING - /home/***/.local/lib/python3.12/site-packages/***/task/task_runner/standard_task_runner.py:61 DeprecationWarning: This process (pid=414) is multi-threaded, use of fork() may lead to deadlocks in the child.
[2026-03-29T14:33:12.049+0000] {standard_task_runner.py:63} INFO - Started process 418 to run task
[2026-03-29T14:33:12.045+0000] {standard_task_runner.py:90} INFO - Running: ['***', 'tasks', 'run', 'user_analytics', 'load_final_data', 'scheduled__2026-03-28T00:00:00+00:00', '--job-id', '22', '--raw', '--subdir', 'DAGS_FOLDER/user_analytics.py', '--cfg-path', '/tmp/tmpfzd2yzte']
[2026-03-29T14:33:12.052+0000] {standard_task_runner.py:91} INFO - Job 22: Subtask load_final_data
[2026-03-29T14:33:12.073+0000] {logging_mixin.py:188} WARNING - /home/***/.local/lib/python3.12/site-packages/***/settings.py:195 DeprecationWarning: The sql_alchemy_conn option in [core] has been moved to the sql_alchemy_conn option in [database] - the old setting has been used, but please update your config.
[2026-03-29T14:33:12.193+0000] {task_command.py:426} INFO - Running <TaskInstance: user_analytics.load_final_data scheduled__2026-03-28T00:00:00+00:00 [running]> on host 3942be4b0136
[2026-03-29T14:33:12.328+0000] {taskinstance.py:2648} INFO - Exporting env vars: AIRFLOW_CTX_DAG_OWNER='***' AIRFLOW_CTX_DAG_ID='user_analytics' AIRFLOW_CTX_TASK_ID='load_final_data' AIRFLOW_CTX_EXECUTION_DATE='2026-03-28T00:00:00+00:00' AIRFLOW_CTX_TRY_NUMBER='1' AIRFLOW_CTX_DAG_RUN_ID='scheduled__2026-03-28T00:00:00+00:00'
[2026-03-29T14:33:12.332+0000] {taskinstance.py:430} INFO - ::endgroup::
[2026-03-29T14:33:12.358+0000] {logging_mixin.py:188} INFO - Loaded data to /tmp/***_data/final.csv
[2026-03-29T14:33:12.358+0000] {python.py:237} INFO - Done. Returned value was: None
[2026-03-29T14:33:12.358+0000] {taskinstance.py:441} INFO - ::group::Post task execution logs
[2026-03-29T14:33:12.372+0000] {taskinstance.py:1206} INFO - Marking task as SUCCESS. dag_id=user_analytics, task_id=load_final_data, run_id=scheduled__2026-03-28T00:00:00+00:00, execution_date=20260328T000000, start_date=20260329T143312, end_date=20260329T143312
[2026-03-29T14:33:12.429+0000] {local_task_job_runner.py:240} INFO - Task exited with return code 0
[2026-03-29T14:33:12.449+0000] {taskinstance.py:3503} INFO - 1 downstream tasks scheduled from follow-on schedule check
[2026-03-29T14:33:12.451+0000] {local_task_job_runner.py:222} INFO - ::endgroup::
[2026-03-29T14:45:58.859+0000] {local_task_job_runner.py:120} INFO - ::group::Pre task execution logs
[2026-03-29T14:45:58.903+0000] {taskinstance.py:2076} INFO - Dependencies all met for dep_context=non-requeueable deps ti=<TaskInstance: user_analytics.load_final_data scheduled__2026-03-28T00:00:00+00:00 [queued]>
[2026-03-29T14:45:58.912+0000] {taskinstance.py:2076} INFO - Dependencies all met for dep_context=requeueable deps ti=<TaskInstance: user_analytics.load_final_data scheduled__2026-03-28T00:00:00+00:00 [queued]>
[2026-03-29T14:45:58.913+0000] {taskinstance.py:2306} INFO - Starting attempt 1 of 1
[2026-03-29T14:45:58.927+0000] {taskinstance.py:2330} INFO - Executing <Task(PythonOperator): load_final_data> on 2026-03-28 00:00:00+00:00
[2026-03-29T14:45:58.946+0000] {logging_mixin.py:188} WARNING - /home/***/.local/lib/python3.12/site-packages/***/task/task_runner/standard_task_runner.py:61 DeprecationWarning: This process (pid=365) is multi-threaded, use of fork() may lead to deadlocks in the child.
[2026-03-29T14:45:58.948+0000] {standard_task_runner.py:63} INFO - Started process 368 to run task
[2026-03-29T14:45:58.945+0000] {standard_task_runner.py:90} INFO - Running: ['***', 'tasks', 'run', 'user_analytics', 'load_final_data', 'scheduled__2026-03-28T00:00:00+00:00', '--job-id', '18', '--raw', '--subdir', 'DAGS_FOLDER/user_analytics.py', '--cfg-path', '/tmp/tmpn05dm9dz']
[2026-03-29T14:45:58.951+0000] {standard_task_runner.py:91} INFO - Job 18: Subtask load_final_data
[2026-03-29T14:45:58.988+0000] {logging_mixin.py:188} WARNING - /home/***/.local/lib/python3.12/site-packages/***/settings.py:195 DeprecationWarning: The sql_alchemy_conn option in [core] has been moved to the sql_alchemy_conn option in [database] - the old setting has been used, but please update your config.
[2026-03-29T14:45:59.036+0000] {task_command.py:426} INFO - Running <TaskInstance: user_analytics.load_final_data scheduled__2026-03-28T00:00:00+00:00 [running]> on host cd359a9f83a6
[2026-03-29T14:45:59.171+0000] {taskinstance.py:2648} INFO - Exporting env vars: AIRFLOW_CTX_DAG_OWNER='***' AIRFLOW_CTX_DAG_ID='user_analytics' AIRFLOW_CTX_TASK_ID='load_final_data' AIRFLOW_CTX_EXECUTION_DATE='2026-03-28T00:00:00+00:00' AIRFLOW_CTX_TRY_NUMBER='1' AIRFLOW_CTX_DAG_RUN_ID='scheduled__2026-03-28T00:00:00+00:00'
[2026-03-29T14:45:59.175+0000] {taskinstance.py:430} INFO - ::endgroup::
[2026-03-29T14:45:59.198+0000] {logging_mixin.py:188} INFO - Loaded data to /tmp/***_data/final.csv
[2026-03-29T14:45:59.198+0000] {python.py:237} INFO - Done. Returned value was: None
[2026-03-29T14:45:59.199+0000] {taskinstance.py:441} INFO - ::group::Post task execution logs
[2026-03-29T14:45:59.213+0000] {taskinstance.py:1206} INFO - Marking task as SUCCESS. dag_id=user_analytics, task_id=load_final_data, run_id=scheduled__2026-03-28T00:00:00+00:00, execution_date=20260328T000000, start_date=20260329T144558, end_date=20260329T144559
[2026-03-29T14:45:59.244+0000] {local_task_job_runner.py:240} INFO - Task exited with return code 0
[2026-03-29T14:45:59.273+0000] {taskinstance.py:3503} INFO - 1 downstream tasks scheduled from follow-on schedule check
[2026-03-29T14:45:59.275+0000] {local_task_job_runner.py:222} INFO - ::endgroup::
[2026-03-29T15:07:42.855+0000] {local_task_job_runner.py:120} INFO - ::group::Pre task execution logs
[2026-03-29T15:07:42.901+0000] {taskinstance.py:2076} INFO - Dependencies all met for dep_context=non-requeueable deps ti=<TaskInstance: user_analytics.load_final_data scheduled__2026-03-28T00:00:00+00:00 [queued]>
[2026-03-29T15:07:42.923+0000] {taskinstance.py:2076} INFO - Dependencies all met for dep_context=requeueable deps ti=<TaskInstance: user_analytics.load_final_data scheduled__2026-03-28T00:00:00+00:00 [queued]>
[2026-03-29T15:07:42.925+0000] {taskinstance.py:2306} INFO - Starting attempt 1 of 1
[2026-03-29T15:07:42.989+0000] {taskinstance.py:2330} INFO - Executing <Task(PythonOperator): load_final_data> on 2026-03-28 00:00:00+00:00
[2026-03-29T15:07:43.059+0000] {standard_task_runner.py:90} INFO - Running: ['***', 'tasks', 'run', 'user_analytics', 'load_final_data', 'scheduled__2026-03-28T00:00:00+00:00', '--job-id', '16', '--raw', '--subdir', 'DAGS_FOLDER/user_analytics.py', '--cfg-path', '/tmp/tmpvqs9kg7_']
[2026-03-29T15:07:43.066+0000] {standard_task_runner.py:91} INFO - Job 16: Subtask load_final_data
[2026-03-29T15:07:43.067+0000] {logging_mixin.py:188} WARNING - /home/***/.local/lib/python3.12/site-packages/***/task/task_runner/standard_task_runner.py:61 DeprecationWarning: This process (pid=560) is multi-threaded, use of fork() may lead to deadlocks in the child.
[2026-03-29T15:07:43.068+0000] {standard_task_runner.py:63} INFO - Started process 564 to run task
[2026-03-29T15:07:43.110+0000] {logging_mixin.py:188} WARNING - /home/***/.local/lib/python3.12/site-packages/***/settings.py:195 DeprecationWarning: The sql_alchemy_conn option in [core] has been moved to the sql_alchemy_conn option in [database] - the old setting has been used, but please update your config.
[2026-03-29T15:07:43.199+0000] {task_command.py:426} INFO - Running <TaskInstance: user_analytics.load_final_data scheduled__2026-03-28T00:00:00+00:00 [running]> on host 2d6484d95a15
[2026-03-29T15:07:43.298+0000] {taskinstance.py:2648} INFO - Exporting env vars: AIRFLOW_CTX_DAG_OWNER='***' AIRFLOW_CTX_DAG_ID='user_analytics' AIRFLOW_CTX_TASK_ID='load_final_data' AIRFLOW_CTX_EXECUTION_DATE='2026-03-28T00:00:00+00:00' AIRFLOW_CTX_TRY_NUMBER='1' AIRFLOW_CTX_DAG_RUN_ID='scheduled__2026-03-28T00:00:00+00:00'
[2026-03-29T15:07:43.299+0000] {taskinstance.py:430} INFO - ::endgroup::
[2026-03-29T15:07:43.315+0000] {logging_mixin.py:188} INFO - Loaded data to /tmp/***_data/final.csv
[2026-03-29T15:07:43.315+0000] {python.py:237} INFO - Done. Returned value was: None
[2026-03-29T15:07:43.316+0000] {taskinstance.py:441} INFO - ::group::Post task execution logs
[2026-03-29T15:07:43.324+0000] {taskinstance.py:1206} INFO - Marking task as SUCCESS. dag_id=user_analytics, task_id=load_final_data, run_id=scheduled__2026-03-28T00:00:00+00:00, execution_date=20260328T000000, start_date=20260329T150742, end_date=20260329T150743
[2026-03-29T15:07:43.340+0000] {local_task_job_runner.py:240} INFO - Task exited with return code 0
[2026-03-29T15:07:43.360+0000] {taskinstance.py:3503} INFO - 1 downstream tasks scheduled from follow-on schedule check
[2026-03-29T15:07:43.361+0000] {local_task_job_runner.py:222} INFO - ::endgroup::
[2026-03-29T15:13:20.389+0000] {local_task_job_runner.py:120} INFO - ::group::Pre task execution logs
[2026-03-29T15:13:20.438+0000] {taskinstance.py:2076} INFO - Dependencies all met for dep_context=non-requeueable deps ti=<TaskInstance: user_analytics.load_final_data scheduled__2026-03-28T00:00:00+00:00 [queued]>
[2026-03-29T15:13:20.447+0000] {taskinstance.py:2076} INFO - Dependencies all met for dep_context=requeueable deps ti=<TaskInstance: user_analytics.load_final_data scheduled__2026-03-28T00:00:00+00:00 [queued]>
[2026-03-29T15:13:20.448+0000] {taskinstance.py:2306} INFO - Starting attempt 1 of 1
[2026-03-29T15:13:20.463+0000] {taskinstance.py:2330} INFO - Executing <Task(PythonOperator): load_final_data> on 2026-03-28 00:00:00+00:00
[2026-03-29T15:13:20.479+0000] {logging_mixin.py:188} WARNING - /home/***/.local/lib/python3.12/site-packages/***/task/task_runner/standard_task_runner.py:61 DeprecationWarning: This process (pid=329) is multi-threaded, use of fork() may lead to deadlocks in the child.
[2026-03-29T15:13:20.482+0000] {standard_task_runner.py:63} INFO - Started process 332 to run task
[2026-03-29T15:13:20.478+0000] {standard_task_runner.py:90} INFO - Running: ['***', 'tasks', 'run', 'user_analytics', 'load_final_data', 'scheduled__2026-03-28T00:00:00+00:00', '--job-id', '22', '--raw', '--subdir', 'DAGS_FOLDER/user_analytics.py', '--cfg-path', '/tmp/tmp5szs1o81']
[2026-03-29T15:13:20.485+0000] {standard_task_runner.py:91} INFO - Job 22: Subtask load_final_data
[2026-03-29T15:13:20.504+0000] {logging_mixin.py:188} WARNING - /home/***/.local/lib/python3.12/site-packages/***/settings.py:195 DeprecationWarning: The sql_alchemy_conn option in [core] has been moved to the sql_alchemy_conn option in [database] - the old setting has been used, but please update your config.
[2026-03-29T15:13:20.564+0000] {task_command.py:426} INFO - Running <TaskInstance: user_analytics.load_final_data scheduled__2026-03-28T00:00:00+00:00 [running]> on host 8dbda78c73fd
[2026-03-29T15:13:20.680+0000] {taskinstance.py:2648} INFO - Exporting env vars: AIRFLOW_CTX_DAG_OWNER='***' AIRFLOW_CTX_DAG_ID='user_analytics' AIRFLOW_CTX_TASK_ID='load_final_data' AIRFLOW_CTX_EXECUTION_DATE='2026-03-28T00:00:00+00:00' AIRFLOW_CTX_TRY_NUMBER='1' AIRFLOW_CTX_DAG_RUN_ID='scheduled__2026-03-28T00:00:00+00:00'
[2026-03-29T15:13:20.681+0000] {taskinstance.py:430} INFO - ::endgroup::
[2026-03-29T15:13:20.707+0000] {logging_mixin.py:188} INFO - Loaded data to /tmp/***_data/final.csv
[2026-03-29T15:13:20.707+0000] {python.py:237} INFO - Done. Returned value was: None
[2026-03-29T15:13:20.708+0000] {taskinstance.py:441} INFO - ::group::Post task execution logs
[2026-03-29T15:13:20.730+0000] {taskinstance.py:1206} INFO - Marking task as SUCCESS. dag_id=user_analytics, task_id=load_final_data, run_id=scheduled__2026-03-28T00:00:00+00:00, execution_date=20260328T000000, start_date=20260329T151320, end_date=20260329T151320
[2026-03-29T15:13:20.780+0000] {local_task_job_runner.py:240} INFO - Task exited with return code 0
[2026-03-29T15:13:20.797+0000] {taskinstance.py:3503} INFO - 1 downstream tasks scheduled from follow-on schedule check
[2026-03-29T15:13:20.798+0000] {local_task_job_runner.py:222} INFO - ::endgroup::
[2026-03-29T23:01:11.998+0000] {local_task_job_runner.py:120} INFO - ::group::Pre task execution logs
[2026-03-29T23:01:12.076+0000] {taskinstance.py:2076} INFO - Dependencies all met for dep_context=non-requeueable deps ti=<TaskInstance: user_analytics.load_final_data scheduled__2026-03-28T00:00:00+00:00 [queued]>
[2026-03-29T23:01:12.101+0000] {taskinstance.py:2076} INFO - Dependencies all met for dep_context=requeueable deps ti=<TaskInstance: user_analytics.load_final_data scheduled__2026-03-28T00:00:00+00:00 [queued]>
[2026-03-29T23:01:12.102+0000] {taskinstance.py:2306} INFO - Starting attempt 1 of 1
[2026-03-29T23:01:12.123+0000] {taskinstance.py:2330} INFO - Executing <Task(PythonOperator): load_final_data> on 2026-03-28 00:00:00+00:00
[2026-03-29T23:01:12.137+0000] {logging_mixin.py:188} WARNING - /home/***/.local/lib/python3.12/site-packages/***/task/task_runner/standard_task_runner.py:61 DeprecationWarning: This process (pid=425) is multi-threaded, use of fork() may lead to deadlocks in the child.
[2026-03-29T23:01:12.138+0000] {standard_task_runner.py:63} INFO - Started process 435 to run task
[2026-03-29T23:01:12.139+0000] {standard_task_runner.py:90} INFO - Running: ['***', 'tasks', 'run', 'user_analytics', 'load_final_data', 'scheduled__2026-03-28T00:00:00+00:00', '--job-id', '22', '--raw', '--subdir', 'DAGS_FOLDER/user_analytics.py', '--cfg-path', '/tmp/tmpz79_f1ha']
[2026-03-29T23:01:12.141+0000] {standard_task_runner.py:91} INFO - Job 22: Subtask load_final_data
[2026-03-29T23:01:12.160+0000] {logging_mixin.py:188} WARNING - /home/***/.local/lib/python3.12/site-packages/***/settings.py:195 DeprecationWarning: The sql_alchemy_conn option in [core] has been moved to the sql_alchemy_conn option in [database] - the old setting has been used, but please update your config.
[2026-03-29T23:01:12.220+0000] {task_command.py:426} INFO - Running <TaskInstance: user_analytics.load_final_data scheduled__2026-03-28T00:00:00+00:00 [running]> on host 6b3b88b70881
[2026-03-29T23:01:12.402+0000] {taskinstance.py:2648} INFO - Exporting env vars: AIRFLOW_CTX_DAG_OWNER='***' AIRFLOW_CTX_DAG_ID='user_analytics' AIRFLOW_CTX_TASK_ID='load_final_data' AIRFLOW_CTX_EXECUTION_DATE='2026-03-28T00:00:00+00:00' AIRFLOW_CTX_TRY_NUMBER='1' AIRFLOW_CTX_DAG_RUN_ID='scheduled__2026-03-28T00:00:00+00:00'
[2026-03-29T23:01:12.403+0000] {taskinstance.py:430} INFO - ::endgroup::
[2026-03-29T23:01:12.425+0000] {logging_mixin.py:188} INFO - Loaded data to /tmp/***_data/final.csv
[2026-03-29T23:01:12.426+0000] {python.py:237} INFO - Done. Returned value was: None
[2026-03-29T23:01:12.426+0000] {taskinstance.py:441} INFO - ::group::Post task execution logs
[2026-03-29T23:01:12.438+0000] {taskinstance.py:1206} INFO - Marking task as SUCCESS. dag_id=user_analytics, task_id=load_final_data, run_id=scheduled__2026-03-28T00:00:00+00:00, execution_date=20260328T000000, start_date=20260329T230112, end_date=20260329T230112
[2026-03-29T23:01:12.477+0000] {local_task_job_runner.py:240} INFO - Task exited with return code 0
[2026-03-29T23:01:12.528+0000] {taskinstance.py:3503} INFO - 1 downstream tasks scheduled from follow-on schedule check
[2026-03-29T23:01:12.533+0000] {local_task_job_runner.py:222} INFO - ::endgroup::
[2026-03-29T23:09:39.923+0000] {local_task_job_runner.py:120} INFO - ::group::Pre task execution logs
[2026-03-29T23:09:40.021+0000] {taskinstance.py:2076} INFO - Dependencies all met for dep_context=non-requeueable deps ti=<TaskInstance: user_analytics.load_final_data scheduled__2026-03-28T00:00:00+00:00 [queued]>
[2026-03-29T23:09:40.048+0000] {taskinstance.py:2076} INFO - Dependencies all met for dep_context=requeueable deps ti=<TaskInstance: user_analytics.load_final_data scheduled__2026-03-28T00:00:00+00:00 [queued]>
[2026-03-29T23:09:40.048+0000] {taskinstance.py:2306} INFO - Starting attempt 1 of 1
[2026-03-29T23:09:40.072+0000] {taskinstance.py:2330} INFO - Executing <Task(PythonOperator): load_final_data> on 2026-03-28 00:00:00+00:00
[2026-03-29T23:09:40.097+0000] {logging_mixin.py:188} WARNING - /home/***/.local/lib/python3.12/site-packages/***/task/task_runner/standard_task_runner.py:61 DeprecationWarning: This process (pid=513) is multi-threaded, use of fork() may lead to deadlocks in the child.
[2026-03-29T23:09:40.102+0000] {standard_task_runner.py:63} INFO - Started process 530 to run task
[2026-03-29T23:09:40.102+0000] {standard_task_runner.py:90} INFO - Running: ['***', 'tasks', 'run', 'user_analytics', 'load_final_data', 'scheduled__2026-03-28T00:00:00+00:00', '--job-id', '22', '--raw', '--subdir', 'DAGS_FOLDER/user_analytics.py', '--cfg-path', '/tmp/tmp6uxq1rbf']
[2026-03-29T23:09:40.108+0000] {standard_task_runner.py:91} INFO - Job 22: Subtask load_final_data
[2026-03-29T23:09:40.144+0000] {logging_mixin.py:188} WARNING - /home/***/.local/lib/python3.12/site-packages/***/settings.py:195 DeprecationWarning: The sql_alchemy_conn option in [core] has been moved to the sql_alchemy_conn option in [database] - the old setting has been used, but please update your config.
[2026-03-29T23:09:40.259+0000] {task_command.py:426} INFO - Running <TaskInstance: user_analytics.load_final_data scheduled__2026-03-28T00:00:00+00:00 [running]> on host 90473cbdc518
[2026-03-29T23:09:40.596+0000] {taskinstance.py:2648} INFO - Exporting env vars: AIRFLOW_CTX_DAG_OWNER='***' AIRFLOW_CTX_DAG_ID='user_analytics' AIRFLOW_CTX_TASK_ID='load_final_data' AIRFLOW_CTX_EXECUTION_DATE='2026-03-28T00:00:00+00:00' AIRFLOW_CTX_TRY_NUMBER='1' AIRFLOW_CTX_DAG_RUN_ID='scheduled__2026-03-28T00:00:00+00:00'
[2026-03-29T23:09:40.598+0000] {taskinstance.py:430} INFO - ::endgroup::
[2026-03-29T23:09:40.635+0000] {logging_mixin.py:188} INFO - Loaded data to /tmp/***_data/final.csv
[2026-03-29T23:09:40.635+0000] {python.py:237} INFO - Done. Returned value was: None
[2026-03-29T23:09:40.636+0000] {taskinstance.py:441} INFO - ::group::Post task execution logs
[2026-03-29T23:09:40.654+0000] {taskinstance.py:1206} INFO - Marking task as SUCCESS. dag_id=user_analytics, task_id=load_final_data, run_id=scheduled__2026-03-28T00:00:00+00:00, execution_date=20260328T000000, start_date=20260329T230940, end_date=20260329T230940
[2026-03-29T23:09:40.697+0000] {local_task_job_runner.py:240} INFO - Task exited with return code 0
[2026-03-29T23:09:40.733+0000] {taskinstance.py:3503} INFO - 1 downstream tasks scheduled from follow-on schedule check
[2026-03-29T23:09:40.734+0000] {local_task_job_runner.py:222} INFO - ::endgroup::
[2026-03-29T23:22:50.936+0000] {local_task_job_runner.py:120} INFO - ::group::Pre task execution logs
[2026-03-29T23:22:51.004+0000] {taskinstance.py:2076} INFO - Dependencies all met for dep_context=non-requeueable deps ti=<TaskInstance: user_analytics.load_final_data scheduled__2026-03-28T00:00:00+00:00 [queued]>
[2026-03-29T23:22:51.013+0000] {taskinstance.py:2076} INFO - Dependencies all met for dep_context=requeueable deps ti=<TaskInstance: user_analytics.load_final_data scheduled__2026-03-28T00:00:00+00:00 [queued]>
[2026-03-29T23:22:51.013+0000] {taskinstance.py:2306} INFO - Starting attempt 1 of 1
[2026-03-29T23:22:51.030+0000] {taskinstance.py:2330} INFO - Executing <Task(PythonOperator): load_final_data> on 2026-03-28 00:00:00+00:00
[2026-03-29T23:22:51.055+0000] {logging_mixin.py:188} WARNING - /home/***/.local/lib/python3.12/site-packages/***/task/task_runner/standard_task_runner.py:61 DeprecationWarning: This process (pid=774) is multi-threaded, use of fork() may lead to deadlocks in the child.
[2026-03-29T23:22:51.060+0000] {standard_task_runner.py:63} INFO - Started process 792 to run task
[2026-03-29T23:22:51.057+0000] {standard_task_runner.py:90} INFO - Running: ['***', 'tasks', 'run', 'user_analytics', 'load_final_data', 'scheduled__2026-03-28T00:00:00+00:00', '--job-id', '22', '--raw', '--subdir', 'DAGS_FOLDER/user_analytics.py', '--cfg-path', '/tmp/tmpzc2itjz2']
[2026-03-29T23:22:51.063+0000] {standard_task_runner.py:91} INFO - Job 22: Subtask load_final_data
[2026-03-29T23:22:51.101+0000] {logging_mixin.py:188} WARNING - /home/***/.local/lib/python3.12/site-packages/***/settings.py:195 DeprecationWarning: The sql_alchemy_conn option in [core] has been moved to the sql_alchemy_conn option in [database] - the old setting has been used, but please update your config.
[2026-03-29T23:22:51.190+0000] {task_command.py:426} INFO - Running <TaskInstance: user_analytics.load_final_data scheduled__2026-03-28T00:00:00+00:00 [running]> on host 17cff4ce87d9
[2026-03-29T23:22:51.395+0000] {taskinstance.py:2648} INFO - Exporting env vars: AIRFLOW_CTX_DAG_OWNER='***' AIRFLOW_CTX_DAG_ID='user_analytics' AIRFLOW_CTX_TASK_ID='load_final_data' AIRFLOW_CTX_EXECUTION_DATE='2026-03-28T00:00:00+00:00' AIRFLOW_CTX_TRY_NUMBER='1' AIRFLOW_CTX_DAG_RUN_ID='scheduled__2026-03-28T00:00:00+00:00'
[2026-03-29T23:22:51.398+0000] {taskinstance.py:430} INFO - ::endgroup::
[2026-03-29T23:22:51.436+0000] {logging_mixin.py:188} INFO - Loaded data to /tmp/***_data/final.csv
[2026-03-29T23:22:51.439+0000] {python.py:237} INFO - Done. Returned value was: None
[2026-03-29T23:22:51.440+0000] {taskinstance.py:441} INFO - ::group::Post task execution logs
[2026-03-29T23:22:51.462+0000] {taskinstance.py:1206} INFO - Marking task as SUCCESS. dag_id=user_analytics, task_id=load_final_data, run_id=scheduled__2026-03-28T00:00:00+00:00, execution_date=20260328T000000, start_date=20260329T232251, end_date=20260329T232251
[2026-03-29T23:22:51.518+0000] {local_task_job_runner.py:240} INFO - Task exited with return code 0
[2026-03-29T23:22:51.566+0000] {taskinstance.py:3503} INFO - 1 downstream tasks scheduled from follow-on schedule check
[2026-03-29T23:22:51.568+0000] {local_task_job_runner.py:222} INFO - ::endgroup::
