[2026-03-29T14:17:16.683+0000] {local_task_job_runner.py:120} INFO - ::group::Pre task execution logs
[2026-03-29T14:17:16.851+0000] {taskinstance.py:2076} INFO - Dependencies all met for dep_context=non-requeueable deps ti=<TaskInstance: live_trades_analytics.clean_live_trades manual__2026-03-29T14:16:54.127152+00:00 [queued]>
[2026-03-29T14:17:16.934+0000] {taskinstance.py:2076} INFO - Dependencies all met for dep_context=requeueable deps ti=<TaskInstance: live_trades_analytics.clean_live_trades manual__2026-03-29T14:16:54.127152+00:00 [queued]>
[2026-03-29T14:17:16.935+0000] {taskinstance.py:2306} INFO - Starting attempt 1 of 1
[2026-03-29T14:17:17.037+0000] {taskinstance.py:2330} INFO - Executing <Task(PythonOperator): clean_live_trades> on 2026-03-29 14:16:54.127152+00:00
[2026-03-29T14:17:17.097+0000] {logging_mixin.py:188} WARNING - /home/***/.local/lib/python3.12/site-packages/***/task/task_runner/standard_task_runner.py:61 DeprecationWarning: This process (pid=231) is multi-threaded, use of fork() may lead to deadlocks in the child.
[2026-03-29T14:17:17.101+0000] {standard_task_runner.py:63} INFO - Started process 240 to run task
[2026-03-29T14:17:17.108+0000] {standard_task_runner.py:90} INFO - Running: ['***', 'tasks', 'run', 'live_trades_analytics', 'clean_live_trades', 'manual__2026-03-29T14:16:54.127152+00:00', '--job-id', '11', '--raw', '--subdir', 'DAGS_FOLDER/live_user_analytics.py', '--cfg-path', '/tmp/tmp688at7ww']
[2026-03-29T14:17:17.129+0000] {standard_task_runner.py:91} INFO - Job 11: Subtask clean_live_trades
[2026-03-29T14:17:17.213+0000] {logging_mixin.py:188} WARNING - /home/***/.local/lib/python3.12/site-packages/***/settings.py:195 DeprecationWarning: The sql_alchemy_conn option in [core] has been moved to the sql_alchemy_conn option in [database] - the old setting has been used, but please update your config.
[2026-03-29T14:17:17.401+0000] {task_command.py:426} INFO - Running <TaskInstance: live_trades_analytics.clean_live_trades manual__2026-03-29T14:16:54.127152+00:00 [running]> on host 78e230e6b695
[2026-03-29T14:17:17.716+0000] {taskinstance.py:2648} INFO - Exporting env vars: AIRFLOW_CTX_DAG_OWNER='***' AIRFLOW_CTX_DAG_ID='live_trades_analytics' AIRFLOW_CTX_TASK_ID='clean_live_trades' AIRFLOW_CTX_EXECUTION_DATE='2026-03-29T14:16:54.127152+00:00' AIRFLOW_CTX_TRY_NUMBER='1' AIRFLOW_CTX_DAG_RUN_ID='manual__2026-03-29T14:16:54.127152+00:00'
[2026-03-29T14:17:17.718+0000] {taskinstance.py:430} INFO - ::endgroup::
[2026-03-29T14:17:17.955+0000] {logging_mixin.py:188} INFO - Cleaned data saved to /opt/***/temp/live_transformed.csv, 4 rows kept.
[2026-03-29T14:17:17.955+0000] {python.py:237} INFO - Done. Returned value was: None
[2026-03-29T14:17:17.956+0000] {taskinstance.py:441} INFO - ::group::Post task execution logs
[2026-03-29T14:17:17.977+0000] {taskinstance.py:1206} INFO - Marking task as SUCCESS. dag_id=live_trades_analytics, task_id=clean_live_trades, run_id=manual__2026-03-29T14:16:54.127152+00:00, execution_date=20260329T141654, start_date=20260329T141716, end_date=20260329T141717
[2026-03-29T14:17:18.025+0000] {local_task_job_runner.py:240} INFO - Task exited with return code 0
[2026-03-29T14:17:18.059+0000] {taskinstance.py:3503} INFO - 1 downstream tasks scheduled from follow-on schedule check
[2026-03-29T14:17:18.062+0000] {local_task_job_runner.py:222} INFO - ::endgroup::
