[2026-03-29T23:09:26.077+0000] {local_task_job_runner.py:120} INFO - ::group::Pre task execution logs
[2026-03-29T23:09:26.156+0000] {taskinstance.py:2076} INFO - Dependencies all met for dep_context=non-requeueable deps ti=<TaskInstance: static_trades_analytics.merge_static_trades manual__2026-03-29T23:08:55.959555+00:00 [queued]>
[2026-03-29T23:09:26.178+0000] {taskinstance.py:2076} INFO - Dependencies all met for dep_context=requeueable deps ti=<TaskInstance: static_trades_analytics.merge_static_trades manual__2026-03-29T23:08:55.959555+00:00 [queued]>
[2026-03-29T23:09:26.180+0000] {taskinstance.py:2306} INFO - Starting attempt 1 of 1
[2026-03-29T23:09:26.215+0000] {taskinstance.py:2330} INFO - Executing <Task(PythonOperator): merge_static_trades> on 2026-03-29 23:08:55.959555+00:00
[2026-03-29T23:09:26.250+0000] {logging_mixin.py:188} WARNING - /home/***/.local/lib/python3.12/site-packages/***/task/task_runner/standard_task_runner.py:61 DeprecationWarning: This process (pid=461) is multi-threaded, use of fork() may lead to deadlocks in the child.
[2026-03-29T23:09:26.258+0000] {standard_task_runner.py:63} INFO - Started process 475 to run task
[2026-03-29T23:09:26.242+0000] {standard_task_runner.py:90} INFO - Running: ['***', 'tasks', 'run', 'static_trades_analytics', 'merge_static_trades', 'manual__2026-03-29T23:08:55.959555+00:00', '--job-id', '14', '--raw', '--subdir', 'DAGS_FOLDER/static_user_analytics.py', '--cfg-path', '/tmp/tmph4iixwn1']
[2026-03-29T23:09:26.260+0000] {standard_task_runner.py:91} INFO - Job 14: Subtask merge_static_trades
[2026-03-29T23:09:26.309+0000] {logging_mixin.py:188} WARNING - /home/***/.local/lib/python3.12/site-packages/***/settings.py:195 DeprecationWarning: The sql_alchemy_conn option in [core] has been moved to the sql_alchemy_conn option in [database] - the old setting has been used, but please update your config.
[2026-03-29T23:09:26.421+0000] {task_command.py:426} INFO - Running <TaskInstance: static_trades_analytics.merge_static_trades manual__2026-03-29T23:08:55.959555+00:00 [running]> on host 90473cbdc518
[2026-03-29T23:09:26.741+0000] {taskinstance.py:2648} INFO - Exporting env vars: AIRFLOW_CTX_DAG_OWNER='***' AIRFLOW_CTX_DAG_ID='static_trades_analytics' AIRFLOW_CTX_TASK_ID='merge_static_trades' AIRFLOW_CTX_EXECUTION_DATE='2026-03-29T23:08:55.959555+00:00' AIRFLOW_CTX_TRY_NUMBER='1' AIRFLOW_CTX_DAG_RUN_ID='manual__2026-03-29T23:08:55.959555+00:00'
[2026-03-29T23:09:26.743+0000] {taskinstance.py:430} INFO - ::endgroup::
[2026-03-29T23:09:26.771+0000] {logging_mixin.py:188} INFO - Merged 4 trades. Total records now: 4
[2026-03-29T23:09:26.775+0000] {python.py:237} INFO - Done. Returned value was: None
[2026-03-29T23:09:26.779+0000] {taskinstance.py:441} INFO - ::group::Post task execution logs
[2026-03-29T23:09:26.811+0000] {taskinstance.py:1206} INFO - Marking task as SUCCESS. dag_id=static_trades_analytics, task_id=merge_static_trades, run_id=manual__2026-03-29T23:08:55.959555+00:00, execution_date=20260329T230855, start_date=20260329T230926, end_date=20260329T230926
[2026-03-29T23:09:26.844+0000] {local_task_job_runner.py:240} INFO - Task exited with return code 0
[2026-03-29T23:09:26.904+0000] {taskinstance.py:3503} INFO - 1 downstream tasks scheduled from follow-on schedule check
[2026-03-29T23:09:26.908+0000] {local_task_job_runner.py:222} INFO - ::endgroup::
