[2026-03-29T23:01:02.130+0000] {local_task_job_runner.py:120} INFO - ::group::Pre task execution logs
[2026-03-29T23:01:02.314+0000] {taskinstance.py:2076} INFO - Dependencies all met for dep_context=non-requeueable deps ti=<TaskInstance: static_trades_analytics.load_static_data manual__2026-03-29T23:00:28.890696+00:00 [queued]>
[2026-03-29T23:01:02.346+0000] {taskinstance.py:2076} INFO - Dependencies all met for dep_context=requeueable deps ti=<TaskInstance: static_trades_analytics.load_static_data manual__2026-03-29T23:00:28.890696+00:00 [queued]>
[2026-03-29T23:01:02.349+0000] {taskinstance.py:2306} INFO - Starting attempt 1 of 1
[2026-03-29T23:01:02.387+0000] {taskinstance.py:2330} INFO - Executing <Task(PythonOperator): load_static_data> on 2026-03-29 23:00:28.890696+00:00
[2026-03-29T23:01:02.422+0000] {logging_mixin.py:188} WARNING - /home/***/.local/lib/python3.12/site-packages/***/task/task_runner/standard_task_runner.py:61 DeprecationWarning: This process (pid=383) is multi-threaded, use of fork() may lead to deadlocks in the child.
[2026-03-29T23:01:02.426+0000] {standard_task_runner.py:63} INFO - Started process 402 to run task
[2026-03-29T23:01:02.421+0000] {standard_task_runner.py:90} INFO - Running: ['***', 'tasks', 'run', 'static_trades_analytics', 'load_static_data', 'manual__2026-03-29T23:00:28.890696+00:00', '--job-id', '17', '--raw', '--subdir', 'DAGS_FOLDER/static_user_analytics.py', '--cfg-path', '/tmp/tmpztoi0gby']
[2026-03-29T23:01:02.431+0000] {standard_task_runner.py:91} INFO - Job 17: Subtask load_static_data
[2026-03-29T23:01:02.475+0000] {logging_mixin.py:188} WARNING - /home/***/.local/lib/python3.12/site-packages/***/settings.py:195 DeprecationWarning: The sql_alchemy_conn option in [core] has been moved to the sql_alchemy_conn option in [database] - the old setting has been used, but please update your config.
[2026-03-29T23:01:02.627+0000] {task_command.py:426} INFO - Running <TaskInstance: static_trades_analytics.load_static_data manual__2026-03-29T23:00:28.890696+00:00 [running]> on host 6b3b88b70881
[2026-03-29T23:01:02.853+0000] {taskinstance.py:2648} INFO - Exporting env vars: AIRFLOW_CTX_DAG_OWNER='***' AIRFLOW_CTX_DAG_ID='static_trades_analytics' AIRFLOW_CTX_TASK_ID='load_static_data' AIRFLOW_CTX_EXECUTION_DATE='2026-03-29T23:00:28.890696+00:00' AIRFLOW_CTX_TRY_NUMBER='1' AIRFLOW_CTX_DAG_RUN_ID='manual__2026-03-29T23:00:28.890696+00:00'
[2026-03-29T23:01:02.854+0000] {taskinstance.py:430} INFO - ::endgroup::
[2026-03-29T23:01:02.919+0000] {logging_mixin.py:188} INFO - Loaded data to /opt/***/temp/static_final.csv
[2026-03-29T23:01:02.921+0000] {python.py:237} INFO - Done. Returned value was: None
[2026-03-29T23:01:02.922+0000] {taskinstance.py:441} INFO - ::group::Post task execution logs
[2026-03-29T23:01:02.946+0000] {taskinstance.py:1206} INFO - Marking task as SUCCESS. dag_id=static_trades_analytics, task_id=load_static_data, run_id=manual__2026-03-29T23:00:28.890696+00:00, execution_date=20260329T230028, start_date=20260329T230102, end_date=20260329T230102
[2026-03-29T23:01:03.010+0000] {local_task_job_runner.py:240} INFO - Task exited with return code 0
[2026-03-29T23:01:03.061+0000] {taskinstance.py:3503} INFO - 0 downstream tasks scheduled from follow-on schedule check
[2026-03-29T23:01:03.086+0000] {local_task_job_runner.py:222} INFO - ::endgroup::
