[2026-03-29T13:42:43.047+0000] {local_task_job_runner.py:120} INFO - ::group::Pre task execution logs
[2026-03-29T13:42:43.092+0000] {taskinstance.py:2076} INFO - Dependencies all met for dep_context=non-requeueable deps ti=<TaskInstance: user_analytics.clean_trade_data manual__2026-03-29T13:42:11.151573+00:00 [queued]>
[2026-03-29T13:42:43.101+0000] {taskinstance.py:2076} INFO - Dependencies all met for dep_context=requeueable deps ti=<TaskInstance: user_analytics.clean_trade_data manual__2026-03-29T13:42:11.151573+00:00 [queued]>
[2026-03-29T13:42:43.102+0000] {taskinstance.py:2306} INFO - Starting attempt 1 of 1
[2026-03-29T13:42:43.117+0000] {taskinstance.py:2330} INFO - Executing <Task(PythonOperator): clean_trade_data> on 2026-03-29 13:42:11.151573+00:00
[2026-03-29T13:42:43.137+0000] {logging_mixin.py:188} WARNING - /home/***/.local/lib/python3.12/site-packages/***/task/task_runner/standard_task_runner.py:61 DeprecationWarning: This process (pid=479) is multi-threaded, use of fork() may lead to deadlocks in the child.
[2026-03-29T13:42:43.151+0000] {standard_task_runner.py:63} INFO - Started process 484 to run task
[2026-03-29T13:42:43.157+0000] {standard_task_runner.py:90} INFO - Running: ['***', 'tasks', 'run', 'user_analytics', 'clean_trade_data', 'manual__2026-03-29T13:42:11.151573+00:00', '--job-id', '18', '--raw', '--subdir', 'DAGS_FOLDER/user_analytics.py', '--cfg-path', '/tmp/tmpybuas777']
[2026-03-29T13:42:43.161+0000] {standard_task_runner.py:91} INFO - Job 18: Subtask clean_trade_data
[2026-03-29T13:42:43.187+0000] {logging_mixin.py:188} WARNING - /home/***/.local/lib/python3.12/site-packages/***/settings.py:195 DeprecationWarning: The sql_alchemy_conn option in [core] has been moved to the sql_alchemy_conn option in [database] - the old setting has been used, but please update your config.
[2026-03-29T13:42:43.247+0000] {task_command.py:426} INFO - Running <TaskInstance: user_analytics.clean_trade_data manual__2026-03-29T13:42:11.151573+00:00 [running]> on host 81ff4a14db57
[2026-03-29T13:42:43.401+0000] {taskinstance.py:2648} INFO - Exporting env vars: AIRFLOW_CTX_DAG_OWNER='***' AIRFLOW_CTX_DAG_ID='user_analytics' AIRFLOW_CTX_TASK_ID='clean_trade_data' AIRFLOW_CTX_EXECUTION_DATE='2026-03-29T13:42:11.151573+00:00' AIRFLOW_CTX_TRY_NUMBER='1' AIRFLOW_CTX_DAG_RUN_ID='manual__2026-03-29T13:42:11.151573+00:00'
[2026-03-29T13:42:43.403+0000] {taskinstance.py:430} INFO - ::endgroup::
[2026-03-29T13:42:43.459+0000] {logging_mixin.py:188} INFO - Cleaned data saved to /opt/***/temp/transformed.csv, 10 rows kept.
[2026-03-29T13:42:43.460+0000] {python.py:237} INFO - Done. Returned value was: None
[2026-03-29T13:42:43.461+0000] {taskinstance.py:441} INFO - ::group::Post task execution logs
[2026-03-29T13:42:43.474+0000] {taskinstance.py:1206} INFO - Marking task as SUCCESS. dag_id=user_analytics, task_id=clean_trade_data, run_id=manual__2026-03-29T13:42:11.151573+00:00, execution_date=20260329T134211, start_date=20260329T134243, end_date=20260329T134243
[2026-03-29T13:42:43.531+0000] {local_task_job_runner.py:240} INFO - Task exited with return code 0
[2026-03-29T13:42:43.564+0000] {taskinstance.py:3503} INFO - 1 downstream tasks scheduled from follow-on schedule check
[2026-03-29T13:42:43.566+0000] {local_task_job_runner.py:222} INFO - ::endgroup::
