[2026-03-29T14:17:29.206+0000] {local_task_job_runner.py:120} INFO - ::group::Pre task execution logs
[2026-03-29T14:17:29.276+0000] {taskinstance.py:2076} INFO - Dependencies all met for dep_context=non-requeueable deps ti=<TaskInstance: user_analytics.merge_datasets manual__2026-03-29T14:16:55.456846+00:00 [queued]>
[2026-03-29T14:17:29.288+0000] {taskinstance.py:2076} INFO - Dependencies all met for dep_context=requeueable deps ti=<TaskInstance: user_analytics.merge_datasets manual__2026-03-29T14:16:55.456846+00:00 [queued]>
[2026-03-29T14:17:29.288+0000] {taskinstance.py:2306} INFO - Starting attempt 1 of 1
[2026-03-29T14:17:29.304+0000] {taskinstance.py:2330} INFO - Executing <Task(PythonOperator): merge_datasets> on 2026-03-29 14:16:55.456846+00:00
[2026-03-29T14:17:29.319+0000] {logging_mixin.py:188} WARNING - /home/***/.local/lib/python3.12/site-packages/***/task/task_runner/standard_task_runner.py:61 DeprecationWarning: This process (pid=281) is multi-threaded, use of fork() may lead to deadlocks in the child.
[2026-03-29T14:17:29.322+0000] {standard_task_runner.py:63} INFO - Started process 285 to run task
[2026-03-29T14:17:29.320+0000] {standard_task_runner.py:90} INFO - Running: ['***', 'tasks', 'run', 'user_analytics', 'merge_datasets', 'manual__2026-03-29T14:16:55.456846+00:00', '--job-id', '20', '--raw', '--subdir', 'DAGS_FOLDER/user_analytics.py', '--cfg-path', '/tmp/tmpow1nzokn']
[2026-03-29T14:17:29.325+0000] {standard_task_runner.py:91} INFO - Job 20: Subtask merge_datasets
[2026-03-29T14:17:29.377+0000] {logging_mixin.py:188} WARNING - /home/***/.local/lib/python3.12/site-packages/***/settings.py:195 DeprecationWarning: The sql_alchemy_conn option in [core] has been moved to the sql_alchemy_conn option in [database] - the old setting has been used, but please update your config.
[2026-03-29T14:17:29.535+0000] {task_command.py:426} INFO - Running <TaskInstance: user_analytics.merge_datasets manual__2026-03-29T14:16:55.456846+00:00 [running]> on host 78e230e6b695
[2026-03-29T14:17:29.739+0000] {taskinstance.py:2648} INFO - Exporting env vars: AIRFLOW_CTX_DAG_OWNER='***' AIRFLOW_CTX_DAG_ID='user_analytics' AIRFLOW_CTX_TASK_ID='merge_datasets' AIRFLOW_CTX_EXECUTION_DATE='2026-03-29T14:16:55.456846+00:00' AIRFLOW_CTX_TRY_NUMBER='1' AIRFLOW_CTX_DAG_RUN_ID='manual__2026-03-29T14:16:55.456846+00:00'
[2026-03-29T14:17:29.745+0000] {taskinstance.py:430} INFO - ::endgroup::
[2026-03-29T14:17:29.798+0000] {logging_mixin.py:188} INFO - Merged 10 trades. Total records now: 10
[2026-03-29T14:17:29.799+0000] {python.py:237} INFO - Done. Returned value was: None
[2026-03-29T14:17:29.799+0000] {taskinstance.py:441} INFO - ::group::Post task execution logs
[2026-03-29T14:17:29.814+0000] {taskinstance.py:1206} INFO - Marking task as SUCCESS. dag_id=user_analytics, task_id=merge_datasets, run_id=manual__2026-03-29T14:16:55.456846+00:00, execution_date=20260329T141655, start_date=20260329T141729, end_date=20260329T141729
[2026-03-29T14:17:29.867+0000] {local_task_job_runner.py:240} INFO - Task exited with return code 0
[2026-03-29T14:17:29.931+0000] {taskinstance.py:3503} INFO - 1 downstream tasks scheduled from follow-on schedule check
[2026-03-29T14:17:29.942+0000] {local_task_job_runner.py:222} INFO - ::endgroup::
