[2026-03-29T14:45:57.794+0000] {local_task_job_runner.py:120} INFO - ::group::Pre task execution logs
[2026-03-29T14:45:57.881+0000] {taskinstance.py:2076} INFO - Dependencies all met for dep_context=non-requeueable deps ti=<TaskInstance: user_analytics.merge_datasets manual__2026-03-29T14:45:25.362898+00:00 [queued]>
[2026-03-29T14:45:57.893+0000] {taskinstance.py:2076} INFO - Dependencies all met for dep_context=requeueable deps ti=<TaskInstance: user_analytics.merge_datasets manual__2026-03-29T14:45:25.362898+00:00 [queued]>
[2026-03-29T14:45:57.893+0000] {taskinstance.py:2306} INFO - Starting attempt 1 of 1
[2026-03-29T14:45:57.910+0000] {taskinstance.py:2330} INFO - Executing <Task(PythonOperator): merge_datasets> on 2026-03-29 14:45:25.362898+00:00
[2026-03-29T14:45:57.950+0000] {logging_mixin.py:188} WARNING - /home/***/.local/lib/python3.12/site-packages/***/task/task_runner/standard_task_runner.py:61 DeprecationWarning: This process (pid=359) is multi-threaded, use of fork() may lead to deadlocks in the child.
[2026-03-29T14:45:57.956+0000] {standard_task_runner.py:63} INFO - Started process 364 to run task
[2026-03-29T14:45:57.948+0000] {standard_task_runner.py:90} INFO - Running: ['***', 'tasks', 'run', 'user_analytics', 'merge_datasets', 'manual__2026-03-29T14:45:25.362898+00:00', '--job-id', '17', '--raw', '--subdir', 'DAGS_FOLDER/user_analytics.py', '--cfg-path', '/tmp/tmp94tvjlyz']
[2026-03-29T14:45:57.958+0000] {standard_task_runner.py:91} INFO - Job 17: Subtask merge_datasets
[2026-03-29T14:45:57.997+0000] {logging_mixin.py:188} WARNING - /home/***/.local/lib/python3.12/site-packages/***/settings.py:195 DeprecationWarning: The sql_alchemy_conn option in [core] has been moved to the sql_alchemy_conn option in [database] - the old setting has been used, but please update your config.
[2026-03-29T14:45:58.062+0000] {task_command.py:426} INFO - Running <TaskInstance: user_analytics.merge_datasets manual__2026-03-29T14:45:25.362898+00:00 [running]> on host cd359a9f83a6
[2026-03-29T14:45:58.197+0000] {taskinstance.py:2648} INFO - Exporting env vars: AIRFLOW_CTX_DAG_OWNER='***' AIRFLOW_CTX_DAG_ID='user_analytics' AIRFLOW_CTX_TASK_ID='merge_datasets' AIRFLOW_CTX_EXECUTION_DATE='2026-03-29T14:45:25.362898+00:00' AIRFLOW_CTX_TRY_NUMBER='1' AIRFLOW_CTX_DAG_RUN_ID='manual__2026-03-29T14:45:25.362898+00:00'
[2026-03-29T14:45:58.199+0000] {taskinstance.py:430} INFO - ::endgroup::
[2026-03-29T14:45:58.215+0000] {logging_mixin.py:188} INFO - Merged 10 trades. Total records now: 10
[2026-03-29T14:45:58.216+0000] {python.py:237} INFO - Done. Returned value was: None
[2026-03-29T14:45:58.216+0000] {taskinstance.py:441} INFO - ::group::Post task execution logs
[2026-03-29T14:45:58.236+0000] {taskinstance.py:1206} INFO - Marking task as SUCCESS. dag_id=user_analytics, task_id=merge_datasets, run_id=manual__2026-03-29T14:45:25.362898+00:00, execution_date=20260329T144525, start_date=20260329T144557, end_date=20260329T144558
[2026-03-29T14:45:58.262+0000] {local_task_job_runner.py:240} INFO - Task exited with return code 0
[2026-03-29T14:45:58.293+0000] {taskinstance.py:3503} INFO - 1 downstream tasks scheduled from follow-on schedule check
[2026-03-29T14:45:58.297+0000] {local_task_job_runner.py:222} INFO - ::endgroup::
