[2026-03-29T14:11:44.436+0000] {local_task_job_runner.py:120} INFO - ::group::Pre task execution logs
[2026-03-29T14:11:44.503+0000] {taskinstance.py:2076} INFO - Dependencies all met for dep_context=non-requeueable deps ti=<TaskInstance: user_analytics.merge_datasets manual__2026-03-29T14:10:59.048842+00:00 [queued]>
[2026-03-29T14:11:44.515+0000] {taskinstance.py:2076} INFO - Dependencies all met for dep_context=requeueable deps ti=<TaskInstance: user_analytics.merge_datasets manual__2026-03-29T14:10:59.048842+00:00 [queued]>
[2026-03-29T14:11:44.515+0000] {taskinstance.py:2306} INFO - Starting attempt 1 of 1
[2026-03-29T14:11:44.537+0000] {taskinstance.py:2330} INFO - Executing <Task(PythonOperator): merge_datasets> on 2026-03-29 14:10:59.048842+00:00
[2026-03-29T14:11:44.562+0000] {logging_mixin.py:188} WARNING - /home/***/.local/lib/python3.12/site-packages/***/task/task_runner/standard_task_runner.py:61 DeprecationWarning: This process (pid=408) is multi-threaded, use of fork() may lead to deadlocks in the child.
[2026-03-29T14:11:44.566+0000] {standard_task_runner.py:63} INFO - Started process 413 to run task
[2026-03-29T14:11:44.563+0000] {standard_task_runner.py:90} INFO - Running: ['***', 'tasks', 'run', 'user_analytics', 'merge_datasets', 'manual__2026-03-29T14:10:59.048842+00:00', '--job-id', '20', '--raw', '--subdir', 'DAGS_FOLDER/user_analytics.py', '--cfg-path', '/tmp/tmprdlfasya']
[2026-03-29T14:11:44.570+0000] {standard_task_runner.py:91} INFO - Job 20: Subtask merge_datasets
[2026-03-29T14:11:44.599+0000] {logging_mixin.py:188} WARNING - /home/***/.local/lib/python3.12/site-packages/***/settings.py:195 DeprecationWarning: The sql_alchemy_conn option in [core] has been moved to the sql_alchemy_conn option in [database] - the old setting has been used, but please update your config.
[2026-03-29T14:11:44.671+0000] {task_command.py:426} INFO - Running <TaskInstance: user_analytics.merge_datasets manual__2026-03-29T14:10:59.048842+00:00 [running]> on host 310a149ce3a7
[2026-03-29T14:11:44.900+0000] {taskinstance.py:2648} INFO - Exporting env vars: AIRFLOW_CTX_DAG_OWNER='***' AIRFLOW_CTX_DAG_ID='user_analytics' AIRFLOW_CTX_TASK_ID='merge_datasets' AIRFLOW_CTX_EXECUTION_DATE='2026-03-29T14:10:59.048842+00:00' AIRFLOW_CTX_TRY_NUMBER='1' AIRFLOW_CTX_DAG_RUN_ID='manual__2026-03-29T14:10:59.048842+00:00'
[2026-03-29T14:11:44.902+0000] {taskinstance.py:430} INFO - ::endgroup::
[2026-03-29T14:11:44.933+0000] {taskinstance.py:441} INFO - ::group::Post task execution logs
[2026-03-29T14:11:44.935+0000] {taskinstance.py:2905} ERROR - Task failed with exception
Traceback (most recent call last):
  File "/home/airflow/.local/lib/python3.12/site-packages/airflow/models/taskinstance.py", line 465, in _execute_task
    result = _execute_callable(context=context, **execute_callable_kwargs)
             ^^^^^^^^^^^^^^^^^^^^^^^^^^^^^^^^^^^^^^^^^^^^^^^^^^^^^^^^^^^^^
  File "/home/airflow/.local/lib/python3.12/site-packages/airflow/models/taskinstance.py", line 432, in _execute_callable
    return execute_callable(context=context, **execute_callable_kwargs)
           ^^^^^^^^^^^^^^^^^^^^^^^^^^^^^^^^^^^^^^^^^^^^^^^^^^^^^^^^^^^^
  File "/home/airflow/.local/lib/python3.12/site-packages/airflow/models/baseoperator.py", line 401, in wrapper
    return func(self, *args, **kwargs)
           ^^^^^^^^^^^^^^^^^^^^^^^^^^^
  File "/home/airflow/.local/lib/python3.12/site-packages/airflow/operators/python.py", line 235, in execute
    return_value = self.execute_callable()
                   ^^^^^^^^^^^^^^^^^^^^^^^
  File "/home/airflow/.local/lib/python3.12/site-packages/airflow/operators/python.py", line 252, in execute_callable
    return self.python_callable(*self.op_args, **self.op_kwargs)
           ^^^^^^^^^^^^^^^^^^^^^^^^^^^^^^^^^^^^^^^^^^^^^^^^^^^^^
  File "/opt/airflow/dags/user_analytics.py", line 30, in merge_datasets
    market_state = pd.DataFrame()
                   ^^
NameError: name 'pd' is not defined
[2026-03-29T14:11:45.040+0000] {taskinstance.py:1206} INFO - Marking task as FAILED. dag_id=user_analytics, task_id=merge_datasets, run_id=manual__2026-03-29T14:10:59.048842+00:00, execution_date=20260329T141059, start_date=20260329T141144, end_date=20260329T141145
[2026-03-29T14:11:45.150+0000] {standard_task_runner.py:110} ERROR - Failed to execute job 20 for task merge_datasets (name 'pd' is not defined; 413)
[2026-03-29T14:11:45.212+0000] {local_task_job_runner.py:240} INFO - Task exited with return code 1
[2026-03-29T14:11:45.296+0000] {taskinstance.py:3503} INFO - 0 downstream tasks scheduled from follow-on schedule check
[2026-03-29T14:11:45.310+0000] {local_task_job_runner.py:222} INFO - ::endgroup::
