[2026-03-29T12:05:51.619+0000] {local_task_job_runner.py:120} INFO - ::group::Pre task execution logs
[2026-03-29T12:05:51.816+0000] {taskinstance.py:2076} INFO - Dependencies all met for dep_context=non-requeueable deps ti=<TaskInstance: live_trades_analytics.merge_live_trades manual__2026-03-29T12:05:25.838226+00:00 [queued]>
[2026-03-29T12:05:51.866+0000] {taskinstance.py:2076} INFO - Dependencies all met for dep_context=requeueable deps ti=<TaskInstance: live_trades_analytics.merge_live_trades manual__2026-03-29T12:05:25.838226+00:00 [queued]>
[2026-03-29T12:05:51.868+0000] {taskinstance.py:2306} INFO - Starting attempt 1 of 1
[2026-03-29T12:05:51.928+0000] {taskinstance.py:2330} INFO - Executing <Task(PythonOperator): merge_live_trades> on 2026-03-29 12:05:25.838226+00:00
[2026-03-29T12:05:51.961+0000] {logging_mixin.py:188} WARNING - /home/***/.local/lib/python3.12/site-packages/***/task/task_runner/standard_task_runner.py:61 DeprecationWarning: This process (pid=347) is multi-threaded, use of fork() may lead to deadlocks in the child.
[2026-03-29T12:05:51.962+0000] {standard_task_runner.py:63} INFO - Started process 361 to run task
[2026-03-29T12:05:51.963+0000] {standard_task_runner.py:90} INFO - Running: ['***', 'tasks', 'run', 'live_trades_analytics', 'merge_live_trades', 'manual__2026-03-29T12:05:25.838226+00:00', '--job-id', '15', '--raw', '--subdir', 'DAGS_FOLDER/live_user_analytics.py', '--cfg-path', '/tmp/tmpfrspu8d0']
[2026-03-29T12:05:51.966+0000] {standard_task_runner.py:91} INFO - Job 15: Subtask merge_live_trades
[2026-03-29T12:05:52.012+0000] {logging_mixin.py:188} WARNING - /home/***/.local/lib/python3.12/site-packages/***/settings.py:195 DeprecationWarning: The sql_alchemy_conn option in [core] has been moved to the sql_alchemy_conn option in [database] - the old setting has been used, but please update your config.
[2026-03-29T12:05:52.115+0000] {task_command.py:426} INFO - Running <TaskInstance: live_trades_analytics.merge_live_trades manual__2026-03-29T12:05:25.838226+00:00 [running]> on host 446454d9da59
[2026-03-29T12:05:52.395+0000] {taskinstance.py:2648} INFO - Exporting env vars: AIRFLOW_CTX_DAG_OWNER='***' AIRFLOW_CTX_DAG_ID='live_trades_analytics' AIRFLOW_CTX_TASK_ID='merge_live_trades' AIRFLOW_CTX_EXECUTION_DATE='2026-03-29T12:05:25.838226+00:00' AIRFLOW_CTX_TRY_NUMBER='1' AIRFLOW_CTX_DAG_RUN_ID='manual__2026-03-29T12:05:25.838226+00:00'
[2026-03-29T12:05:52.414+0000] {taskinstance.py:430} INFO - ::endgroup::
[2026-03-29T12:05:52.617+0000] {logging_mixin.py:188} WARNING - /app/kafka_tutorial/consumer.py:80 FutureWarning: The behavior of DataFrame concatenation with empty or all-NA entries is deprecated. In a future version, this will no longer exclude empty or all-NA columns when determining the result dtypes. To retain the old behavior, exclude the relevant entries before the concat operation.
[2026-03-29T12:05:52.683+0000] {logging_mixin.py:188} INFO - Merged 4 trades. Market state now has 4 records.
[2026-03-29T12:05:52.684+0000] {python.py:237} INFO - Done. Returned value was: None
[2026-03-29T12:05:52.685+0000] {taskinstance.py:441} INFO - ::group::Post task execution logs
[2026-03-29T12:05:52.707+0000] {taskinstance.py:1206} INFO - Marking task as SUCCESS. dag_id=live_trades_analytics, task_id=merge_live_trades, run_id=manual__2026-03-29T12:05:25.838226+00:00, execution_date=20260329T120525, start_date=20260329T120551, end_date=20260329T120552
[2026-03-29T12:05:52.796+0000] {local_task_job_runner.py:240} INFO - Task exited with return code 0
[2026-03-29T12:05:52.882+0000] {taskinstance.py:3503} INFO - 1 downstream tasks scheduled from follow-on schedule check
[2026-03-29T12:05:52.888+0000] {local_task_job_runner.py:222} INFO - ::endgroup::
