[2026-03-29T13:59:09.389+0000] {local_task_job_runner.py:120} INFO - ::group::Pre task execution logs
[2026-03-29T13:59:09.426+0000] {taskinstance.py:2076} INFO - Dependencies all met for dep_context=non-requeueable deps ti=<TaskInstance: user_analytics.merge_datasets manual__2026-03-29T13:58:35.508219+00:00 [queued]>
[2026-03-29T13:59:09.435+0000] {taskinstance.py:2076} INFO - Dependencies all met for dep_context=requeueable deps ti=<TaskInstance: user_analytics.merge_datasets manual__2026-03-29T13:58:35.508219+00:00 [queued]>
[2026-03-29T13:59:09.435+0000] {taskinstance.py:2306} INFO - Starting attempt 1 of 1
[2026-03-29T13:59:09.449+0000] {taskinstance.py:2330} INFO - Executing <Task(PythonOperator): merge_datasets> on 2026-03-29 13:58:35.508219+00:00
[2026-03-29T13:59:09.459+0000] {logging_mixin.py:188} WARNING - /home/***/.local/lib/python3.12/site-packages/***/task/task_runner/standard_task_runner.py:61 DeprecationWarning: This process (pid=368) is multi-threaded, use of fork() may lead to deadlocks in the child.
[2026-03-29T13:59:09.460+0000] {standard_task_runner.py:63} INFO - Started process 370 to run task
[2026-03-29T13:59:09.459+0000] {standard_task_runner.py:90} INFO - Running: ['***', 'tasks', 'run', 'user_analytics', 'merge_datasets', 'manual__2026-03-29T13:58:35.508219+00:00', '--job-id', '21', '--raw', '--subdir', 'DAGS_FOLDER/user_analytics.py', '--cfg-path', '/tmp/tmp8jnur_ke']
[2026-03-29T13:59:09.461+0000] {standard_task_runner.py:91} INFO - Job 21: Subtask merge_datasets
[2026-03-29T13:59:09.476+0000] {logging_mixin.py:188} WARNING - /home/***/.local/lib/python3.12/site-packages/***/settings.py:195 DeprecationWarning: The sql_alchemy_conn option in [core] has been moved to the sql_alchemy_conn option in [database] - the old setting has been used, but please update your config.
[2026-03-29T13:59:09.516+0000] {task_command.py:426} INFO - Running <TaskInstance: user_analytics.merge_datasets manual__2026-03-29T13:58:35.508219+00:00 [running]> on host 39eebc6a16f6
[2026-03-29T13:59:09.591+0000] {taskinstance.py:2648} INFO - Exporting env vars: AIRFLOW_CTX_DAG_OWNER='***' AIRFLOW_CTX_DAG_ID='user_analytics' AIRFLOW_CTX_TASK_ID='merge_datasets' AIRFLOW_CTX_EXECUTION_DATE='2026-03-29T13:58:35.508219+00:00' AIRFLOW_CTX_TRY_NUMBER='1' AIRFLOW_CTX_DAG_RUN_ID='manual__2026-03-29T13:58:35.508219+00:00'
[2026-03-29T13:59:09.592+0000] {taskinstance.py:430} INFO - ::endgroup::
[2026-03-29T13:59:09.608+0000] {taskinstance.py:441} INFO - ::group::Post task execution logs
[2026-03-29T13:59:09.609+0000] {taskinstance.py:2905} ERROR - Task failed with exception
Traceback (most recent call last):
  File "/home/airflow/.local/lib/python3.12/site-packages/airflow/models/taskinstance.py", line 465, in _execute_task
    result = _execute_callable(context=context, **execute_callable_kwargs)
             ^^^^^^^^^^^^^^^^^^^^^^^^^^^^^^^^^^^^^^^^^^^^^^^^^^^^^^^^^^^^^
  File "/home/airflow/.local/lib/python3.12/site-packages/airflow/models/taskinstance.py", line 432, in _execute_callable
    return execute_callable(context=context, **execute_callable_kwargs)
           ^^^^^^^^^^^^^^^^^^^^^^^^^^^^^^^^^^^^^^^^^^^^^^^^^^^^^^^^^^^^
  File "/home/airflow/.local/lib/python3.12/site-packages/airflow/models/baseoperator.py", line 401, in wrapper
    return func(self, *args, **kwargs)
           ^^^^^^^^^^^^^^^^^^^^^^^^^^^
  File "/home/airflow/.local/lib/python3.12/site-packages/airflow/operators/python.py", line 235, in execute
    return_value = self.execute_callable()
                   ^^^^^^^^^^^^^^^^^^^^^^^
  File "/home/airflow/.local/lib/python3.12/site-packages/airflow/operators/python.py", line 252, in execute_callable
    return self.python_callable(*self.op_args, **self.op_kwargs)
           ^^^^^^^^^^^^^^^^^^^^^^^^^^^^^^^^^^^^^^^^^^^^^^^^^^^^^
  File "/opt/airflow/dags/user_analytics.py", line 30, in merge_datasets
    market_state = pd.DataFrame()
                   ^^
NameError: name 'pd' is not defined
[2026-03-29T13:59:09.622+0000] {taskinstance.py:1206} INFO - Marking task as FAILED. dag_id=user_analytics, task_id=merge_datasets, run_id=manual__2026-03-29T13:58:35.508219+00:00, execution_date=20260329T135835, start_date=20260329T135909, end_date=20260329T135909
[2026-03-29T13:59:09.631+0000] {standard_task_runner.py:110} ERROR - Failed to execute job 21 for task merge_datasets (name 'pd' is not defined; 370)
[2026-03-29T13:59:09.675+0000] {local_task_job_runner.py:240} INFO - Task exited with return code 1
[2026-03-29T13:59:09.696+0000] {taskinstance.py:3503} INFO - 0 downstream tasks scheduled from follow-on schedule check
[2026-03-29T13:59:09.701+0000] {local_task_job_runner.py:222} INFO - ::endgroup::
