[2026-03-29T11:02:42.076+0000] {local_task_job_runner.py:120} INFO - ::group::Pre task execution logs
[2026-03-29T11:02:42.145+0000] {taskinstance.py:2076} INFO - Dependencies all met for dep_context=non-requeueable deps ti=<TaskInstance: user_analytics.merge_datasets scheduled__2026-03-28T00:00:00+00:00 [queued]>
[2026-03-29T11:02:42.177+0000] {taskinstance.py:2076} INFO - Dependencies all met for dep_context=requeueable deps ti=<TaskInstance: user_analytics.merge_datasets scheduled__2026-03-28T00:00:00+00:00 [queued]>
[2026-03-29T11:02:42.178+0000] {taskinstance.py:2306} INFO - Starting attempt 1 of 1
[2026-03-29T11:02:42.237+0000] {taskinstance.py:2330} INFO - Executing <Task(PythonOperator): merge_datasets> on 2026-03-28 00:00:00+00:00
[2026-03-29T11:02:42.274+0000] {logging_mixin.py:188} WARNING - /home/***/.local/lib/python3.12/site-packages/***/task/task_runner/standard_task_runner.py:61 DeprecationWarning: This process (pid=388) is multi-threaded, use of fork() may lead to deadlocks in the child.
[2026-03-29T11:02:42.280+0000] {standard_task_runner.py:63} INFO - Started process 391 to run task
[2026-03-29T11:02:42.273+0000] {standard_task_runner.py:90} INFO - Running: ['***', 'tasks', 'run', 'user_analytics', 'merge_datasets', 'scheduled__2026-03-28T00:00:00+00:00', '--job-id', '12', '--raw', '--subdir', 'DAGS_FOLDER/user_analytics.py', '--cfg-path', '/tmp/tmpxbgbn3_r']
[2026-03-29T11:02:42.285+0000] {standard_task_runner.py:91} INFO - Job 12: Subtask merge_datasets
[2026-03-29T11:02:42.330+0000] {logging_mixin.py:188} WARNING - /home/***/.local/lib/python3.12/site-packages/***/settings.py:195 DeprecationWarning: The sql_alchemy_conn option in [core] has been moved to the sql_alchemy_conn option in [database] - the old setting has been used, but please update your config.
[2026-03-29T11:02:42.396+0000] {task_command.py:426} INFO - Running <TaskInstance: user_analytics.merge_datasets scheduled__2026-03-28T00:00:00+00:00 [running]> on host 25c208e06e73
[2026-03-29T11:02:42.536+0000] {taskinstance.py:2648} INFO - Exporting env vars: AIRFLOW_CTX_DAG_OWNER='***' AIRFLOW_CTX_DAG_ID='user_analytics' AIRFLOW_CTX_TASK_ID='merge_datasets' AIRFLOW_CTX_EXECUTION_DATE='2026-03-28T00:00:00+00:00' AIRFLOW_CTX_TRY_NUMBER='1' AIRFLOW_CTX_DAG_RUN_ID='scheduled__2026-03-28T00:00:00+00:00'
[2026-03-29T11:02:42.538+0000] {taskinstance.py:430} INFO - ::endgroup::
[2026-03-29T11:02:42.561+0000] {logging_mixin.py:188} WARNING - /app/kafka_tutorial/consumer.py:79 FutureWarning: The behavior of DataFrame concatenation with empty or all-NA entries is deprecated. In a future version, this will no longer exclude empty or all-NA columns when determining the result dtypes. To retain the old behavior, exclude the relevant entries before the concat operation.
[2026-03-29T11:02:42.571+0000] {logging_mixin.py:188} INFO - Merged 10 trades. Market state now has 10 records.
[2026-03-29T11:02:42.572+0000] {python.py:237} INFO - Done. Returned value was: None
[2026-03-29T11:02:42.572+0000] {taskinstance.py:441} INFO - ::group::Post task execution logs
[2026-03-29T11:02:42.586+0000] {taskinstance.py:1206} INFO - Marking task as SUCCESS. dag_id=user_analytics, task_id=merge_datasets, run_id=scheduled__2026-03-28T00:00:00+00:00, execution_date=20260328T000000, start_date=20260329T110242, end_date=20260329T110242
[2026-03-29T11:02:42.619+0000] {local_task_job_runner.py:240} INFO - Task exited with return code 0
[2026-03-29T11:02:42.650+0000] {taskinstance.py:3503} INFO - 1 downstream tasks scheduled from follow-on schedule check
[2026-03-29T11:02:42.652+0000] {local_task_job_runner.py:222} INFO - ::endgroup::
[2026-03-29T11:11:15.670+0000] {local_task_job_runner.py:120} INFO - ::group::Pre task execution logs
[2026-03-29T11:11:15.703+0000] {taskinstance.py:2076} INFO - Dependencies all met for dep_context=non-requeueable deps ti=<TaskInstance: user_analytics.merge_datasets scheduled__2026-03-28T00:00:00+00:00 [queued]>
[2026-03-29T11:11:15.712+0000] {taskinstance.py:2076} INFO - Dependencies all met for dep_context=requeueable deps ti=<TaskInstance: user_analytics.merge_datasets scheduled__2026-03-28T00:00:00+00:00 [queued]>
[2026-03-29T11:11:15.712+0000] {taskinstance.py:2306} INFO - Starting attempt 1 of 1
[2026-03-29T11:11:15.723+0000] {taskinstance.py:2330} INFO - Executing <Task(PythonOperator): merge_datasets> on 2026-03-28 00:00:00+00:00
[2026-03-29T11:11:15.732+0000] {logging_mixin.py:188} WARNING - /home/***/.local/lib/python3.12/site-packages/***/task/task_runner/standard_task_runner.py:61 DeprecationWarning: This process (pid=440) is multi-threaded, use of fork() may lead to deadlocks in the child.
[2026-03-29T11:11:15.733+0000] {standard_task_runner.py:63} INFO - Started process 442 to run task
[2026-03-29T11:11:15.733+0000] {standard_task_runner.py:90} INFO - Running: ['***', 'tasks', 'run', 'user_analytics', 'merge_datasets', 'scheduled__2026-03-28T00:00:00+00:00', '--job-id', '7', '--raw', '--subdir', 'DAGS_FOLDER/user_analytics.py', '--cfg-path', '/tmp/tmpjf5zd1ft']
[2026-03-29T11:11:15.735+0000] {standard_task_runner.py:91} INFO - Job 7: Subtask merge_datasets
[2026-03-29T11:11:15.750+0000] {logging_mixin.py:188} WARNING - /home/***/.local/lib/python3.12/site-packages/***/settings.py:195 DeprecationWarning: The sql_alchemy_conn option in [core] has been moved to the sql_alchemy_conn option in [database] - the old setting has been used, but please update your config.
[2026-03-29T11:11:15.788+0000] {task_command.py:426} INFO - Running <TaskInstance: user_analytics.merge_datasets scheduled__2026-03-28T00:00:00+00:00 [running]> on host 02a713b558cd
[2026-03-29T11:11:15.876+0000] {taskinstance.py:2648} INFO - Exporting env vars: AIRFLOW_CTX_DAG_OWNER='***' AIRFLOW_CTX_DAG_ID='user_analytics' AIRFLOW_CTX_TASK_ID='merge_datasets' AIRFLOW_CTX_EXECUTION_DATE='2026-03-28T00:00:00+00:00' AIRFLOW_CTX_TRY_NUMBER='1' AIRFLOW_CTX_DAG_RUN_ID='scheduled__2026-03-28T00:00:00+00:00'
[2026-03-29T11:11:15.877+0000] {taskinstance.py:430} INFO - ::endgroup::
[2026-03-29T11:11:15.897+0000] {logging_mixin.py:188} WARNING - /app/kafka_tutorial/consumer.py:79 FutureWarning: The behavior of DataFrame concatenation with empty or all-NA entries is deprecated. In a future version, this will no longer exclude empty or all-NA columns when determining the result dtypes. To retain the old behavior, exclude the relevant entries before the concat operation.
[2026-03-29T11:11:15.909+0000] {logging_mixin.py:188} INFO - Merged 10 trades. Market state now has 10 records.
[2026-03-29T11:11:15.910+0000] {python.py:237} INFO - Done. Returned value was: None
[2026-03-29T11:11:15.910+0000] {taskinstance.py:441} INFO - ::group::Post task execution logs
[2026-03-29T11:11:15.921+0000] {taskinstance.py:1206} INFO - Marking task as SUCCESS. dag_id=user_analytics, task_id=merge_datasets, run_id=scheduled__2026-03-28T00:00:00+00:00, execution_date=20260328T000000, start_date=20260329T111115, end_date=20260329T111115
[2026-03-29T11:11:15.949+0000] {local_task_job_runner.py:240} INFO - Task exited with return code 0
[2026-03-29T11:11:15.971+0000] {taskinstance.py:3503} INFO - 1 downstream tasks scheduled from follow-on schedule check
[2026-03-29T11:11:15.973+0000] {local_task_job_runner.py:222} INFO - ::endgroup::
[2026-03-29T11:55:23.895+0000] {local_task_job_runner.py:120} INFO - ::group::Pre task execution logs
[2026-03-29T11:55:23.979+0000] {taskinstance.py:2076} INFO - Dependencies all met for dep_context=non-requeueable deps ti=<TaskInstance: user_analytics.merge_datasets scheduled__2026-03-28T00:00:00+00:00 [queued]>
[2026-03-29T11:55:23.995+0000] {taskinstance.py:2076} INFO - Dependencies all met for dep_context=requeueable deps ti=<TaskInstance: user_analytics.merge_datasets scheduled__2026-03-28T00:00:00+00:00 [queued]>
[2026-03-29T11:55:23.995+0000] {taskinstance.py:2306} INFO - Starting attempt 1 of 1
[2026-03-29T11:55:24.017+0000] {taskinstance.py:2330} INFO - Executing <Task(PythonOperator): merge_datasets> on 2026-03-28 00:00:00+00:00
[2026-03-29T11:55:24.042+0000] {logging_mixin.py:188} WARNING - /home/***/.local/lib/python3.12/site-packages/***/task/task_runner/standard_task_runner.py:61 DeprecationWarning: This process (pid=825) is multi-threaded, use of fork() may lead to deadlocks in the child.
[2026-03-29T11:55:24.051+0000] {standard_task_runner.py:63} INFO - Started process 829 to run task
[2026-03-29T11:55:24.044+0000] {standard_task_runner.py:90} INFO - Running: ['***', 'tasks', 'run', 'user_analytics', 'merge_datasets', 'scheduled__2026-03-28T00:00:00+00:00', '--job-id', '21', '--raw', '--subdir', 'DAGS_FOLDER/user_analytics.py', '--cfg-path', '/tmp/tmpvs91ohxh']
[2026-03-29T11:55:24.055+0000] {standard_task_runner.py:91} INFO - Job 21: Subtask merge_datasets
[2026-03-29T11:55:24.102+0000] {logging_mixin.py:188} WARNING - /home/***/.local/lib/python3.12/site-packages/***/settings.py:195 DeprecationWarning: The sql_alchemy_conn option in [core] has been moved to the sql_alchemy_conn option in [database] - the old setting has been used, but please update your config.
[2026-03-29T11:55:24.188+0000] {task_command.py:426} INFO - Running <TaskInstance: user_analytics.merge_datasets scheduled__2026-03-28T00:00:00+00:00 [running]> on host 18bc553606fe
[2026-03-29T11:55:24.369+0000] {taskinstance.py:2648} INFO - Exporting env vars: AIRFLOW_CTX_DAG_OWNER='***' AIRFLOW_CTX_DAG_ID='user_analytics' AIRFLOW_CTX_TASK_ID='merge_datasets' AIRFLOW_CTX_EXECUTION_DATE='2026-03-28T00:00:00+00:00' AIRFLOW_CTX_TRY_NUMBER='1' AIRFLOW_CTX_DAG_RUN_ID='scheduled__2026-03-28T00:00:00+00:00'
[2026-03-29T11:55:24.372+0000] {taskinstance.py:430} INFO - ::endgroup::
[2026-03-29T11:55:24.388+0000] {taskinstance.py:441} INFO - ::group::Post task execution logs
[2026-03-29T11:55:24.389+0000] {taskinstance.py:2905} ERROR - Task failed with exception
Traceback (most recent call last):
  File "/home/airflow/.local/lib/python3.12/site-packages/airflow/models/taskinstance.py", line 465, in _execute_task
    result = _execute_callable(context=context, **execute_callable_kwargs)
             ^^^^^^^^^^^^^^^^^^^^^^^^^^^^^^^^^^^^^^^^^^^^^^^^^^^^^^^^^^^^^
  File "/home/airflow/.local/lib/python3.12/site-packages/airflow/models/taskinstance.py", line 432, in _execute_callable
    return execute_callable(context=context, **execute_callable_kwargs)
           ^^^^^^^^^^^^^^^^^^^^^^^^^^^^^^^^^^^^^^^^^^^^^^^^^^^^^^^^^^^^
  File "/home/airflow/.local/lib/python3.12/site-packages/airflow/models/baseoperator.py", line 401, in wrapper
    return func(self, *args, **kwargs)
           ^^^^^^^^^^^^^^^^^^^^^^^^^^^
  File "/home/airflow/.local/lib/python3.12/site-packages/airflow/operators/python.py", line 235, in execute
    return_value = self.execute_callable()
                   ^^^^^^^^^^^^^^^^^^^^^^^
  File "/home/airflow/.local/lib/python3.12/site-packages/airflow/operators/python.py", line 252, in execute_callable
    return self.python_callable(*self.op_args, **self.op_kwargs)
           ^^^^^^^^^^^^^^^^^^^^^^^^^^^^^^^^^^^^^^^^^^^^^^^^^^^^^
  File "/opt/airflow/dags/user_analytics.py", line 33, in merge_datasets
    merge_trades("/opt/airflow/temp/transformed.csv")
TypeError: merge_trades() missing 1 required positional argument: 'output_csv'
[2026-03-29T11:55:24.406+0000] {taskinstance.py:1206} INFO - Marking task as FAILED. dag_id=user_analytics, task_id=merge_datasets, run_id=scheduled__2026-03-28T00:00:00+00:00, execution_date=20260328T000000, start_date=20260329T115523, end_date=20260329T115524
[2026-03-29T11:55:24.418+0000] {standard_task_runner.py:110} ERROR - Failed to execute job 21 for task merge_datasets (merge_trades() missing 1 required positional argument: 'output_csv'; 829)
[2026-03-29T11:55:24.434+0000] {local_task_job_runner.py:240} INFO - Task exited with return code 1
[2026-03-29T11:55:24.472+0000] {taskinstance.py:3503} INFO - 0 downstream tasks scheduled from follow-on schedule check
[2026-03-29T11:55:24.478+0000] {local_task_job_runner.py:222} INFO - ::endgroup::
[2026-03-29T12:06:05.474+0000] {local_task_job_runner.py:120} INFO - ::group::Pre task execution logs
[2026-03-29T12:06:05.545+0000] {taskinstance.py:2076} INFO - Dependencies all met for dep_context=non-requeueable deps ti=<TaskInstance: user_analytics.merge_datasets scheduled__2026-03-28T00:00:00+00:00 [queued]>
[2026-03-29T12:06:05.559+0000] {taskinstance.py:2076} INFO - Dependencies all met for dep_context=requeueable deps ti=<TaskInstance: user_analytics.merge_datasets scheduled__2026-03-28T00:00:00+00:00 [queued]>
[2026-03-29T12:06:05.560+0000] {taskinstance.py:2306} INFO - Starting attempt 1 of 1
[2026-03-29T12:06:05.583+0000] {taskinstance.py:2330} INFO - Executing <Task(PythonOperator): merge_datasets> on 2026-03-28 00:00:00+00:00
[2026-03-29T12:06:05.600+0000] {logging_mixin.py:188} WARNING - /home/***/.local/lib/python3.12/site-packages/***/task/task_runner/standard_task_runner.py:61 DeprecationWarning: This process (pid=391) is multi-threaded, use of fork() may lead to deadlocks in the child.
[2026-03-29T12:06:05.601+0000] {standard_task_runner.py:63} INFO - Started process 395 to run task
[2026-03-29T12:06:05.599+0000] {standard_task_runner.py:90} INFO - Running: ['***', 'tasks', 'run', 'user_analytics', 'merge_datasets', 'scheduled__2026-03-28T00:00:00+00:00', '--job-id', '22', '--raw', '--subdir', 'DAGS_FOLDER/user_analytics.py', '--cfg-path', '/tmp/tmpqxwjp9uk']
[2026-03-29T12:06:05.604+0000] {standard_task_runner.py:91} INFO - Job 22: Subtask merge_datasets
[2026-03-29T12:06:05.625+0000] {logging_mixin.py:188} WARNING - /home/***/.local/lib/python3.12/site-packages/***/settings.py:195 DeprecationWarning: The sql_alchemy_conn option in [core] has been moved to the sql_alchemy_conn option in [database] - the old setting has been used, but please update your config.
[2026-03-29T12:06:05.689+0000] {task_command.py:426} INFO - Running <TaskInstance: user_analytics.merge_datasets scheduled__2026-03-28T00:00:00+00:00 [running]> on host 446454d9da59
[2026-03-29T12:06:05.875+0000] {taskinstance.py:2648} INFO - Exporting env vars: AIRFLOW_CTX_DAG_OWNER='***' AIRFLOW_CTX_DAG_ID='user_analytics' AIRFLOW_CTX_TASK_ID='merge_datasets' AIRFLOW_CTX_EXECUTION_DATE='2026-03-28T00:00:00+00:00' AIRFLOW_CTX_TRY_NUMBER='1' AIRFLOW_CTX_DAG_RUN_ID='scheduled__2026-03-28T00:00:00+00:00'
[2026-03-29T12:06:05.877+0000] {taskinstance.py:430} INFO - ::endgroup::
[2026-03-29T12:06:05.908+0000] {logging_mixin.py:188} WARNING - /app/kafka_tutorial/consumer.py:80 FutureWarning: The behavior of DataFrame concatenation with empty or all-NA entries is deprecated. In a future version, this will no longer exclude empty or all-NA columns when determining the result dtypes. To retain the old behavior, exclude the relevant entries before the concat operation.
[2026-03-29T12:06:05.920+0000] {logging_mixin.py:188} INFO - Merged 10 trades. Market state now has 10 records.
[2026-03-29T12:06:05.922+0000] {python.py:237} INFO - Done. Returned value was: None
[2026-03-29T12:06:05.923+0000] {taskinstance.py:441} INFO - ::group::Post task execution logs
[2026-03-29T12:06:05.941+0000] {taskinstance.py:1206} INFO - Marking task as SUCCESS. dag_id=user_analytics, task_id=merge_datasets, run_id=scheduled__2026-03-28T00:00:00+00:00, execution_date=20260328T000000, start_date=20260329T120605, end_date=20260329T120605
[2026-03-29T12:06:05.979+0000] {local_task_job_runner.py:240} INFO - Task exited with return code 0
[2026-03-29T12:06:06.012+0000] {taskinstance.py:3503} INFO - 1 downstream tasks scheduled from follow-on schedule check
[2026-03-29T12:06:06.014+0000] {local_task_job_runner.py:222} INFO - ::endgroup::
[2026-03-29T12:14:56.829+0000] {local_task_job_runner.py:120} INFO - ::group::Pre task execution logs
[2026-03-29T12:14:56.897+0000] {taskinstance.py:2076} INFO - Dependencies all met for dep_context=non-requeueable deps ti=<TaskInstance: user_analytics.merge_datasets scheduled__2026-03-28T00:00:00+00:00 [queued]>
[2026-03-29T12:14:56.927+0000] {taskinstance.py:2076} INFO - Dependencies all met for dep_context=requeueable deps ti=<TaskInstance: user_analytics.merge_datasets scheduled__2026-03-28T00:00:00+00:00 [queued]>
[2026-03-29T12:14:56.928+0000] {taskinstance.py:2306} INFO - Starting attempt 1 of 1
[2026-03-29T12:14:56.953+0000] {taskinstance.py:2330} INFO - Executing <Task(PythonOperator): merge_datasets> on 2026-03-28 00:00:00+00:00
[2026-03-29T12:14:56.972+0000] {logging_mixin.py:188} WARNING - /home/***/.local/lib/python3.12/site-packages/***/task/task_runner/standard_task_runner.py:61 DeprecationWarning: This process (pid=373) is multi-threaded, use of fork() may lead to deadlocks in the child.
[2026-03-29T12:14:56.974+0000] {standard_task_runner.py:63} INFO - Started process 377 to run task
[2026-03-29T12:14:56.972+0000] {standard_task_runner.py:90} INFO - Running: ['***', 'tasks', 'run', 'user_analytics', 'merge_datasets', 'scheduled__2026-03-28T00:00:00+00:00', '--job-id', '21', '--raw', '--subdir', 'DAGS_FOLDER/user_analytics.py', '--cfg-path', '/tmp/tmp4lb00x_u']
[2026-03-29T12:14:56.977+0000] {standard_task_runner.py:91} INFO - Job 21: Subtask merge_datasets
[2026-03-29T12:14:56.998+0000] {logging_mixin.py:188} WARNING - /home/***/.local/lib/python3.12/site-packages/***/settings.py:195 DeprecationWarning: The sql_alchemy_conn option in [core] has been moved to the sql_alchemy_conn option in [database] - the old setting has been used, but please update your config.
[2026-03-29T12:14:57.064+0000] {task_command.py:426} INFO - Running <TaskInstance: user_analytics.merge_datasets scheduled__2026-03-28T00:00:00+00:00 [running]> on host 8536c3ac8533
[2026-03-29T12:14:57.389+0000] {taskinstance.py:2648} INFO - Exporting env vars: AIRFLOW_CTX_DAG_OWNER='***' AIRFLOW_CTX_DAG_ID='user_analytics' AIRFLOW_CTX_TASK_ID='merge_datasets' AIRFLOW_CTX_EXECUTION_DATE='2026-03-28T00:00:00+00:00' AIRFLOW_CTX_TRY_NUMBER='1' AIRFLOW_CTX_DAG_RUN_ID='scheduled__2026-03-28T00:00:00+00:00'
[2026-03-29T12:14:57.391+0000] {taskinstance.py:430} INFO - ::endgroup::
[2026-03-29T12:14:57.457+0000] {logging_mixin.py:188} WARNING - /app/kafka_tutorial/consumer.py:80 FutureWarning: The behavior of DataFrame concatenation with empty or all-NA entries is deprecated. In a future version, this will no longer exclude empty or all-NA columns when determining the result dtypes. To retain the old behavior, exclude the relevant entries before the concat operation.
[2026-03-29T12:14:57.487+0000] {logging_mixin.py:188} INFO - Merged 10 trades. Market state now has 10 records.
[2026-03-29T12:14:57.487+0000] {python.py:237} INFO - Done. Returned value was: None
[2026-03-29T12:14:57.490+0000] {taskinstance.py:441} INFO - ::group::Post task execution logs
[2026-03-29T12:14:57.531+0000] {taskinstance.py:1206} INFO - Marking task as SUCCESS. dag_id=user_analytics, task_id=merge_datasets, run_id=scheduled__2026-03-28T00:00:00+00:00, execution_date=20260328T000000, start_date=20260329T121456, end_date=20260329T121457
[2026-03-29T12:14:57.602+0000] {local_task_job_runner.py:240} INFO - Task exited with return code 0
[2026-03-29T12:14:57.669+0000] {taskinstance.py:3503} INFO - 1 downstream tasks scheduled from follow-on schedule check
[2026-03-29T12:14:57.670+0000] {local_task_job_runner.py:222} INFO - ::endgroup::
[2026-03-29T12:32:10.980+0000] {local_task_job_runner.py:120} INFO - ::group::Pre task execution logs
[2026-03-29T12:32:11.086+0000] {taskinstance.py:2076} INFO - Dependencies all met for dep_context=non-requeueable deps ti=<TaskInstance: user_analytics.merge_datasets scheduled__2026-03-28T00:00:00+00:00 [queued]>
[2026-03-29T12:32:11.150+0000] {taskinstance.py:2076} INFO - Dependencies all met for dep_context=requeueable deps ti=<TaskInstance: user_analytics.merge_datasets scheduled__2026-03-28T00:00:00+00:00 [queued]>
[2026-03-29T12:32:11.151+0000] {taskinstance.py:2306} INFO - Starting attempt 1 of 1
[2026-03-29T12:32:11.221+0000] {taskinstance.py:2330} INFO - Executing <Task(PythonOperator): merge_datasets> on 2026-03-28 00:00:00+00:00
[2026-03-29T12:32:11.254+0000] {standard_task_runner.py:90} INFO - Running: ['***', 'tasks', 'run', 'user_analytics', 'merge_datasets', 'scheduled__2026-03-28T00:00:00+00:00', '--job-id', '13', '--raw', '--subdir', 'DAGS_FOLDER/user_analytics.py', '--cfg-path', '/tmp/tmp7a5bu1ij']
[2026-03-29T12:32:11.259+0000] {standard_task_runner.py:91} INFO - Job 13: Subtask merge_datasets
[2026-03-29T12:32:11.261+0000] {logging_mixin.py:188} WARNING - /home/***/.local/lib/python3.12/site-packages/***/task/task_runner/standard_task_runner.py:61 DeprecationWarning: This process (pid=252) is multi-threaded, use of fork() may lead to deadlocks in the child.
[2026-03-29T12:32:11.262+0000] {standard_task_runner.py:63} INFO - Started process 257 to run task
[2026-03-29T12:32:11.321+0000] {logging_mixin.py:188} WARNING - /home/***/.local/lib/python3.12/site-packages/***/settings.py:195 DeprecationWarning: The sql_alchemy_conn option in [core] has been moved to the sql_alchemy_conn option in [database] - the old setting has been used, but please update your config.
[2026-03-29T12:32:11.435+0000] {task_command.py:426} INFO - Running <TaskInstance: user_analytics.merge_datasets scheduled__2026-03-28T00:00:00+00:00 [running]> on host e31b54ad1341
[2026-03-29T12:32:11.623+0000] {taskinstance.py:2648} INFO - Exporting env vars: AIRFLOW_CTX_DAG_OWNER='***' AIRFLOW_CTX_DAG_ID='user_analytics' AIRFLOW_CTX_TASK_ID='merge_datasets' AIRFLOW_CTX_EXECUTION_DATE='2026-03-28T00:00:00+00:00' AIRFLOW_CTX_TRY_NUMBER='1' AIRFLOW_CTX_DAG_RUN_ID='scheduled__2026-03-28T00:00:00+00:00'
[2026-03-29T12:32:11.626+0000] {taskinstance.py:430} INFO - ::endgroup::
[2026-03-29T12:32:11.661+0000] {taskinstance.py:441} INFO - ::group::Post task execution logs
[2026-03-29T12:32:11.662+0000] {taskinstance.py:2905} ERROR - Task failed with exception
Traceback (most recent call last):
  File "/home/airflow/.local/lib/python3.12/site-packages/airflow/models/taskinstance.py", line 465, in _execute_task
    result = _execute_callable(context=context, **execute_callable_kwargs)
             ^^^^^^^^^^^^^^^^^^^^^^^^^^^^^^^^^^^^^^^^^^^^^^^^^^^^^^^^^^^^^
  File "/home/airflow/.local/lib/python3.12/site-packages/airflow/models/taskinstance.py", line 432, in _execute_callable
    return execute_callable(context=context, **execute_callable_kwargs)
           ^^^^^^^^^^^^^^^^^^^^^^^^^^^^^^^^^^^^^^^^^^^^^^^^^^^^^^^^^^^^
  File "/home/airflow/.local/lib/python3.12/site-packages/airflow/models/baseoperator.py", line 401, in wrapper
    return func(self, *args, **kwargs)
           ^^^^^^^^^^^^^^^^^^^^^^^^^^^
  File "/home/airflow/.local/lib/python3.12/site-packages/airflow/operators/python.py", line 235, in execute
    return_value = self.execute_callable()
                   ^^^^^^^^^^^^^^^^^^^^^^^
  File "/home/airflow/.local/lib/python3.12/site-packages/airflow/operators/python.py", line 252, in execute_callable
    return self.python_callable(*self.op_args, **self.op_kwargs)
           ^^^^^^^^^^^^^^^^^^^^^^^^^^^^^^^^^^^^^^^^^^^^^^^^^^^^^
  File "/opt/airflow/dags/user_analytics.py", line 30, in merge_datasets
    market_state = pd.DataFrame()
                   ^^
NameError: name 'pd' is not defined
[2026-03-29T12:32:11.676+0000] {taskinstance.py:1206} INFO - Marking task as FAILED. dag_id=user_analytics, task_id=merge_datasets, run_id=scheduled__2026-03-28T00:00:00+00:00, execution_date=20260328T000000, start_date=20260329T123211, end_date=20260329T123211
[2026-03-29T12:32:11.689+0000] {standard_task_runner.py:110} ERROR - Failed to execute job 13 for task merge_datasets (name 'pd' is not defined; 257)
[2026-03-29T12:32:11.725+0000] {local_task_job_runner.py:240} INFO - Task exited with return code 1
[2026-03-29T12:32:11.755+0000] {taskinstance.py:3503} INFO - 0 downstream tasks scheduled from follow-on schedule check
[2026-03-29T12:32:11.760+0000] {local_task_job_runner.py:222} INFO - ::endgroup::
[2026-03-29T12:44:26.486+0000] {local_task_job_runner.py:120} INFO - ::group::Pre task execution logs
[2026-03-29T12:44:26.530+0000] {taskinstance.py:2076} INFO - Dependencies all met for dep_context=non-requeueable deps ti=<TaskInstance: user_analytics.merge_datasets scheduled__2026-03-28T00:00:00+00:00 [queued]>
[2026-03-29T12:44:26.539+0000] {taskinstance.py:2076} INFO - Dependencies all met for dep_context=requeueable deps ti=<TaskInstance: user_analytics.merge_datasets scheduled__2026-03-28T00:00:00+00:00 [queued]>
[2026-03-29T12:44:26.539+0000] {taskinstance.py:2306} INFO - Starting attempt 1 of 1
[2026-03-29T12:44:26.557+0000] {taskinstance.py:2330} INFO - Executing <Task(PythonOperator): merge_datasets> on 2026-03-28 00:00:00+00:00
[2026-03-29T12:44:26.577+0000] {logging_mixin.py:188} WARNING - /home/***/.local/lib/python3.12/site-packages/***/task/task_runner/standard_task_runner.py:61 DeprecationWarning: This process (pid=285) is multi-threaded, use of fork() may lead to deadlocks in the child.
[2026-03-29T12:44:26.578+0000] {standard_task_runner.py:63} INFO - Started process 289 to run task
[2026-03-29T12:44:26.579+0000] {standard_task_runner.py:90} INFO - Running: ['***', 'tasks', 'run', 'user_analytics', 'merge_datasets', 'scheduled__2026-03-28T00:00:00+00:00', '--job-id', '12', '--raw', '--subdir', 'DAGS_FOLDER/user_analytics.py', '--cfg-path', '/tmp/tmp3d5l2196']
[2026-03-29T12:44:26.582+0000] {standard_task_runner.py:91} INFO - Job 12: Subtask merge_datasets
[2026-03-29T12:44:26.635+0000] {logging_mixin.py:188} WARNING - /home/***/.local/lib/python3.12/site-packages/***/settings.py:195 DeprecationWarning: The sql_alchemy_conn option in [core] has been moved to the sql_alchemy_conn option in [database] - the old setting has been used, but please update your config.
[2026-03-29T12:44:26.847+0000] {task_command.py:426} INFO - Running <TaskInstance: user_analytics.merge_datasets scheduled__2026-03-28T00:00:00+00:00 [running]> on host 33686ea88615
[2026-03-29T12:44:27.025+0000] {taskinstance.py:2648} INFO - Exporting env vars: AIRFLOW_CTX_DAG_OWNER='***' AIRFLOW_CTX_DAG_ID='user_analytics' AIRFLOW_CTX_TASK_ID='merge_datasets' AIRFLOW_CTX_EXECUTION_DATE='2026-03-28T00:00:00+00:00' AIRFLOW_CTX_TRY_NUMBER='1' AIRFLOW_CTX_DAG_RUN_ID='scheduled__2026-03-28T00:00:00+00:00'
[2026-03-29T12:44:27.027+0000] {taskinstance.py:430} INFO - ::endgroup::
[2026-03-29T12:44:27.045+0000] {taskinstance.py:441} INFO - ::group::Post task execution logs
[2026-03-29T12:44:27.046+0000] {taskinstance.py:2905} ERROR - Task failed with exception
Traceback (most recent call last):
  File "/home/airflow/.local/lib/python3.12/site-packages/airflow/models/taskinstance.py", line 465, in _execute_task
    result = _execute_callable(context=context, **execute_callable_kwargs)
             ^^^^^^^^^^^^^^^^^^^^^^^^^^^^^^^^^^^^^^^^^^^^^^^^^^^^^^^^^^^^^
  File "/home/airflow/.local/lib/python3.12/site-packages/airflow/models/taskinstance.py", line 432, in _execute_callable
    return execute_callable(context=context, **execute_callable_kwargs)
           ^^^^^^^^^^^^^^^^^^^^^^^^^^^^^^^^^^^^^^^^^^^^^^^^^^^^^^^^^^^^
  File "/home/airflow/.local/lib/python3.12/site-packages/airflow/models/baseoperator.py", line 401, in wrapper
    return func(self, *args, **kwargs)
           ^^^^^^^^^^^^^^^^^^^^^^^^^^^
  File "/home/airflow/.local/lib/python3.12/site-packages/airflow/operators/python.py", line 235, in execute
    return_value = self.execute_callable()
                   ^^^^^^^^^^^^^^^^^^^^^^^
  File "/home/airflow/.local/lib/python3.12/site-packages/airflow/operators/python.py", line 252, in execute_callable
    return self.python_callable(*self.op_args, **self.op_kwargs)
           ^^^^^^^^^^^^^^^^^^^^^^^^^^^^^^^^^^^^^^^^^^^^^^^^^^^^^
  File "/opt/airflow/dags/user_analytics.py", line 30, in merge_datasets
    market_state = pd.DataFrame()
                   ^^
NameError: name 'pd' is not defined
[2026-03-29T12:44:27.066+0000] {taskinstance.py:1206} INFO - Marking task as FAILED. dag_id=user_analytics, task_id=merge_datasets, run_id=scheduled__2026-03-28T00:00:00+00:00, execution_date=20260328T000000, start_date=20260329T124426, end_date=20260329T124427
[2026-03-29T12:44:27.090+0000] {standard_task_runner.py:110} ERROR - Failed to execute job 12 for task merge_datasets (name 'pd' is not defined; 289)
[2026-03-29T12:44:27.133+0000] {local_task_job_runner.py:240} INFO - Task exited with return code 1
[2026-03-29T12:44:27.165+0000] {taskinstance.py:3503} INFO - 0 downstream tasks scheduled from follow-on schedule check
[2026-03-29T12:44:27.172+0000] {local_task_job_runner.py:222} INFO - ::endgroup::
[2026-03-29T13:08:07.563+0000] {local_task_job_runner.py:120} INFO - ::group::Pre task execution logs
[2026-03-29T13:08:07.656+0000] {taskinstance.py:2076} INFO - Dependencies all met for dep_context=non-requeueable deps ti=<TaskInstance: user_analytics.merge_datasets scheduled__2026-03-28T00:00:00+00:00 [queued]>
[2026-03-29T13:08:07.680+0000] {taskinstance.py:2076} INFO - Dependencies all met for dep_context=requeueable deps ti=<TaskInstance: user_analytics.merge_datasets scheduled__2026-03-28T00:00:00+00:00 [queued]>
[2026-03-29T13:08:07.681+0000] {taskinstance.py:2306} INFO - Starting attempt 1 of 1
[2026-03-29T13:08:07.721+0000] {taskinstance.py:2330} INFO - Executing <Task(PythonOperator): merge_datasets> on 2026-03-28 00:00:00+00:00
[2026-03-29T13:08:07.747+0000] {logging_mixin.py:188} WARNING - /home/***/.local/lib/python3.12/site-packages/***/task/task_runner/standard_task_runner.py:61 DeprecationWarning: This process (pid=411) is multi-threaded, use of fork() may lead to deadlocks in the child.
[2026-03-29T13:08:07.749+0000] {standard_task_runner.py:63} INFO - Started process 416 to run task
[2026-03-29T13:08:07.745+0000] {standard_task_runner.py:90} INFO - Running: ['***', 'tasks', 'run', 'user_analytics', 'merge_datasets', 'scheduled__2026-03-28T00:00:00+00:00', '--job-id', '20', '--raw', '--subdir', 'DAGS_FOLDER/user_analytics.py', '--cfg-path', '/tmp/tmp9kpo44r5']
[2026-03-29T13:08:07.751+0000] {standard_task_runner.py:91} INFO - Job 20: Subtask merge_datasets
[2026-03-29T13:08:07.788+0000] {logging_mixin.py:188} WARNING - /home/***/.local/lib/python3.12/site-packages/***/settings.py:195 DeprecationWarning: The sql_alchemy_conn option in [core] has been moved to the sql_alchemy_conn option in [database] - the old setting has been used, but please update your config.
[2026-03-29T13:08:07.890+0000] {task_command.py:426} INFO - Running <TaskInstance: user_analytics.merge_datasets scheduled__2026-03-28T00:00:00+00:00 [running]> on host 1e95fe724f77
[2026-03-29T13:08:08.150+0000] {taskinstance.py:2648} INFO - Exporting env vars: AIRFLOW_CTX_DAG_OWNER='***' AIRFLOW_CTX_DAG_ID='user_analytics' AIRFLOW_CTX_TASK_ID='merge_datasets' AIRFLOW_CTX_EXECUTION_DATE='2026-03-28T00:00:00+00:00' AIRFLOW_CTX_TRY_NUMBER='1' AIRFLOW_CTX_DAG_RUN_ID='scheduled__2026-03-28T00:00:00+00:00'
[2026-03-29T13:08:08.153+0000] {taskinstance.py:430} INFO - ::endgroup::
[2026-03-29T13:08:08.188+0000] {taskinstance.py:441} INFO - ::group::Post task execution logs
[2026-03-29T13:08:08.189+0000] {taskinstance.py:2905} ERROR - Task failed with exception
Traceback (most recent call last):
  File "/home/airflow/.local/lib/python3.12/site-packages/airflow/models/taskinstance.py", line 465, in _execute_task
    result = _execute_callable(context=context, **execute_callable_kwargs)
             ^^^^^^^^^^^^^^^^^^^^^^^^^^^^^^^^^^^^^^^^^^^^^^^^^^^^^^^^^^^^^
  File "/home/airflow/.local/lib/python3.12/site-packages/airflow/models/taskinstance.py", line 432, in _execute_callable
    return execute_callable(context=context, **execute_callable_kwargs)
           ^^^^^^^^^^^^^^^^^^^^^^^^^^^^^^^^^^^^^^^^^^^^^^^^^^^^^^^^^^^^
  File "/home/airflow/.local/lib/python3.12/site-packages/airflow/models/baseoperator.py", line 401, in wrapper
    return func(self, *args, **kwargs)
           ^^^^^^^^^^^^^^^^^^^^^^^^^^^
  File "/home/airflow/.local/lib/python3.12/site-packages/airflow/operators/python.py", line 235, in execute
    return_value = self.execute_callable()
                   ^^^^^^^^^^^^^^^^^^^^^^^
  File "/home/airflow/.local/lib/python3.12/site-packages/airflow/operators/python.py", line 252, in execute_callable
    return self.python_callable(*self.op_args, **self.op_kwargs)
           ^^^^^^^^^^^^^^^^^^^^^^^^^^^^^^^^^^^^^^^^^^^^^^^^^^^^^
  File "/opt/airflow/dags/user_analytics.py", line 30, in merge_datasets
    market_state = pd.DataFrame()
                   ^^
NameError: name 'pd' is not defined
[2026-03-29T13:08:08.224+0000] {taskinstance.py:1206} INFO - Marking task as FAILED. dag_id=user_analytics, task_id=merge_datasets, run_id=scheduled__2026-03-28T00:00:00+00:00, execution_date=20260328T000000, start_date=20260329T130807, end_date=20260329T130808
[2026-03-29T13:08:08.264+0000] {standard_task_runner.py:110} ERROR - Failed to execute job 20 for task merge_datasets (name 'pd' is not defined; 416)
[2026-03-29T13:08:08.299+0000] {local_task_job_runner.py:240} INFO - Task exited with return code 1
[2026-03-29T13:08:08.352+0000] {taskinstance.py:3503} INFO - 0 downstream tasks scheduled from follow-on schedule check
[2026-03-29T13:08:08.362+0000] {local_task_job_runner.py:222} INFO - ::endgroup::
[2026-03-29T13:15:00.224+0000] {local_task_job_runner.py:120} INFO - ::group::Pre task execution logs
[2026-03-29T13:15:00.278+0000] {taskinstance.py:2076} INFO - Dependencies all met for dep_context=non-requeueable deps ti=<TaskInstance: user_analytics.merge_datasets scheduled__2026-03-28T00:00:00+00:00 [queued]>
[2026-03-29T13:15:00.290+0000] {taskinstance.py:2076} INFO - Dependencies all met for dep_context=requeueable deps ti=<TaskInstance: user_analytics.merge_datasets scheduled__2026-03-28T00:00:00+00:00 [queued]>
[2026-03-29T13:15:00.290+0000] {taskinstance.py:2306} INFO - Starting attempt 1 of 1
[2026-03-29T13:15:00.309+0000] {taskinstance.py:2330} INFO - Executing <Task(PythonOperator): merge_datasets> on 2026-03-28 00:00:00+00:00
[2026-03-29T13:15:00.322+0000] {logging_mixin.py:188} WARNING - /home/***/.local/lib/python3.12/site-packages/***/task/task_runner/standard_task_runner.py:61 DeprecationWarning: This process (pid=374) is multi-threaded, use of fork() may lead to deadlocks in the child.
[2026-03-29T13:15:00.323+0000] {standard_task_runner.py:63} INFO - Started process 376 to run task
[2026-03-29T13:15:00.325+0000] {standard_task_runner.py:90} INFO - Running: ['***', 'tasks', 'run', 'user_analytics', 'merge_datasets', 'scheduled__2026-03-28T00:00:00+00:00', '--job-id', '21', '--raw', '--subdir', 'DAGS_FOLDER/user_analytics.py', '--cfg-path', '/tmp/tmptwuexbap']
[2026-03-29T13:15:00.332+0000] {standard_task_runner.py:91} INFO - Job 21: Subtask merge_datasets
[2026-03-29T13:15:00.355+0000] {logging_mixin.py:188} WARNING - /home/***/.local/lib/python3.12/site-packages/***/settings.py:195 DeprecationWarning: The sql_alchemy_conn option in [core] has been moved to the sql_alchemy_conn option in [database] - the old setting has been used, but please update your config.
[2026-03-29T13:15:00.406+0000] {task_command.py:426} INFO - Running <TaskInstance: user_analytics.merge_datasets scheduled__2026-03-28T00:00:00+00:00 [running]> on host 32aebd3e7a73
[2026-03-29T13:15:00.542+0000] {taskinstance.py:2648} INFO - Exporting env vars: AIRFLOW_CTX_DAG_OWNER='***' AIRFLOW_CTX_DAG_ID='user_analytics' AIRFLOW_CTX_TASK_ID='merge_datasets' AIRFLOW_CTX_EXECUTION_DATE='2026-03-28T00:00:00+00:00' AIRFLOW_CTX_TRY_NUMBER='1' AIRFLOW_CTX_DAG_RUN_ID='scheduled__2026-03-28T00:00:00+00:00'
[2026-03-29T13:15:00.544+0000] {taskinstance.py:430} INFO - ::endgroup::
[2026-03-29T13:15:00.576+0000] {taskinstance.py:441} INFO - ::group::Post task execution logs
[2026-03-29T13:15:00.577+0000] {taskinstance.py:2905} ERROR - Task failed with exception
Traceback (most recent call last):
  File "/home/airflow/.local/lib/python3.12/site-packages/airflow/models/taskinstance.py", line 465, in _execute_task
    result = _execute_callable(context=context, **execute_callable_kwargs)
             ^^^^^^^^^^^^^^^^^^^^^^^^^^^^^^^^^^^^^^^^^^^^^^^^^^^^^^^^^^^^^
  File "/home/airflow/.local/lib/python3.12/site-packages/airflow/models/taskinstance.py", line 432, in _execute_callable
    return execute_callable(context=context, **execute_callable_kwargs)
           ^^^^^^^^^^^^^^^^^^^^^^^^^^^^^^^^^^^^^^^^^^^^^^^^^^^^^^^^^^^^
  File "/home/airflow/.local/lib/python3.12/site-packages/airflow/models/baseoperator.py", line 401, in wrapper
    return func(self, *args, **kwargs)
           ^^^^^^^^^^^^^^^^^^^^^^^^^^^
  File "/home/airflow/.local/lib/python3.12/site-packages/airflow/operators/python.py", line 235, in execute
    return_value = self.execute_callable()
                   ^^^^^^^^^^^^^^^^^^^^^^^
  File "/home/airflow/.local/lib/python3.12/site-packages/airflow/operators/python.py", line 252, in execute_callable
    return self.python_callable(*self.op_args, **self.op_kwargs)
           ^^^^^^^^^^^^^^^^^^^^^^^^^^^^^^^^^^^^^^^^^^^^^^^^^^^^^
  File "/opt/airflow/dags/user_analytics.py", line 30, in merge_datasets
    market_state = pd.DataFrame()
                   ^^
NameError: name 'pd' is not defined
[2026-03-29T13:15:00.623+0000] {taskinstance.py:1206} INFO - Marking task as FAILED. dag_id=user_analytics, task_id=merge_datasets, run_id=scheduled__2026-03-28T00:00:00+00:00, execution_date=20260328T000000, start_date=20260329T131500, end_date=20260329T131500
[2026-03-29T13:15:00.688+0000] {standard_task_runner.py:110} ERROR - Failed to execute job 21 for task merge_datasets (name 'pd' is not defined; 376)
[2026-03-29T13:15:00.744+0000] {local_task_job_runner.py:240} INFO - Task exited with return code 1
[2026-03-29T13:15:00.786+0000] {taskinstance.py:3503} INFO - 0 downstream tasks scheduled from follow-on schedule check
[2026-03-29T13:15:00.792+0000] {local_task_job_runner.py:222} INFO - ::endgroup::
[2026-03-29T13:42:44.706+0000] {local_task_job_runner.py:120} INFO - ::group::Pre task execution logs
[2026-03-29T13:42:44.756+0000] {taskinstance.py:2076} INFO - Dependencies all met for dep_context=non-requeueable deps ti=<TaskInstance: user_analytics.merge_datasets scheduled__2026-03-28T00:00:00+00:00 [queued]>
[2026-03-29T13:42:44.771+0000] {taskinstance.py:2076} INFO - Dependencies all met for dep_context=requeueable deps ti=<TaskInstance: user_analytics.merge_datasets scheduled__2026-03-28T00:00:00+00:00 [queued]>
[2026-03-29T13:42:44.772+0000] {taskinstance.py:2306} INFO - Starting attempt 1 of 1
[2026-03-29T13:42:44.787+0000] {taskinstance.py:2330} INFO - Executing <Task(PythonOperator): merge_datasets> on 2026-03-28 00:00:00+00:00
[2026-03-29T13:42:44.804+0000] {logging_mixin.py:188} WARNING - /home/***/.local/lib/python3.12/site-packages/***/task/task_runner/standard_task_runner.py:61 DeprecationWarning: This process (pid=486) is multi-threaded, use of fork() may lead to deadlocks in the child.
[2026-03-29T13:42:44.805+0000] {standard_task_runner.py:63} INFO - Started process 490 to run task
[2026-03-29T13:42:44.803+0000] {standard_task_runner.py:90} INFO - Running: ['***', 'tasks', 'run', 'user_analytics', 'merge_datasets', 'scheduled__2026-03-28T00:00:00+00:00', '--job-id', '20', '--raw', '--subdir', 'DAGS_FOLDER/user_analytics.py', '--cfg-path', '/tmp/tmpg9bn7k18']
[2026-03-29T13:42:44.808+0000] {standard_task_runner.py:91} INFO - Job 20: Subtask merge_datasets
[2026-03-29T13:42:44.839+0000] {logging_mixin.py:188} WARNING - /home/***/.local/lib/python3.12/site-packages/***/settings.py:195 DeprecationWarning: The sql_alchemy_conn option in [core] has been moved to the sql_alchemy_conn option in [database] - the old setting has been used, but please update your config.
[2026-03-29T13:42:44.911+0000] {task_command.py:426} INFO - Running <TaskInstance: user_analytics.merge_datasets scheduled__2026-03-28T00:00:00+00:00 [running]> on host 81ff4a14db57
[2026-03-29T13:42:45.342+0000] {taskinstance.py:2648} INFO - Exporting env vars: AIRFLOW_CTX_DAG_OWNER='***' AIRFLOW_CTX_DAG_ID='user_analytics' AIRFLOW_CTX_TASK_ID='merge_datasets' AIRFLOW_CTX_EXECUTION_DATE='2026-03-28T00:00:00+00:00' AIRFLOW_CTX_TRY_NUMBER='1' AIRFLOW_CTX_DAG_RUN_ID='scheduled__2026-03-28T00:00:00+00:00'
[2026-03-29T13:42:45.344+0000] {taskinstance.py:430} INFO - ::endgroup::
[2026-03-29T13:42:45.361+0000] {taskinstance.py:441} INFO - ::group::Post task execution logs
[2026-03-29T13:42:45.362+0000] {taskinstance.py:2905} ERROR - Task failed with exception
Traceback (most recent call last):
  File "/home/airflow/.local/lib/python3.12/site-packages/airflow/models/taskinstance.py", line 465, in _execute_task
    result = _execute_callable(context=context, **execute_callable_kwargs)
             ^^^^^^^^^^^^^^^^^^^^^^^^^^^^^^^^^^^^^^^^^^^^^^^^^^^^^^^^^^^^^
  File "/home/airflow/.local/lib/python3.12/site-packages/airflow/models/taskinstance.py", line 432, in _execute_callable
    return execute_callable(context=context, **execute_callable_kwargs)
           ^^^^^^^^^^^^^^^^^^^^^^^^^^^^^^^^^^^^^^^^^^^^^^^^^^^^^^^^^^^^
  File "/home/airflow/.local/lib/python3.12/site-packages/airflow/models/baseoperator.py", line 401, in wrapper
    return func(self, *args, **kwargs)
           ^^^^^^^^^^^^^^^^^^^^^^^^^^^
  File "/home/airflow/.local/lib/python3.12/site-packages/airflow/operators/python.py", line 235, in execute
    return_value = self.execute_callable()
                   ^^^^^^^^^^^^^^^^^^^^^^^
  File "/home/airflow/.local/lib/python3.12/site-packages/airflow/operators/python.py", line 252, in execute_callable
    return self.python_callable(*self.op_args, **self.op_kwargs)
           ^^^^^^^^^^^^^^^^^^^^^^^^^^^^^^^^^^^^^^^^^^^^^^^^^^^^^
  File "/opt/airflow/dags/user_analytics.py", line 30, in merge_datasets
    market_state = pd.DataFrame()
                   ^^
NameError: name 'pd' is not defined
[2026-03-29T13:42:45.379+0000] {taskinstance.py:1206} INFO - Marking task as FAILED. dag_id=user_analytics, task_id=merge_datasets, run_id=scheduled__2026-03-28T00:00:00+00:00, execution_date=20260328T000000, start_date=20260329T134244, end_date=20260329T134245
[2026-03-29T13:42:45.394+0000] {standard_task_runner.py:110} ERROR - Failed to execute job 20 for task merge_datasets (name 'pd' is not defined; 490)
[2026-03-29T13:42:45.448+0000] {local_task_job_runner.py:240} INFO - Task exited with return code 1
[2026-03-29T13:42:45.472+0000] {taskinstance.py:3503} INFO - 0 downstream tasks scheduled from follow-on schedule check
[2026-03-29T13:42:45.476+0000] {local_task_job_runner.py:222} INFO - ::endgroup::
[2026-03-29T13:53:56.797+0000] {local_task_job_runner.py:120} INFO - ::group::Pre task execution logs
[2026-03-29T13:53:56.847+0000] {taskinstance.py:2076} INFO - Dependencies all met for dep_context=non-requeueable deps ti=<TaskInstance: user_analytics.merge_datasets scheduled__2026-03-28T00:00:00+00:00 [queued]>
[2026-03-29T13:53:56.858+0000] {taskinstance.py:2076} INFO - Dependencies all met for dep_context=requeueable deps ti=<TaskInstance: user_analytics.merge_datasets scheduled__2026-03-28T00:00:00+00:00 [queued]>
[2026-03-29T13:53:56.858+0000] {taskinstance.py:2306} INFO - Starting attempt 1 of 1
[2026-03-29T13:53:56.871+0000] {taskinstance.py:2330} INFO - Executing <Task(PythonOperator): merge_datasets> on 2026-03-28 00:00:00+00:00
[2026-03-29T13:53:56.890+0000] {logging_mixin.py:188} WARNING - /home/***/.local/lib/python3.12/site-packages/***/task/task_runner/standard_task_runner.py:61 DeprecationWarning: This process (pid=342) is multi-threaded, use of fork() may lead to deadlocks in the child.
[2026-03-29T13:53:56.892+0000] {standard_task_runner.py:63} INFO - Started process 347 to run task
[2026-03-29T13:53:56.892+0000] {standard_task_runner.py:90} INFO - Running: ['***', 'tasks', 'run', 'user_analytics', 'merge_datasets', 'scheduled__2026-03-28T00:00:00+00:00', '--job-id', '19', '--raw', '--subdir', 'DAGS_FOLDER/user_analytics.py', '--cfg-path', '/tmp/tmpneho7ifq']
[2026-03-29T13:53:56.895+0000] {standard_task_runner.py:91} INFO - Job 19: Subtask merge_datasets
[2026-03-29T13:53:56.921+0000] {logging_mixin.py:188} WARNING - /home/***/.local/lib/python3.12/site-packages/***/settings.py:195 DeprecationWarning: The sql_alchemy_conn option in [core] has been moved to the sql_alchemy_conn option in [database] - the old setting has been used, but please update your config.
[2026-03-29T13:53:56.975+0000] {task_command.py:426} INFO - Running <TaskInstance: user_analytics.merge_datasets scheduled__2026-03-28T00:00:00+00:00 [running]> on host 3171732d1af6
[2026-03-29T13:53:57.119+0000] {taskinstance.py:2648} INFO - Exporting env vars: AIRFLOW_CTX_DAG_OWNER='***' AIRFLOW_CTX_DAG_ID='user_analytics' AIRFLOW_CTX_TASK_ID='merge_datasets' AIRFLOW_CTX_EXECUTION_DATE='2026-03-28T00:00:00+00:00' AIRFLOW_CTX_TRY_NUMBER='1' AIRFLOW_CTX_DAG_RUN_ID='scheduled__2026-03-28T00:00:00+00:00'
[2026-03-29T13:53:57.121+0000] {taskinstance.py:430} INFO - ::endgroup::
[2026-03-29T13:53:57.140+0000] {taskinstance.py:441} INFO - ::group::Post task execution logs
[2026-03-29T13:53:57.141+0000] {taskinstance.py:2905} ERROR - Task failed with exception
Traceback (most recent call last):
  File "/home/airflow/.local/lib/python3.12/site-packages/airflow/models/taskinstance.py", line 465, in _execute_task
    result = _execute_callable(context=context, **execute_callable_kwargs)
             ^^^^^^^^^^^^^^^^^^^^^^^^^^^^^^^^^^^^^^^^^^^^^^^^^^^^^^^^^^^^^
  File "/home/airflow/.local/lib/python3.12/site-packages/airflow/models/taskinstance.py", line 432, in _execute_callable
    return execute_callable(context=context, **execute_callable_kwargs)
           ^^^^^^^^^^^^^^^^^^^^^^^^^^^^^^^^^^^^^^^^^^^^^^^^^^^^^^^^^^^^
  File "/home/airflow/.local/lib/python3.12/site-packages/airflow/models/baseoperator.py", line 401, in wrapper
    return func(self, *args, **kwargs)
           ^^^^^^^^^^^^^^^^^^^^^^^^^^^
  File "/home/airflow/.local/lib/python3.12/site-packages/airflow/operators/python.py", line 235, in execute
    return_value = self.execute_callable()
                   ^^^^^^^^^^^^^^^^^^^^^^^
  File "/home/airflow/.local/lib/python3.12/site-packages/airflow/operators/python.py", line 252, in execute_callable
    return self.python_callable(*self.op_args, **self.op_kwargs)
           ^^^^^^^^^^^^^^^^^^^^^^^^^^^^^^^^^^^^^^^^^^^^^^^^^^^^^
  File "/opt/airflow/dags/user_analytics.py", line 30, in merge_datasets
    market_state = pd.DataFrame()
                   ^^
NameError: name 'pd' is not defined
[2026-03-29T13:53:57.154+0000] {taskinstance.py:1206} INFO - Marking task as FAILED. dag_id=user_analytics, task_id=merge_datasets, run_id=scheduled__2026-03-28T00:00:00+00:00, execution_date=20260328T000000, start_date=20260329T135356, end_date=20260329T135357
[2026-03-29T13:53:57.166+0000] {standard_task_runner.py:110} ERROR - Failed to execute job 19 for task merge_datasets (name 'pd' is not defined; 347)
[2026-03-29T13:53:57.191+0000] {local_task_job_runner.py:240} INFO - Task exited with return code 1
[2026-03-29T13:53:57.258+0000] {taskinstance.py:3503} INFO - 0 downstream tasks scheduled from follow-on schedule check
[2026-03-29T13:53:57.263+0000] {local_task_job_runner.py:222} INFO - ::endgroup::
[2026-03-29T13:59:08.151+0000] {local_task_job_runner.py:120} INFO - ::group::Pre task execution logs
[2026-03-29T13:59:08.328+0000] {taskinstance.py:2076} INFO - Dependencies all met for dep_context=non-requeueable deps ti=<TaskInstance: user_analytics.merge_datasets scheduled__2026-03-28T00:00:00+00:00 [queued]>
[2026-03-29T13:59:08.374+0000] {taskinstance.py:2076} INFO - Dependencies all met for dep_context=requeueable deps ti=<TaskInstance: user_analytics.merge_datasets scheduled__2026-03-28T00:00:00+00:00 [queued]>
[2026-03-29T13:59:08.375+0000] {taskinstance.py:2306} INFO - Starting attempt 1 of 1
[2026-03-29T13:59:08.410+0000] {taskinstance.py:2330} INFO - Executing <Task(PythonOperator): merge_datasets> on 2026-03-28 00:00:00+00:00
[2026-03-29T13:59:08.440+0000] {logging_mixin.py:188} WARNING - /home/***/.local/lib/python3.12/site-packages/***/task/task_runner/standard_task_runner.py:61 DeprecationWarning: This process (pid=365) is multi-threaded, use of fork() may lead to deadlocks in the child.
[2026-03-29T13:59:08.444+0000] {standard_task_runner.py:63} INFO - Started process 367 to run task
[2026-03-29T13:59:08.440+0000] {standard_task_runner.py:90} INFO - Running: ['***', 'tasks', 'run', 'user_analytics', 'merge_datasets', 'scheduled__2026-03-28T00:00:00+00:00', '--job-id', '20', '--raw', '--subdir', 'DAGS_FOLDER/user_analytics.py', '--cfg-path', '/tmp/tmp6ndpiqq9']
[2026-03-29T13:59:08.450+0000] {standard_task_runner.py:91} INFO - Job 20: Subtask merge_datasets
[2026-03-29T13:59:08.487+0000] {logging_mixin.py:188} WARNING - /home/***/.local/lib/python3.12/site-packages/***/settings.py:195 DeprecationWarning: The sql_alchemy_conn option in [core] has been moved to the sql_alchemy_conn option in [database] - the old setting has been used, but please update your config.
[2026-03-29T13:59:08.600+0000] {task_command.py:426} INFO - Running <TaskInstance: user_analytics.merge_datasets scheduled__2026-03-28T00:00:00+00:00 [running]> on host 39eebc6a16f6
[2026-03-29T13:59:08.798+0000] {taskinstance.py:2648} INFO - Exporting env vars: AIRFLOW_CTX_DAG_OWNER='***' AIRFLOW_CTX_DAG_ID='user_analytics' AIRFLOW_CTX_TASK_ID='merge_datasets' AIRFLOW_CTX_EXECUTION_DATE='2026-03-28T00:00:00+00:00' AIRFLOW_CTX_TRY_NUMBER='1' AIRFLOW_CTX_DAG_RUN_ID='scheduled__2026-03-28T00:00:00+00:00'
[2026-03-29T13:59:08.801+0000] {taskinstance.py:430} INFO - ::endgroup::
[2026-03-29T13:59:08.817+0000] {taskinstance.py:441} INFO - ::group::Post task execution logs
[2026-03-29T13:59:08.817+0000] {taskinstance.py:2905} ERROR - Task failed with exception
Traceback (most recent call last):
  File "/home/airflow/.local/lib/python3.12/site-packages/airflow/models/taskinstance.py", line 465, in _execute_task
    result = _execute_callable(context=context, **execute_callable_kwargs)
             ^^^^^^^^^^^^^^^^^^^^^^^^^^^^^^^^^^^^^^^^^^^^^^^^^^^^^^^^^^^^^
  File "/home/airflow/.local/lib/python3.12/site-packages/airflow/models/taskinstance.py", line 432, in _execute_callable
    return execute_callable(context=context, **execute_callable_kwargs)
           ^^^^^^^^^^^^^^^^^^^^^^^^^^^^^^^^^^^^^^^^^^^^^^^^^^^^^^^^^^^^
  File "/home/airflow/.local/lib/python3.12/site-packages/airflow/models/baseoperator.py", line 401, in wrapper
    return func(self, *args, **kwargs)
           ^^^^^^^^^^^^^^^^^^^^^^^^^^^
  File "/home/airflow/.local/lib/python3.12/site-packages/airflow/operators/python.py", line 235, in execute
    return_value = self.execute_callable()
                   ^^^^^^^^^^^^^^^^^^^^^^^
  File "/home/airflow/.local/lib/python3.12/site-packages/airflow/operators/python.py", line 252, in execute_callable
    return self.python_callable(*self.op_args, **self.op_kwargs)
           ^^^^^^^^^^^^^^^^^^^^^^^^^^^^^^^^^^^^^^^^^^^^^^^^^^^^^
  File "/opt/airflow/dags/user_analytics.py", line 30, in merge_datasets
    market_state = pd.DataFrame()
                   ^^
NameError: name 'pd' is not defined
[2026-03-29T13:59:08.836+0000] {taskinstance.py:1206} INFO - Marking task as FAILED. dag_id=user_analytics, task_id=merge_datasets, run_id=scheduled__2026-03-28T00:00:00+00:00, execution_date=20260328T000000, start_date=20260329T135908, end_date=20260329T135908
[2026-03-29T13:59:08.851+0000] {standard_task_runner.py:110} ERROR - Failed to execute job 20 for task merge_datasets (name 'pd' is not defined; 367)
[2026-03-29T13:59:08.906+0000] {local_task_job_runner.py:240} INFO - Task exited with return code 1
[2026-03-29T13:59:08.933+0000] {taskinstance.py:3503} INFO - 0 downstream tasks scheduled from follow-on schedule check
[2026-03-29T13:59:08.940+0000] {local_task_job_runner.py:222} INFO - ::endgroup::
[2026-03-29T14:11:44.477+0000] {local_task_job_runner.py:120} INFO - ::group::Pre task execution logs
[2026-03-29T14:11:44.584+0000] {taskinstance.py:2076} INFO - Dependencies all met for dep_context=non-requeueable deps ti=<TaskInstance: user_analytics.merge_datasets scheduled__2026-03-28T00:00:00+00:00 [queued]>
[2026-03-29T14:11:44.605+0000] {taskinstance.py:2076} INFO - Dependencies all met for dep_context=requeueable deps ti=<TaskInstance: user_analytics.merge_datasets scheduled__2026-03-28T00:00:00+00:00 [queued]>
[2026-03-29T14:11:44.608+0000] {taskinstance.py:2306} INFO - Starting attempt 1 of 1
[2026-03-29T14:11:44.642+0000] {taskinstance.py:2330} INFO - Executing <Task(PythonOperator): merge_datasets> on 2026-03-28 00:00:00+00:00
[2026-03-29T14:11:44.668+0000] {logging_mixin.py:188} WARNING - /home/***/.local/lib/python3.12/site-packages/***/task/task_runner/standard_task_runner.py:61 DeprecationWarning: This process (pid=407) is multi-threaded, use of fork() may lead to deadlocks in the child.
[2026-03-29T14:11:44.673+0000] {standard_task_runner.py:63} INFO - Started process 414 to run task
[2026-03-29T14:11:44.667+0000] {standard_task_runner.py:90} INFO - Running: ['***', 'tasks', 'run', 'user_analytics', 'merge_datasets', 'scheduled__2026-03-28T00:00:00+00:00', '--job-id', '21', '--raw', '--subdir', 'DAGS_FOLDER/user_analytics.py', '--cfg-path', '/tmp/tmpmhtq6b7k']
[2026-03-29T14:11:44.679+0000] {standard_task_runner.py:91} INFO - Job 21: Subtask merge_datasets
[2026-03-29T14:11:44.730+0000] {logging_mixin.py:188} WARNING - /home/***/.local/lib/python3.12/site-packages/***/settings.py:195 DeprecationWarning: The sql_alchemy_conn option in [core] has been moved to the sql_alchemy_conn option in [database] - the old setting has been used, but please update your config.
[2026-03-29T14:11:44.809+0000] {task_command.py:426} INFO - Running <TaskInstance: user_analytics.merge_datasets scheduled__2026-03-28T00:00:00+00:00 [running]> on host 310a149ce3a7
[2026-03-29T14:11:45.226+0000] {taskinstance.py:2648} INFO - Exporting env vars: AIRFLOW_CTX_DAG_OWNER='***' AIRFLOW_CTX_DAG_ID='user_analytics' AIRFLOW_CTX_TASK_ID='merge_datasets' AIRFLOW_CTX_EXECUTION_DATE='2026-03-28T00:00:00+00:00' AIRFLOW_CTX_TRY_NUMBER='1' AIRFLOW_CTX_DAG_RUN_ID='scheduled__2026-03-28T00:00:00+00:00'
[2026-03-29T14:11:45.230+0000] {taskinstance.py:430} INFO - ::endgroup::
[2026-03-29T14:11:45.260+0000] {taskinstance.py:441} INFO - ::group::Post task execution logs
[2026-03-29T14:11:45.260+0000] {taskinstance.py:2905} ERROR - Task failed with exception
Traceback (most recent call last):
  File "/home/airflow/.local/lib/python3.12/site-packages/airflow/models/taskinstance.py", line 465, in _execute_task
    result = _execute_callable(context=context, **execute_callable_kwargs)
             ^^^^^^^^^^^^^^^^^^^^^^^^^^^^^^^^^^^^^^^^^^^^^^^^^^^^^^^^^^^^^
  File "/home/airflow/.local/lib/python3.12/site-packages/airflow/models/taskinstance.py", line 432, in _execute_callable
    return execute_callable(context=context, **execute_callable_kwargs)
           ^^^^^^^^^^^^^^^^^^^^^^^^^^^^^^^^^^^^^^^^^^^^^^^^^^^^^^^^^^^^
  File "/home/airflow/.local/lib/python3.12/site-packages/airflow/models/baseoperator.py", line 401, in wrapper
    return func(self, *args, **kwargs)
           ^^^^^^^^^^^^^^^^^^^^^^^^^^^
  File "/home/airflow/.local/lib/python3.12/site-packages/airflow/operators/python.py", line 235, in execute
    return_value = self.execute_callable()
                   ^^^^^^^^^^^^^^^^^^^^^^^
  File "/home/airflow/.local/lib/python3.12/site-packages/airflow/operators/python.py", line 252, in execute_callable
    return self.python_callable(*self.op_args, **self.op_kwargs)
           ^^^^^^^^^^^^^^^^^^^^^^^^^^^^^^^^^^^^^^^^^^^^^^^^^^^^^
  File "/opt/airflow/dags/user_analytics.py", line 30, in merge_datasets
    market_state = pd.DataFrame()
                   ^^
NameError: name 'pd' is not defined
[2026-03-29T14:11:45.293+0000] {taskinstance.py:1206} INFO - Marking task as FAILED. dag_id=user_analytics, task_id=merge_datasets, run_id=scheduled__2026-03-28T00:00:00+00:00, execution_date=20260328T000000, start_date=20260329T141144, end_date=20260329T141145
[2026-03-29T14:11:45.333+0000] {standard_task_runner.py:110} ERROR - Failed to execute job 21 for task merge_datasets (name 'pd' is not defined; 414)
[2026-03-29T14:11:45.399+0000] {local_task_job_runner.py:240} INFO - Task exited with return code 1
[2026-03-29T14:11:45.475+0000] {taskinstance.py:3503} INFO - 0 downstream tasks scheduled from follow-on schedule check
[2026-03-29T14:11:45.488+0000] {local_task_job_runner.py:222} INFO - ::endgroup::
[2026-03-29T14:17:29.772+0000] {local_task_job_runner.py:120} INFO - ::group::Pre task execution logs
[2026-03-29T14:17:29.849+0000] {taskinstance.py:2076} INFO - Dependencies all met for dep_context=non-requeueable deps ti=<TaskInstance: user_analytics.merge_datasets scheduled__2026-03-28T00:00:00+00:00 [queued]>
[2026-03-29T14:17:29.861+0000] {taskinstance.py:2076} INFO - Dependencies all met for dep_context=requeueable deps ti=<TaskInstance: user_analytics.merge_datasets scheduled__2026-03-28T00:00:00+00:00 [queued]>
[2026-03-29T14:17:29.861+0000] {taskinstance.py:2306} INFO - Starting attempt 1 of 1
[2026-03-29T14:17:29.877+0000] {taskinstance.py:2330} INFO - Executing <Task(PythonOperator): merge_datasets> on 2026-03-28 00:00:00+00:00
[2026-03-29T14:17:29.898+0000] {logging_mixin.py:188} WARNING - /home/***/.local/lib/python3.12/site-packages/***/task/task_runner/standard_task_runner.py:61 DeprecationWarning: This process (pid=282) is multi-threaded, use of fork() may lead to deadlocks in the child.
[2026-03-29T14:17:29.901+0000] {standard_task_runner.py:63} INFO - Started process 286 to run task
[2026-03-29T14:17:29.897+0000] {standard_task_runner.py:90} INFO - Running: ['***', 'tasks', 'run', 'user_analytics', 'merge_datasets', 'scheduled__2026-03-28T00:00:00+00:00', '--job-id', '21', '--raw', '--subdir', 'DAGS_FOLDER/user_analytics.py', '--cfg-path', '/tmp/tmpx54z3n7k']
[2026-03-29T14:17:29.905+0000] {standard_task_runner.py:91} INFO - Job 21: Subtask merge_datasets
[2026-03-29T14:17:29.963+0000] {logging_mixin.py:188} WARNING - /home/***/.local/lib/python3.12/site-packages/***/settings.py:195 DeprecationWarning: The sql_alchemy_conn option in [core] has been moved to the sql_alchemy_conn option in [database] - the old setting has been used, but please update your config.
[2026-03-29T14:17:30.146+0000] {task_command.py:426} INFO - Running <TaskInstance: user_analytics.merge_datasets scheduled__2026-03-28T00:00:00+00:00 [running]> on host 78e230e6b695
[2026-03-29T14:17:30.368+0000] {taskinstance.py:2648} INFO - Exporting env vars: AIRFLOW_CTX_DAG_OWNER='***' AIRFLOW_CTX_DAG_ID='user_analytics' AIRFLOW_CTX_TASK_ID='merge_datasets' AIRFLOW_CTX_EXECUTION_DATE='2026-03-28T00:00:00+00:00' AIRFLOW_CTX_TRY_NUMBER='1' AIRFLOW_CTX_DAG_RUN_ID='scheduled__2026-03-28T00:00:00+00:00'
[2026-03-29T14:17:30.371+0000] {taskinstance.py:430} INFO - ::endgroup::
[2026-03-29T14:17:30.392+0000] {logging_mixin.py:188} INFO - Merged 10 trades. Total records now: 10
[2026-03-29T14:17:30.394+0000] {python.py:237} INFO - Done. Returned value was: None
[2026-03-29T14:17:30.396+0000] {taskinstance.py:441} INFO - ::group::Post task execution logs
[2026-03-29T14:17:30.411+0000] {taskinstance.py:1206} INFO - Marking task as SUCCESS. dag_id=user_analytics, task_id=merge_datasets, run_id=scheduled__2026-03-28T00:00:00+00:00, execution_date=20260328T000000, start_date=20260329T141729, end_date=20260329T141730
[2026-03-29T14:17:30.451+0000] {local_task_job_runner.py:240} INFO - Task exited with return code 0
[2026-03-29T14:17:30.518+0000] {taskinstance.py:3503} INFO - 1 downstream tasks scheduled from follow-on schedule check
[2026-03-29T14:17:30.523+0000] {local_task_job_runner.py:222} INFO - ::endgroup::
[2026-03-29T14:33:09.532+0000] {local_task_job_runner.py:120} INFO - ::group::Pre task execution logs
[2026-03-29T14:33:09.590+0000] {taskinstance.py:2076} INFO - Dependencies all met for dep_context=non-requeueable deps ti=<TaskInstance: user_analytics.merge_datasets scheduled__2026-03-28T00:00:00+00:00 [queued]>
[2026-03-29T14:33:09.607+0000] {taskinstance.py:2076} INFO - Dependencies all met for dep_context=requeueable deps ti=<TaskInstance: user_analytics.merge_datasets scheduled__2026-03-28T00:00:00+00:00 [queued]>
[2026-03-29T14:33:09.610+0000] {taskinstance.py:2306} INFO - Starting attempt 1 of 1
[2026-03-29T14:33:09.653+0000] {taskinstance.py:2330} INFO - Executing <Task(PythonOperator): merge_datasets> on 2026-03-28 00:00:00+00:00
[2026-03-29T14:33:09.670+0000] {logging_mixin.py:188} WARNING - /home/***/.local/lib/python3.12/site-packages/***/task/task_runner/standard_task_runner.py:61 DeprecationWarning: This process (pid=408) is multi-threaded, use of fork() may lead to deadlocks in the child.
[2026-03-29T14:33:09.673+0000] {standard_task_runner.py:63} INFO - Started process 411 to run task
[2026-03-29T14:33:09.670+0000] {standard_task_runner.py:90} INFO - Running: ['***', 'tasks', 'run', 'user_analytics', 'merge_datasets', 'scheduled__2026-03-28T00:00:00+00:00', '--job-id', '20', '--raw', '--subdir', 'DAGS_FOLDER/user_analytics.py', '--cfg-path', '/tmp/tmpdo5ql4sb']
[2026-03-29T14:33:09.675+0000] {standard_task_runner.py:91} INFO - Job 20: Subtask merge_datasets
[2026-03-29T14:33:09.696+0000] {logging_mixin.py:188} WARNING - /home/***/.local/lib/python3.12/site-packages/***/settings.py:195 DeprecationWarning: The sql_alchemy_conn option in [core] has been moved to the sql_alchemy_conn option in [database] - the old setting has been used, but please update your config.
[2026-03-29T14:33:09.752+0000] {task_command.py:426} INFO - Running <TaskInstance: user_analytics.merge_datasets scheduled__2026-03-28T00:00:00+00:00 [running]> on host 3942be4b0136
[2026-03-29T14:33:09.894+0000] {taskinstance.py:2648} INFO - Exporting env vars: AIRFLOW_CTX_DAG_OWNER='***' AIRFLOW_CTX_DAG_ID='user_analytics' AIRFLOW_CTX_TASK_ID='merge_datasets' AIRFLOW_CTX_EXECUTION_DATE='2026-03-28T00:00:00+00:00' AIRFLOW_CTX_TRY_NUMBER='1' AIRFLOW_CTX_DAG_RUN_ID='scheduled__2026-03-28T00:00:00+00:00'
[2026-03-29T14:33:09.895+0000] {taskinstance.py:430} INFO - ::endgroup::
[2026-03-29T14:33:09.925+0000] {logging_mixin.py:188} INFO - Merged 10 trades. Total records now: 10
[2026-03-29T14:33:09.926+0000] {python.py:237} INFO - Done. Returned value was: None
[2026-03-29T14:33:09.927+0000] {taskinstance.py:441} INFO - ::group::Post task execution logs
[2026-03-29T14:33:09.945+0000] {taskinstance.py:1206} INFO - Marking task as SUCCESS. dag_id=user_analytics, task_id=merge_datasets, run_id=scheduled__2026-03-28T00:00:00+00:00, execution_date=20260328T000000, start_date=20260329T143309, end_date=20260329T143309
[2026-03-29T14:33:10.017+0000] {local_task_job_runner.py:240} INFO - Task exited with return code 0
[2026-03-29T14:33:10.095+0000] {taskinstance.py:3503} INFO - 1 downstream tasks scheduled from follow-on schedule check
[2026-03-29T14:33:10.097+0000] {local_task_job_runner.py:222} INFO - ::endgroup::
[2026-03-29T14:45:57.093+0000] {local_task_job_runner.py:120} INFO - ::group::Pre task execution logs
[2026-03-29T14:45:57.136+0000] {taskinstance.py:2076} INFO - Dependencies all met for dep_context=non-requeueable deps ti=<TaskInstance: user_analytics.merge_datasets scheduled__2026-03-28T00:00:00+00:00 [queued]>
[2026-03-29T14:45:57.147+0000] {taskinstance.py:2076} INFO - Dependencies all met for dep_context=requeueable deps ti=<TaskInstance: user_analytics.merge_datasets scheduled__2026-03-28T00:00:00+00:00 [queued]>
[2026-03-29T14:45:57.147+0000] {taskinstance.py:2306} INFO - Starting attempt 1 of 1
[2026-03-29T14:45:57.165+0000] {taskinstance.py:2330} INFO - Executing <Task(PythonOperator): merge_datasets> on 2026-03-28 00:00:00+00:00
[2026-03-29T14:45:57.183+0000] {logging_mixin.py:188} WARNING - /home/***/.local/lib/python3.12/site-packages/***/task/task_runner/standard_task_runner.py:61 DeprecationWarning: This process (pid=353) is multi-threaded, use of fork() may lead to deadlocks in the child.
[2026-03-29T14:45:57.184+0000] {standard_task_runner.py:63} INFO - Started process 362 to run task
[2026-03-29T14:45:57.182+0000] {standard_task_runner.py:90} INFO - Running: ['***', 'tasks', 'run', 'user_analytics', 'merge_datasets', 'scheduled__2026-03-28T00:00:00+00:00', '--job-id', '16', '--raw', '--subdir', 'DAGS_FOLDER/user_analytics.py', '--cfg-path', '/tmp/tmpvndgt0vr']
[2026-03-29T14:45:57.187+0000] {standard_task_runner.py:91} INFO - Job 16: Subtask merge_datasets
[2026-03-29T14:45:57.209+0000] {logging_mixin.py:188} WARNING - /home/***/.local/lib/python3.12/site-packages/***/settings.py:195 DeprecationWarning: The sql_alchemy_conn option in [core] has been moved to the sql_alchemy_conn option in [database] - the old setting has been used, but please update your config.
[2026-03-29T14:45:57.265+0000] {task_command.py:426} INFO - Running <TaskInstance: user_analytics.merge_datasets scheduled__2026-03-28T00:00:00+00:00 [running]> on host cd359a9f83a6
[2026-03-29T14:45:57.389+0000] {taskinstance.py:2648} INFO - Exporting env vars: AIRFLOW_CTX_DAG_OWNER='***' AIRFLOW_CTX_DAG_ID='user_analytics' AIRFLOW_CTX_TASK_ID='merge_datasets' AIRFLOW_CTX_EXECUTION_DATE='2026-03-28T00:00:00+00:00' AIRFLOW_CTX_TRY_NUMBER='1' AIRFLOW_CTX_DAG_RUN_ID='scheduled__2026-03-28T00:00:00+00:00'
[2026-03-29T14:45:57.392+0000] {taskinstance.py:430} INFO - ::endgroup::
[2026-03-29T14:45:57.411+0000] {logging_mixin.py:188} INFO - Merged 10 trades. Total records now: 10
[2026-03-29T14:45:57.411+0000] {python.py:237} INFO - Done. Returned value was: None
[2026-03-29T14:45:57.412+0000] {taskinstance.py:441} INFO - ::group::Post task execution logs
[2026-03-29T14:45:57.424+0000] {taskinstance.py:1206} INFO - Marking task as SUCCESS. dag_id=user_analytics, task_id=merge_datasets, run_id=scheduled__2026-03-28T00:00:00+00:00, execution_date=20260328T000000, start_date=20260329T144557, end_date=20260329T144557
[2026-03-29T14:45:57.480+0000] {local_task_job_runner.py:240} INFO - Task exited with return code 0
[2026-03-29T14:45:57.533+0000] {taskinstance.py:3503} INFO - 1 downstream tasks scheduled from follow-on schedule check
[2026-03-29T14:45:57.535+0000] {local_task_job_runner.py:222} INFO - ::endgroup::
[2026-03-29T15:07:41.468+0000] {local_task_job_runner.py:120} INFO - ::group::Pre task execution logs
[2026-03-29T15:07:41.518+0000] {taskinstance.py:2076} INFO - Dependencies all met for dep_context=non-requeueable deps ti=<TaskInstance: user_analytics.merge_datasets scheduled__2026-03-28T00:00:00+00:00 [queued]>
[2026-03-29T15:07:41.527+0000] {taskinstance.py:2076} INFO - Dependencies all met for dep_context=requeueable deps ti=<TaskInstance: user_analytics.merge_datasets scheduled__2026-03-28T00:00:00+00:00 [queued]>
[2026-03-29T15:07:41.527+0000] {taskinstance.py:2306} INFO - Starting attempt 1 of 1
[2026-03-29T15:07:41.541+0000] {taskinstance.py:2330} INFO - Executing <Task(PythonOperator): merge_datasets> on 2026-03-28 00:00:00+00:00
[2026-03-29T15:07:41.557+0000] {logging_mixin.py:188} WARNING - /home/***/.local/lib/python3.12/site-packages/***/task/task_runner/standard_task_runner.py:61 DeprecationWarning: This process (pid=554) is multi-threaded, use of fork() may lead to deadlocks in the child.
[2026-03-29T15:07:41.558+0000] {standard_task_runner.py:63} INFO - Started process 558 to run task
[2026-03-29T15:07:41.556+0000] {standard_task_runner.py:90} INFO - Running: ['***', 'tasks', 'run', 'user_analytics', 'merge_datasets', 'scheduled__2026-03-28T00:00:00+00:00', '--job-id', '14', '--raw', '--subdir', 'DAGS_FOLDER/user_analytics.py', '--cfg-path', '/tmp/tmpof_kxvnw']
[2026-03-29T15:07:41.560+0000] {standard_task_runner.py:91} INFO - Job 14: Subtask merge_datasets
[2026-03-29T15:07:41.586+0000] {logging_mixin.py:188} WARNING - /home/***/.local/lib/python3.12/site-packages/***/settings.py:195 DeprecationWarning: The sql_alchemy_conn option in [core] has been moved to the sql_alchemy_conn option in [database] - the old setting has been used, but please update your config.
[2026-03-29T15:07:41.632+0000] {task_command.py:426} INFO - Running <TaskInstance: user_analytics.merge_datasets scheduled__2026-03-28T00:00:00+00:00 [running]> on host 2d6484d95a15
[2026-03-29T15:07:41.758+0000] {taskinstance.py:2648} INFO - Exporting env vars: AIRFLOW_CTX_DAG_OWNER='***' AIRFLOW_CTX_DAG_ID='user_analytics' AIRFLOW_CTX_TASK_ID='merge_datasets' AIRFLOW_CTX_EXECUTION_DATE='2026-03-28T00:00:00+00:00' AIRFLOW_CTX_TRY_NUMBER='1' AIRFLOW_CTX_DAG_RUN_ID='scheduled__2026-03-28T00:00:00+00:00'
[2026-03-29T15:07:41.760+0000] {taskinstance.py:430} INFO - ::endgroup::
[2026-03-29T15:07:41.785+0000] {logging_mixin.py:188} INFO - Merged 10 trades. Total records now: 10
[2026-03-29T15:07:41.786+0000] {python.py:237} INFO - Done. Returned value was: None
[2026-03-29T15:07:41.787+0000] {taskinstance.py:441} INFO - ::group::Post task execution logs
[2026-03-29T15:07:41.800+0000] {taskinstance.py:1206} INFO - Marking task as SUCCESS. dag_id=user_analytics, task_id=merge_datasets, run_id=scheduled__2026-03-28T00:00:00+00:00, execution_date=20260328T000000, start_date=20260329T150741, end_date=20260329T150741
[2026-03-29T15:07:41.861+0000] {local_task_job_runner.py:240} INFO - Task exited with return code 0
[2026-03-29T15:07:41.888+0000] {local_task_job_runner.py:222} INFO - ::endgroup::
[2026-03-29T15:13:17.959+0000] {local_task_job_runner.py:120} INFO - ::group::Pre task execution logs
[2026-03-29T15:13:18.008+0000] {taskinstance.py:2076} INFO - Dependencies all met for dep_context=non-requeueable deps ti=<TaskInstance: user_analytics.merge_datasets scheduled__2026-03-28T00:00:00+00:00 [queued]>
[2026-03-29T15:13:18.019+0000] {taskinstance.py:2076} INFO - Dependencies all met for dep_context=requeueable deps ti=<TaskInstance: user_analytics.merge_datasets scheduled__2026-03-28T00:00:00+00:00 [queued]>
[2026-03-29T15:13:18.019+0000] {taskinstance.py:2306} INFO - Starting attempt 1 of 1
[2026-03-29T15:13:18.035+0000] {taskinstance.py:2330} INFO - Executing <Task(PythonOperator): merge_datasets> on 2026-03-28 00:00:00+00:00
[2026-03-29T15:13:18.055+0000] {logging_mixin.py:188} WARNING - /home/***/.local/lib/python3.12/site-packages/***/task/task_runner/standard_task_runner.py:61 DeprecationWarning: This process (pid=323) is multi-threaded, use of fork() may lead to deadlocks in the child.
[2026-03-29T15:13:18.058+0000] {standard_task_runner.py:63} INFO - Started process 327 to run task
[2026-03-29T15:13:18.057+0000] {standard_task_runner.py:90} INFO - Running: ['***', 'tasks', 'run', 'user_analytics', 'merge_datasets', 'scheduled__2026-03-28T00:00:00+00:00', '--job-id', '21', '--raw', '--subdir', 'DAGS_FOLDER/user_analytics.py', '--cfg-path', '/tmp/tmp46upt6bp']
[2026-03-29T15:13:18.065+0000] {standard_task_runner.py:91} INFO - Job 21: Subtask merge_datasets
[2026-03-29T15:13:18.094+0000] {logging_mixin.py:188} WARNING - /home/***/.local/lib/python3.12/site-packages/***/settings.py:195 DeprecationWarning: The sql_alchemy_conn option in [core] has been moved to the sql_alchemy_conn option in [database] - the old setting has been used, but please update your config.
[2026-03-29T15:13:18.141+0000] {task_command.py:426} INFO - Running <TaskInstance: user_analytics.merge_datasets scheduled__2026-03-28T00:00:00+00:00 [running]> on host 8dbda78c73fd
[2026-03-29T15:13:18.447+0000] {taskinstance.py:2648} INFO - Exporting env vars: AIRFLOW_CTX_DAG_OWNER='***' AIRFLOW_CTX_DAG_ID='user_analytics' AIRFLOW_CTX_TASK_ID='merge_datasets' AIRFLOW_CTX_EXECUTION_DATE='2026-03-28T00:00:00+00:00' AIRFLOW_CTX_TRY_NUMBER='1' AIRFLOW_CTX_DAG_RUN_ID='scheduled__2026-03-28T00:00:00+00:00'
[2026-03-29T15:13:18.449+0000] {taskinstance.py:430} INFO - ::endgroup::
[2026-03-29T15:13:18.479+0000] {logging_mixin.py:188} INFO - Merged 10 trades. Total records now: 10
[2026-03-29T15:13:18.479+0000] {python.py:237} INFO - Done. Returned value was: None
[2026-03-29T15:13:18.480+0000] {taskinstance.py:441} INFO - ::group::Post task execution logs
[2026-03-29T15:13:18.525+0000] {taskinstance.py:1206} INFO - Marking task as SUCCESS. dag_id=user_analytics, task_id=merge_datasets, run_id=scheduled__2026-03-28T00:00:00+00:00, execution_date=20260328T000000, start_date=20260329T151318, end_date=20260329T151318
[2026-03-29T15:13:18.562+0000] {local_task_job_runner.py:240} INFO - Task exited with return code 0
[2026-03-29T15:13:18.590+0000] {taskinstance.py:3503} INFO - 1 downstream tasks scheduled from follow-on schedule check
[2026-03-29T15:13:18.592+0000] {local_task_job_runner.py:222} INFO - ::endgroup::
[2026-03-29T23:01:09.679+0000] {local_task_job_runner.py:120} INFO - ::group::Pre task execution logs
[2026-03-29T23:01:09.732+0000] {taskinstance.py:2076} INFO - Dependencies all met for dep_context=non-requeueable deps ti=<TaskInstance: user_analytics.merge_datasets scheduled__2026-03-28T00:00:00+00:00 [queued]>
[2026-03-29T23:01:09.739+0000] {taskinstance.py:2076} INFO - Dependencies all met for dep_context=requeueable deps ti=<TaskInstance: user_analytics.merge_datasets scheduled__2026-03-28T00:00:00+00:00 [queued]>
[2026-03-29T23:01:09.739+0000] {taskinstance.py:2306} INFO - Starting attempt 1 of 1
[2026-03-29T23:01:09.747+0000] {taskinstance.py:2330} INFO - Executing <Task(PythonOperator): merge_datasets> on 2026-03-28 00:00:00+00:00
[2026-03-29T23:01:09.759+0000] {logging_mixin.py:188} WARNING - /home/***/.local/lib/python3.12/site-packages/***/task/task_runner/standard_task_runner.py:61 DeprecationWarning: This process (pid=418) is multi-threaded, use of fork() may lead to deadlocks in the child.
[2026-03-29T23:01:09.760+0000] {standard_task_runner.py:63} INFO - Started process 424 to run task
[2026-03-29T23:01:09.759+0000] {standard_task_runner.py:90} INFO - Running: ['***', 'tasks', 'run', 'user_analytics', 'merge_datasets', 'scheduled__2026-03-28T00:00:00+00:00', '--job-id', '21', '--raw', '--subdir', 'DAGS_FOLDER/user_analytics.py', '--cfg-path', '/tmp/tmphk262t8h']
[2026-03-29T23:01:09.761+0000] {standard_task_runner.py:91} INFO - Job 21: Subtask merge_datasets
[2026-03-29T23:01:09.775+0000] {logging_mixin.py:188} WARNING - /home/***/.local/lib/python3.12/site-packages/***/settings.py:195 DeprecationWarning: The sql_alchemy_conn option in [core] has been moved to the sql_alchemy_conn option in [database] - the old setting has been used, but please update your config.
[2026-03-29T23:01:09.811+0000] {task_command.py:426} INFO - Running <TaskInstance: user_analytics.merge_datasets scheduled__2026-03-28T00:00:00+00:00 [running]> on host 6b3b88b70881
[2026-03-29T23:01:09.885+0000] {taskinstance.py:2648} INFO - Exporting env vars: AIRFLOW_CTX_DAG_OWNER='***' AIRFLOW_CTX_DAG_ID='user_analytics' AIRFLOW_CTX_TASK_ID='merge_datasets' AIRFLOW_CTX_EXECUTION_DATE='2026-03-28T00:00:00+00:00' AIRFLOW_CTX_TRY_NUMBER='1' AIRFLOW_CTX_DAG_RUN_ID='scheduled__2026-03-28T00:00:00+00:00'
[2026-03-29T23:01:09.887+0000] {taskinstance.py:430} INFO - ::endgroup::
[2026-03-29T23:01:09.897+0000] {logging_mixin.py:188} INFO - Merged 10 trades. Total records now: 10
[2026-03-29T23:01:09.897+0000] {python.py:237} INFO - Done. Returned value was: None
[2026-03-29T23:01:09.898+0000] {taskinstance.py:441} INFO - ::group::Post task execution logs
[2026-03-29T23:01:09.906+0000] {taskinstance.py:1206} INFO - Marking task as SUCCESS. dag_id=user_analytics, task_id=merge_datasets, run_id=scheduled__2026-03-28T00:00:00+00:00, execution_date=20260328T000000, start_date=20260329T230109, end_date=20260329T230109
[2026-03-29T23:01:09.933+0000] {local_task_job_runner.py:240} INFO - Task exited with return code 0
[2026-03-29T23:01:09.958+0000] {taskinstance.py:3503} INFO - 1 downstream tasks scheduled from follow-on schedule check
[2026-03-29T23:01:09.959+0000] {local_task_job_runner.py:222} INFO - ::endgroup::
[2026-03-29T23:09:37.177+0000] {local_task_job_runner.py:120} INFO - ::group::Pre task execution logs
[2026-03-29T23:09:37.230+0000] {taskinstance.py:2076} INFO - Dependencies all met for dep_context=non-requeueable deps ti=<TaskInstance: user_analytics.merge_datasets scheduled__2026-03-28T00:00:00+00:00 [queued]>
[2026-03-29T23:09:37.238+0000] {taskinstance.py:2076} INFO - Dependencies all met for dep_context=requeueable deps ti=<TaskInstance: user_analytics.merge_datasets scheduled__2026-03-28T00:00:00+00:00 [queued]>
[2026-03-29T23:09:37.239+0000] {taskinstance.py:2306} INFO - Starting attempt 1 of 1
[2026-03-29T23:09:37.259+0000] {taskinstance.py:2330} INFO - Executing <Task(PythonOperator): merge_datasets> on 2026-03-28 00:00:00+00:00
[2026-03-29T23:09:37.275+0000] {logging_mixin.py:188} WARNING - /home/***/.local/lib/python3.12/site-packages/***/task/task_runner/standard_task_runner.py:61 DeprecationWarning: This process (pid=501) is multi-threaded, use of fork() may lead to deadlocks in the child.
[2026-03-29T23:09:37.277+0000] {standard_task_runner.py:63} INFO - Started process 512 to run task
[2026-03-29T23:09:37.276+0000] {standard_task_runner.py:90} INFO - Running: ['***', 'tasks', 'run', 'user_analytics', 'merge_datasets', 'scheduled__2026-03-28T00:00:00+00:00', '--job-id', '21', '--raw', '--subdir', 'DAGS_FOLDER/user_analytics.py', '--cfg-path', '/tmp/tmp244tzwc9']
[2026-03-29T23:09:37.280+0000] {standard_task_runner.py:91} INFO - Job 21: Subtask merge_datasets
[2026-03-29T23:09:37.303+0000] {logging_mixin.py:188} WARNING - /home/***/.local/lib/python3.12/site-packages/***/settings.py:195 DeprecationWarning: The sql_alchemy_conn option in [core] has been moved to the sql_alchemy_conn option in [database] - the old setting has been used, but please update your config.
[2026-03-29T23:09:37.347+0000] {task_command.py:426} INFO - Running <TaskInstance: user_analytics.merge_datasets scheduled__2026-03-28T00:00:00+00:00 [running]> on host 90473cbdc518
[2026-03-29T23:09:37.475+0000] {taskinstance.py:2648} INFO - Exporting env vars: AIRFLOW_CTX_DAG_OWNER='***' AIRFLOW_CTX_DAG_ID='user_analytics' AIRFLOW_CTX_TASK_ID='merge_datasets' AIRFLOW_CTX_EXECUTION_DATE='2026-03-28T00:00:00+00:00' AIRFLOW_CTX_TRY_NUMBER='1' AIRFLOW_CTX_DAG_RUN_ID='scheduled__2026-03-28T00:00:00+00:00'
[2026-03-29T23:09:37.477+0000] {taskinstance.py:430} INFO - ::endgroup::
[2026-03-29T23:09:37.492+0000] {logging_mixin.py:188} INFO - Merged 10 trades. Total records now: 10
[2026-03-29T23:09:37.493+0000] {python.py:237} INFO - Done. Returned value was: None
[2026-03-29T23:09:37.493+0000] {taskinstance.py:441} INFO - ::group::Post task execution logs
[2026-03-29T23:09:37.501+0000] {taskinstance.py:1206} INFO - Marking task as SUCCESS. dag_id=user_analytics, task_id=merge_datasets, run_id=scheduled__2026-03-28T00:00:00+00:00, execution_date=20260328T000000, start_date=20260329T230937, end_date=20260329T230937
[2026-03-29T23:09:37.535+0000] {local_task_job_runner.py:240} INFO - Task exited with return code 0
[2026-03-29T23:09:37.567+0000] {taskinstance.py:3503} INFO - 1 downstream tasks scheduled from follow-on schedule check
[2026-03-29T23:09:37.570+0000] {local_task_job_runner.py:222} INFO - ::endgroup::
[2026-03-29T23:22:47.363+0000] {local_task_job_runner.py:120} INFO - ::group::Pre task execution logs
[2026-03-29T23:22:47.477+0000] {taskinstance.py:2076} INFO - Dependencies all met for dep_context=non-requeueable deps ti=<TaskInstance: user_analytics.merge_datasets scheduled__2026-03-28T00:00:00+00:00 [queued]>
[2026-03-29T23:22:47.486+0000] {taskinstance.py:2076} INFO - Dependencies all met for dep_context=requeueable deps ti=<TaskInstance: user_analytics.merge_datasets scheduled__2026-03-28T00:00:00+00:00 [queued]>
[2026-03-29T23:22:47.487+0000] {taskinstance.py:2306} INFO - Starting attempt 1 of 1
[2026-03-29T23:22:47.500+0000] {taskinstance.py:2330} INFO - Executing <Task(PythonOperator): merge_datasets> on 2026-03-28 00:00:00+00:00
[2026-03-29T23:22:47.518+0000] {logging_mixin.py:188} WARNING - /home/***/.local/lib/python3.12/site-packages/***/task/task_runner/standard_task_runner.py:61 DeprecationWarning: This process (pid=762) is multi-threaded, use of fork() may lead to deadlocks in the child.
[2026-03-29T23:22:47.519+0000] {standard_task_runner.py:63} INFO - Started process 770 to run task
[2026-03-29T23:22:47.518+0000] {standard_task_runner.py:90} INFO - Running: ['***', 'tasks', 'run', 'user_analytics', 'merge_datasets', 'scheduled__2026-03-28T00:00:00+00:00', '--job-id', '20', '--raw', '--subdir', 'DAGS_FOLDER/user_analytics.py', '--cfg-path', '/tmp/tmpph2mylh0']
[2026-03-29T23:22:47.522+0000] {standard_task_runner.py:91} INFO - Job 20: Subtask merge_datasets
[2026-03-29T23:22:47.542+0000] {logging_mixin.py:188} WARNING - /home/***/.local/lib/python3.12/site-packages/***/settings.py:195 DeprecationWarning: The sql_alchemy_conn option in [core] has been moved to the sql_alchemy_conn option in [database] - the old setting has been used, but please update your config.
[2026-03-29T23:22:47.587+0000] {task_command.py:426} INFO - Running <TaskInstance: user_analytics.merge_datasets scheduled__2026-03-28T00:00:00+00:00 [running]> on host 17cff4ce87d9
[2026-03-29T23:22:47.702+0000] {taskinstance.py:2648} INFO - Exporting env vars: AIRFLOW_CTX_DAG_OWNER='***' AIRFLOW_CTX_DAG_ID='user_analytics' AIRFLOW_CTX_TASK_ID='merge_datasets' AIRFLOW_CTX_EXECUTION_DATE='2026-03-28T00:00:00+00:00' AIRFLOW_CTX_TRY_NUMBER='1' AIRFLOW_CTX_DAG_RUN_ID='scheduled__2026-03-28T00:00:00+00:00'
[2026-03-29T23:22:47.705+0000] {taskinstance.py:430} INFO - ::endgroup::
[2026-03-29T23:22:47.730+0000] {logging_mixin.py:188} INFO - Merged 10 trades. Total records now: 10
[2026-03-29T23:22:47.731+0000] {python.py:237} INFO - Done. Returned value was: None
[2026-03-29T23:22:47.732+0000] {taskinstance.py:441} INFO - ::group::Post task execution logs
[2026-03-29T23:22:47.744+0000] {taskinstance.py:1206} INFO - Marking task as SUCCESS. dag_id=user_analytics, task_id=merge_datasets, run_id=scheduled__2026-03-28T00:00:00+00:00, execution_date=20260328T000000, start_date=20260329T232247, end_date=20260329T232247
[2026-03-29T23:22:47.777+0000] {local_task_job_runner.py:240} INFO - Task exited with return code 0
[2026-03-29T23:22:47.811+0000] {taskinstance.py:3503} INFO - 1 downstream tasks scheduled from follow-on schedule check
[2026-03-29T23:22:47.815+0000] {local_task_job_runner.py:222} INFO - ::endgroup::
