[2026-03-29T15:13:10.154+0000] {local_task_job_runner.py:120} INFO - ::group::Pre task execution logs
[2026-03-29T15:13:10.211+0000] {taskinstance.py:2076} INFO - Dependencies all met for dep_context=non-requeueable deps ti=<TaskInstance: static_trades_analytics.merge_static_trades scheduled__2026-03-28T00:00:00+00:00 [queued]>
[2026-03-29T15:13:10.220+0000] {taskinstance.py:2076} INFO - Dependencies all met for dep_context=requeueable deps ti=<TaskInstance: static_trades_analytics.merge_static_trades scheduled__2026-03-28T00:00:00+00:00 [queued]>
[2026-03-29T15:13:10.221+0000] {taskinstance.py:2306} INFO - Starting attempt 1 of 1
[2026-03-29T15:13:10.261+0000] {taskinstance.py:2330} INFO - Executing <Task(PythonOperator): merge_static_trades> on 2026-03-28 00:00:00+00:00
[2026-03-29T15:13:10.314+0000] {logging_mixin.py:188} WARNING - /home/***/.local/lib/python3.12/site-packages/***/task/task_runner/standard_task_runner.py:61 DeprecationWarning: This process (pid=292) is multi-threaded, use of fork() may lead to deadlocks in the child.
[2026-03-29T15:13:10.330+0000] {standard_task_runner.py:63} INFO - Started process 296 to run task
[2026-03-29T15:13:10.339+0000] {standard_task_runner.py:90} INFO - Running: ['***', 'tasks', 'run', 'static_trades_analytics', 'merge_static_trades', 'scheduled__2026-03-28T00:00:00+00:00', '--job-id', '14', '--raw', '--subdir', 'DAGS_FOLDER/static_user_analytics.py', '--cfg-path', '/tmp/tmpp8ph6iqd']
[2026-03-29T15:13:10.350+0000] {standard_task_runner.py:91} INFO - Job 14: Subtask merge_static_trades
[2026-03-29T15:13:10.420+0000] {logging_mixin.py:188} WARNING - /home/***/.local/lib/python3.12/site-packages/***/settings.py:195 DeprecationWarning: The sql_alchemy_conn option in [core] has been moved to the sql_alchemy_conn option in [database] - the old setting has been used, but please update your config.
[2026-03-29T15:13:10.528+0000] {task_command.py:426} INFO - Running <TaskInstance: static_trades_analytics.merge_static_trades scheduled__2026-03-28T00:00:00+00:00 [running]> on host 8dbda78c73fd
[2026-03-29T15:13:10.733+0000] {taskinstance.py:2648} INFO - Exporting env vars: AIRFLOW_CTX_DAG_OWNER='***' AIRFLOW_CTX_DAG_ID='static_trades_analytics' AIRFLOW_CTX_TASK_ID='merge_static_trades' AIRFLOW_CTX_EXECUTION_DATE='2026-03-28T00:00:00+00:00' AIRFLOW_CTX_TRY_NUMBER='1' AIRFLOW_CTX_DAG_RUN_ID='scheduled__2026-03-28T00:00:00+00:00'
[2026-03-29T15:13:10.735+0000] {taskinstance.py:430} INFO - ::endgroup::
[2026-03-29T15:13:10.771+0000] {logging_mixin.py:188} INFO - Merged 4 trades. Total records now: 4
[2026-03-29T15:13:10.772+0000] {python.py:237} INFO - Done. Returned value was: None
[2026-03-29T15:13:10.773+0000] {taskinstance.py:441} INFO - ::group::Post task execution logs
[2026-03-29T15:13:10.802+0000] {taskinstance.py:1206} INFO - Marking task as SUCCESS. dag_id=static_trades_analytics, task_id=merge_static_trades, run_id=scheduled__2026-03-28T00:00:00+00:00, execution_date=20260328T000000, start_date=20260329T151310, end_date=20260329T151310
[2026-03-29T15:13:10.884+0000] {local_task_job_runner.py:240} INFO - Task exited with return code 0
[2026-03-29T15:13:10.942+0000] {taskinstance.py:3503} INFO - 1 downstream tasks scheduled from follow-on schedule check
[2026-03-29T15:13:10.946+0000] {local_task_job_runner.py:222} INFO - ::endgroup::
[2026-03-29T22:51:25.567+0000] {local_task_job_runner.py:120} INFO - ::group::Pre task execution logs
[2026-03-29T22:51:25.623+0000] {taskinstance.py:2076} INFO - Dependencies all met for dep_context=non-requeueable deps ti=<TaskInstance: static_trades_analytics.merge_static_trades scheduled__2026-03-28T00:00:00+00:00 [queued]>
[2026-03-29T22:51:25.633+0000] {taskinstance.py:2076} INFO - Dependencies all met for dep_context=requeueable deps ti=<TaskInstance: static_trades_analytics.merge_static_trades scheduled__2026-03-28T00:00:00+00:00 [queued]>
[2026-03-29T22:51:25.633+0000] {taskinstance.py:2306} INFO - Starting attempt 1 of 1
[2026-03-29T22:51:25.646+0000] {taskinstance.py:2330} INFO - Executing <Task(PythonOperator): merge_static_trades> on 2026-03-28 00:00:00+00:00
[2026-03-29T22:51:25.661+0000] {logging_mixin.py:188} WARNING - /home/***/.local/lib/python3.12/site-packages/***/task/task_runner/standard_task_runner.py:61 DeprecationWarning: This process (pid=686) is multi-threaded, use of fork() may lead to deadlocks in the child.
[2026-03-29T22:51:25.664+0000] {standard_task_runner.py:63} INFO - Started process 696 to run task
[2026-03-29T22:51:25.662+0000] {standard_task_runner.py:90} INFO - Running: ['***', 'tasks', 'run', 'static_trades_analytics', 'merge_static_trades', 'scheduled__2026-03-28T00:00:00+00:00', '--job-id', '8', '--raw', '--subdir', 'DAGS_FOLDER/static_user_analytics.py', '--cfg-path', '/tmp/tmpx902mxjv']
[2026-03-29T22:51:25.667+0000] {standard_task_runner.py:91} INFO - Job 8: Subtask merge_static_trades
[2026-03-29T22:51:25.692+0000] {logging_mixin.py:188} WARNING - /home/***/.local/lib/python3.12/site-packages/***/settings.py:195 DeprecationWarning: The sql_alchemy_conn option in [core] has been moved to the sql_alchemy_conn option in [database] - the old setting has been used, but please update your config.
[2026-03-29T22:51:25.739+0000] {task_command.py:426} INFO - Running <TaskInstance: static_trades_analytics.merge_static_trades scheduled__2026-03-28T00:00:00+00:00 [running]> on host df8f2fa6a7f4
[2026-03-29T22:51:25.856+0000] {taskinstance.py:2648} INFO - Exporting env vars: AIRFLOW_CTX_DAG_OWNER='***' AIRFLOW_CTX_DAG_ID='static_trades_analytics' AIRFLOW_CTX_TASK_ID='merge_static_trades' AIRFLOW_CTX_EXECUTION_DATE='2026-03-28T00:00:00+00:00' AIRFLOW_CTX_TRY_NUMBER='1' AIRFLOW_CTX_DAG_RUN_ID='scheduled__2026-03-28T00:00:00+00:00'
[2026-03-29T22:51:25.857+0000] {taskinstance.py:430} INFO - ::endgroup::
[2026-03-29T22:51:25.874+0000] {logging_mixin.py:188} INFO - Merged 4 trades. Total records now: 4
[2026-03-29T22:51:25.874+0000] {python.py:237} INFO - Done. Returned value was: None
[2026-03-29T22:51:25.875+0000] {taskinstance.py:441} INFO - ::group::Post task execution logs
[2026-03-29T22:51:25.892+0000] {taskinstance.py:1206} INFO - Marking task as SUCCESS. dag_id=static_trades_analytics, task_id=merge_static_trades, run_id=scheduled__2026-03-28T00:00:00+00:00, execution_date=20260328T000000, start_date=20260329T225125, end_date=20260329T225125
[2026-03-29T22:51:25.920+0000] {local_task_job_runner.py:240} INFO - Task exited with return code 0
[2026-03-29T22:51:25.941+0000] {taskinstance.py:3503} INFO - 1 downstream tasks scheduled from follow-on schedule check
[2026-03-29T22:51:25.942+0000] {local_task_job_runner.py:222} INFO - ::endgroup::
[2026-03-29T23:00:58.093+0000] {local_task_job_runner.py:120} INFO - ::group::Pre task execution logs
[2026-03-29T23:00:58.146+0000] {taskinstance.py:2076} INFO - Dependencies all met for dep_context=non-requeueable deps ti=<TaskInstance: static_trades_analytics.merge_static_trades scheduled__2026-03-28T00:00:00+00:00 [queued]>
[2026-03-29T23:00:58.155+0000] {taskinstance.py:2076} INFO - Dependencies all met for dep_context=requeueable deps ti=<TaskInstance: static_trades_analytics.merge_static_trades scheduled__2026-03-28T00:00:00+00:00 [queued]>
[2026-03-29T23:00:58.156+0000] {taskinstance.py:2306} INFO - Starting attempt 1 of 1
[2026-03-29T23:00:58.173+0000] {taskinstance.py:2330} INFO - Executing <Task(PythonOperator): merge_static_trades> on 2026-03-28 00:00:00+00:00
[2026-03-29T23:00:58.193+0000] {standard_task_runner.py:90} INFO - Running: ['***', 'tasks', 'run', 'static_trades_analytics', 'merge_static_trades', 'scheduled__2026-03-28T00:00:00+00:00', '--job-id', '14', '--raw', '--subdir', 'DAGS_FOLDER/static_user_analytics.py', '--cfg-path', '/tmp/tmpn64d6ev8']
[2026-03-29T23:00:58.195+0000] {standard_task_runner.py:91} INFO - Job 14: Subtask merge_static_trades
[2026-03-29T23:00:58.195+0000] {logging_mixin.py:188} WARNING - /home/***/.local/lib/python3.12/site-packages/***/task/task_runner/standard_task_runner.py:61 DeprecationWarning: This process (pid=369) is multi-threaded, use of fork() may lead to deadlocks in the child.
[2026-03-29T23:00:58.197+0000] {standard_task_runner.py:63} INFO - Started process 380 to run task
[2026-03-29T23:00:58.214+0000] {logging_mixin.py:188} WARNING - /home/***/.local/lib/python3.12/site-packages/***/settings.py:195 DeprecationWarning: The sql_alchemy_conn option in [core] has been moved to the sql_alchemy_conn option in [database] - the old setting has been used, but please update your config.
[2026-03-29T23:00:58.263+0000] {task_command.py:426} INFO - Running <TaskInstance: static_trades_analytics.merge_static_trades scheduled__2026-03-28T00:00:00+00:00 [running]> on host 6b3b88b70881
[2026-03-29T23:00:58.412+0000] {taskinstance.py:2648} INFO - Exporting env vars: AIRFLOW_CTX_DAG_OWNER='***' AIRFLOW_CTX_DAG_ID='static_trades_analytics' AIRFLOW_CTX_TASK_ID='merge_static_trades' AIRFLOW_CTX_EXECUTION_DATE='2026-03-28T00:00:00+00:00' AIRFLOW_CTX_TRY_NUMBER='1' AIRFLOW_CTX_DAG_RUN_ID='scheduled__2026-03-28T00:00:00+00:00'
[2026-03-29T23:00:58.413+0000] {taskinstance.py:430} INFO - ::endgroup::
[2026-03-29T23:00:58.451+0000] {logging_mixin.py:188} INFO - Merged 4 trades. Total records now: 4
[2026-03-29T23:00:58.452+0000] {python.py:237} INFO - Done. Returned value was: None
[2026-03-29T23:00:58.453+0000] {taskinstance.py:441} INFO - ::group::Post task execution logs
[2026-03-29T23:00:58.495+0000] {taskinstance.py:1206} INFO - Marking task as SUCCESS. dag_id=static_trades_analytics, task_id=merge_static_trades, run_id=scheduled__2026-03-28T00:00:00+00:00, execution_date=20260328T000000, start_date=20260329T230058, end_date=20260329T230058
[2026-03-29T23:00:58.578+0000] {local_task_job_runner.py:240} INFO - Task exited with return code 0
[2026-03-29T23:00:58.628+0000] {taskinstance.py:3503} INFO - 1 downstream tasks scheduled from follow-on schedule check
[2026-03-29T23:00:58.636+0000] {local_task_job_runner.py:222} INFO - ::endgroup::
[2026-03-29T23:09:26.705+0000] {local_task_job_runner.py:120} INFO - ::group::Pre task execution logs
[2026-03-29T23:09:26.804+0000] {taskinstance.py:2076} INFO - Dependencies all met for dep_context=non-requeueable deps ti=<TaskInstance: static_trades_analytics.merge_static_trades scheduled__2026-03-28T00:00:00+00:00 [queued]>
[2026-03-29T23:09:26.820+0000] {taskinstance.py:2076} INFO - Dependencies all met for dep_context=requeueable deps ti=<TaskInstance: static_trades_analytics.merge_static_trades scheduled__2026-03-28T00:00:00+00:00 [queued]>
[2026-03-29T23:09:26.820+0000] {taskinstance.py:2306} INFO - Starting attempt 1 of 1
[2026-03-29T23:09:26.855+0000] {taskinstance.py:2330} INFO - Executing <Task(PythonOperator): merge_static_trades> on 2026-03-28 00:00:00+00:00
[2026-03-29T23:09:26.886+0000] {logging_mixin.py:188} WARNING - /home/***/.local/lib/python3.12/site-packages/***/task/task_runner/standard_task_runner.py:61 DeprecationWarning: This process (pid=462) is multi-threaded, use of fork() may lead to deadlocks in the child.
[2026-03-29T23:09:26.887+0000] {standard_task_runner.py:63} INFO - Started process 476 to run task
[2026-03-29T23:09:26.889+0000] {standard_task_runner.py:90} INFO - Running: ['***', 'tasks', 'run', 'static_trades_analytics', 'merge_static_trades', 'scheduled__2026-03-28T00:00:00+00:00', '--job-id', '15', '--raw', '--subdir', 'DAGS_FOLDER/static_user_analytics.py', '--cfg-path', '/tmp/tmpcsrgmvjz']
[2026-03-29T23:09:26.899+0000] {standard_task_runner.py:91} INFO - Job 15: Subtask merge_static_trades
[2026-03-29T23:09:26.941+0000] {logging_mixin.py:188} WARNING - /home/***/.local/lib/python3.12/site-packages/***/settings.py:195 DeprecationWarning: The sql_alchemy_conn option in [core] has been moved to the sql_alchemy_conn option in [database] - the old setting has been used, but please update your config.
[2026-03-29T23:09:27.021+0000] {task_command.py:426} INFO - Running <TaskInstance: static_trades_analytics.merge_static_trades scheduled__2026-03-28T00:00:00+00:00 [running]> on host 90473cbdc518
[2026-03-29T23:09:27.205+0000] {taskinstance.py:2648} INFO - Exporting env vars: AIRFLOW_CTX_DAG_OWNER='***' AIRFLOW_CTX_DAG_ID='static_trades_analytics' AIRFLOW_CTX_TASK_ID='merge_static_trades' AIRFLOW_CTX_EXECUTION_DATE='2026-03-28T00:00:00+00:00' AIRFLOW_CTX_TRY_NUMBER='1' AIRFLOW_CTX_DAG_RUN_ID='scheduled__2026-03-28T00:00:00+00:00'
[2026-03-29T23:09:27.206+0000] {taskinstance.py:430} INFO - ::endgroup::
[2026-03-29T23:09:27.222+0000] {logging_mixin.py:188} INFO - Merged 4 trades. Total records now: 4
[2026-03-29T23:09:27.223+0000] {python.py:237} INFO - Done. Returned value was: None
[2026-03-29T23:09:27.224+0000] {taskinstance.py:441} INFO - ::group::Post task execution logs
[2026-03-29T23:09:27.239+0000] {taskinstance.py:1206} INFO - Marking task as SUCCESS. dag_id=static_trades_analytics, task_id=merge_static_trades, run_id=scheduled__2026-03-28T00:00:00+00:00, execution_date=20260328T000000, start_date=20260329T230926, end_date=20260329T230927
[2026-03-29T23:09:27.309+0000] {local_task_job_runner.py:240} INFO - Task exited with return code 0
[2026-03-29T23:09:27.347+0000] {taskinstance.py:3503} INFO - 1 downstream tasks scheduled from follow-on schedule check
[2026-03-29T23:09:27.359+0000] {local_task_job_runner.py:222} INFO - ::endgroup::
[2026-03-29T23:22:40.093+0000] {local_task_job_runner.py:120} INFO - ::group::Pre task execution logs
[2026-03-29T23:22:40.172+0000] {taskinstance.py:2076} INFO - Dependencies all met for dep_context=non-requeueable deps ti=<TaskInstance: static_trades_analytics.merge_static_trades scheduled__2026-03-28T00:00:00+00:00 [queued]>
[2026-03-29T23:22:40.183+0000] {taskinstance.py:2076} INFO - Dependencies all met for dep_context=requeueable deps ti=<TaskInstance: static_trades_analytics.merge_static_trades scheduled__2026-03-28T00:00:00+00:00 [queued]>
[2026-03-29T23:22:40.183+0000] {taskinstance.py:2306} INFO - Starting attempt 1 of 1
[2026-03-29T23:22:40.211+0000] {taskinstance.py:2330} INFO - Executing <Task(PythonOperator): merge_static_trades> on 2026-03-28 00:00:00+00:00
[2026-03-29T23:22:40.228+0000] {logging_mixin.py:188} WARNING - /home/***/.local/lib/python3.12/site-packages/***/task/task_runner/standard_task_runner.py:61 DeprecationWarning: This process (pid=726) is multi-threaded, use of fork() may lead to deadlocks in the child.
[2026-03-29T23:22:40.230+0000] {standard_task_runner.py:63} INFO - Started process 738 to run task
[2026-03-29T23:22:40.226+0000] {standard_task_runner.py:90} INFO - Running: ['***', 'tasks', 'run', 'static_trades_analytics', 'merge_static_trades', 'scheduled__2026-03-28T00:00:00+00:00', '--job-id', '15', '--raw', '--subdir', 'DAGS_FOLDER/static_user_analytics.py', '--cfg-path', '/tmp/tmpwvwvyd53']
[2026-03-29T23:22:40.232+0000] {standard_task_runner.py:91} INFO - Job 15: Subtask merge_static_trades
[2026-03-29T23:22:40.252+0000] {logging_mixin.py:188} WARNING - /home/***/.local/lib/python3.12/site-packages/***/settings.py:195 DeprecationWarning: The sql_alchemy_conn option in [core] has been moved to the sql_alchemy_conn option in [database] - the old setting has been used, but please update your config.
[2026-03-29T23:22:40.343+0000] {task_command.py:426} INFO - Running <TaskInstance: static_trades_analytics.merge_static_trades scheduled__2026-03-28T00:00:00+00:00 [running]> on host 17cff4ce87d9
[2026-03-29T23:22:40.564+0000] {taskinstance.py:2648} INFO - Exporting env vars: AIRFLOW_CTX_DAG_OWNER='***' AIRFLOW_CTX_DAG_ID='static_trades_analytics' AIRFLOW_CTX_TASK_ID='merge_static_trades' AIRFLOW_CTX_EXECUTION_DATE='2026-03-28T00:00:00+00:00' AIRFLOW_CTX_TRY_NUMBER='1' AIRFLOW_CTX_DAG_RUN_ID='scheduled__2026-03-28T00:00:00+00:00'
[2026-03-29T23:22:40.566+0000] {taskinstance.py:430} INFO - ::endgroup::
[2026-03-29T23:22:40.582+0000] {logging_mixin.py:188} INFO - Merged 4 trades. Total records now: 4
[2026-03-29T23:22:40.582+0000] {python.py:237} INFO - Done. Returned value was: None
[2026-03-29T23:22:40.582+0000] {taskinstance.py:441} INFO - ::group::Post task execution logs
[2026-03-29T23:22:40.603+0000] {taskinstance.py:1206} INFO - Marking task as SUCCESS. dag_id=static_trades_analytics, task_id=merge_static_trades, run_id=scheduled__2026-03-28T00:00:00+00:00, execution_date=20260328T000000, start_date=20260329T232240, end_date=20260329T232240
[2026-03-29T23:22:40.660+0000] {local_task_job_runner.py:240} INFO - Task exited with return code 0
[2026-03-29T23:22:40.692+0000] {taskinstance.py:3503} INFO - 1 downstream tasks scheduled from follow-on schedule check
[2026-03-29T23:22:40.693+0000] {local_task_job_runner.py:222} INFO - ::endgroup::
