[2026-03-29T12:14:53.492+0000] {local_task_job_runner.py:120} INFO - ::group::Pre task execution logs
[2026-03-29T12:14:53.594+0000] {taskinstance.py:2076} INFO - Dependencies all met for dep_context=non-requeueable deps ti=<TaskInstance: user_analytics.clean_trade_data manual__2026-03-29T12:14:21.684834+00:00 [queued]>
[2026-03-29T12:14:53.616+0000] {taskinstance.py:2076} INFO - Dependencies all met for dep_context=requeueable deps ti=<TaskInstance: user_analytics.clean_trade_data manual__2026-03-29T12:14:21.684834+00:00 [queued]>
[2026-03-29T12:14:53.617+0000] {taskinstance.py:2306} INFO - Starting attempt 1 of 1
[2026-03-29T12:14:53.707+0000] {taskinstance.py:2330} INFO - Executing <Task(PythonOperator): clean_trade_data> on 2026-03-29 12:14:21.684834+00:00
[2026-03-29T12:14:53.733+0000] {logging_mixin.py:188} WARNING - /home/***/.local/lib/python3.12/site-packages/***/task/task_runner/standard_task_runner.py:61 DeprecationWarning: This process (pid=358) is multi-threaded, use of fork() may lead to deadlocks in the child.
[2026-03-29T12:14:53.734+0000] {standard_task_runner.py:63} INFO - Started process 371 to run task
[2026-03-29T12:14:53.733+0000] {standard_task_runner.py:90} INFO - Running: ['***', 'tasks', 'run', 'user_analytics', 'clean_trade_data', 'manual__2026-03-29T12:14:21.684834+00:00', '--job-id', '19', '--raw', '--subdir', 'DAGS_FOLDER/user_analytics.py', '--cfg-path', '/tmp/tmpfhaq0p74']
[2026-03-29T12:14:53.746+0000] {standard_task_runner.py:91} INFO - Job 19: Subtask clean_trade_data
[2026-03-29T12:14:53.790+0000] {logging_mixin.py:188} WARNING - /home/***/.local/lib/python3.12/site-packages/***/settings.py:195 DeprecationWarning: The sql_alchemy_conn option in [core] has been moved to the sql_alchemy_conn option in [database] - the old setting has been used, but please update your config.
[2026-03-29T12:14:53.896+0000] {task_command.py:426} INFO - Running <TaskInstance: user_analytics.clean_trade_data manual__2026-03-29T12:14:21.684834+00:00 [running]> on host 8536c3ac8533
[2026-03-29T12:14:54.316+0000] {taskinstance.py:2648} INFO - Exporting env vars: AIRFLOW_CTX_DAG_OWNER='***' AIRFLOW_CTX_DAG_ID='user_analytics' AIRFLOW_CTX_TASK_ID='clean_trade_data' AIRFLOW_CTX_EXECUTION_DATE='2026-03-29T12:14:21.684834+00:00' AIRFLOW_CTX_TRY_NUMBER='1' AIRFLOW_CTX_DAG_RUN_ID='manual__2026-03-29T12:14:21.684834+00:00'
[2026-03-29T12:14:54.322+0000] {taskinstance.py:430} INFO - ::endgroup::
[2026-03-29T12:14:54.420+0000] {logging_mixin.py:188} INFO - Cleaned data saved to /opt/***/temp/transformed.csv, 10 rows kept.
[2026-03-29T12:14:54.422+0000] {python.py:237} INFO - Done. Returned value was: None
[2026-03-29T12:14:54.424+0000] {taskinstance.py:441} INFO - ::group::Post task execution logs
[2026-03-29T12:14:54.458+0000] {taskinstance.py:1206} INFO - Marking task as SUCCESS. dag_id=user_analytics, task_id=clean_trade_data, run_id=manual__2026-03-29T12:14:21.684834+00:00, execution_date=20260329T121421, start_date=20260329T121453, end_date=20260329T121454
[2026-03-29T12:14:54.540+0000] {local_task_job_runner.py:240} INFO - Task exited with return code 0
[2026-03-29T12:14:54.590+0000] {taskinstance.py:3503} INFO - 1 downstream tasks scheduled from follow-on schedule check
[2026-03-29T12:14:54.594+0000] {local_task_job_runner.py:222} INFO - ::endgroup::
