[2026-03-29T13:52:59.864+0000] {local_task_job_runner.py:120} INFO - ::group::Pre task execution logs
[2026-03-29T13:52:59.919+0000] {taskinstance.py:2076} INFO - Dependencies all met for dep_context=non-requeueable deps ti=<TaskInstance: live_trades_analytics.merge_live_trades manual__2026-03-29T13:52:39.287385+00:00 [queued]>
[2026-03-29T13:52:59.928+0000] {taskinstance.py:2076} INFO - Dependencies all met for dep_context=requeueable deps ti=<TaskInstance: live_trades_analytics.merge_live_trades manual__2026-03-29T13:52:39.287385+00:00 [queued]>
[2026-03-29T13:52:59.928+0000] {taskinstance.py:2306} INFO - Starting attempt 1 of 1
[2026-03-29T13:52:59.943+0000] {taskinstance.py:2330} INFO - Executing <Task(PythonOperator): merge_live_trades> on 2026-03-29 13:52:39.287385+00:00
[2026-03-29T13:52:59.957+0000] {logging_mixin.py:188} WARNING - /home/***/.local/lib/python3.12/site-packages/***/task/task_runner/standard_task_runner.py:61 DeprecationWarning: This process (pid=255) is multi-threaded, use of fork() may lead to deadlocks in the child.
[2026-03-29T13:52:59.962+0000] {standard_task_runner.py:63} INFO - Started process 258 to run task
[2026-03-29T13:52:59.959+0000] {standard_task_runner.py:90} INFO - Running: ['***', 'tasks', 'run', 'live_trades_analytics', 'merge_live_trades', 'manual__2026-03-29T13:52:39.287385+00:00', '--job-id', '8', '--raw', '--subdir', 'DAGS_FOLDER/live_user_analytics.py', '--cfg-path', '/tmp/tmp4y1t71ch']
[2026-03-29T13:52:59.967+0000] {standard_task_runner.py:91} INFO - Job 8: Subtask merge_live_trades
[2026-03-29T13:52:59.997+0000] {logging_mixin.py:188} WARNING - /home/***/.local/lib/python3.12/site-packages/***/settings.py:195 DeprecationWarning: The sql_alchemy_conn option in [core] has been moved to the sql_alchemy_conn option in [database] - the old setting has been used, but please update your config.
[2026-03-29T13:53:00.051+0000] {task_command.py:426} INFO - Running <TaskInstance: live_trades_analytics.merge_live_trades manual__2026-03-29T13:52:39.287385+00:00 [running]> on host 3171732d1af6
[2026-03-29T13:53:00.182+0000] {taskinstance.py:2648} INFO - Exporting env vars: AIRFLOW_CTX_DAG_OWNER='***' AIRFLOW_CTX_DAG_ID='live_trades_analytics' AIRFLOW_CTX_TASK_ID='merge_live_trades' AIRFLOW_CTX_EXECUTION_DATE='2026-03-29T13:52:39.287385+00:00' AIRFLOW_CTX_TRY_NUMBER='1' AIRFLOW_CTX_DAG_RUN_ID='manual__2026-03-29T13:52:39.287385+00:00'
[2026-03-29T13:53:00.185+0000] {taskinstance.py:430} INFO - ::endgroup::
[2026-03-29T13:53:00.203+0000] {taskinstance.py:441} INFO - ::group::Post task execution logs
[2026-03-29T13:53:00.203+0000] {taskinstance.py:2905} ERROR - Task failed with exception
Traceback (most recent call last):
  File "/home/airflow/.local/lib/python3.12/site-packages/airflow/models/taskinstance.py", line 465, in _execute_task
    result = _execute_callable(context=context, **execute_callable_kwargs)
             ^^^^^^^^^^^^^^^^^^^^^^^^^^^^^^^^^^^^^^^^^^^^^^^^^^^^^^^^^^^^^
  File "/home/airflow/.local/lib/python3.12/site-packages/airflow/models/taskinstance.py", line 432, in _execute_callable
    return execute_callable(context=context, **execute_callable_kwargs)
           ^^^^^^^^^^^^^^^^^^^^^^^^^^^^^^^^^^^^^^^^^^^^^^^^^^^^^^^^^^^^
  File "/home/airflow/.local/lib/python3.12/site-packages/airflow/models/baseoperator.py", line 401, in wrapper
    return func(self, *args, **kwargs)
           ^^^^^^^^^^^^^^^^^^^^^^^^^^^
  File "/home/airflow/.local/lib/python3.12/site-packages/airflow/operators/python.py", line 235, in execute
    return_value = self.execute_callable()
                   ^^^^^^^^^^^^^^^^^^^^^^^
  File "/home/airflow/.local/lib/python3.12/site-packages/airflow/operators/python.py", line 252, in execute_callable
    return self.python_callable(*self.op_args, **self.op_kwargs)
           ^^^^^^^^^^^^^^^^^^^^^^^^^^^^^^^^^^^^^^^^^^^^^^^^^^^^^
  File "/opt/airflow/dags/live_user_analytics.py", line 71, in <lambda>
    python_callable=lambda: merge_trades(LIVE_TRANSFORMED_CSV, LIVE_FINAL_CSV)
                            ^^^^^^^^^^^^
NameError: name 'merge_trades' is not defined. Did you mean: 'merge_trades_csv'?
[2026-03-29T13:53:00.227+0000] {taskinstance.py:1206} INFO - Marking task as FAILED. dag_id=live_trades_analytics, task_id=merge_live_trades, run_id=manual__2026-03-29T13:52:39.287385+00:00, execution_date=20260329T135239, start_date=20260329T135259, end_date=20260329T135300
[2026-03-29T13:53:00.273+0000] {standard_task_runner.py:110} ERROR - Failed to execute job 8 for task merge_live_trades (name 'merge_trades' is not defined; 258)
[2026-03-29T13:53:00.309+0000] {local_task_job_runner.py:240} INFO - Task exited with return code 1
[2026-03-29T13:53:00.373+0000] {taskinstance.py:3503} INFO - 0 downstream tasks scheduled from follow-on schedule check
[2026-03-29T13:53:00.380+0000] {local_task_job_runner.py:222} INFO - ::endgroup::
