[2026-03-29T11:22:09.080+0000] {local_task_job_runner.py:120} INFO - ::group::Pre task execution logs
[2026-03-29T11:22:09.117+0000] {taskinstance.py:2076} INFO - Dependencies all met for dep_context=non-requeueable deps ti=<TaskInstance: live_trades_analytics.merge_live_trades scheduled__2026-03-28T00:00:00+00:00 [queued]>
[2026-03-29T11:22:09.125+0000] {taskinstance.py:2076} INFO - Dependencies all met for dep_context=requeueable deps ti=<TaskInstance: live_trades_analytics.merge_live_trades scheduled__2026-03-28T00:00:00+00:00 [queued]>
[2026-03-29T11:22:09.125+0000] {taskinstance.py:2306} INFO - Starting attempt 1 of 1
[2026-03-29T11:22:09.136+0000] {taskinstance.py:2330} INFO - Executing <Task(PythonOperator): merge_live_trades> on 2026-03-28 00:00:00+00:00
[2026-03-29T11:22:09.146+0000] {logging_mixin.py:188} WARNING - /home/***/.local/lib/python3.12/site-packages/***/task/task_runner/standard_task_runner.py:61 DeprecationWarning: This process (pid=236) is multi-threaded, use of fork() may lead to deadlocks in the child.
[2026-03-29T11:22:09.148+0000] {standard_task_runner.py:63} INFO - Started process 238 to run task
[2026-03-29T11:22:09.146+0000] {standard_task_runner.py:90} INFO - Running: ['***', 'tasks', 'run', 'live_trades_analytics', 'merge_live_trades', 'scheduled__2026-03-28T00:00:00+00:00', '--job-id', '17', '--raw', '--subdir', 'DAGS_FOLDER/live_user_analytics.py', '--cfg-path', '/tmp/tmpsqdfwtg3']
[2026-03-29T11:22:09.149+0000] {standard_task_runner.py:91} INFO - Job 17: Subtask merge_live_trades
[2026-03-29T11:22:09.164+0000] {logging_mixin.py:188} WARNING - /home/***/.local/lib/python3.12/site-packages/***/settings.py:195 DeprecationWarning: The sql_alchemy_conn option in [core] has been moved to the sql_alchemy_conn option in [database] - the old setting has been used, but please update your config.
[2026-03-29T11:22:09.202+0000] {task_command.py:426} INFO - Running <TaskInstance: live_trades_analytics.merge_live_trades scheduled__2026-03-28T00:00:00+00:00 [running]> on host 02a713b558cd
[2026-03-29T11:22:09.328+0000] {taskinstance.py:2648} INFO - Exporting env vars: AIRFLOW_CTX_DAG_OWNER='***' AIRFLOW_CTX_DAG_ID='live_trades_analytics' AIRFLOW_CTX_TASK_ID='merge_live_trades' AIRFLOW_CTX_EXECUTION_DATE='2026-03-28T00:00:00+00:00' AIRFLOW_CTX_TRY_NUMBER='1' AIRFLOW_CTX_DAG_RUN_ID='scheduled__2026-03-28T00:00:00+00:00'
[2026-03-29T11:22:09.330+0000] {taskinstance.py:430} INFO - ::endgroup::
[2026-03-29T11:22:09.367+0000] {logging_mixin.py:188} WARNING - /app/kafka_tutorial/consumer.py:79 FutureWarning: The behavior of DataFrame concatenation with empty or all-NA entries is deprecated. In a future version, this will no longer exclude empty or all-NA columns when determining the result dtypes. To retain the old behavior, exclude the relevant entries before the concat operation.
[2026-03-29T11:22:09.380+0000] {logging_mixin.py:188} INFO - Merged 12 trades. Market state now has 4 records.
[2026-03-29T11:22:09.380+0000] {python.py:237} INFO - Done. Returned value was: None
[2026-03-29T11:22:09.381+0000] {taskinstance.py:441} INFO - ::group::Post task execution logs
[2026-03-29T11:22:09.398+0000] {taskinstance.py:1206} INFO - Marking task as SUCCESS. dag_id=live_trades_analytics, task_id=merge_live_trades, run_id=scheduled__2026-03-28T00:00:00+00:00, execution_date=20260328T000000, start_date=20260329T112209, end_date=20260329T112209
[2026-03-29T11:22:09.443+0000] {local_task_job_runner.py:240} INFO - Task exited with return code 0
[2026-03-29T11:22:09.501+0000] {taskinstance.py:3503} INFO - 1 downstream tasks scheduled from follow-on schedule check
[2026-03-29T11:22:09.517+0000] {local_task_job_runner.py:222} INFO - ::endgroup::
[2026-03-29T11:55:15.407+0000] {local_task_job_runner.py:120} INFO - ::group::Pre task execution logs
[2026-03-29T11:55:15.460+0000] {taskinstance.py:2076} INFO - Dependencies all met for dep_context=non-requeueable deps ti=<TaskInstance: live_trades_analytics.merge_live_trades scheduled__2026-03-28T00:00:00+00:00 [queued]>
[2026-03-29T11:55:15.477+0000] {taskinstance.py:2076} INFO - Dependencies all met for dep_context=requeueable deps ti=<TaskInstance: live_trades_analytics.merge_live_trades scheduled__2026-03-28T00:00:00+00:00 [queued]>
[2026-03-29T11:55:15.477+0000] {taskinstance.py:2306} INFO - Starting attempt 1 of 1
[2026-03-29T11:55:15.491+0000] {taskinstance.py:2330} INFO - Executing <Task(PythonOperator): merge_live_trades> on 2026-03-28 00:00:00+00:00
[2026-03-29T11:55:15.509+0000] {logging_mixin.py:188} WARNING - /home/***/.local/lib/python3.12/site-packages/***/task/task_runner/standard_task_runner.py:61 DeprecationWarning: This process (pid=793) is multi-threaded, use of fork() may lead to deadlocks in the child.
[2026-03-29T11:55:15.511+0000] {standard_task_runner.py:63} INFO - Started process 798 to run task
[2026-03-29T11:55:15.510+0000] {standard_task_runner.py:90} INFO - Running: ['***', 'tasks', 'run', 'live_trades_analytics', 'merge_live_trades', 'scheduled__2026-03-28T00:00:00+00:00', '--job-id', '17', '--raw', '--subdir', 'DAGS_FOLDER/live_user_analytics.py', '--cfg-path', '/tmp/tmp1vzufql0']
[2026-03-29T11:55:15.517+0000] {standard_task_runner.py:91} INFO - Job 17: Subtask merge_live_trades
[2026-03-29T11:55:15.557+0000] {logging_mixin.py:188} WARNING - /home/***/.local/lib/python3.12/site-packages/***/settings.py:195 DeprecationWarning: The sql_alchemy_conn option in [core] has been moved to the sql_alchemy_conn option in [database] - the old setting has been used, but please update your config.
[2026-03-29T11:55:15.636+0000] {task_command.py:426} INFO - Running <TaskInstance: live_trades_analytics.merge_live_trades scheduled__2026-03-28T00:00:00+00:00 [running]> on host 18bc553606fe
[2026-03-29T11:55:15.788+0000] {taskinstance.py:2648} INFO - Exporting env vars: AIRFLOW_CTX_DAG_OWNER='***' AIRFLOW_CTX_DAG_ID='live_trades_analytics' AIRFLOW_CTX_TASK_ID='merge_live_trades' AIRFLOW_CTX_EXECUTION_DATE='2026-03-28T00:00:00+00:00' AIRFLOW_CTX_TRY_NUMBER='1' AIRFLOW_CTX_DAG_RUN_ID='scheduled__2026-03-28T00:00:00+00:00'
[2026-03-29T11:55:15.791+0000] {taskinstance.py:430} INFO - ::endgroup::
[2026-03-29T11:55:15.817+0000] {logging_mixin.py:188} WARNING - /app/kafka_tutorial/consumer.py:78 FutureWarning: The behavior of DataFrame concatenation with empty or all-NA entries is deprecated. In a future version, this will no longer exclude empty or all-NA columns when determining the result dtypes. To retain the old behavior, exclude the relevant entries before the concat operation.
[2026-03-29T11:55:15.826+0000] {taskinstance.py:441} INFO - ::group::Post task execution logs
[2026-03-29T11:55:15.827+0000] {taskinstance.py:2905} ERROR - Task failed with exception
Traceback (most recent call last):
  File "/home/airflow/.local/lib/python3.12/site-packages/airflow/models/taskinstance.py", line 465, in _execute_task
    result = _execute_callable(context=context, **execute_callable_kwargs)
             ^^^^^^^^^^^^^^^^^^^^^^^^^^^^^^^^^^^^^^^^^^^^^^^^^^^^^^^^^^^^^
  File "/home/airflow/.local/lib/python3.12/site-packages/airflow/models/taskinstance.py", line 432, in _execute_callable
    return execute_callable(context=context, **execute_callable_kwargs)
           ^^^^^^^^^^^^^^^^^^^^^^^^^^^^^^^^^^^^^^^^^^^^^^^^^^^^^^^^^^^^
  File "/home/airflow/.local/lib/python3.12/site-packages/airflow/models/baseoperator.py", line 401, in wrapper
    return func(self, *args, **kwargs)
           ^^^^^^^^^^^^^^^^^^^^^^^^^^^
  File "/home/airflow/.local/lib/python3.12/site-packages/airflow/operators/python.py", line 235, in execute
    return_value = self.execute_callable()
                   ^^^^^^^^^^^^^^^^^^^^^^^
  File "/home/airflow/.local/lib/python3.12/site-packages/airflow/operators/python.py", line 252, in execute_callable
    return self.python_callable(*self.op_args, **self.op_kwargs)
           ^^^^^^^^^^^^^^^^^^^^^^^^^^^^^^^^^^^^^^^^^^^^^^^^^^^^^
  File "/opt/airflow/dags/live_user_analytics.py", line 71, in <lambda>
    python_callable=lambda: merge_trades(LIVE_TRANSFORMED_CSV, LIVE_FINAL_CSV)
                            ^^^^^^^^^^^^^^^^^^^^^^^^^^^^^^^^^^^^^^^^^^^^^^^^^^
  File "/app/kafka_tutorial/consumer.py", line 88, in merge_trades
    market_state.to_csv(output_csv, index=False)
  File "/home/airflow/.local/lib/python3.12/site-packages/pandas/core/generic.py", line 3902, in to_csv
    return DataFrameRenderer(formatter).to_csv(
           ^^^^^^^^^^^^^^^^^^^^^^^^^^^^^^^^^^^^
  File "/home/airflow/.local/lib/python3.12/site-packages/pandas/io/formats/format.py", line 1152, in to_csv
    csv_formatter.save()
  File "/home/airflow/.local/lib/python3.12/site-packages/pandas/io/formats/csvs.py", line 247, in save
    with get_handle(
         ^^^^^^^^^^^
  File "/home/airflow/.local/lib/python3.12/site-packages/pandas/io/common.py", line 739, in get_handle
    check_parent_directory(str(handle))
  File "/home/airflow/.local/lib/python3.12/site-packages/pandas/io/common.py", line 604, in check_parent_directory
    raise OSError(rf"Cannot save file into a non-existent directory: '{parent}'")
OSError: Cannot save file into a non-existent directory: '/tmp/***/data'
[2026-03-29T11:55:15.844+0000] {taskinstance.py:1206} INFO - Marking task as FAILED. dag_id=live_trades_analytics, task_id=merge_live_trades, run_id=scheduled__2026-03-28T00:00:00+00:00, execution_date=20260328T000000, start_date=20260329T115515, end_date=20260329T115515
[2026-03-29T11:55:15.854+0000] {standard_task_runner.py:110} ERROR - Failed to execute job 17 for task merge_live_trades (Cannot save file into a non-existent directory: '/tmp/***/data'; 798)
[2026-03-29T11:55:15.891+0000] {local_task_job_runner.py:240} INFO - Task exited with return code 1
[2026-03-29T11:55:15.932+0000] {taskinstance.py:3503} INFO - 0 downstream tasks scheduled from follow-on schedule check
[2026-03-29T11:55:15.937+0000] {local_task_job_runner.py:222} INFO - ::endgroup::
[2026-03-29T12:05:50.724+0000] {local_task_job_runner.py:120} INFO - ::group::Pre task execution logs
[2026-03-29T12:05:51.071+0000] {taskinstance.py:2076} INFO - Dependencies all met for dep_context=non-requeueable deps ti=<TaskInstance: live_trades_analytics.merge_live_trades scheduled__2026-03-28T00:00:00+00:00 [queued]>
[2026-03-29T12:05:51.089+0000] {taskinstance.py:2076} INFO - Dependencies all met for dep_context=requeueable deps ti=<TaskInstance: live_trades_analytics.merge_live_trades scheduled__2026-03-28T00:00:00+00:00 [queued]>
[2026-03-29T12:05:51.090+0000] {taskinstance.py:2306} INFO - Starting attempt 1 of 1
[2026-03-29T12:05:51.109+0000] {taskinstance.py:2330} INFO - Executing <Task(PythonOperator): merge_live_trades> on 2026-03-28 00:00:00+00:00
[2026-03-29T12:05:51.138+0000] {logging_mixin.py:188} WARNING - /home/***/.local/lib/python3.12/site-packages/***/task/task_runner/standard_task_runner.py:61 DeprecationWarning: This process (pid=346) is multi-threaded, use of fork() may lead to deadlocks in the child.
[2026-03-29T12:05:51.142+0000] {standard_task_runner.py:63} INFO - Started process 358 to run task
[2026-03-29T12:05:51.137+0000] {standard_task_runner.py:90} INFO - Running: ['***', 'tasks', 'run', 'live_trades_analytics', 'merge_live_trades', 'scheduled__2026-03-28T00:00:00+00:00', '--job-id', '14', '--raw', '--subdir', 'DAGS_FOLDER/live_user_analytics.py', '--cfg-path', '/tmp/tmpm5sgug2w']
[2026-03-29T12:05:51.147+0000] {standard_task_runner.py:91} INFO - Job 14: Subtask merge_live_trades
[2026-03-29T12:05:51.188+0000] {logging_mixin.py:188} WARNING - /home/***/.local/lib/python3.12/site-packages/***/settings.py:195 DeprecationWarning: The sql_alchemy_conn option in [core] has been moved to the sql_alchemy_conn option in [database] - the old setting has been used, but please update your config.
[2026-03-29T12:05:51.303+0000] {task_command.py:426} INFO - Running <TaskInstance: live_trades_analytics.merge_live_trades scheduled__2026-03-28T00:00:00+00:00 [running]> on host 446454d9da59
[2026-03-29T12:05:51.697+0000] {taskinstance.py:2648} INFO - Exporting env vars: AIRFLOW_CTX_DAG_OWNER='***' AIRFLOW_CTX_DAG_ID='live_trades_analytics' AIRFLOW_CTX_TASK_ID='merge_live_trades' AIRFLOW_CTX_EXECUTION_DATE='2026-03-28T00:00:00+00:00' AIRFLOW_CTX_TRY_NUMBER='1' AIRFLOW_CTX_DAG_RUN_ID='scheduled__2026-03-28T00:00:00+00:00'
[2026-03-29T12:05:51.699+0000] {taskinstance.py:430} INFO - ::endgroup::
[2026-03-29T12:05:51.807+0000] {logging_mixin.py:188} WARNING - /app/kafka_tutorial/consumer.py:80 FutureWarning: The behavior of DataFrame concatenation with empty or all-NA entries is deprecated. In a future version, this will no longer exclude empty or all-NA columns when determining the result dtypes. To retain the old behavior, exclude the relevant entries before the concat operation.
[2026-03-29T12:05:51.879+0000] {logging_mixin.py:188} INFO - Merged 4 trades. Market state now has 4 records.
[2026-03-29T12:05:51.888+0000] {python.py:237} INFO - Done. Returned value was: None
[2026-03-29T12:05:51.891+0000] {taskinstance.py:441} INFO - ::group::Post task execution logs
[2026-03-29T12:05:51.944+0000] {taskinstance.py:1206} INFO - Marking task as SUCCESS. dag_id=live_trades_analytics, task_id=merge_live_trades, run_id=scheduled__2026-03-28T00:00:00+00:00, execution_date=20260328T000000, start_date=20260329T120551, end_date=20260329T120551
[2026-03-29T12:05:52.015+0000] {local_task_job_runner.py:240} INFO - Task exited with return code 0
[2026-03-29T12:05:52.077+0000] {taskinstance.py:3503} INFO - 1 downstream tasks scheduled from follow-on schedule check
[2026-03-29T12:05:52.080+0000] {local_task_job_runner.py:222} INFO - ::endgroup::
[2026-03-29T12:14:48.935+0000] {local_task_job_runner.py:120} INFO - ::group::Pre task execution logs
[2026-03-29T12:14:49.032+0000] {taskinstance.py:2076} INFO - Dependencies all met for dep_context=non-requeueable deps ti=<TaskInstance: live_trades_analytics.merge_live_trades scheduled__2026-03-28T00:00:00+00:00 [queued]>
[2026-03-29T12:14:49.057+0000] {taskinstance.py:2076} INFO - Dependencies all met for dep_context=requeueable deps ti=<TaskInstance: live_trades_analytics.merge_live_trades scheduled__2026-03-28T00:00:00+00:00 [queued]>
[2026-03-29T12:14:49.058+0000] {taskinstance.py:2306} INFO - Starting attempt 1 of 1
[2026-03-29T12:14:49.153+0000] {taskinstance.py:2330} INFO - Executing <Task(PythonOperator): merge_live_trades> on 2026-03-28 00:00:00+00:00
[2026-03-29T12:14:49.213+0000] {standard_task_runner.py:90} INFO - Running: ['***', 'tasks', 'run', 'live_trades_analytics', 'merge_live_trades', 'scheduled__2026-03-28T00:00:00+00:00', '--job-id', '15', '--raw', '--subdir', 'DAGS_FOLDER/live_user_analytics.py', '--cfg-path', '/tmp/tmp0llmjaaz']
[2026-03-29T12:14:49.227+0000] {logging_mixin.py:188} WARNING - /home/***/.local/lib/python3.12/site-packages/***/task/task_runner/standard_task_runner.py:61 DeprecationWarning: This process (pid=336) is multi-threaded, use of fork() may lead to deadlocks in the child.
[2026-03-29T12:14:49.234+0000] {standard_task_runner.py:63} INFO - Started process 348 to run task
[2026-03-29T12:14:49.232+0000] {standard_task_runner.py:91} INFO - Job 15: Subtask merge_live_trades
[2026-03-29T12:14:49.293+0000] {logging_mixin.py:188} WARNING - /home/***/.local/lib/python3.12/site-packages/***/settings.py:195 DeprecationWarning: The sql_alchemy_conn option in [core] has been moved to the sql_alchemy_conn option in [database] - the old setting has been used, but please update your config.
[2026-03-29T12:14:49.426+0000] {task_command.py:426} INFO - Running <TaskInstance: live_trades_analytics.merge_live_trades scheduled__2026-03-28T00:00:00+00:00 [running]> on host 8536c3ac8533
[2026-03-29T12:14:49.744+0000] {taskinstance.py:2648} INFO - Exporting env vars: AIRFLOW_CTX_DAG_OWNER='***' AIRFLOW_CTX_DAG_ID='live_trades_analytics' AIRFLOW_CTX_TASK_ID='merge_live_trades' AIRFLOW_CTX_EXECUTION_DATE='2026-03-28T00:00:00+00:00' AIRFLOW_CTX_TRY_NUMBER='1' AIRFLOW_CTX_DAG_RUN_ID='scheduled__2026-03-28T00:00:00+00:00'
[2026-03-29T12:14:49.748+0000] {taskinstance.py:430} INFO - ::endgroup::
[2026-03-29T12:14:49.833+0000] {logging_mixin.py:188} WARNING - /app/kafka_tutorial/consumer.py:80 FutureWarning: The behavior of DataFrame concatenation with empty or all-NA entries is deprecated. In a future version, this will no longer exclude empty or all-NA columns when determining the result dtypes. To retain the old behavior, exclude the relevant entries before the concat operation.
[2026-03-29T12:14:49.869+0000] {logging_mixin.py:188} INFO - Merged 4 trades. Market state now has 4 records.
[2026-03-29T12:14:49.869+0000] {python.py:237} INFO - Done. Returned value was: None
[2026-03-29T12:14:49.870+0000] {taskinstance.py:441} INFO - ::group::Post task execution logs
[2026-03-29T12:14:49.906+0000] {taskinstance.py:1206} INFO - Marking task as SUCCESS. dag_id=live_trades_analytics, task_id=merge_live_trades, run_id=scheduled__2026-03-28T00:00:00+00:00, execution_date=20260328T000000, start_date=20260329T121449, end_date=20260329T121449
[2026-03-29T12:14:50.079+0000] {local_task_job_runner.py:240} INFO - Task exited with return code 0
[2026-03-29T12:14:50.180+0000] {taskinstance.py:3503} INFO - 1 downstream tasks scheduled from follow-on schedule check
[2026-03-29T12:14:50.191+0000] {local_task_job_runner.py:222} INFO - ::endgroup::
[2026-03-29T13:07:59.479+0000] {local_task_job_runner.py:120} INFO - ::group::Pre task execution logs
[2026-03-29T13:07:59.564+0000] {taskinstance.py:2076} INFO - Dependencies all met for dep_context=non-requeueable deps ti=<TaskInstance: live_trades_analytics.merge_live_trades scheduled__2026-03-28T00:00:00+00:00 [queued]>
[2026-03-29T13:07:59.573+0000] {taskinstance.py:2076} INFO - Dependencies all met for dep_context=requeueable deps ti=<TaskInstance: live_trades_analytics.merge_live_trades scheduled__2026-03-28T00:00:00+00:00 [queued]>
[2026-03-29T13:07:59.574+0000] {taskinstance.py:2306} INFO - Starting attempt 1 of 1
[2026-03-29T13:07:59.595+0000] {taskinstance.py:2330} INFO - Executing <Task(PythonOperator): merge_live_trades> on 2026-03-28 00:00:00+00:00
[2026-03-29T13:07:59.620+0000] {standard_task_runner.py:90} INFO - Running: ['***', 'tasks', 'run', 'live_trades_analytics', 'merge_live_trades', 'scheduled__2026-03-28T00:00:00+00:00', '--job-id', '15', '--raw', '--subdir', 'DAGS_FOLDER/live_user_analytics.py', '--cfg-path', '/tmp/tmpfse650iv']
[2026-03-29T13:07:59.623+0000] {standard_task_runner.py:91} INFO - Job 15: Subtask merge_live_trades
[2026-03-29T13:07:59.627+0000] {logging_mixin.py:188} WARNING - /home/***/.local/lib/python3.12/site-packages/***/task/task_runner/standard_task_runner.py:61 DeprecationWarning: This process (pid=385) is multi-threaded, use of fork() may lead to deadlocks in the child.
[2026-03-29T13:07:59.629+0000] {standard_task_runner.py:63} INFO - Started process 392 to run task
[2026-03-29T13:07:59.654+0000] {logging_mixin.py:188} WARNING - /home/***/.local/lib/python3.12/site-packages/***/settings.py:195 DeprecationWarning: The sql_alchemy_conn option in [core] has been moved to the sql_alchemy_conn option in [database] - the old setting has been used, but please update your config.
[2026-03-29T13:07:59.732+0000] {task_command.py:426} INFO - Running <TaskInstance: live_trades_analytics.merge_live_trades scheduled__2026-03-28T00:00:00+00:00 [running]> on host 1e95fe724f77
[2026-03-29T13:07:59.854+0000] {taskinstance.py:2648} INFO - Exporting env vars: AIRFLOW_CTX_DAG_OWNER='***' AIRFLOW_CTX_DAG_ID='live_trades_analytics' AIRFLOW_CTX_TASK_ID='merge_live_trades' AIRFLOW_CTX_EXECUTION_DATE='2026-03-28T00:00:00+00:00' AIRFLOW_CTX_TRY_NUMBER='1' AIRFLOW_CTX_DAG_RUN_ID='scheduled__2026-03-28T00:00:00+00:00'
[2026-03-29T13:07:59.855+0000] {taskinstance.py:430} INFO - ::endgroup::
[2026-03-29T13:07:59.880+0000] {logging_mixin.py:188} WARNING - /app/kafka_tutorial/consumer.py:80 FutureWarning: The behavior of DataFrame concatenation with empty or all-NA entries is deprecated. In a future version, this will no longer exclude empty or all-NA columns when determining the result dtypes. To retain the old behavior, exclude the relevant entries before the concat operation.
[2026-03-29T13:07:59.890+0000] {logging_mixin.py:188} INFO - Merged 4 trades. Market state now has 4 records.
[2026-03-29T13:07:59.891+0000] {python.py:237} INFO - Done. Returned value was: None
[2026-03-29T13:07:59.891+0000] {taskinstance.py:441} INFO - ::group::Post task execution logs
[2026-03-29T13:07:59.904+0000] {taskinstance.py:1206} INFO - Marking task as SUCCESS. dag_id=live_trades_analytics, task_id=merge_live_trades, run_id=scheduled__2026-03-28T00:00:00+00:00, execution_date=20260328T000000, start_date=20260329T130759, end_date=20260329T130759
[2026-03-29T13:07:59.931+0000] {local_task_job_runner.py:240} INFO - Task exited with return code 0
[2026-03-29T13:07:59.951+0000] {taskinstance.py:3503} INFO - 1 downstream tasks scheduled from follow-on schedule check
[2026-03-29T13:07:59.952+0000] {local_task_job_runner.py:222} INFO - ::endgroup::
[2026-03-29T13:14:50.552+0000] {local_task_job_runner.py:120} INFO - ::group::Pre task execution logs
[2026-03-29T13:14:50.598+0000] {taskinstance.py:2076} INFO - Dependencies all met for dep_context=non-requeueable deps ti=<TaskInstance: live_trades_analytics.merge_live_trades scheduled__2026-03-28T00:00:00+00:00 [queued]>
[2026-03-29T13:14:50.607+0000] {taskinstance.py:2076} INFO - Dependencies all met for dep_context=requeueable deps ti=<TaskInstance: live_trades_analytics.merge_live_trades scheduled__2026-03-28T00:00:00+00:00 [queued]>
[2026-03-29T13:14:50.608+0000] {taskinstance.py:2306} INFO - Starting attempt 1 of 1
[2026-03-29T13:14:50.621+0000] {taskinstance.py:2330} INFO - Executing <Task(PythonOperator): merge_live_trades> on 2026-03-28 00:00:00+00:00
[2026-03-29T13:14:50.642+0000] {logging_mixin.py:188} WARNING - /home/***/.local/lib/python3.12/site-packages/***/task/task_runner/standard_task_runner.py:61 DeprecationWarning: This process (pid=340) is multi-threaded, use of fork() may lead to deadlocks in the child.
[2026-03-29T13:14:50.641+0000] {standard_task_runner.py:90} INFO - Running: ['***', 'tasks', 'run', 'live_trades_analytics', 'merge_live_trades', 'scheduled__2026-03-28T00:00:00+00:00', '--job-id', '14', '--raw', '--subdir', 'DAGS_FOLDER/live_user_analytics.py', '--cfg-path', '/tmp/tmpzduhbyd4']
[2026-03-29T13:14:50.645+0000] {standard_task_runner.py:63} INFO - Started process 350 to run task
[2026-03-29T13:14:50.646+0000] {standard_task_runner.py:91} INFO - Job 14: Subtask merge_live_trades
[2026-03-29T13:14:50.668+0000] {logging_mixin.py:188} WARNING - /home/***/.local/lib/python3.12/site-packages/***/settings.py:195 DeprecationWarning: The sql_alchemy_conn option in [core] has been moved to the sql_alchemy_conn option in [database] - the old setting has been used, but please update your config.
[2026-03-29T13:14:50.719+0000] {task_command.py:426} INFO - Running <TaskInstance: live_trades_analytics.merge_live_trades scheduled__2026-03-28T00:00:00+00:00 [running]> on host 32aebd3e7a73
[2026-03-29T13:14:50.881+0000] {taskinstance.py:2648} INFO - Exporting env vars: AIRFLOW_CTX_DAG_OWNER='***' AIRFLOW_CTX_DAG_ID='live_trades_analytics' AIRFLOW_CTX_TASK_ID='merge_live_trades' AIRFLOW_CTX_EXECUTION_DATE='2026-03-28T00:00:00+00:00' AIRFLOW_CTX_TRY_NUMBER='1' AIRFLOW_CTX_DAG_RUN_ID='scheduled__2026-03-28T00:00:00+00:00'
[2026-03-29T13:14:50.885+0000] {taskinstance.py:430} INFO - ::endgroup::
[2026-03-29T13:14:50.926+0000] {logging_mixin.py:188} WARNING - /app/kafka_tutorial/consumer.py:81 FutureWarning: The behavior of DataFrame concatenation with empty or all-NA entries is deprecated. In a future version, this will no longer exclude empty or all-NA columns when determining the result dtypes. To retain the old behavior, exclude the relevant entries before the concat operation.
[2026-03-29T13:14:50.946+0000] {logging_mixin.py:188} INFO - Merged 4 trades. Market state now has 4 records.
[2026-03-29T13:14:50.946+0000] {python.py:237} INFO - Done. Returned value was: None
[2026-03-29T13:14:50.947+0000] {taskinstance.py:441} INFO - ::group::Post task execution logs
[2026-03-29T13:14:50.975+0000] {taskinstance.py:1206} INFO - Marking task as SUCCESS. dag_id=live_trades_analytics, task_id=merge_live_trades, run_id=scheduled__2026-03-28T00:00:00+00:00, execution_date=20260328T000000, start_date=20260329T131450, end_date=20260329T131450
[2026-03-29T13:14:51.022+0000] {local_task_job_runner.py:240} INFO - Task exited with return code 0
[2026-03-29T13:14:51.090+0000] {taskinstance.py:3503} INFO - 1 downstream tasks scheduled from follow-on schedule check
[2026-03-29T13:14:51.095+0000] {local_task_job_runner.py:222} INFO - ::endgroup::
[2026-03-29T13:42:38.046+0000] {local_task_job_runner.py:120} INFO - ::group::Pre task execution logs
[2026-03-29T13:42:38.126+0000] {taskinstance.py:2076} INFO - Dependencies all met for dep_context=non-requeueable deps ti=<TaskInstance: live_trades_analytics.merge_live_trades scheduled__2026-03-28T00:00:00+00:00 [queued]>
[2026-03-29T13:42:38.147+0000] {taskinstance.py:2076} INFO - Dependencies all met for dep_context=requeueable deps ti=<TaskInstance: live_trades_analytics.merge_live_trades scheduled__2026-03-28T00:00:00+00:00 [queued]>
[2026-03-29T13:42:38.148+0000] {taskinstance.py:2306} INFO - Starting attempt 1 of 1
[2026-03-29T13:42:38.184+0000] {taskinstance.py:2330} INFO - Executing <Task(PythonOperator): merge_live_trades> on 2026-03-28 00:00:00+00:00
[2026-03-29T13:42:38.199+0000] {logging_mixin.py:188} WARNING - /home/***/.local/lib/python3.12/site-packages/***/task/task_runner/standard_task_runner.py:61 DeprecationWarning: This process (pid=469) is multi-threaded, use of fork() may lead to deadlocks in the child.
[2026-03-29T13:42:38.201+0000] {standard_task_runner.py:63} INFO - Started process 473 to run task
[2026-03-29T13:42:38.203+0000] {standard_task_runner.py:90} INFO - Running: ['***', 'tasks', 'run', 'live_trades_analytics', 'merge_live_trades', 'scheduled__2026-03-28T00:00:00+00:00', '--job-id', '15', '--raw', '--subdir', 'DAGS_FOLDER/live_user_analytics.py', '--cfg-path', '/tmp/tmpxio368lf']
[2026-03-29T13:42:38.212+0000] {standard_task_runner.py:91} INFO - Job 15: Subtask merge_live_trades
[2026-03-29T13:42:38.303+0000] {logging_mixin.py:188} WARNING - /home/***/.local/lib/python3.12/site-packages/***/settings.py:195 DeprecationWarning: The sql_alchemy_conn option in [core] has been moved to the sql_alchemy_conn option in [database] - the old setting has been used, but please update your config.
[2026-03-29T13:42:38.436+0000] {task_command.py:426} INFO - Running <TaskInstance: live_trades_analytics.merge_live_trades scheduled__2026-03-28T00:00:00+00:00 [running]> on host 81ff4a14db57
[2026-03-29T13:42:38.884+0000] {taskinstance.py:2648} INFO - Exporting env vars: AIRFLOW_CTX_DAG_OWNER='***' AIRFLOW_CTX_DAG_ID='live_trades_analytics' AIRFLOW_CTX_TASK_ID='merge_live_trades' AIRFLOW_CTX_EXECUTION_DATE='2026-03-28T00:00:00+00:00' AIRFLOW_CTX_TRY_NUMBER='1' AIRFLOW_CTX_DAG_RUN_ID='scheduled__2026-03-28T00:00:00+00:00'
[2026-03-29T13:42:38.888+0000] {taskinstance.py:430} INFO - ::endgroup::
[2026-03-29T13:42:38.923+0000] {logging_mixin.py:188} INFO - Merged 4 trades. Total records now: 4
[2026-03-29T13:42:38.923+0000] {python.py:237} INFO - Done. Returned value was: None
[2026-03-29T13:42:38.924+0000] {taskinstance.py:441} INFO - ::group::Post task execution logs
[2026-03-29T13:42:38.940+0000] {taskinstance.py:1206} INFO - Marking task as SUCCESS. dag_id=live_trades_analytics, task_id=merge_live_trades, run_id=scheduled__2026-03-28T00:00:00+00:00, execution_date=20260328T000000, start_date=20260329T134238, end_date=20260329T134238
[2026-03-29T13:42:39.004+0000] {local_task_job_runner.py:240} INFO - Task exited with return code 0
[2026-03-29T13:42:39.036+0000] {taskinstance.py:3503} INFO - 1 downstream tasks scheduled from follow-on schedule check
[2026-03-29T13:42:39.039+0000] {local_task_job_runner.py:222} INFO - ::endgroup::
[2026-03-29T13:52:59.877+0000] {local_task_job_runner.py:120} INFO - ::group::Pre task execution logs
[2026-03-29T13:52:59.926+0000] {taskinstance.py:2076} INFO - Dependencies all met for dep_context=non-requeueable deps ti=<TaskInstance: live_trades_analytics.merge_live_trades scheduled__2026-03-28T00:00:00+00:00 [queued]>
[2026-03-29T13:52:59.935+0000] {taskinstance.py:2076} INFO - Dependencies all met for dep_context=requeueable deps ti=<TaskInstance: live_trades_analytics.merge_live_trades scheduled__2026-03-28T00:00:00+00:00 [queued]>
[2026-03-29T13:52:59.935+0000] {taskinstance.py:2306} INFO - Starting attempt 1 of 1
[2026-03-29T13:52:59.951+0000] {taskinstance.py:2330} INFO - Executing <Task(PythonOperator): merge_live_trades> on 2026-03-28 00:00:00+00:00
[2026-03-29T13:52:59.964+0000] {logging_mixin.py:188} WARNING - /home/***/.local/lib/python3.12/site-packages/***/task/task_runner/standard_task_runner.py:61 DeprecationWarning: This process (pid=254) is multi-threaded, use of fork() may lead to deadlocks in the child.
[2026-03-29T13:52:59.966+0000] {standard_task_runner.py:63} INFO - Started process 259 to run task
[2026-03-29T13:52:59.976+0000] {standard_task_runner.py:90} INFO - Running: ['***', 'tasks', 'run', 'live_trades_analytics', 'merge_live_trades', 'scheduled__2026-03-28T00:00:00+00:00', '--job-id', '9', '--raw', '--subdir', 'DAGS_FOLDER/live_user_analytics.py', '--cfg-path', '/tmp/tmp9kpl7f_d']
[2026-03-29T13:52:59.979+0000] {standard_task_runner.py:91} INFO - Job 9: Subtask merge_live_trades
[2026-03-29T13:53:00.001+0000] {logging_mixin.py:188} WARNING - /home/***/.local/lib/python3.12/site-packages/***/settings.py:195 DeprecationWarning: The sql_alchemy_conn option in [core] has been moved to the sql_alchemy_conn option in [database] - the old setting has been used, but please update your config.
[2026-03-29T13:53:00.063+0000] {task_command.py:426} INFO - Running <TaskInstance: live_trades_analytics.merge_live_trades scheduled__2026-03-28T00:00:00+00:00 [running]> on host 3171732d1af6
[2026-03-29T13:53:00.199+0000] {taskinstance.py:2648} INFO - Exporting env vars: AIRFLOW_CTX_DAG_OWNER='***' AIRFLOW_CTX_DAG_ID='live_trades_analytics' AIRFLOW_CTX_TASK_ID='merge_live_trades' AIRFLOW_CTX_EXECUTION_DATE='2026-03-28T00:00:00+00:00' AIRFLOW_CTX_TRY_NUMBER='1' AIRFLOW_CTX_DAG_RUN_ID='scheduled__2026-03-28T00:00:00+00:00'
[2026-03-29T13:53:00.200+0000] {taskinstance.py:430} INFO - ::endgroup::
[2026-03-29T13:53:00.222+0000] {taskinstance.py:441} INFO - ::group::Post task execution logs
[2026-03-29T13:53:00.223+0000] {taskinstance.py:2905} ERROR - Task failed with exception
Traceback (most recent call last):
  File "/home/airflow/.local/lib/python3.12/site-packages/airflow/models/taskinstance.py", line 465, in _execute_task
    result = _execute_callable(context=context, **execute_callable_kwargs)
             ^^^^^^^^^^^^^^^^^^^^^^^^^^^^^^^^^^^^^^^^^^^^^^^^^^^^^^^^^^^^^
  File "/home/airflow/.local/lib/python3.12/site-packages/airflow/models/taskinstance.py", line 432, in _execute_callable
    return execute_callable(context=context, **execute_callable_kwargs)
           ^^^^^^^^^^^^^^^^^^^^^^^^^^^^^^^^^^^^^^^^^^^^^^^^^^^^^^^^^^^^
  File "/home/airflow/.local/lib/python3.12/site-packages/airflow/models/baseoperator.py", line 401, in wrapper
    return func(self, *args, **kwargs)
           ^^^^^^^^^^^^^^^^^^^^^^^^^^^
  File "/home/airflow/.local/lib/python3.12/site-packages/airflow/operators/python.py", line 235, in execute
    return_value = self.execute_callable()
                   ^^^^^^^^^^^^^^^^^^^^^^^
  File "/home/airflow/.local/lib/python3.12/site-packages/airflow/operators/python.py", line 252, in execute_callable
    return self.python_callable(*self.op_args, **self.op_kwargs)
           ^^^^^^^^^^^^^^^^^^^^^^^^^^^^^^^^^^^^^^^^^^^^^^^^^^^^^
  File "/opt/airflow/dags/live_user_analytics.py", line 71, in <lambda>
    python_callable=lambda: merge_trades(LIVE_TRANSFORMED_CSV, LIVE_FINAL_CSV)
                            ^^^^^^^^^^^^
NameError: name 'merge_trades' is not defined. Did you mean: 'merge_trades_csv'?
[2026-03-29T13:53:00.248+0000] {taskinstance.py:1206} INFO - Marking task as FAILED. dag_id=live_trades_analytics, task_id=merge_live_trades, run_id=scheduled__2026-03-28T00:00:00+00:00, execution_date=20260328T000000, start_date=20260329T135259, end_date=20260329T135300
[2026-03-29T13:53:00.269+0000] {standard_task_runner.py:110} ERROR - Failed to execute job 9 for task merge_live_trades (name 'merge_trades' is not defined; 259)
[2026-03-29T13:53:00.304+0000] {local_task_job_runner.py:240} INFO - Task exited with return code 1
[2026-03-29T13:53:00.357+0000] {taskinstance.py:3503} INFO - 0 downstream tasks scheduled from follow-on schedule check
[2026-03-29T13:53:00.365+0000] {local_task_job_runner.py:222} INFO - ::endgroup::
[2026-03-29T13:58:59.225+0000] {local_task_job_runner.py:120} INFO - ::group::Pre task execution logs
[2026-03-29T13:58:59.303+0000] {taskinstance.py:2076} INFO - Dependencies all met for dep_context=non-requeueable deps ti=<TaskInstance: live_trades_analytics.merge_live_trades scheduled__2026-03-28T00:00:00+00:00 [queued]>
[2026-03-29T13:58:59.327+0000] {taskinstance.py:2076} INFO - Dependencies all met for dep_context=requeueable deps ti=<TaskInstance: live_trades_analytics.merge_live_trades scheduled__2026-03-28T00:00:00+00:00 [queued]>
[2026-03-29T13:58:59.327+0000] {taskinstance.py:2306} INFO - Starting attempt 1 of 1
[2026-03-29T13:58:59.382+0000] {taskinstance.py:2330} INFO - Executing <Task(PythonOperator): merge_live_trades> on 2026-03-28 00:00:00+00:00
[2026-03-29T13:58:59.424+0000] {logging_mixin.py:188} WARNING - /home/***/.local/lib/python3.12/site-packages/***/task/task_runner/standard_task_runner.py:61 DeprecationWarning: This process (pid=329) is multi-threaded, use of fork() may lead to deadlocks in the child.
[2026-03-29T13:58:59.431+0000] {standard_task_runner.py:63} INFO - Started process 339 to run task
[2026-03-29T13:58:59.420+0000] {standard_task_runner.py:90} INFO - Running: ['***', 'tasks', 'run', 'live_trades_analytics', 'merge_live_trades', 'scheduled__2026-03-28T00:00:00+00:00', '--job-id', '14', '--raw', '--subdir', 'DAGS_FOLDER/live_user_analytics.py', '--cfg-path', '/tmp/tmpj2_hjzon']
[2026-03-29T13:58:59.434+0000] {standard_task_runner.py:91} INFO - Job 14: Subtask merge_live_trades
[2026-03-29T13:58:59.477+0000] {logging_mixin.py:188} WARNING - /home/***/.local/lib/python3.12/site-packages/***/settings.py:195 DeprecationWarning: The sql_alchemy_conn option in [core] has been moved to the sql_alchemy_conn option in [database] - the old setting has been used, but please update your config.
[2026-03-29T13:58:59.572+0000] {task_command.py:426} INFO - Running <TaskInstance: live_trades_analytics.merge_live_trades scheduled__2026-03-28T00:00:00+00:00 [running]> on host 39eebc6a16f6
[2026-03-29T13:58:59.734+0000] {taskinstance.py:2648} INFO - Exporting env vars: AIRFLOW_CTX_DAG_OWNER='***' AIRFLOW_CTX_DAG_ID='live_trades_analytics' AIRFLOW_CTX_TASK_ID='merge_live_trades' AIRFLOW_CTX_EXECUTION_DATE='2026-03-28T00:00:00+00:00' AIRFLOW_CTX_TRY_NUMBER='1' AIRFLOW_CTX_DAG_RUN_ID='scheduled__2026-03-28T00:00:00+00:00'
[2026-03-29T13:58:59.738+0000] {taskinstance.py:430} INFO - ::endgroup::
[2026-03-29T13:58:59.820+0000] {logging_mixin.py:188} INFO - Merged 4 trades. Total records now: 4
[2026-03-29T13:58:59.821+0000] {python.py:237} INFO - Done. Returned value was: None
[2026-03-29T13:58:59.827+0000] {taskinstance.py:441} INFO - ::group::Post task execution logs
[2026-03-29T13:58:59.896+0000] {taskinstance.py:1206} INFO - Marking task as SUCCESS. dag_id=live_trades_analytics, task_id=merge_live_trades, run_id=scheduled__2026-03-28T00:00:00+00:00, execution_date=20260328T000000, start_date=20260329T135859, end_date=20260329T135859
[2026-03-29T13:58:59.978+0000] {local_task_job_runner.py:240} INFO - Task exited with return code 0
[2026-03-29T13:59:00.009+0000] {taskinstance.py:3503} INFO - 1 downstream tasks scheduled from follow-on schedule check
[2026-03-29T13:59:00.013+0000] {local_task_job_runner.py:222} INFO - ::endgroup::
[2026-03-29T14:11:37.560+0000] {local_task_job_runner.py:120} INFO - ::group::Pre task execution logs
[2026-03-29T14:11:37.682+0000] {taskinstance.py:2076} INFO - Dependencies all met for dep_context=non-requeueable deps ti=<TaskInstance: live_trades_analytics.merge_live_trades scheduled__2026-03-28T00:00:00+00:00 [queued]>
[2026-03-29T14:11:37.708+0000] {taskinstance.py:2076} INFO - Dependencies all met for dep_context=requeueable deps ti=<TaskInstance: live_trades_analytics.merge_live_trades scheduled__2026-03-28T00:00:00+00:00 [queued]>
[2026-03-29T14:11:37.710+0000] {taskinstance.py:2306} INFO - Starting attempt 1 of 1
[2026-03-29T14:11:37.738+0000] {taskinstance.py:2330} INFO - Executing <Task(PythonOperator): merge_live_trades> on 2026-03-28 00:00:00+00:00
[2026-03-29T14:11:37.771+0000] {logging_mixin.py:188} WARNING - /home/***/.local/lib/python3.12/site-packages/***/task/task_runner/standard_task_runner.py:61 DeprecationWarning: This process (pid=384) is multi-threaded, use of fork() may lead to deadlocks in the child.
[2026-03-29T14:11:37.776+0000] {standard_task_runner.py:63} INFO - Started process 393 to run task
[2026-03-29T14:11:37.769+0000] {standard_task_runner.py:90} INFO - Running: ['***', 'tasks', 'run', 'live_trades_analytics', 'merge_live_trades', 'scheduled__2026-03-28T00:00:00+00:00', '--job-id', '15', '--raw', '--subdir', 'DAGS_FOLDER/live_user_analytics.py', '--cfg-path', '/tmp/tmp0gaibvsd']
[2026-03-29T14:11:37.779+0000] {standard_task_runner.py:91} INFO - Job 15: Subtask merge_live_trades
[2026-03-29T14:11:37.816+0000] {logging_mixin.py:188} WARNING - /home/***/.local/lib/python3.12/site-packages/***/settings.py:195 DeprecationWarning: The sql_alchemy_conn option in [core] has been moved to the sql_alchemy_conn option in [database] - the old setting has been used, but please update your config.
[2026-03-29T14:11:37.903+0000] {task_command.py:426} INFO - Running <TaskInstance: live_trades_analytics.merge_live_trades scheduled__2026-03-28T00:00:00+00:00 [running]> on host 310a149ce3a7
[2026-03-29T14:11:38.448+0000] {taskinstance.py:2648} INFO - Exporting env vars: AIRFLOW_CTX_DAG_OWNER='***' AIRFLOW_CTX_DAG_ID='live_trades_analytics' AIRFLOW_CTX_TASK_ID='merge_live_trades' AIRFLOW_CTX_EXECUTION_DATE='2026-03-28T00:00:00+00:00' AIRFLOW_CTX_TRY_NUMBER='1' AIRFLOW_CTX_DAG_RUN_ID='scheduled__2026-03-28T00:00:00+00:00'
[2026-03-29T14:11:38.451+0000] {taskinstance.py:430} INFO - ::endgroup::
[2026-03-29T14:11:38.521+0000] {logging_mixin.py:188} INFO - Merged 4 trades. Total records now: 4
[2026-03-29T14:11:38.522+0000] {python.py:237} INFO - Done. Returned value was: None
[2026-03-29T14:11:38.526+0000] {taskinstance.py:441} INFO - ::group::Post task execution logs
[2026-03-29T14:11:38.573+0000] {taskinstance.py:1206} INFO - Marking task as SUCCESS. dag_id=live_trades_analytics, task_id=merge_live_trades, run_id=scheduled__2026-03-28T00:00:00+00:00, execution_date=20260328T000000, start_date=20260329T141137, end_date=20260329T141138
[2026-03-29T14:11:38.728+0000] {local_task_job_runner.py:240} INFO - Task exited with return code 0
[2026-03-29T14:11:38.806+0000] {taskinstance.py:3503} INFO - 1 downstream tasks scheduled from follow-on schedule check
[2026-03-29T14:11:38.810+0000] {local_task_job_runner.py:222} INFO - ::endgroup::
[2026-03-29T14:17:20.843+0000] {local_task_job_runner.py:120} INFO - ::group::Pre task execution logs
[2026-03-29T14:17:20.916+0000] {taskinstance.py:2076} INFO - Dependencies all met for dep_context=non-requeueable deps ti=<TaskInstance: live_trades_analytics.merge_live_trades scheduled__2026-03-28T00:00:00+00:00 [queued]>
[2026-03-29T14:17:20.949+0000] {taskinstance.py:2076} INFO - Dependencies all met for dep_context=requeueable deps ti=<TaskInstance: live_trades_analytics.merge_live_trades scheduled__2026-03-28T00:00:00+00:00 [queued]>
[2026-03-29T14:17:20.951+0000] {taskinstance.py:2306} INFO - Starting attempt 1 of 1
[2026-03-29T14:17:20.999+0000] {taskinstance.py:2330} INFO - Executing <Task(PythonOperator): merge_live_trades> on 2026-03-28 00:00:00+00:00
[2026-03-29T14:17:21.033+0000] {logging_mixin.py:188} WARNING - /home/***/.local/lib/python3.12/site-packages/***/task/task_runner/standard_task_runner.py:61 DeprecationWarning: This process (pid=244) is multi-threaded, use of fork() may lead to deadlocks in the child.
[2026-03-29T14:17:21.038+0000] {standard_task_runner.py:63} INFO - Started process 258 to run task
[2026-03-29T14:17:21.041+0000] {standard_task_runner.py:90} INFO - Running: ['***', 'tasks', 'run', 'live_trades_analytics', 'merge_live_trades', 'scheduled__2026-03-28T00:00:00+00:00', '--job-id', '14', '--raw', '--subdir', 'DAGS_FOLDER/live_user_analytics.py', '--cfg-path', '/tmp/tmpas9i8z80']
[2026-03-29T14:17:21.052+0000] {standard_task_runner.py:91} INFO - Job 14: Subtask merge_live_trades
[2026-03-29T14:17:21.124+0000] {logging_mixin.py:188} WARNING - /home/***/.local/lib/python3.12/site-packages/***/settings.py:195 DeprecationWarning: The sql_alchemy_conn option in [core] has been moved to the sql_alchemy_conn option in [database] - the old setting has been used, but please update your config.
[2026-03-29T14:17:21.249+0000] {task_command.py:426} INFO - Running <TaskInstance: live_trades_analytics.merge_live_trades scheduled__2026-03-28T00:00:00+00:00 [running]> on host 78e230e6b695
[2026-03-29T14:17:21.416+0000] {taskinstance.py:2648} INFO - Exporting env vars: AIRFLOW_CTX_DAG_OWNER='***' AIRFLOW_CTX_DAG_ID='live_trades_analytics' AIRFLOW_CTX_TASK_ID='merge_live_trades' AIRFLOW_CTX_EXECUTION_DATE='2026-03-28T00:00:00+00:00' AIRFLOW_CTX_TRY_NUMBER='1' AIRFLOW_CTX_DAG_RUN_ID='scheduled__2026-03-28T00:00:00+00:00'
[2026-03-29T14:17:21.418+0000] {taskinstance.py:430} INFO - ::endgroup::
[2026-03-29T14:17:21.440+0000] {logging_mixin.py:188} INFO - Merged 4 trades. Total records now: 4
[2026-03-29T14:17:21.440+0000] {python.py:237} INFO - Done. Returned value was: None
[2026-03-29T14:17:21.441+0000] {taskinstance.py:441} INFO - ::group::Post task execution logs
[2026-03-29T14:17:21.453+0000] {taskinstance.py:1206} INFO - Marking task as SUCCESS. dag_id=live_trades_analytics, task_id=merge_live_trades, run_id=scheduled__2026-03-28T00:00:00+00:00, execution_date=20260328T000000, start_date=20260329T141720, end_date=20260329T141721
[2026-03-29T14:17:21.506+0000] {local_task_job_runner.py:240} INFO - Task exited with return code 0
[2026-03-29T14:17:21.532+0000] {taskinstance.py:3503} INFO - 1 downstream tasks scheduled from follow-on schedule check
[2026-03-29T14:17:21.536+0000] {local_task_job_runner.py:222} INFO - ::endgroup::
[2026-03-29T14:33:02.085+0000] {local_task_job_runner.py:120} INFO - ::group::Pre task execution logs
[2026-03-29T14:33:02.162+0000] {taskinstance.py:2076} INFO - Dependencies all met for dep_context=non-requeueable deps ti=<TaskInstance: live_trades_analytics.merge_live_trades scheduled__2026-03-28T00:00:00+00:00 [queued]>
[2026-03-29T14:33:02.173+0000] {taskinstance.py:2076} INFO - Dependencies all met for dep_context=requeueable deps ti=<TaskInstance: live_trades_analytics.merge_live_trades scheduled__2026-03-28T00:00:00+00:00 [queued]>
[2026-03-29T14:33:02.173+0000] {taskinstance.py:2306} INFO - Starting attempt 1 of 1
[2026-03-29T14:33:02.194+0000] {taskinstance.py:2330} INFO - Executing <Task(PythonOperator): merge_live_trades> on 2026-03-28 00:00:00+00:00
[2026-03-29T14:33:02.210+0000] {logging_mixin.py:188} WARNING - /home/***/.local/lib/python3.12/site-packages/***/task/task_runner/standard_task_runner.py:61 DeprecationWarning: This process (pid=390) is multi-threaded, use of fork() may lead to deadlocks in the child.
[2026-03-29T14:33:02.211+0000] {standard_task_runner.py:63} INFO - Started process 394 to run task
[2026-03-29T14:33:02.213+0000] {standard_task_runner.py:90} INFO - Running: ['***', 'tasks', 'run', 'live_trades_analytics', 'merge_live_trades', 'scheduled__2026-03-28T00:00:00+00:00', '--job-id', '14', '--raw', '--subdir', 'DAGS_FOLDER/live_user_analytics.py', '--cfg-path', '/tmp/tmpikgre3oy']
[2026-03-29T14:33:02.221+0000] {standard_task_runner.py:91} INFO - Job 14: Subtask merge_live_trades
[2026-03-29T14:33:02.268+0000] {logging_mixin.py:188} WARNING - /home/***/.local/lib/python3.12/site-packages/***/settings.py:195 DeprecationWarning: The sql_alchemy_conn option in [core] has been moved to the sql_alchemy_conn option in [database] - the old setting has been used, but please update your config.
[2026-03-29T14:33:02.330+0000] {task_command.py:426} INFO - Running <TaskInstance: live_trades_analytics.merge_live_trades scheduled__2026-03-28T00:00:00+00:00 [running]> on host 3942be4b0136
[2026-03-29T14:33:02.573+0000] {taskinstance.py:2648} INFO - Exporting env vars: AIRFLOW_CTX_DAG_OWNER='***' AIRFLOW_CTX_DAG_ID='live_trades_analytics' AIRFLOW_CTX_TASK_ID='merge_live_trades' AIRFLOW_CTX_EXECUTION_DATE='2026-03-28T00:00:00+00:00' AIRFLOW_CTX_TRY_NUMBER='1' AIRFLOW_CTX_DAG_RUN_ID='scheduled__2026-03-28T00:00:00+00:00'
[2026-03-29T14:33:02.577+0000] {taskinstance.py:430} INFO - ::endgroup::
[2026-03-29T14:33:02.611+0000] {logging_mixin.py:188} INFO - Merged 4 trades. Total records now: 4
[2026-03-29T14:33:02.620+0000] {python.py:237} INFO - Done. Returned value was: None
[2026-03-29T14:33:02.621+0000] {taskinstance.py:441} INFO - ::group::Post task execution logs
[2026-03-29T14:33:02.655+0000] {taskinstance.py:1206} INFO - Marking task as SUCCESS. dag_id=live_trades_analytics, task_id=merge_live_trades, run_id=scheduled__2026-03-28T00:00:00+00:00, execution_date=20260328T000000, start_date=20260329T143302, end_date=20260329T143302
[2026-03-29T14:33:02.753+0000] {local_task_job_runner.py:240} INFO - Task exited with return code 0
[2026-03-29T14:33:02.786+0000] {local_task_job_runner.py:222} INFO - ::endgroup::
