[2026-03-29T13:58:56.063+0000] {local_task_job_runner.py:120} INFO - ::group::Pre task execution logs
[2026-03-29T13:58:56.186+0000] {taskinstance.py:2076} INFO - Dependencies all met for dep_context=non-requeueable deps ti=<TaskInstance: live_trades_analytics.clean_live_trades manual__2026-03-29T13:58:33.977066+00:00 [queued]>
[2026-03-29T13:58:56.218+0000] {taskinstance.py:2076} INFO - Dependencies all met for dep_context=requeueable deps ti=<TaskInstance: live_trades_analytics.clean_live_trades manual__2026-03-29T13:58:33.977066+00:00 [queued]>
[2026-03-29T13:58:56.219+0000] {taskinstance.py:2306} INFO - Starting attempt 1 of 1
[2026-03-29T13:58:56.252+0000] {taskinstance.py:2330} INFO - Executing <Task(PythonOperator): clean_live_trades> on 2026-03-29 13:58:33.977066+00:00
[2026-03-29T13:58:56.288+0000] {logging_mixin.py:188} WARNING - /home/***/.local/lib/python3.12/site-packages/***/task/task_runner/standard_task_runner.py:61 DeprecationWarning: This process (pid=316) is multi-threaded, use of fork() may lead to deadlocks in the child.
[2026-03-29T13:58:56.292+0000] {standard_task_runner.py:63} INFO - Started process 325 to run task
[2026-03-29T13:58:56.284+0000] {standard_task_runner.py:90} INFO - Running: ['***', 'tasks', 'run', 'live_trades_analytics', 'clean_live_trades', 'manual__2026-03-29T13:58:33.977066+00:00', '--job-id', '12', '--raw', '--subdir', 'DAGS_FOLDER/live_user_analytics.py', '--cfg-path', '/tmp/tmpnfuksrhq']
[2026-03-29T13:58:56.297+0000] {standard_task_runner.py:91} INFO - Job 12: Subtask clean_live_trades
[2026-03-29T13:58:56.349+0000] {logging_mixin.py:188} WARNING - /home/***/.local/lib/python3.12/site-packages/***/settings.py:195 DeprecationWarning: The sql_alchemy_conn option in [core] has been moved to the sql_alchemy_conn option in [database] - the old setting has been used, but please update your config.
[2026-03-29T13:58:56.439+0000] {task_command.py:426} INFO - Running <TaskInstance: live_trades_analytics.clean_live_trades manual__2026-03-29T13:58:33.977066+00:00 [running]> on host 39eebc6a16f6
[2026-03-29T13:58:56.706+0000] {taskinstance.py:2648} INFO - Exporting env vars: AIRFLOW_CTX_DAG_OWNER='***' AIRFLOW_CTX_DAG_ID='live_trades_analytics' AIRFLOW_CTX_TASK_ID='clean_live_trades' AIRFLOW_CTX_EXECUTION_DATE='2026-03-29T13:58:33.977066+00:00' AIRFLOW_CTX_TRY_NUMBER='1' AIRFLOW_CTX_DAG_RUN_ID='manual__2026-03-29T13:58:33.977066+00:00'
[2026-03-29T13:58:56.712+0000] {taskinstance.py:430} INFO - ::endgroup::
[2026-03-29T13:58:56.838+0000] {logging_mixin.py:188} INFO - Cleaned data saved to /opt/***/temp/live_transformed.csv, 4 rows kept.
[2026-03-29T13:58:56.838+0000] {python.py:237} INFO - Done. Returned value was: None
[2026-03-29T13:58:56.839+0000] {taskinstance.py:441} INFO - ::group::Post task execution logs
[2026-03-29T13:58:56.869+0000] {taskinstance.py:1206} INFO - Marking task as SUCCESS. dag_id=live_trades_analytics, task_id=clean_live_trades, run_id=manual__2026-03-29T13:58:33.977066+00:00, execution_date=20260329T135833, start_date=20260329T135856, end_date=20260329T135856
[2026-03-29T13:58:56.924+0000] {local_task_job_runner.py:240} INFO - Task exited with return code 0
[2026-03-29T13:58:56.954+0000] {taskinstance.py:3503} INFO - 1 downstream tasks scheduled from follow-on schedule check
[2026-03-29T13:58:56.956+0000] {local_task_job_runner.py:222} INFO - ::endgroup::
