[2026-03-29T12:31:38.777+0000] {local_task_job_runner.py:120} INFO - ::group::Pre task execution logs
[2026-03-29T12:31:39.080+0000] {taskinstance.py:2076} INFO - Dependencies all met for dep_context=non-requeueable deps ti=<TaskInstance: live_trades_analytics.produce_live_trades manual__2026-03-29T12:31:34.024348+00:00 [queued]>
[2026-03-29T12:31:39.139+0000] {taskinstance.py:2076} INFO - Dependencies all met for dep_context=requeueable deps ti=<TaskInstance: live_trades_analytics.produce_live_trades manual__2026-03-29T12:31:34.024348+00:00 [queued]>
[2026-03-29T12:31:39.141+0000] {taskinstance.py:2306} INFO - Starting attempt 1 of 1
[2026-03-29T12:31:39.227+0000] {taskinstance.py:2330} INFO - Executing <Task(PythonOperator): produce_live_trades> on 2026-03-29 12:31:34.024348+00:00
[2026-03-29T12:31:39.287+0000] {logging_mixin.py:188} WARNING - /home/***/.local/lib/python3.12/site-packages/***/task/task_runner/standard_task_runner.py:61 DeprecationWarning: This process (pid=191) is multi-threaded, use of fork() may lead to deadlocks in the child.
[2026-03-29T12:31:39.289+0000] {standard_task_runner.py:63} INFO - Started process 199 to run task
[2026-03-29T12:31:39.280+0000] {standard_task_runner.py:90} INFO - Running: ['***', 'tasks', 'run', 'live_trades_analytics', 'produce_live_trades', 'manual__2026-03-29T12:31:34.024348+00:00', '--job-id', '3', '--raw', '--subdir', 'DAGS_FOLDER/live_user_analytics.py', '--cfg-path', '/tmp/tmp8sggg5fx']
[2026-03-29T12:31:39.296+0000] {standard_task_runner.py:91} INFO - Job 3: Subtask produce_live_trades
[2026-03-29T12:31:39.379+0000] {logging_mixin.py:188} WARNING - /home/***/.local/lib/python3.12/site-packages/***/settings.py:195 DeprecationWarning: The sql_alchemy_conn option in [core] has been moved to the sql_alchemy_conn option in [database] - the old setting has been used, but please update your config.
[2026-03-29T12:31:39.568+0000] {task_command.py:426} INFO - Running <TaskInstance: live_trades_analytics.produce_live_trades manual__2026-03-29T12:31:34.024348+00:00 [running]> on host e31b54ad1341
[2026-03-29T12:31:40.377+0000] {taskinstance.py:2648} INFO - Exporting env vars: AIRFLOW_CTX_DAG_OWNER='***' AIRFLOW_CTX_DAG_ID='live_trades_analytics' AIRFLOW_CTX_TASK_ID='produce_live_trades' AIRFLOW_CTX_EXECUTION_DATE='2026-03-29T12:31:34.024348+00:00' AIRFLOW_CTX_TRY_NUMBER='1' AIRFLOW_CTX_DAG_RUN_ID='manual__2026-03-29T12:31:34.024348+00:00'
[2026-03-29T12:31:40.387+0000] {taskinstance.py:430} INFO - ::endgroup::
[2026-03-29T12:31:40.501+0000] {taskinstance.py:441} INFO - ::group::Post task execution logs
[2026-03-29T12:31:40.502+0000] {taskinstance.py:2905} ERROR - Task failed with exception
Traceback (most recent call last):
  File "/home/airflow/.local/lib/python3.12/site-packages/airflow/models/taskinstance.py", line 465, in _execute_task
    result = _execute_callable(context=context, **execute_callable_kwargs)
             ^^^^^^^^^^^^^^^^^^^^^^^^^^^^^^^^^^^^^^^^^^^^^^^^^^^^^^^^^^^^^
  File "/home/airflow/.local/lib/python3.12/site-packages/airflow/models/taskinstance.py", line 432, in _execute_callable
    return execute_callable(context=context, **execute_callable_kwargs)
           ^^^^^^^^^^^^^^^^^^^^^^^^^^^^^^^^^^^^^^^^^^^^^^^^^^^^^^^^^^^^
  File "/home/airflow/.local/lib/python3.12/site-packages/airflow/models/baseoperator.py", line 401, in wrapper
    return func(self, *args, **kwargs)
           ^^^^^^^^^^^^^^^^^^^^^^^^^^^
  File "/home/airflow/.local/lib/python3.12/site-packages/airflow/operators/python.py", line 235, in execute
    return_value = self.execute_callable()
                   ^^^^^^^^^^^^^^^^^^^^^^^
  File "/home/airflow/.local/lib/python3.12/site-packages/airflow/operators/python.py", line 252, in execute_callable
    return self.python_callable(*self.op_args, **self.op_kwargs)
           ^^^^^^^^^^^^^^^^^^^^^^^^^^^^^^^^^^^^^^^^^^^^^^^^^^^^^
  File "/opt/airflow/dags/live_user_analytics.py", line 14, in produce_live_trades
    public_trades_producer(live_only=True)
TypeError: public_trades_producer() got an unexpected keyword argument 'live_only'
[2026-03-29T12:31:40.521+0000] {taskinstance.py:1206} INFO - Marking task as FAILED. dag_id=live_trades_analytics, task_id=produce_live_trades, run_id=manual__2026-03-29T12:31:34.024348+00:00, execution_date=20260329T123134, start_date=20260329T123139, end_date=20260329T123140
[2026-03-29T12:31:40.583+0000] {standard_task_runner.py:110} ERROR - Failed to execute job 3 for task produce_live_trades (public_trades_producer() got an unexpected keyword argument 'live_only'; 199)
[2026-03-29T12:31:40.638+0000] {local_task_job_runner.py:240} INFO - Task exited with return code 1
[2026-03-29T12:31:40.687+0000] {taskinstance.py:3503} INFO - 0 downstream tasks scheduled from follow-on schedule check
[2026-03-29T12:31:40.703+0000] {local_task_job_runner.py:222} INFO - ::endgroup::
