[2026-03-29T12:14:56.636+0000] {local_task_job_runner.py:120} INFO - ::group::Pre task execution logs
[2026-03-29T12:14:56.741+0000] {taskinstance.py:2076} INFO - Dependencies all met for dep_context=non-requeueable deps ti=<TaskInstance: user_analytics.merge_datasets manual__2026-03-29T12:14:21.684834+00:00 [queued]>
[2026-03-29T12:14:56.760+0000] {taskinstance.py:2076} INFO - Dependencies all met for dep_context=requeueable deps ti=<TaskInstance: user_analytics.merge_datasets manual__2026-03-29T12:14:21.684834+00:00 [queued]>
[2026-03-29T12:14:56.760+0000] {taskinstance.py:2306} INFO - Starting attempt 1 of 1
[2026-03-29T12:14:56.798+0000] {taskinstance.py:2330} INFO - Executing <Task(PythonOperator): merge_datasets> on 2026-03-29 12:14:21.684834+00:00
[2026-03-29T12:14:56.823+0000] {logging_mixin.py:188} WARNING - /home/***/.local/lib/python3.12/site-packages/***/task/task_runner/standard_task_runner.py:61 DeprecationWarning: This process (pid=372) is multi-threaded, use of fork() may lead to deadlocks in the child.
[2026-03-29T12:14:56.829+0000] {standard_task_runner.py:63} INFO - Started process 376 to run task
[2026-03-29T12:14:56.823+0000] {standard_task_runner.py:90} INFO - Running: ['***', 'tasks', 'run', 'user_analytics', 'merge_datasets', 'manual__2026-03-29T12:14:21.684834+00:00', '--job-id', '20', '--raw', '--subdir', 'DAGS_FOLDER/user_analytics.py', '--cfg-path', '/tmp/tmp7x2i6x3x']
[2026-03-29T12:14:56.833+0000] {standard_task_runner.py:91} INFO - Job 20: Subtask merge_datasets
[2026-03-29T12:14:56.861+0000] {logging_mixin.py:188} WARNING - /home/***/.local/lib/python3.12/site-packages/***/settings.py:195 DeprecationWarning: The sql_alchemy_conn option in [core] has been moved to the sql_alchemy_conn option in [database] - the old setting has been used, but please update your config.
[2026-03-29T12:14:56.952+0000] {task_command.py:426} INFO - Running <TaskInstance: user_analytics.merge_datasets manual__2026-03-29T12:14:21.684834+00:00 [running]> on host 8536c3ac8533
[2026-03-29T12:14:57.179+0000] {taskinstance.py:2648} INFO - Exporting env vars: AIRFLOW_CTX_DAG_OWNER='***' AIRFLOW_CTX_DAG_ID='user_analytics' AIRFLOW_CTX_TASK_ID='merge_datasets' AIRFLOW_CTX_EXECUTION_DATE='2026-03-29T12:14:21.684834+00:00' AIRFLOW_CTX_TRY_NUMBER='1' AIRFLOW_CTX_DAG_RUN_ID='manual__2026-03-29T12:14:21.684834+00:00'
[2026-03-29T12:14:57.182+0000] {taskinstance.py:430} INFO - ::endgroup::
[2026-03-29T12:14:57.228+0000] {logging_mixin.py:188} WARNING - /app/kafka_tutorial/consumer.py:80 FutureWarning: The behavior of DataFrame concatenation with empty or all-NA entries is deprecated. In a future version, this will no longer exclude empty or all-NA columns when determining the result dtypes. To retain the old behavior, exclude the relevant entries before the concat operation.
[2026-03-29T12:14:57.257+0000] {logging_mixin.py:188} INFO - Merged 10 trades. Market state now has 10 records.
[2026-03-29T12:14:57.257+0000] {python.py:237} INFO - Done. Returned value was: None
[2026-03-29T12:14:57.259+0000] {taskinstance.py:441} INFO - ::group::Post task execution logs
[2026-03-29T12:14:57.358+0000] {taskinstance.py:1206} INFO - Marking task as SUCCESS. dag_id=user_analytics, task_id=merge_datasets, run_id=manual__2026-03-29T12:14:21.684834+00:00, execution_date=20260329T121421, start_date=20260329T121456, end_date=20260329T121457
[2026-03-29T12:14:57.472+0000] {local_task_job_runner.py:240} INFO - Task exited with return code 0
[2026-03-29T12:14:57.556+0000] {taskinstance.py:3503} INFO - 0 downstream tasks scheduled from follow-on schedule check
[2026-03-29T12:14:57.558+0000] {local_task_job_runner.py:222} INFO - ::endgroup::
