[2026-03-29T13:07:59.216+0000] {local_task_job_runner.py:120} INFO - ::group::Pre task execution logs
[2026-03-29T13:07:59.317+0000] {taskinstance.py:2076} INFO - Dependencies all met for dep_context=non-requeueable deps ti=<TaskInstance: live_trades_analytics.merge_live_trades manual__2026-03-29T13:07:37.024556+00:00 [queued]>
[2026-03-29T13:07:59.342+0000] {taskinstance.py:2076} INFO - Dependencies all met for dep_context=requeueable deps ti=<TaskInstance: live_trades_analytics.merge_live_trades manual__2026-03-29T13:07:37.024556+00:00 [queued]>
[2026-03-29T13:07:59.342+0000] {taskinstance.py:2306} INFO - Starting attempt 1 of 1
[2026-03-29T13:07:59.382+0000] {taskinstance.py:2330} INFO - Executing <Task(PythonOperator): merge_live_trades> on 2026-03-29 13:07:37.024556+00:00
[2026-03-29T13:07:59.415+0000] {logging_mixin.py:188} WARNING - /home/***/.local/lib/python3.12/site-packages/***/task/task_runner/standard_task_runner.py:61 DeprecationWarning: This process (pid=384) is multi-threaded, use of fork() may lead to deadlocks in the child.
[2026-03-29T13:07:59.416+0000] {standard_task_runner.py:63} INFO - Started process 391 to run task
[2026-03-29T13:07:59.415+0000] {standard_task_runner.py:90} INFO - Running: ['***', 'tasks', 'run', 'live_trades_analytics', 'merge_live_trades', 'manual__2026-03-29T13:07:37.024556+00:00', '--job-id', '14', '--raw', '--subdir', 'DAGS_FOLDER/live_user_analytics.py', '--cfg-path', '/tmp/tmpavo3z7o1']
[2026-03-29T13:07:59.421+0000] {standard_task_runner.py:91} INFO - Job 14: Subtask merge_live_trades
[2026-03-29T13:07:59.455+0000] {logging_mixin.py:188} WARNING - /home/***/.local/lib/python3.12/site-packages/***/settings.py:195 DeprecationWarning: The sql_alchemy_conn option in [core] has been moved to the sql_alchemy_conn option in [database] - the old setting has been used, but please update your config.
[2026-03-29T13:07:59.551+0000] {task_command.py:426} INFO - Running <TaskInstance: live_trades_analytics.merge_live_trades manual__2026-03-29T13:07:37.024556+00:00 [running]> on host 1e95fe724f77
[2026-03-29T13:07:59.723+0000] {taskinstance.py:2648} INFO - Exporting env vars: AIRFLOW_CTX_DAG_OWNER='***' AIRFLOW_CTX_DAG_ID='live_trades_analytics' AIRFLOW_CTX_TASK_ID='merge_live_trades' AIRFLOW_CTX_EXECUTION_DATE='2026-03-29T13:07:37.024556+00:00' AIRFLOW_CTX_TRY_NUMBER='1' AIRFLOW_CTX_DAG_RUN_ID='manual__2026-03-29T13:07:37.024556+00:00'
[2026-03-29T13:07:59.724+0000] {taskinstance.py:430} INFO - ::endgroup::
[2026-03-29T13:07:59.759+0000] {logging_mixin.py:188} WARNING - /app/kafka_tutorial/consumer.py:80 FutureWarning: The behavior of DataFrame concatenation with empty or all-NA entries is deprecated. In a future version, this will no longer exclude empty or all-NA columns when determining the result dtypes. To retain the old behavior, exclude the relevant entries before the concat operation.
[2026-03-29T13:07:59.773+0000] {logging_mixin.py:188} INFO - Merged 4 trades. Market state now has 4 records.
[2026-03-29T13:07:59.773+0000] {python.py:237} INFO - Done. Returned value was: None
[2026-03-29T13:07:59.774+0000] {taskinstance.py:441} INFO - ::group::Post task execution logs
[2026-03-29T13:07:59.798+0000] {taskinstance.py:1206} INFO - Marking task as SUCCESS. dag_id=live_trades_analytics, task_id=merge_live_trades, run_id=manual__2026-03-29T13:07:37.024556+00:00, execution_date=20260329T130737, start_date=20260329T130759, end_date=20260329T130759
[2026-03-29T13:07:59.841+0000] {local_task_job_runner.py:240} INFO - Task exited with return code 0
[2026-03-29T13:07:59.866+0000] {taskinstance.py:3503} INFO - 1 downstream tasks scheduled from follow-on schedule check
[2026-03-29T13:07:59.869+0000] {local_task_job_runner.py:222} INFO - ::endgroup::
