[2026-03-29T15:13:05.782+0000] {local_task_job_runner.py:120} INFO - ::group::Pre task execution logs
[2026-03-29T15:13:05.970+0000] {taskinstance.py:2076} INFO - Dependencies all met for dep_context=non-requeueable deps ti=<TaskInstance: static_trades_analytics.clean_static_trades manual__2026-03-29T15:12:45.853263+00:00 [queued]>
[2026-03-29T15:13:06.020+0000] {taskinstance.py:2076} INFO - Dependencies all met for dep_context=requeueable deps ti=<TaskInstance: static_trades_analytics.clean_static_trades manual__2026-03-29T15:12:45.853263+00:00 [queued]>
[2026-03-29T15:13:06.020+0000] {taskinstance.py:2306} INFO - Starting attempt 1 of 1
[2026-03-29T15:13:06.055+0000] {taskinstance.py:2330} INFO - Executing <Task(PythonOperator): clean_static_trades> on 2026-03-29 15:12:45.853263+00:00
[2026-03-29T15:13:06.088+0000] {logging_mixin.py:188} WARNING - /home/***/.local/lib/python3.12/site-packages/***/task/task_runner/standard_task_runner.py:61 DeprecationWarning: This process (pid=272) is multi-threaded, use of fork() may lead to deadlocks in the child.
[2026-03-29T15:13:06.096+0000] {standard_task_runner.py:63} INFO - Started process 287 to run task
[2026-03-29T15:13:06.088+0000] {standard_task_runner.py:90} INFO - Running: ['***', 'tasks', 'run', 'static_trades_analytics', 'clean_static_trades', 'manual__2026-03-29T15:12:45.853263+00:00', '--job-id', '11', '--raw', '--subdir', 'DAGS_FOLDER/static_user_analytics.py', '--cfg-path', '/tmp/tmpdfw1awm8']
[2026-03-29T15:13:06.101+0000] {standard_task_runner.py:91} INFO - Job 11: Subtask clean_static_trades
[2026-03-29T15:13:06.187+0000] {logging_mixin.py:188} WARNING - /home/***/.local/lib/python3.12/site-packages/***/settings.py:195 DeprecationWarning: The sql_alchemy_conn option in [core] has been moved to the sql_alchemy_conn option in [database] - the old setting has been used, but please update your config.
[2026-03-29T15:13:06.299+0000] {task_command.py:426} INFO - Running <TaskInstance: static_trades_analytics.clean_static_trades manual__2026-03-29T15:12:45.853263+00:00 [running]> on host 8dbda78c73fd
[2026-03-29T15:13:06.783+0000] {taskinstance.py:2648} INFO - Exporting env vars: AIRFLOW_CTX_DAG_OWNER='***' AIRFLOW_CTX_DAG_ID='static_trades_analytics' AIRFLOW_CTX_TASK_ID='clean_static_trades' AIRFLOW_CTX_EXECUTION_DATE='2026-03-29T15:12:45.853263+00:00' AIRFLOW_CTX_TRY_NUMBER='1' AIRFLOW_CTX_DAG_RUN_ID='manual__2026-03-29T15:12:45.853263+00:00'
[2026-03-29T15:13:06.790+0000] {taskinstance.py:430} INFO - ::endgroup::
[2026-03-29T15:13:07.466+0000] {logging_mixin.py:188} INFO - Cleaned data saved to /opt/***/temp/static_transformed.csv, 4 rows kept.
[2026-03-29T15:13:07.468+0000] {python.py:237} INFO - Done. Returned value was: None
[2026-03-29T15:13:07.470+0000] {taskinstance.py:441} INFO - ::group::Post task execution logs
[2026-03-29T15:13:07.505+0000] {taskinstance.py:1206} INFO - Marking task as SUCCESS. dag_id=static_trades_analytics, task_id=clean_static_trades, run_id=manual__2026-03-29T15:12:45.853263+00:00, execution_date=20260329T151245, start_date=20260329T151305, end_date=20260329T151307
[2026-03-29T15:13:07.594+0000] {local_task_job_runner.py:240} INFO - Task exited with return code 0
[2026-03-29T15:13:07.661+0000] {taskinstance.py:3503} INFO - 1 downstream tasks scheduled from follow-on schedule check
[2026-03-29T15:13:07.665+0000] {local_task_job_runner.py:222} INFO - ::endgroup::
