[2026-03-29T15:13:10.349+0000] {local_task_job_runner.py:120} INFO - ::group::Pre task execution logs
[2026-03-29T15:13:10.456+0000] {taskinstance.py:2076} INFO - Dependencies all met for dep_context=non-requeueable deps ti=<TaskInstance: static_trades_analytics.merge_static_trades manual__2026-03-29T15:12:45.853263+00:00 [queued]>
[2026-03-29T15:13:10.468+0000] {taskinstance.py:2076} INFO - Dependencies all met for dep_context=requeueable deps ti=<TaskInstance: static_trades_analytics.merge_static_trades manual__2026-03-29T15:12:45.853263+00:00 [queued]>
[2026-03-29T15:13:10.469+0000] {taskinstance.py:2306} INFO - Starting attempt 1 of 1
[2026-03-29T15:13:10.487+0000] {taskinstance.py:2330} INFO - Executing <Task(PythonOperator): merge_static_trades> on 2026-03-29 15:12:45.853263+00:00
[2026-03-29T15:13:10.508+0000] {logging_mixin.py:188} WARNING - /home/***/.local/lib/python3.12/site-packages/***/task/task_runner/standard_task_runner.py:61 DeprecationWarning: This process (pid=293) is multi-threaded, use of fork() may lead to deadlocks in the child.
[2026-03-29T15:13:10.512+0000] {standard_task_runner.py:63} INFO - Started process 297 to run task
[2026-03-29T15:13:10.508+0000] {standard_task_runner.py:90} INFO - Running: ['***', 'tasks', 'run', 'static_trades_analytics', 'merge_static_trades', 'manual__2026-03-29T15:12:45.853263+00:00', '--job-id', '15', '--raw', '--subdir', 'DAGS_FOLDER/static_user_analytics.py', '--cfg-path', '/tmp/tmpb2dp85t9']
[2026-03-29T15:13:10.514+0000] {standard_task_runner.py:91} INFO - Job 15: Subtask merge_static_trades
[2026-03-29T15:13:10.537+0000] {logging_mixin.py:188} WARNING - /home/***/.local/lib/python3.12/site-packages/***/settings.py:195 DeprecationWarning: The sql_alchemy_conn option in [core] has been moved to the sql_alchemy_conn option in [database] - the old setting has been used, but please update your config.
[2026-03-29T15:13:10.606+0000] {task_command.py:426} INFO - Running <TaskInstance: static_trades_analytics.merge_static_trades manual__2026-03-29T15:12:45.853263+00:00 [running]> on host 8dbda78c73fd
[2026-03-29T15:13:10.794+0000] {taskinstance.py:2648} INFO - Exporting env vars: AIRFLOW_CTX_DAG_OWNER='***' AIRFLOW_CTX_DAG_ID='static_trades_analytics' AIRFLOW_CTX_TASK_ID='merge_static_trades' AIRFLOW_CTX_EXECUTION_DATE='2026-03-29T15:12:45.853263+00:00' AIRFLOW_CTX_TRY_NUMBER='1' AIRFLOW_CTX_DAG_RUN_ID='manual__2026-03-29T15:12:45.853263+00:00'
[2026-03-29T15:13:10.798+0000] {taskinstance.py:430} INFO - ::endgroup::
[2026-03-29T15:13:10.847+0000] {logging_mixin.py:188} INFO - Merged 4 trades. Total records now: 4
[2026-03-29T15:13:10.848+0000] {python.py:237} INFO - Done. Returned value was: None
[2026-03-29T15:13:10.849+0000] {taskinstance.py:441} INFO - ::group::Post task execution logs
[2026-03-29T15:13:10.864+0000] {taskinstance.py:1206} INFO - Marking task as SUCCESS. dag_id=static_trades_analytics, task_id=merge_static_trades, run_id=manual__2026-03-29T15:12:45.853263+00:00, execution_date=20260329T151245, start_date=20260329T151310, end_date=20260329T151310
[2026-03-29T15:13:10.934+0000] {local_task_job_runner.py:240} INFO - Task exited with return code 0
[2026-03-29T15:13:10.999+0000] {taskinstance.py:3503} INFO - 1 downstream tasks scheduled from follow-on schedule check
[2026-03-29T15:13:11.001+0000] {local_task_job_runner.py:222} INFO - ::endgroup::
