[2026-03-29T14:11:29.231+0000] {local_task_job_runner.py:120} INFO - ::group::Pre task execution logs
[2026-03-29T14:11:29.642+0000] {taskinstance.py:2076} INFO - Dependencies all met for dep_context=non-requeueable deps ti=<TaskInstance: live_trades_analytics.clean_live_trades manual__2026-03-29T14:10:57.645131+00:00 [queued]>
[2026-03-29T14:11:29.716+0000] {taskinstance.py:2076} INFO - Dependencies all met for dep_context=requeueable deps ti=<TaskInstance: live_trades_analytics.clean_live_trades manual__2026-03-29T14:10:57.645131+00:00 [queued]>
[2026-03-29T14:11:29.719+0000] {taskinstance.py:2306} INFO - Starting attempt 1 of 1
[2026-03-29T14:11:30.114+0000] {taskinstance.py:2330} INFO - Executing <Task(PythonOperator): clean_live_trades> on 2026-03-29 14:10:57.645131+00:00
[2026-03-29T14:11:30.232+0000] {logging_mixin.py:188} WARNING - /home/***/.local/lib/python3.12/site-packages/***/task/task_runner/standard_task_runner.py:61 DeprecationWarning: This process (pid=359) is multi-threaded, use of fork() may lead to deadlocks in the child.
[2026-03-29T14:11:30.253+0000] {standard_task_runner.py:63} INFO - Started process 381 to run task
[2026-03-29T14:11:30.242+0000] {standard_task_runner.py:90} INFO - Running: ['***', 'tasks', 'run', 'live_trades_analytics', 'clean_live_trades', 'manual__2026-03-29T14:10:57.645131+00:00', '--job-id', '13', '--raw', '--subdir', 'DAGS_FOLDER/live_user_analytics.py', '--cfg-path', '/tmp/tmpqoxb5t4q']
[2026-03-29T14:11:30.269+0000] {standard_task_runner.py:91} INFO - Job 13: Subtask clean_live_trades
[2026-03-29T14:11:30.337+0000] {logging_mixin.py:188} WARNING - /home/***/.local/lib/python3.12/site-packages/***/settings.py:195 DeprecationWarning: The sql_alchemy_conn option in [core] has been moved to the sql_alchemy_conn option in [database] - the old setting has been used, but please update your config.
[2026-03-29T14:11:30.491+0000] {task_command.py:426} INFO - Running <TaskInstance: live_trades_analytics.clean_live_trades manual__2026-03-29T14:10:57.645131+00:00 [running]> on host 310a149ce3a7
[2026-03-29T14:11:30.867+0000] {taskinstance.py:2648} INFO - Exporting env vars: AIRFLOW_CTX_DAG_OWNER='***' AIRFLOW_CTX_DAG_ID='live_trades_analytics' AIRFLOW_CTX_TASK_ID='clean_live_trades' AIRFLOW_CTX_EXECUTION_DATE='2026-03-29T14:10:57.645131+00:00' AIRFLOW_CTX_TRY_NUMBER='1' AIRFLOW_CTX_DAG_RUN_ID='manual__2026-03-29T14:10:57.645131+00:00'
[2026-03-29T14:11:30.880+0000] {taskinstance.py:430} INFO - ::endgroup::
[2026-03-29T14:11:31.238+0000] {logging_mixin.py:188} INFO - Cleaned data saved to /opt/***/temp/live_transformed.csv, 4 rows kept.
[2026-03-29T14:11:31.239+0000] {python.py:237} INFO - Done. Returned value was: None
[2026-03-29T14:11:31.240+0000] {taskinstance.py:441} INFO - ::group::Post task execution logs
[2026-03-29T14:11:31.275+0000] {taskinstance.py:1206} INFO - Marking task as SUCCESS. dag_id=live_trades_analytics, task_id=clean_live_trades, run_id=manual__2026-03-29T14:10:57.645131+00:00, execution_date=20260329T141057, start_date=20260329T141129, end_date=20260329T141131
[2026-03-29T14:11:31.364+0000] {local_task_job_runner.py:240} INFO - Task exited with return code 0
[2026-03-29T14:11:31.499+0000] {taskinstance.py:3503} INFO - 1 downstream tasks scheduled from follow-on schedule check
[2026-03-29T14:11:31.505+0000] {local_task_job_runner.py:222} INFO - ::endgroup::
