[2026-03-29T12:44:28.888+0000] {local_task_job_runner.py:120} INFO - ::group::Pre task execution logs
[2026-03-29T12:44:28.919+0000] {taskinstance.py:2076} INFO - Dependencies all met for dep_context=non-requeueable deps ti=<TaskInstance: user_analytics.merge_datasets manual__2026-03-29T12:43:57.358002+00:00 [queued]>
[2026-03-29T12:44:28.927+0000] {taskinstance.py:2076} INFO - Dependencies all met for dep_context=requeueable deps ti=<TaskInstance: user_analytics.merge_datasets manual__2026-03-29T12:43:57.358002+00:00 [queued]>
[2026-03-29T12:44:28.927+0000] {taskinstance.py:2306} INFO - Starting attempt 1 of 1
[2026-03-29T12:44:28.936+0000] {taskinstance.py:2330} INFO - Executing <Task(PythonOperator): merge_datasets> on 2026-03-29 12:43:57.358002+00:00
[2026-03-29T12:44:28.945+0000] {logging_mixin.py:188} WARNING - /home/***/.local/lib/python3.12/site-packages/***/task/task_runner/standard_task_runner.py:61 DeprecationWarning: This process (pid=290) is multi-threaded, use of fork() may lead to deadlocks in the child.
[2026-03-29T12:44:28.946+0000] {standard_task_runner.py:63} INFO - Started process 292 to run task
[2026-03-29T12:44:28.945+0000] {standard_task_runner.py:90} INFO - Running: ['***', 'tasks', 'run', 'user_analytics', 'merge_datasets', 'manual__2026-03-29T12:43:57.358002+00:00', '--job-id', '13', '--raw', '--subdir', 'DAGS_FOLDER/user_analytics.py', '--cfg-path', '/tmp/tmp7jspbjdb']
[2026-03-29T12:44:28.947+0000] {standard_task_runner.py:91} INFO - Job 13: Subtask merge_datasets
[2026-03-29T12:44:28.961+0000] {logging_mixin.py:188} WARNING - /home/***/.local/lib/python3.12/site-packages/***/settings.py:195 DeprecationWarning: The sql_alchemy_conn option in [core] has been moved to the sql_alchemy_conn option in [database] - the old setting has been used, but please update your config.
[2026-03-29T12:44:28.993+0000] {task_command.py:426} INFO - Running <TaskInstance: user_analytics.merge_datasets manual__2026-03-29T12:43:57.358002+00:00 [running]> on host 33686ea88615
[2026-03-29T12:44:29.069+0000] {taskinstance.py:2648} INFO - Exporting env vars: AIRFLOW_CTX_DAG_OWNER='***' AIRFLOW_CTX_DAG_ID='user_analytics' AIRFLOW_CTX_TASK_ID='merge_datasets' AIRFLOW_CTX_EXECUTION_DATE='2026-03-29T12:43:57.358002+00:00' AIRFLOW_CTX_TRY_NUMBER='1' AIRFLOW_CTX_DAG_RUN_ID='manual__2026-03-29T12:43:57.358002+00:00'
[2026-03-29T12:44:29.070+0000] {taskinstance.py:430} INFO - ::endgroup::
[2026-03-29T12:44:29.081+0000] {taskinstance.py:441} INFO - ::group::Post task execution logs
[2026-03-29T12:44:29.081+0000] {taskinstance.py:2905} ERROR - Task failed with exception
Traceback (most recent call last):
  File "/home/airflow/.local/lib/python3.12/site-packages/airflow/models/taskinstance.py", line 465, in _execute_task
    result = _execute_callable(context=context, **execute_callable_kwargs)
             ^^^^^^^^^^^^^^^^^^^^^^^^^^^^^^^^^^^^^^^^^^^^^^^^^^^^^^^^^^^^^
  File "/home/airflow/.local/lib/python3.12/site-packages/airflow/models/taskinstance.py", line 432, in _execute_callable
    return execute_callable(context=context, **execute_callable_kwargs)
           ^^^^^^^^^^^^^^^^^^^^^^^^^^^^^^^^^^^^^^^^^^^^^^^^^^^^^^^^^^^^
  File "/home/airflow/.local/lib/python3.12/site-packages/airflow/models/baseoperator.py", line 401, in wrapper
    return func(self, *args, **kwargs)
           ^^^^^^^^^^^^^^^^^^^^^^^^^^^
  File "/home/airflow/.local/lib/python3.12/site-packages/airflow/operators/python.py", line 235, in execute
    return_value = self.execute_callable()
                   ^^^^^^^^^^^^^^^^^^^^^^^
  File "/home/airflow/.local/lib/python3.12/site-packages/airflow/operators/python.py", line 252, in execute_callable
    return self.python_callable(*self.op_args, **self.op_kwargs)
           ^^^^^^^^^^^^^^^^^^^^^^^^^^^^^^^^^^^^^^^^^^^^^^^^^^^^^
  File "/opt/airflow/dags/user_analytics.py", line 30, in merge_datasets
    market_state = pd.DataFrame()
                   ^^
NameError: name 'pd' is not defined
[2026-03-29T12:44:29.091+0000] {taskinstance.py:1206} INFO - Marking task as FAILED. dag_id=user_analytics, task_id=merge_datasets, run_id=manual__2026-03-29T12:43:57.358002+00:00, execution_date=20260329T124357, start_date=20260329T124428, end_date=20260329T124429
[2026-03-29T12:44:29.100+0000] {standard_task_runner.py:110} ERROR - Failed to execute job 13 for task merge_datasets (name 'pd' is not defined; 292)
[2026-03-29T12:44:29.121+0000] {local_task_job_runner.py:240} INFO - Task exited with return code 1
[2026-03-29T12:44:29.143+0000] {taskinstance.py:3503} INFO - 0 downstream tasks scheduled from follow-on schedule check
[2026-03-29T12:44:29.146+0000] {local_task_job_runner.py:222} INFO - ::endgroup::
