[2026-03-29T23:01:12.107+0000] {local_task_job_runner.py:120} INFO - ::group::Pre task execution logs
[2026-03-29T23:01:12.154+0000] {taskinstance.py:2076} INFO - Dependencies all met for dep_context=non-requeueable deps ti=<TaskInstance: user_analytics.load_final_data manual__2026-03-29T23:00:30.374755+00:00 [queued]>
[2026-03-29T23:01:12.164+0000] {taskinstance.py:2076} INFO - Dependencies all met for dep_context=requeueable deps ti=<TaskInstance: user_analytics.load_final_data manual__2026-03-29T23:00:30.374755+00:00 [queued]>
[2026-03-29T23:01:12.165+0000] {taskinstance.py:2306} INFO - Starting attempt 1 of 1
[2026-03-29T23:01:12.188+0000] {taskinstance.py:2330} INFO - Executing <Task(PythonOperator): load_final_data> on 2026-03-29 23:00:30.374755+00:00
[2026-03-29T23:01:12.205+0000] {logging_mixin.py:188} WARNING - /home/***/.local/lib/python3.12/site-packages/***/task/task_runner/standard_task_runner.py:61 DeprecationWarning: This process (pid=426) is multi-threaded, use of fork() may lead to deadlocks in the child.
[2026-03-29T23:01:12.207+0000] {standard_task_runner.py:63} INFO - Started process 436 to run task
[2026-03-29T23:01:12.205+0000] {standard_task_runner.py:90} INFO - Running: ['***', 'tasks', 'run', 'user_analytics', 'load_final_data', 'manual__2026-03-29T23:00:30.374755+00:00', '--job-id', '23', '--raw', '--subdir', 'DAGS_FOLDER/user_analytics.py', '--cfg-path', '/tmp/tmpuhqnwyul']
[2026-03-29T23:01:12.208+0000] {standard_task_runner.py:91} INFO - Job 23: Subtask load_final_data
[2026-03-29T23:01:12.227+0000] {logging_mixin.py:188} WARNING - /home/***/.local/lib/python3.12/site-packages/***/settings.py:195 DeprecationWarning: The sql_alchemy_conn option in [core] has been moved to the sql_alchemy_conn option in [database] - the old setting has been used, but please update your config.
[2026-03-29T23:01:12.270+0000] {task_command.py:426} INFO - Running <TaskInstance: user_analytics.load_final_data manual__2026-03-29T23:00:30.374755+00:00 [running]> on host 6b3b88b70881
[2026-03-29T23:01:12.437+0000] {taskinstance.py:2648} INFO - Exporting env vars: AIRFLOW_CTX_DAG_OWNER='***' AIRFLOW_CTX_DAG_ID='user_analytics' AIRFLOW_CTX_TASK_ID='load_final_data' AIRFLOW_CTX_EXECUTION_DATE='2026-03-29T23:00:30.374755+00:00' AIRFLOW_CTX_TRY_NUMBER='1' AIRFLOW_CTX_DAG_RUN_ID='manual__2026-03-29T23:00:30.374755+00:00'
[2026-03-29T23:01:12.438+0000] {taskinstance.py:430} INFO - ::endgroup::
[2026-03-29T23:01:12.462+0000] {logging_mixin.py:188} INFO - Loaded data to /tmp/***_data/final.csv
[2026-03-29T23:01:12.463+0000] {python.py:237} INFO - Done. Returned value was: None
[2026-03-29T23:01:12.463+0000] {taskinstance.py:441} INFO - ::group::Post task execution logs
[2026-03-29T23:01:12.481+0000] {taskinstance.py:1206} INFO - Marking task as SUCCESS. dag_id=user_analytics, task_id=load_final_data, run_id=manual__2026-03-29T23:00:30.374755+00:00, execution_date=20260329T230030, start_date=20260329T230112, end_date=20260329T230112
[2026-03-29T23:01:12.520+0000] {local_task_job_runner.py:240} INFO - Task exited with return code 0
[2026-03-29T23:01:12.579+0000] {taskinstance.py:3503} INFO - 1 downstream tasks scheduled from follow-on schedule check
[2026-03-29T23:01:12.590+0000] {local_task_job_runner.py:222} INFO - ::endgroup::
