[2026-03-29T14:17:25.133+0000] {local_task_job_runner.py:120} INFO - ::group::Pre task execution logs
[2026-03-29T14:17:25.345+0000] {taskinstance.py:2076} INFO - Dependencies all met for dep_context=non-requeueable deps ti=<TaskInstance: live_trades_analytics.load_live_data manual__2026-03-29T14:16:54.127152+00:00 [queued]>
[2026-03-29T14:17:25.366+0000] {taskinstance.py:2076} INFO - Dependencies all met for dep_context=requeueable deps ti=<TaskInstance: live_trades_analytics.load_live_data manual__2026-03-29T14:16:54.127152+00:00 [queued]>
[2026-03-29T14:17:25.367+0000] {taskinstance.py:2306} INFO - Starting attempt 1 of 1
[2026-03-29T14:17:25.398+0000] {taskinstance.py:2330} INFO - Executing <Task(PythonOperator): load_live_data> on 2026-03-29 14:16:54.127152+00:00
[2026-03-29T14:17:25.442+0000] {logging_mixin.py:188} WARNING - /home/***/.local/lib/python3.12/site-packages/***/task/task_runner/standard_task_runner.py:61 DeprecationWarning: This process (pid=269) is multi-threaded, use of fork() may lead to deadlocks in the child.
[2026-03-29T14:17:25.444+0000] {standard_task_runner.py:63} INFO - Started process 278 to run task
[2026-03-29T14:17:25.440+0000] {standard_task_runner.py:90} INFO - Running: ['***', 'tasks', 'run', 'live_trades_analytics', 'load_live_data', 'manual__2026-03-29T14:16:54.127152+00:00', '--job-id', '17', '--raw', '--subdir', 'DAGS_FOLDER/live_user_analytics.py', '--cfg-path', '/tmp/tmpf26motgw']
[2026-03-29T14:17:25.448+0000] {standard_task_runner.py:91} INFO - Job 17: Subtask load_live_data
[2026-03-29T14:17:25.541+0000] {logging_mixin.py:188} WARNING - /home/***/.local/lib/python3.12/site-packages/***/settings.py:195 DeprecationWarning: The sql_alchemy_conn option in [core] has been moved to the sql_alchemy_conn option in [database] - the old setting has been used, but please update your config.
[2026-03-29T14:17:25.723+0000] {task_command.py:426} INFO - Running <TaskInstance: live_trades_analytics.load_live_data manual__2026-03-29T14:16:54.127152+00:00 [running]> on host 78e230e6b695
[2026-03-29T14:17:26.133+0000] {taskinstance.py:2648} INFO - Exporting env vars: AIRFLOW_CTX_DAG_OWNER='***' AIRFLOW_CTX_DAG_ID='live_trades_analytics' AIRFLOW_CTX_TASK_ID='load_live_data' AIRFLOW_CTX_EXECUTION_DATE='2026-03-29T14:16:54.127152+00:00' AIRFLOW_CTX_TRY_NUMBER='1' AIRFLOW_CTX_DAG_RUN_ID='manual__2026-03-29T14:16:54.127152+00:00'
[2026-03-29T14:17:26.136+0000] {taskinstance.py:430} INFO - ::endgroup::
[2026-03-29T14:17:26.218+0000] {logging_mixin.py:188} INFO - Loaded data to /opt/***/temp/live_final.csv
[2026-03-29T14:17:26.221+0000] {python.py:237} INFO - Done. Returned value was: None
[2026-03-29T14:17:26.222+0000] {taskinstance.py:441} INFO - ::group::Post task execution logs
[2026-03-29T14:17:26.262+0000] {taskinstance.py:1206} INFO - Marking task as SUCCESS. dag_id=live_trades_analytics, task_id=load_live_data, run_id=manual__2026-03-29T14:16:54.127152+00:00, execution_date=20260329T141654, start_date=20260329T141725, end_date=20260329T141726
[2026-03-29T14:17:26.329+0000] {local_task_job_runner.py:240} INFO - Task exited with return code 0
[2026-03-29T14:17:26.380+0000] {taskinstance.py:3503} INFO - 0 downstream tasks scheduled from follow-on schedule check
[2026-03-29T14:17:26.387+0000] {local_task_job_runner.py:222} INFO - ::endgroup::
