[2026-03-29T12:14:51.565+0000] {local_task_job_runner.py:120} INFO - ::group::Pre task execution logs
[2026-03-29T12:14:51.665+0000] {taskinstance.py:2076} INFO - Dependencies all met for dep_context=non-requeueable deps ti=<TaskInstance: live_trades_analytics.load_live_data manual__2026-03-29T12:14:24.300754+00:00 [queued]>
[2026-03-29T12:14:51.682+0000] {taskinstance.py:2076} INFO - Dependencies all met for dep_context=requeueable deps ti=<TaskInstance: live_trades_analytics.load_live_data manual__2026-03-29T12:14:24.300754+00:00 [queued]>
[2026-03-29T12:14:51.683+0000] {taskinstance.py:2306} INFO - Starting attempt 1 of 1
[2026-03-29T12:14:51.714+0000] {taskinstance.py:2330} INFO - Executing <Task(PythonOperator): load_live_data> on 2026-03-29 12:14:24.300754+00:00
[2026-03-29T12:14:51.736+0000] {logging_mixin.py:188} WARNING - /home/***/.local/lib/python3.12/site-packages/***/task/task_runner/standard_task_runner.py:61 DeprecationWarning: This process (pid=349) is multi-threaded, use of fork() may lead to deadlocks in the child.
[2026-03-29T12:14:51.741+0000] {standard_task_runner.py:63} INFO - Started process 357 to run task
[2026-03-29T12:14:51.737+0000] {standard_task_runner.py:90} INFO - Running: ['***', 'tasks', 'run', 'live_trades_analytics', 'load_live_data', 'manual__2026-03-29T12:14:24.300754+00:00', '--job-id', '16', '--raw', '--subdir', 'DAGS_FOLDER/live_user_analytics.py', '--cfg-path', '/tmp/tmp6r_yff1a']
[2026-03-29T12:14:51.744+0000] {standard_task_runner.py:91} INFO - Job 16: Subtask load_live_data
[2026-03-29T12:14:51.796+0000] {logging_mixin.py:188} WARNING - /home/***/.local/lib/python3.12/site-packages/***/settings.py:195 DeprecationWarning: The sql_alchemy_conn option in [core] has been moved to the sql_alchemy_conn option in [database] - the old setting has been used, but please update your config.
[2026-03-29T12:14:51.894+0000] {task_command.py:426} INFO - Running <TaskInstance: live_trades_analytics.load_live_data manual__2026-03-29T12:14:24.300754+00:00 [running]> on host 8536c3ac8533
[2026-03-29T12:14:52.072+0000] {taskinstance.py:2648} INFO - Exporting env vars: AIRFLOW_CTX_DAG_OWNER='***' AIRFLOW_CTX_DAG_ID='live_trades_analytics' AIRFLOW_CTX_TASK_ID='load_live_data' AIRFLOW_CTX_EXECUTION_DATE='2026-03-29T12:14:24.300754+00:00' AIRFLOW_CTX_TRY_NUMBER='1' AIRFLOW_CTX_DAG_RUN_ID='manual__2026-03-29T12:14:24.300754+00:00'
[2026-03-29T12:14:52.074+0000] {taskinstance.py:430} INFO - ::endgroup::
[2026-03-29T12:14:52.124+0000] {logging_mixin.py:188} INFO - Loaded data to /opt/***/temp/live_final.csv
[2026-03-29T12:14:52.125+0000] {python.py:237} INFO - Done. Returned value was: None
[2026-03-29T12:14:52.126+0000] {taskinstance.py:441} INFO - ::group::Post task execution logs
[2026-03-29T12:14:52.149+0000] {taskinstance.py:1206} INFO - Marking task as SUCCESS. dag_id=live_trades_analytics, task_id=load_live_data, run_id=manual__2026-03-29T12:14:24.300754+00:00, execution_date=20260329T121424, start_date=20260329T121451, end_date=20260329T121452
[2026-03-29T12:14:52.204+0000] {local_task_job_runner.py:240} INFO - Task exited with return code 0
[2026-03-29T12:14:52.250+0000] {taskinstance.py:3503} INFO - 0 downstream tasks scheduled from follow-on schedule check
[2026-03-29T12:14:52.255+0000] {local_task_job_runner.py:222} INFO - ::endgroup::
