[2026-03-29T15:07:38.802+0000] {local_task_job_runner.py:120} INFO - ::group::Pre task execution logs
[2026-03-29T15:07:38.845+0000] {taskinstance.py:2076} INFO - Dependencies all met for dep_context=non-requeueable deps ti=<TaskInstance: user_analytics.merge_datasets manual__2026-03-29T15:07:11.164802+00:00 [queued]>
[2026-03-29T15:07:38.855+0000] {taskinstance.py:2076} INFO - Dependencies all met for dep_context=requeueable deps ti=<TaskInstance: user_analytics.merge_datasets manual__2026-03-29T15:07:11.164802+00:00 [queued]>
[2026-03-29T15:07:38.856+0000] {taskinstance.py:2306} INFO - Starting attempt 1 of 1
[2026-03-29T15:07:38.869+0000] {taskinstance.py:2330} INFO - Executing <Task(PythonOperator): merge_datasets> on 2026-03-29 15:07:11.164802+00:00
[2026-03-29T15:07:38.884+0000] {logging_mixin.py:188} WARNING - /home/***/.local/lib/python3.12/site-packages/***/task/task_runner/standard_task_runner.py:61 DeprecationWarning: This process (pid=547) is multi-threaded, use of fork() may lead to deadlocks in the child.
[2026-03-29T15:07:38.887+0000] {standard_task_runner.py:63} INFO - Started process 551 to run task
[2026-03-29T15:07:38.886+0000] {standard_task_runner.py:90} INFO - Running: ['***', 'tasks', 'run', 'user_analytics', 'merge_datasets', 'manual__2026-03-29T15:07:11.164802+00:00', '--job-id', '11', '--raw', '--subdir', 'DAGS_FOLDER/user_analytics.py', '--cfg-path', '/tmp/tmpvlr2f7m0']
[2026-03-29T15:07:38.891+0000] {standard_task_runner.py:91} INFO - Job 11: Subtask merge_datasets
[2026-03-29T15:07:38.917+0000] {logging_mixin.py:188} WARNING - /home/***/.local/lib/python3.12/site-packages/***/settings.py:195 DeprecationWarning: The sql_alchemy_conn option in [core] has been moved to the sql_alchemy_conn option in [database] - the old setting has been used, but please update your config.
[2026-03-29T15:07:38.963+0000] {task_command.py:426} INFO - Running <TaskInstance: user_analytics.merge_datasets manual__2026-03-29T15:07:11.164802+00:00 [running]> on host 2d6484d95a15
[2026-03-29T15:07:39.083+0000] {taskinstance.py:2648} INFO - Exporting env vars: AIRFLOW_CTX_DAG_OWNER='***' AIRFLOW_CTX_DAG_ID='user_analytics' AIRFLOW_CTX_TASK_ID='merge_datasets' AIRFLOW_CTX_EXECUTION_DATE='2026-03-29T15:07:11.164802+00:00' AIRFLOW_CTX_TRY_NUMBER='1' AIRFLOW_CTX_DAG_RUN_ID='manual__2026-03-29T15:07:11.164802+00:00'
[2026-03-29T15:07:39.085+0000] {taskinstance.py:430} INFO - ::endgroup::
[2026-03-29T15:07:39.135+0000] {logging_mixin.py:188} INFO - Merged 10 trades. Total records now: 10
[2026-03-29T15:07:39.135+0000] {python.py:237} INFO - Done. Returned value was: None
[2026-03-29T15:07:39.137+0000] {taskinstance.py:441} INFO - ::group::Post task execution logs
[2026-03-29T15:07:39.156+0000] {taskinstance.py:1206} INFO - Marking task as SUCCESS. dag_id=user_analytics, task_id=merge_datasets, run_id=manual__2026-03-29T15:07:11.164802+00:00, execution_date=20260329T150711, start_date=20260329T150738, end_date=20260329T150739
[2026-03-29T15:07:39.190+0000] {local_task_job_runner.py:240} INFO - Task exited with return code 0
[2026-03-29T15:07:39.218+0000] {taskinstance.py:3503} INFO - 1 downstream tasks scheduled from follow-on schedule check
[2026-03-29T15:07:39.219+0000] {local_task_job_runner.py:222} INFO - ::endgroup::
