[2026-03-29T11:55:23.552+0000] {local_task_job_runner.py:120} INFO - ::group::Pre task execution logs
[2026-03-29T11:55:23.601+0000] {taskinstance.py:2076} INFO - Dependencies all met for dep_context=non-requeueable deps ti=<TaskInstance: user_analytics.merge_datasets manual__2026-03-29T11:54:53.118808+00:00 [queued]>
[2026-03-29T11:55:23.610+0000] {taskinstance.py:2076} INFO - Dependencies all met for dep_context=requeueable deps ti=<TaskInstance: user_analytics.merge_datasets manual__2026-03-29T11:54:53.118808+00:00 [queued]>
[2026-03-29T11:55:23.611+0000] {taskinstance.py:2306} INFO - Starting attempt 1 of 1
[2026-03-29T11:55:23.625+0000] {taskinstance.py:2330} INFO - Executing <Task(PythonOperator): merge_datasets> on 2026-03-29 11:54:53.118808+00:00
[2026-03-29T11:55:23.642+0000] {logging_mixin.py:188} WARNING - /home/***/.local/lib/python3.12/site-packages/***/task/task_runner/standard_task_runner.py:61 DeprecationWarning: This process (pid=824) is multi-threaded, use of fork() may lead to deadlocks in the child.
[2026-03-29T11:55:23.647+0000] {standard_task_runner.py:63} INFO - Started process 828 to run task
[2026-03-29T11:55:23.644+0000] {standard_task_runner.py:90} INFO - Running: ['***', 'tasks', 'run', 'user_analytics', 'merge_datasets', 'manual__2026-03-29T11:54:53.118808+00:00', '--job-id', '20', '--raw', '--subdir', 'DAGS_FOLDER/user_analytics.py', '--cfg-path', '/tmp/tmp5o62s671']
[2026-03-29T11:55:23.649+0000] {standard_task_runner.py:91} INFO - Job 20: Subtask merge_datasets
[2026-03-29T11:55:23.670+0000] {logging_mixin.py:188} WARNING - /home/***/.local/lib/python3.12/site-packages/***/settings.py:195 DeprecationWarning: The sql_alchemy_conn option in [core] has been moved to the sql_alchemy_conn option in [database] - the old setting has been used, but please update your config.
[2026-03-29T11:55:23.773+0000] {task_command.py:426} INFO - Running <TaskInstance: user_analytics.merge_datasets manual__2026-03-29T11:54:53.118808+00:00 [running]> on host 18bc553606fe
[2026-03-29T11:55:23.953+0000] {taskinstance.py:2648} INFO - Exporting env vars: AIRFLOW_CTX_DAG_OWNER='***' AIRFLOW_CTX_DAG_ID='user_analytics' AIRFLOW_CTX_TASK_ID='merge_datasets' AIRFLOW_CTX_EXECUTION_DATE='2026-03-29T11:54:53.118808+00:00' AIRFLOW_CTX_TRY_NUMBER='1' AIRFLOW_CTX_DAG_RUN_ID='manual__2026-03-29T11:54:53.118808+00:00'
[2026-03-29T11:55:23.956+0000] {taskinstance.py:430} INFO - ::endgroup::
[2026-03-29T11:55:23.996+0000] {taskinstance.py:441} INFO - ::group::Post task execution logs
[2026-03-29T11:55:23.997+0000] {taskinstance.py:2905} ERROR - Task failed with exception
Traceback (most recent call last):
  File "/home/airflow/.local/lib/python3.12/site-packages/airflow/models/taskinstance.py", line 465, in _execute_task
    result = _execute_callable(context=context, **execute_callable_kwargs)
             ^^^^^^^^^^^^^^^^^^^^^^^^^^^^^^^^^^^^^^^^^^^^^^^^^^^^^^^^^^^^^
  File "/home/airflow/.local/lib/python3.12/site-packages/airflow/models/taskinstance.py", line 432, in _execute_callable
    return execute_callable(context=context, **execute_callable_kwargs)
           ^^^^^^^^^^^^^^^^^^^^^^^^^^^^^^^^^^^^^^^^^^^^^^^^^^^^^^^^^^^^
  File "/home/airflow/.local/lib/python3.12/site-packages/airflow/models/baseoperator.py", line 401, in wrapper
    return func(self, *args, **kwargs)
           ^^^^^^^^^^^^^^^^^^^^^^^^^^^
  File "/home/airflow/.local/lib/python3.12/site-packages/airflow/operators/python.py", line 235, in execute
    return_value = self.execute_callable()
                   ^^^^^^^^^^^^^^^^^^^^^^^
  File "/home/airflow/.local/lib/python3.12/site-packages/airflow/operators/python.py", line 252, in execute_callable
    return self.python_callable(*self.op_args, **self.op_kwargs)
           ^^^^^^^^^^^^^^^^^^^^^^^^^^^^^^^^^^^^^^^^^^^^^^^^^^^^^
  File "/opt/airflow/dags/user_analytics.py", line 33, in merge_datasets
    merge_trades("/opt/airflow/temp/transformed.csv")
TypeError: merge_trades() missing 1 required positional argument: 'output_csv'
[2026-03-29T11:55:24.046+0000] {taskinstance.py:1206} INFO - Marking task as FAILED. dag_id=user_analytics, task_id=merge_datasets, run_id=manual__2026-03-29T11:54:53.118808+00:00, execution_date=20260329T115453, start_date=20260329T115523, end_date=20260329T115524
[2026-03-29T11:55:24.081+0000] {standard_task_runner.py:110} ERROR - Failed to execute job 20 for task merge_datasets (merge_trades() missing 1 required positional argument: 'output_csv'; 828)
[2026-03-29T11:55:24.147+0000] {local_task_job_runner.py:240} INFO - Task exited with return code 1
[2026-03-29T11:55:24.212+0000] {taskinstance.py:3503} INFO - 0 downstream tasks scheduled from follow-on schedule check
[2026-03-29T11:55:24.223+0000] {local_task_job_runner.py:222} INFO - ::endgroup::
