[2026-03-29T14:33:05.454+0000] {local_task_job_runner.py:120} INFO - ::group::Pre task execution logs
[2026-03-29T14:33:05.592+0000] {taskinstance.py:2076} INFO - Dependencies all met for dep_context=non-requeueable deps ti=<TaskInstance: live_trades_analytics.load_live_data manual__2026-03-29T14:32:36.081579+00:00 [queued]>
[2026-03-29T14:33:05.636+0000] {taskinstance.py:2076} INFO - Dependencies all met for dep_context=requeueable deps ti=<TaskInstance: live_trades_analytics.load_live_data manual__2026-03-29T14:32:36.081579+00:00 [queued]>
[2026-03-29T14:33:05.638+0000] {taskinstance.py:2306} INFO - Starting attempt 1 of 1
[2026-03-29T14:33:05.761+0000] {taskinstance.py:2330} INFO - Executing <Task(PythonOperator): load_live_data> on 2026-03-29 14:32:36.081579+00:00
[2026-03-29T14:33:05.830+0000] {logging_mixin.py:188} WARNING - /home/***/.local/lib/python3.12/site-packages/***/task/task_runner/standard_task_runner.py:61 DeprecationWarning: This process (pid=397) is multi-threaded, use of fork() may lead to deadlocks in the child.
[2026-03-29T14:33:05.835+0000] {standard_task_runner.py:63} INFO - Started process 404 to run task
[2026-03-29T14:33:05.833+0000] {standard_task_runner.py:90} INFO - Running: ['***', 'tasks', 'run', 'live_trades_analytics', 'load_live_data', 'manual__2026-03-29T14:32:36.081579+00:00', '--job-id', '17', '--raw', '--subdir', 'DAGS_FOLDER/live_user_analytics.py', '--cfg-path', '/tmp/tmp3vyntd8q']
[2026-03-29T14:33:05.853+0000] {standard_task_runner.py:91} INFO - Job 17: Subtask load_live_data
[2026-03-29T14:33:05.932+0000] {logging_mixin.py:188} WARNING - /home/***/.local/lib/python3.12/site-packages/***/settings.py:195 DeprecationWarning: The sql_alchemy_conn option in [core] has been moved to the sql_alchemy_conn option in [database] - the old setting has been used, but please update your config.
[2026-03-29T14:33:06.140+0000] {task_command.py:426} INFO - Running <TaskInstance: live_trades_analytics.load_live_data manual__2026-03-29T14:32:36.081579+00:00 [running]> on host 3942be4b0136
[2026-03-29T14:33:06.474+0000] {taskinstance.py:2648} INFO - Exporting env vars: AIRFLOW_CTX_DAG_OWNER='***' AIRFLOW_CTX_DAG_ID='live_trades_analytics' AIRFLOW_CTX_TASK_ID='load_live_data' AIRFLOW_CTX_EXECUTION_DATE='2026-03-29T14:32:36.081579+00:00' AIRFLOW_CTX_TRY_NUMBER='1' AIRFLOW_CTX_DAG_RUN_ID='manual__2026-03-29T14:32:36.081579+00:00'
[2026-03-29T14:33:06.481+0000] {taskinstance.py:430} INFO - ::endgroup::
[2026-03-29T14:33:06.506+0000] {logging_mixin.py:188} INFO - Loaded data to /opt/***/temp/live_final.csv
[2026-03-29T14:33:06.507+0000] {python.py:237} INFO - Done. Returned value was: None
[2026-03-29T14:33:06.508+0000] {taskinstance.py:441} INFO - ::group::Post task execution logs
[2026-03-29T14:33:06.550+0000] {taskinstance.py:1206} INFO - Marking task as SUCCESS. dag_id=live_trades_analytics, task_id=load_live_data, run_id=manual__2026-03-29T14:32:36.081579+00:00, execution_date=20260329T143236, start_date=20260329T143305, end_date=20260329T143306
[2026-03-29T14:33:06.755+0000] {local_task_job_runner.py:240} INFO - Task exited with return code 0
[2026-03-29T14:33:06.860+0000] {taskinstance.py:3503} INFO - 0 downstream tasks scheduled from follow-on schedule check
[2026-03-29T14:33:06.871+0000] {local_task_job_runner.py:222} INFO - ::endgroup::
