[2026-03-29T13:58:59.389+0000] {local_task_job_runner.py:120} INFO - ::group::Pre task execution logs
[2026-03-29T13:58:59.489+0000] {taskinstance.py:2076} INFO - Dependencies all met for dep_context=non-requeueable deps ti=<TaskInstance: live_trades_analytics.merge_live_trades manual__2026-03-29T13:58:33.977066+00:00 [queued]>
[2026-03-29T13:58:59.503+0000] {taskinstance.py:2076} INFO - Dependencies all met for dep_context=requeueable deps ti=<TaskInstance: live_trades_analytics.merge_live_trades manual__2026-03-29T13:58:33.977066+00:00 [queued]>
[2026-03-29T13:58:59.504+0000] {taskinstance.py:2306} INFO - Starting attempt 1 of 1
[2026-03-29T13:58:59.528+0000] {taskinstance.py:2330} INFO - Executing <Task(PythonOperator): merge_live_trades> on 2026-03-29 13:58:33.977066+00:00
[2026-03-29T13:58:59.555+0000] {logging_mixin.py:188} WARNING - /home/***/.local/lib/python3.12/site-packages/***/task/task_runner/standard_task_runner.py:61 DeprecationWarning: This process (pid=330) is multi-threaded, use of fork() may lead to deadlocks in the child.
[2026-03-29T13:58:59.559+0000] {standard_task_runner.py:63} INFO - Started process 340 to run task
[2026-03-29T13:58:59.555+0000] {standard_task_runner.py:90} INFO - Running: ['***', 'tasks', 'run', 'live_trades_analytics', 'merge_live_trades', 'manual__2026-03-29T13:58:33.977066+00:00', '--job-id', '15', '--raw', '--subdir', 'DAGS_FOLDER/live_user_analytics.py', '--cfg-path', '/tmp/tmprscg7s48']
[2026-03-29T13:58:59.561+0000] {standard_task_runner.py:91} INFO - Job 15: Subtask merge_live_trades
[2026-03-29T13:58:59.600+0000] {logging_mixin.py:188} WARNING - /home/***/.local/lib/python3.12/site-packages/***/settings.py:195 DeprecationWarning: The sql_alchemy_conn option in [core] has been moved to the sql_alchemy_conn option in [database] - the old setting has been used, but please update your config.
[2026-03-29T13:58:59.703+0000] {task_command.py:426} INFO - Running <TaskInstance: live_trades_analytics.merge_live_trades manual__2026-03-29T13:58:33.977066+00:00 [running]> on host 39eebc6a16f6
[2026-03-29T13:58:59.900+0000] {taskinstance.py:2648} INFO - Exporting env vars: AIRFLOW_CTX_DAG_OWNER='***' AIRFLOW_CTX_DAG_ID='live_trades_analytics' AIRFLOW_CTX_TASK_ID='merge_live_trades' AIRFLOW_CTX_EXECUTION_DATE='2026-03-29T13:58:33.977066+00:00' AIRFLOW_CTX_TRY_NUMBER='1' AIRFLOW_CTX_DAG_RUN_ID='manual__2026-03-29T13:58:33.977066+00:00'
[2026-03-29T13:58:59.903+0000] {taskinstance.py:430} INFO - ::endgroup::
[2026-03-29T13:58:59.934+0000] {logging_mixin.py:188} INFO - Merged 4 trades. Total records now: 4
[2026-03-29T13:58:59.934+0000] {python.py:237} INFO - Done. Returned value was: None
[2026-03-29T13:58:59.935+0000] {taskinstance.py:441} INFO - ::group::Post task execution logs
[2026-03-29T13:58:59.958+0000] {taskinstance.py:1206} INFO - Marking task as SUCCESS. dag_id=live_trades_analytics, task_id=merge_live_trades, run_id=manual__2026-03-29T13:58:33.977066+00:00, execution_date=20260329T135833, start_date=20260329T135859, end_date=20260329T135859
[2026-03-29T13:58:59.985+0000] {local_task_job_runner.py:240} INFO - Task exited with return code 0
[2026-03-29T13:59:00.028+0000] {taskinstance.py:3503} INFO - 1 downstream tasks scheduled from follow-on schedule check
[2026-03-29T13:59:00.032+0000] {local_task_job_runner.py:222} INFO - ::endgroup::
