[2026-03-29T14:45:45.032+0000] {local_task_job_runner.py:120} INFO - ::group::Pre task execution logs
[2026-03-29T14:45:45.113+0000] {taskinstance.py:2076} INFO - Dependencies all met for dep_context=non-requeueable deps ti=<TaskInstance: static_trades_analytics.clean_static_trades scheduled__2026-03-28T00:00:00+00:00 [queued]>
[2026-03-29T14:45:45.142+0000] {taskinstance.py:2076} INFO - Dependencies all met for dep_context=requeueable deps ti=<TaskInstance: static_trades_analytics.clean_static_trades scheduled__2026-03-28T00:00:00+00:00 [queued]>
[2026-03-29T14:45:45.143+0000] {taskinstance.py:2306} INFO - Starting attempt 1 of 1
[2026-03-29T14:45:45.184+0000] {taskinstance.py:2330} INFO - Executing <Task(PythonOperator): clean_static_trades> on 2026-03-28 00:00:00+00:00
[2026-03-29T14:45:45.205+0000] {logging_mixin.py:188} WARNING - /home/***/.local/lib/python3.12/site-packages/***/task/task_runner/standard_task_runner.py:61 DeprecationWarning: This process (pid=322) is multi-threaded, use of fork() may lead to deadlocks in the child.
[2026-03-29T14:45:45.208+0000] {standard_task_runner.py:63} INFO - Started process 329 to run task
[2026-03-29T14:45:45.206+0000] {standard_task_runner.py:90} INFO - Running: ['***', 'tasks', 'run', 'static_trades_analytics', 'clean_static_trades', 'scheduled__2026-03-28T00:00:00+00:00', '--job-id', '11', '--raw', '--subdir', 'DAGS_FOLDER/static_user_analytics.py', '--cfg-path', '/tmp/tmpoqhqtkul']
[2026-03-29T14:45:45.212+0000] {standard_task_runner.py:91} INFO - Job 11: Subtask clean_static_trades
[2026-03-29T14:45:45.250+0000] {logging_mixin.py:188} WARNING - /home/***/.local/lib/python3.12/site-packages/***/settings.py:195 DeprecationWarning: The sql_alchemy_conn option in [core] has been moved to the sql_alchemy_conn option in [database] - the old setting has been used, but please update your config.
[2026-03-29T14:45:45.359+0000] {task_command.py:426} INFO - Running <TaskInstance: static_trades_analytics.clean_static_trades scheduled__2026-03-28T00:00:00+00:00 [running]> on host cd359a9f83a6
[2026-03-29T14:45:45.722+0000] {taskinstance.py:2648} INFO - Exporting env vars: AIRFLOW_CTX_DAG_OWNER='***' AIRFLOW_CTX_DAG_ID='static_trades_analytics' AIRFLOW_CTX_TASK_ID='clean_static_trades' AIRFLOW_CTX_EXECUTION_DATE='2026-03-28T00:00:00+00:00' AIRFLOW_CTX_TRY_NUMBER='1' AIRFLOW_CTX_DAG_RUN_ID='scheduled__2026-03-28T00:00:00+00:00'
[2026-03-29T14:45:45.727+0000] {taskinstance.py:430} INFO - ::endgroup::
[2026-03-29T14:45:45.794+0000] {taskinstance.py:441} INFO - ::group::Post task execution logs
[2026-03-29T14:45:45.805+0000] {taskinstance.py:2905} ERROR - Task failed with exception
Traceback (most recent call last):
  File "/home/airflow/.local/lib/python3.12/site-packages/airflow/models/taskinstance.py", line 465, in _execute_task
    result = _execute_callable(context=context, **execute_callable_kwargs)
             ^^^^^^^^^^^^^^^^^^^^^^^^^^^^^^^^^^^^^^^^^^^^^^^^^^^^^^^^^^^^^
  File "/home/airflow/.local/lib/python3.12/site-packages/airflow/models/taskinstance.py", line 432, in _execute_callable
    return execute_callable(context=context, **execute_callable_kwargs)
           ^^^^^^^^^^^^^^^^^^^^^^^^^^^^^^^^^^^^^^^^^^^^^^^^^^^^^^^^^^^^
  File "/home/airflow/.local/lib/python3.12/site-packages/airflow/models/baseoperator.py", line 401, in wrapper
    return func(self, *args, **kwargs)
           ^^^^^^^^^^^^^^^^^^^^^^^^^^^
  File "/home/airflow/.local/lib/python3.12/site-packages/airflow/operators/python.py", line 235, in execute
    return_value = self.execute_callable()
                   ^^^^^^^^^^^^^^^^^^^^^^^
  File "/home/airflow/.local/lib/python3.12/site-packages/airflow/operators/python.py", line 252, in execute_callable
    return self.python_callable(*self.op_args, **self.op_kwargs)
           ^^^^^^^^^^^^^^^^^^^^^^^^^^^^^^^^^^^^^^^^^^^^^^^^^^^^^
  File "/opt/airflow/dags/static_user_analytics.py", line 31, in clean_static_trades
    clean_data(
  File "/app/kafka_tutorial/consumer.py", line 43, in clean_data
    df = pd.read_csv(input_path)
         ^^^^^^^^^^^^^^^^^^^^^^^
  File "/home/airflow/.local/lib/python3.12/site-packages/pandas/io/parsers/readers.py", line 948, in read_csv
    return _read(filepath_or_buffer, kwds)
           ^^^^^^^^^^^^^^^^^^^^^^^^^^^^^^^
  File "/home/airflow/.local/lib/python3.12/site-packages/pandas/io/parsers/readers.py", line 611, in _read
    parser = TextFileReader(filepath_or_buffer, **kwds)
             ^^^^^^^^^^^^^^^^^^^^^^^^^^^^^^^^^^^^^^^^^^
  File "/home/airflow/.local/lib/python3.12/site-packages/pandas/io/parsers/readers.py", line 1448, in __init__
    self._engine = self._make_engine(f, self.engine)
                   ^^^^^^^^^^^^^^^^^^^^^^^^^^^^^^^^^
  File "/home/airflow/.local/lib/python3.12/site-packages/pandas/io/parsers/readers.py", line 1705, in _make_engine
    self.handles = get_handle(
                   ^^^^^^^^^^^
  File "/home/airflow/.local/lib/python3.12/site-packages/pandas/io/common.py", line 863, in get_handle
    handle = open(
             ^^^^^
FileNotFoundError: [Errno 2] No such file or directory: '/opt/airflow/temp/static_trades.csv'
[2026-03-29T14:45:45.890+0000] {taskinstance.py:1206} INFO - Marking task as FAILED. dag_id=static_trades_analytics, task_id=clean_static_trades, run_id=scheduled__2026-03-28T00:00:00+00:00, execution_date=20260328T000000, start_date=20260329T144545, end_date=20260329T144545
[2026-03-29T14:45:45.969+0000] {standard_task_runner.py:110} ERROR - Failed to execute job 11 for task clean_static_trades ([Errno 2] No such file or directory: '/opt/airflow/temp/static_trades.csv'; 329)
[2026-03-29T14:45:46.102+0000] {local_task_job_runner.py:240} INFO - Task exited with return code 1
[2026-03-29T14:45:46.192+0000] {local_task_job_runner.py:222} INFO - ::endgroup::
[2026-03-29T15:13:05.673+0000] {local_task_job_runner.py:120} INFO - ::group::Pre task execution logs
[2026-03-29T15:13:05.852+0000] {taskinstance.py:2076} INFO - Dependencies all met for dep_context=non-requeueable deps ti=<TaskInstance: static_trades_analytics.clean_static_trades scheduled__2026-03-28T00:00:00+00:00 [queued]>
[2026-03-29T15:13:05.914+0000] {taskinstance.py:2076} INFO - Dependencies all met for dep_context=requeueable deps ti=<TaskInstance: static_trades_analytics.clean_static_trades scheduled__2026-03-28T00:00:00+00:00 [queued]>
[2026-03-29T15:13:05.917+0000] {taskinstance.py:2306} INFO - Starting attempt 1 of 1
[2026-03-29T15:13:05.989+0000] {taskinstance.py:2330} INFO - Executing <Task(PythonOperator): clean_static_trades> on 2026-03-28 00:00:00+00:00
[2026-03-29T15:13:06.039+0000] {logging_mixin.py:188} WARNING - /home/***/.local/lib/python3.12/site-packages/***/task/task_runner/standard_task_runner.py:61 DeprecationWarning: This process (pid=273) is multi-threaded, use of fork() may lead to deadlocks in the child.
[2026-03-29T15:13:06.051+0000] {standard_task_runner.py:63} INFO - Started process 286 to run task
[2026-03-29T15:13:06.038+0000] {standard_task_runner.py:90} INFO - Running: ['***', 'tasks', 'run', 'static_trades_analytics', 'clean_static_trades', 'scheduled__2026-03-28T00:00:00+00:00', '--job-id', '10', '--raw', '--subdir', 'DAGS_FOLDER/static_user_analytics.py', '--cfg-path', '/tmp/tmpl94z7p82']
[2026-03-29T15:13:06.055+0000] {standard_task_runner.py:91} INFO - Job 10: Subtask clean_static_trades
[2026-03-29T15:13:06.113+0000] {logging_mixin.py:188} WARNING - /home/***/.local/lib/python3.12/site-packages/***/settings.py:195 DeprecationWarning: The sql_alchemy_conn option in [core] has been moved to the sql_alchemy_conn option in [database] - the old setting has been used, but please update your config.
[2026-03-29T15:13:06.327+0000] {task_command.py:426} INFO - Running <TaskInstance: static_trades_analytics.clean_static_trades scheduled__2026-03-28T00:00:00+00:00 [running]> on host 8dbda78c73fd
[2026-03-29T15:13:06.975+0000] {taskinstance.py:2648} INFO - Exporting env vars: AIRFLOW_CTX_DAG_OWNER='***' AIRFLOW_CTX_DAG_ID='static_trades_analytics' AIRFLOW_CTX_TASK_ID='clean_static_trades' AIRFLOW_CTX_EXECUTION_DATE='2026-03-28T00:00:00+00:00' AIRFLOW_CTX_TRY_NUMBER='1' AIRFLOW_CTX_DAG_RUN_ID='scheduled__2026-03-28T00:00:00+00:00'
[2026-03-29T15:13:06.977+0000] {taskinstance.py:430} INFO - ::endgroup::
[2026-03-29T15:13:07.469+0000] {logging_mixin.py:188} INFO - Cleaned data saved to /opt/***/temp/static_transformed.csv, 4 rows kept.
[2026-03-29T15:13:07.469+0000] {python.py:237} INFO - Done. Returned value was: None
[2026-03-29T15:13:07.470+0000] {taskinstance.py:441} INFO - ::group::Post task execution logs
[2026-03-29T15:13:07.515+0000] {taskinstance.py:1206} INFO - Marking task as SUCCESS. dag_id=static_trades_analytics, task_id=clean_static_trades, run_id=scheduled__2026-03-28T00:00:00+00:00, execution_date=20260328T000000, start_date=20260329T151305, end_date=20260329T151307
[2026-03-29T15:13:07.626+0000] {local_task_job_runner.py:240} INFO - Task exited with return code 0
[2026-03-29T15:13:07.657+0000] {taskinstance.py:3503} INFO - 1 downstream tasks scheduled from follow-on schedule check
[2026-03-29T15:13:07.659+0000] {local_task_job_runner.py:222} INFO - ::endgroup::
[2026-03-29T22:51:22.832+0000] {local_task_job_runner.py:120} INFO - ::group::Pre task execution logs
[2026-03-29T22:51:22.890+0000] {taskinstance.py:2076} INFO - Dependencies all met for dep_context=non-requeueable deps ti=<TaskInstance: static_trades_analytics.clean_static_trades scheduled__2026-03-28T00:00:00+00:00 [queued]>
[2026-03-29T22:51:22.908+0000] {taskinstance.py:2076} INFO - Dependencies all met for dep_context=requeueable deps ti=<TaskInstance: static_trades_analytics.clean_static_trades scheduled__2026-03-28T00:00:00+00:00 [queued]>
[2026-03-29T22:51:22.908+0000] {taskinstance.py:2306} INFO - Starting attempt 1 of 1
[2026-03-29T22:51:22.932+0000] {taskinstance.py:2330} INFO - Executing <Task(PythonOperator): clean_static_trades> on 2026-03-28 00:00:00+00:00
[2026-03-29T22:51:22.945+0000] {logging_mixin.py:188} WARNING - /home/***/.local/lib/python3.12/site-packages/***/task/task_runner/standard_task_runner.py:61 DeprecationWarning: This process (pid=675) is multi-threaded, use of fork() may lead to deadlocks in the child.
[2026-03-29T22:51:22.946+0000] {standard_task_runner.py:63} INFO - Started process 684 to run task
[2026-03-29T22:51:22.948+0000] {standard_task_runner.py:90} INFO - Running: ['***', 'tasks', 'run', 'static_trades_analytics', 'clean_static_trades', 'scheduled__2026-03-28T00:00:00+00:00', '--job-id', '6', '--raw', '--subdir', 'DAGS_FOLDER/static_user_analytics.py', '--cfg-path', '/tmp/tmpy7dl2if4']
[2026-03-29T22:51:22.950+0000] {standard_task_runner.py:91} INFO - Job 6: Subtask clean_static_trades
[2026-03-29T22:51:22.971+0000] {logging_mixin.py:188} WARNING - /home/***/.local/lib/python3.12/site-packages/***/settings.py:195 DeprecationWarning: The sql_alchemy_conn option in [core] has been moved to the sql_alchemy_conn option in [database] - the old setting has been used, but please update your config.
[2026-03-29T22:51:23.030+0000] {task_command.py:426} INFO - Running <TaskInstance: static_trades_analytics.clean_static_trades scheduled__2026-03-28T00:00:00+00:00 [running]> on host df8f2fa6a7f4
[2026-03-29T22:51:23.178+0000] {taskinstance.py:2648} INFO - Exporting env vars: AIRFLOW_CTX_DAG_OWNER='***' AIRFLOW_CTX_DAG_ID='static_trades_analytics' AIRFLOW_CTX_TASK_ID='clean_static_trades' AIRFLOW_CTX_EXECUTION_DATE='2026-03-28T00:00:00+00:00' AIRFLOW_CTX_TRY_NUMBER='1' AIRFLOW_CTX_DAG_RUN_ID='scheduled__2026-03-28T00:00:00+00:00'
[2026-03-29T22:51:23.182+0000] {taskinstance.py:430} INFO - ::endgroup::
[2026-03-29T22:51:23.331+0000] {logging_mixin.py:188} INFO - Cleaned data saved to /opt/***/temp/static_transformed.csv, 4 rows kept.
[2026-03-29T22:51:23.333+0000] {python.py:237} INFO - Done. Returned value was: None
[2026-03-29T22:51:23.334+0000] {taskinstance.py:441} INFO - ::group::Post task execution logs
[2026-03-29T22:51:23.355+0000] {taskinstance.py:1206} INFO - Marking task as SUCCESS. dag_id=static_trades_analytics, task_id=clean_static_trades, run_id=scheduled__2026-03-28T00:00:00+00:00, execution_date=20260328T000000, start_date=20260329T225122, end_date=20260329T225123
[2026-03-29T22:51:23.409+0000] {local_task_job_runner.py:240} INFO - Task exited with return code 0
[2026-03-29T22:51:23.460+0000] {taskinstance.py:3503} INFO - 1 downstream tasks scheduled from follow-on schedule check
[2026-03-29T22:51:23.463+0000] {local_task_job_runner.py:222} INFO - ::endgroup::
[2026-03-29T23:00:54.115+0000] {local_task_job_runner.py:120} INFO - ::group::Pre task execution logs
[2026-03-29T23:00:54.208+0000] {taskinstance.py:2076} INFO - Dependencies all met for dep_context=non-requeueable deps ti=<TaskInstance: static_trades_analytics.clean_static_trades scheduled__2026-03-28T00:00:00+00:00 [queued]>
[2026-03-29T23:00:54.226+0000] {taskinstance.py:2076} INFO - Dependencies all met for dep_context=requeueable deps ti=<TaskInstance: static_trades_analytics.clean_static_trades scheduled__2026-03-28T00:00:00+00:00 [queued]>
[2026-03-29T23:00:54.228+0000] {taskinstance.py:2306} INFO - Starting attempt 1 of 1
[2026-03-29T23:00:54.253+0000] {taskinstance.py:2330} INFO - Executing <Task(PythonOperator): clean_static_trades> on 2026-03-28 00:00:00+00:00
[2026-03-29T23:00:54.279+0000] {logging_mixin.py:188} WARNING - /home/***/.local/lib/python3.12/site-packages/***/task/task_runner/standard_task_runner.py:61 DeprecationWarning: This process (pid=344) is multi-threaded, use of fork() may lead to deadlocks in the child.
[2026-03-29T23:00:54.281+0000] {standard_task_runner.py:63} INFO - Started process 364 to run task
[2026-03-29T23:00:54.280+0000] {standard_task_runner.py:90} INFO - Running: ['***', 'tasks', 'run', 'static_trades_analytics', 'clean_static_trades', 'scheduled__2026-03-28T00:00:00+00:00', '--job-id', '10', '--raw', '--subdir', 'DAGS_FOLDER/static_user_analytics.py', '--cfg-path', '/tmp/tmp4nb38eez']
[2026-03-29T23:00:54.287+0000] {standard_task_runner.py:91} INFO - Job 10: Subtask clean_static_trades
[2026-03-29T23:00:54.329+0000] {logging_mixin.py:188} WARNING - /home/***/.local/lib/python3.12/site-packages/***/settings.py:195 DeprecationWarning: The sql_alchemy_conn option in [core] has been moved to the sql_alchemy_conn option in [database] - the old setting has been used, but please update your config.
[2026-03-29T23:00:54.473+0000] {task_command.py:426} INFO - Running <TaskInstance: static_trades_analytics.clean_static_trades scheduled__2026-03-28T00:00:00+00:00 [running]> on host 6b3b88b70881
[2026-03-29T23:00:54.705+0000] {taskinstance.py:2648} INFO - Exporting env vars: AIRFLOW_CTX_DAG_OWNER='***' AIRFLOW_CTX_DAG_ID='static_trades_analytics' AIRFLOW_CTX_TASK_ID='clean_static_trades' AIRFLOW_CTX_EXECUTION_DATE='2026-03-28T00:00:00+00:00' AIRFLOW_CTX_TRY_NUMBER='1' AIRFLOW_CTX_DAG_RUN_ID='scheduled__2026-03-28T00:00:00+00:00'
[2026-03-29T23:00:54.709+0000] {taskinstance.py:430} INFO - ::endgroup::
[2026-03-29T23:00:55.181+0000] {logging_mixin.py:188} INFO - Cleaned data saved to /opt/***/temp/static_transformed.csv, 4 rows kept.
[2026-03-29T23:00:55.182+0000] {python.py:237} INFO - Done. Returned value was: None
[2026-03-29T23:00:55.201+0000] {taskinstance.py:441} INFO - ::group::Post task execution logs
[2026-03-29T23:00:55.333+0000] {taskinstance.py:1206} INFO - Marking task as SUCCESS. dag_id=static_trades_analytics, task_id=clean_static_trades, run_id=scheduled__2026-03-28T00:00:00+00:00, execution_date=20260328T000000, start_date=20260329T230054, end_date=20260329T230055
[2026-03-29T23:00:55.503+0000] {local_task_job_runner.py:240} INFO - Task exited with return code 0
[2026-03-29T23:00:55.581+0000] {taskinstance.py:3503} INFO - 1 downstream tasks scheduled from follow-on schedule check
[2026-03-29T23:00:55.588+0000] {local_task_job_runner.py:222} INFO - ::endgroup::
[2026-03-29T23:09:21.145+0000] {local_task_job_runner.py:120} INFO - ::group::Pre task execution logs
[2026-03-29T23:09:21.298+0000] {taskinstance.py:2076} INFO - Dependencies all met for dep_context=non-requeueable deps ti=<TaskInstance: static_trades_analytics.clean_static_trades scheduled__2026-03-28T00:00:00+00:00 [queued]>
[2026-03-29T23:09:21.332+0000] {taskinstance.py:2076} INFO - Dependencies all met for dep_context=requeueable deps ti=<TaskInstance: static_trades_analytics.clean_static_trades scheduled__2026-03-28T00:00:00+00:00 [queued]>
[2026-03-29T23:09:21.333+0000] {taskinstance.py:2306} INFO - Starting attempt 1 of 1
[2026-03-29T23:09:21.392+0000] {taskinstance.py:2330} INFO - Executing <Task(PythonOperator): clean_static_trades> on 2026-03-28 00:00:00+00:00
[2026-03-29T23:09:21.460+0000] {logging_mixin.py:188} WARNING - /home/***/.local/lib/python3.12/site-packages/***/task/task_runner/standard_task_runner.py:61 DeprecationWarning: This process (pid=432) is multi-threaded, use of fork() may lead to deadlocks in the child.
[2026-03-29T23:09:21.461+0000] {standard_task_runner.py:63} INFO - Started process 460 to run task
[2026-03-29T23:09:21.463+0000] {standard_task_runner.py:90} INFO - Running: ['***', 'tasks', 'run', 'static_trades_analytics', 'clean_static_trades', 'scheduled__2026-03-28T00:00:00+00:00', '--job-id', '11', '--raw', '--subdir', 'DAGS_FOLDER/static_user_analytics.py', '--cfg-path', '/tmp/tmp48h2awx7']
[2026-03-29T23:09:21.476+0000] {standard_task_runner.py:91} INFO - Job 11: Subtask clean_static_trades
[2026-03-29T23:09:21.511+0000] {logging_mixin.py:188} WARNING - /home/***/.local/lib/python3.12/site-packages/***/settings.py:195 DeprecationWarning: The sql_alchemy_conn option in [core] has been moved to the sql_alchemy_conn option in [database] - the old setting has been used, but please update your config.
[2026-03-29T23:09:21.573+0000] {task_command.py:426} INFO - Running <TaskInstance: static_trades_analytics.clean_static_trades scheduled__2026-03-28T00:00:00+00:00 [running]> on host 90473cbdc518
[2026-03-29T23:09:21.841+0000] {taskinstance.py:2648} INFO - Exporting env vars: AIRFLOW_CTX_DAG_OWNER='***' AIRFLOW_CTX_DAG_ID='static_trades_analytics' AIRFLOW_CTX_TASK_ID='clean_static_trades' AIRFLOW_CTX_EXECUTION_DATE='2026-03-28T00:00:00+00:00' AIRFLOW_CTX_TRY_NUMBER='1' AIRFLOW_CTX_DAG_RUN_ID='scheduled__2026-03-28T00:00:00+00:00'
[2026-03-29T23:09:21.845+0000] {taskinstance.py:430} INFO - ::endgroup::
[2026-03-29T23:09:22.017+0000] {logging_mixin.py:188} INFO - Cleaned data saved to /opt/***/temp/static_transformed.csv, 4 rows kept.
[2026-03-29T23:09:22.018+0000] {python.py:237} INFO - Done. Returned value was: None
[2026-03-29T23:09:22.024+0000] {taskinstance.py:441} INFO - ::group::Post task execution logs
[2026-03-29T23:09:22.065+0000] {taskinstance.py:1206} INFO - Marking task as SUCCESS. dag_id=static_trades_analytics, task_id=clean_static_trades, run_id=scheduled__2026-03-28T00:00:00+00:00, execution_date=20260328T000000, start_date=20260329T230921, end_date=20260329T230922
[2026-03-29T23:09:22.181+0000] {local_task_job_runner.py:240} INFO - Task exited with return code 0
[2026-03-29T23:09:22.367+0000] {taskinstance.py:3503} INFO - 1 downstream tasks scheduled from follow-on schedule check
[2026-03-29T23:09:22.382+0000] {local_task_job_runner.py:222} INFO - ::endgroup::
[2026-03-29T23:22:35.012+0000] {local_task_job_runner.py:120} INFO - ::group::Pre task execution logs
[2026-03-29T23:22:35.272+0000] {taskinstance.py:2076} INFO - Dependencies all met for dep_context=non-requeueable deps ti=<TaskInstance: static_trades_analytics.clean_static_trades scheduled__2026-03-28T00:00:00+00:00 [queued]>
[2026-03-29T23:22:35.328+0000] {taskinstance.py:2076} INFO - Dependencies all met for dep_context=requeueable deps ti=<TaskInstance: static_trades_analytics.clean_static_trades scheduled__2026-03-28T00:00:00+00:00 [queued]>
[2026-03-29T23:22:35.333+0000] {taskinstance.py:2306} INFO - Starting attempt 1 of 1
[2026-03-29T23:22:35.405+0000] {taskinstance.py:2330} INFO - Executing <Task(PythonOperator): clean_static_trades> on 2026-03-28 00:00:00+00:00
[2026-03-29T23:22:35.454+0000] {logging_mixin.py:188} WARNING - /home/***/.local/lib/python3.12/site-packages/***/task/task_runner/standard_task_runner.py:61 DeprecationWarning: This process (pid=695) is multi-threaded, use of fork() may lead to deadlocks in the child.
[2026-03-29T23:22:35.466+0000] {standard_task_runner.py:63} INFO - Started process 719 to run task
[2026-03-29T23:22:35.461+0000] {standard_task_runner.py:90} INFO - Running: ['***', 'tasks', 'run', 'static_trades_analytics', 'clean_static_trades', 'scheduled__2026-03-28T00:00:00+00:00', '--job-id', '13', '--raw', '--subdir', 'DAGS_FOLDER/static_user_analytics.py', '--cfg-path', '/tmp/tmps6yv18va']
[2026-03-29T23:22:35.475+0000] {standard_task_runner.py:91} INFO - Job 13: Subtask clean_static_trades
[2026-03-29T23:22:35.532+0000] {logging_mixin.py:188} WARNING - /home/***/.local/lib/python3.12/site-packages/***/settings.py:195 DeprecationWarning: The sql_alchemy_conn option in [core] has been moved to the sql_alchemy_conn option in [database] - the old setting has been used, but please update your config.
[2026-03-29T23:22:35.661+0000] {task_command.py:426} INFO - Running <TaskInstance: static_trades_analytics.clean_static_trades scheduled__2026-03-28T00:00:00+00:00 [running]> on host 17cff4ce87d9
[2026-03-29T23:22:35.803+0000] {taskinstance.py:2648} INFO - Exporting env vars: AIRFLOW_CTX_DAG_OWNER='***' AIRFLOW_CTX_DAG_ID='static_trades_analytics' AIRFLOW_CTX_TASK_ID='clean_static_trades' AIRFLOW_CTX_EXECUTION_DATE='2026-03-28T00:00:00+00:00' AIRFLOW_CTX_TRY_NUMBER='1' AIRFLOW_CTX_DAG_RUN_ID='scheduled__2026-03-28T00:00:00+00:00'
[2026-03-29T23:22:35.804+0000] {taskinstance.py:430} INFO - ::endgroup::
[2026-03-29T23:22:35.886+0000] {logging_mixin.py:188} INFO - Cleaned data saved to /opt/***/temp/static_transformed.csv, 4 rows kept.
[2026-03-29T23:22:35.887+0000] {python.py:237} INFO - Done. Returned value was: None
[2026-03-29T23:22:35.889+0000] {taskinstance.py:441} INFO - ::group::Post task execution logs
[2026-03-29T23:22:35.909+0000] {taskinstance.py:1206} INFO - Marking task as SUCCESS. dag_id=static_trades_analytics, task_id=clean_static_trades, run_id=scheduled__2026-03-28T00:00:00+00:00, execution_date=20260328T000000, start_date=20260329T232235, end_date=20260329T232235
[2026-03-29T23:22:35.972+0000] {local_task_job_runner.py:240} INFO - Task exited with return code 0
[2026-03-29T23:22:36.030+0000] {taskinstance.py:3503} INFO - 1 downstream tasks scheduled from follow-on schedule check
[2026-03-29T23:22:36.034+0000] {local_task_job_runner.py:222} INFO - ::endgroup::
