[2026-03-29T15:13:13.825+0000] {local_task_job_runner.py:120} INFO - ::group::Pre task execution logs
[2026-03-29T15:13:13.926+0000] {taskinstance.py:2076} INFO - Dependencies all met for dep_context=non-requeueable deps ti=<TaskInstance: static_trades_analytics.load_static_data scheduled__2026-03-28T00:00:00+00:00 [queued]>
[2026-03-29T15:13:13.963+0000] {taskinstance.py:2076} INFO - Dependencies all met for dep_context=requeueable deps ti=<TaskInstance: static_trades_analytics.load_static_data scheduled__2026-03-28T00:00:00+00:00 [queued]>
[2026-03-29T15:13:13.964+0000] {taskinstance.py:2306} INFO - Starting attempt 1 of 1
[2026-03-29T15:13:14.007+0000] {taskinstance.py:2330} INFO - Executing <Task(PythonOperator): load_static_data> on 2026-03-28 00:00:00+00:00
[2026-03-29T15:13:14.048+0000] {logging_mixin.py:188} WARNING - /home/***/.local/lib/python3.12/site-packages/***/task/task_runner/standard_task_runner.py:61 DeprecationWarning: This process (pid=299) is multi-threaded, use of fork() may lead to deadlocks in the child.
[2026-03-29T15:13:14.054+0000] {standard_task_runner.py:63} INFO - Started process 310 to run task
[2026-03-29T15:13:14.044+0000] {standard_task_runner.py:90} INFO - Running: ['***', 'tasks', 'run', 'static_trades_analytics', 'load_static_data', 'scheduled__2026-03-28T00:00:00+00:00', '--job-id', '16', '--raw', '--subdir', 'DAGS_FOLDER/static_user_analytics.py', '--cfg-path', '/tmp/tmpzdam557q']
[2026-03-29T15:13:14.061+0000] {standard_task_runner.py:91} INFO - Job 16: Subtask load_static_data
[2026-03-29T15:13:14.123+0000] {logging_mixin.py:188} WARNING - /home/***/.local/lib/python3.12/site-packages/***/settings.py:195 DeprecationWarning: The sql_alchemy_conn option in [core] has been moved to the sql_alchemy_conn option in [database] - the old setting has been used, but please update your config.
[2026-03-29T15:13:14.220+0000] {task_command.py:426} INFO - Running <TaskInstance: static_trades_analytics.load_static_data scheduled__2026-03-28T00:00:00+00:00 [running]> on host 8dbda78c73fd
[2026-03-29T15:13:14.698+0000] {taskinstance.py:2648} INFO - Exporting env vars: AIRFLOW_CTX_DAG_OWNER='***' AIRFLOW_CTX_DAG_ID='static_trades_analytics' AIRFLOW_CTX_TASK_ID='load_static_data' AIRFLOW_CTX_EXECUTION_DATE='2026-03-28T00:00:00+00:00' AIRFLOW_CTX_TRY_NUMBER='1' AIRFLOW_CTX_DAG_RUN_ID='scheduled__2026-03-28T00:00:00+00:00'
[2026-03-29T15:13:14.705+0000] {taskinstance.py:430} INFO - ::endgroup::
[2026-03-29T15:13:14.807+0000] {logging_mixin.py:188} INFO - Loaded data to /opt/***/temp/static_final.csv
[2026-03-29T15:13:14.808+0000] {python.py:237} INFO - Done. Returned value was: None
[2026-03-29T15:13:14.810+0000] {taskinstance.py:441} INFO - ::group::Post task execution logs
[2026-03-29T15:13:14.858+0000] {taskinstance.py:1206} INFO - Marking task as SUCCESS. dag_id=static_trades_analytics, task_id=load_static_data, run_id=scheduled__2026-03-28T00:00:00+00:00, execution_date=20260328T000000, start_date=20260329T151313, end_date=20260329T151314
[2026-03-29T15:13:14.932+0000] {local_task_job_runner.py:240} INFO - Task exited with return code 0
[2026-03-29T15:13:15.000+0000] {taskinstance.py:3503} INFO - 0 downstream tasks scheduled from follow-on schedule check
[2026-03-29T15:13:15.004+0000] {local_task_job_runner.py:222} INFO - ::endgroup::
[2026-03-29T22:51:27.797+0000] {local_task_job_runner.py:120} INFO - ::group::Pre task execution logs
[2026-03-29T22:51:27.911+0000] {taskinstance.py:2076} INFO - Dependencies all met for dep_context=non-requeueable deps ti=<TaskInstance: static_trades_analytics.load_static_data scheduled__2026-03-28T00:00:00+00:00 [queued]>
[2026-03-29T22:51:27.919+0000] {taskinstance.py:2076} INFO - Dependencies all met for dep_context=requeueable deps ti=<TaskInstance: static_trades_analytics.load_static_data scheduled__2026-03-28T00:00:00+00:00 [queued]>
[2026-03-29T22:51:27.920+0000] {taskinstance.py:2306} INFO - Starting attempt 1 of 1
[2026-03-29T22:51:27.935+0000] {taskinstance.py:2330} INFO - Executing <Task(PythonOperator): load_static_data> on 2026-03-28 00:00:00+00:00
[2026-03-29T22:51:27.948+0000] {logging_mixin.py:188} WARNING - /home/***/.local/lib/python3.12/site-packages/***/task/task_runner/standard_task_runner.py:61 DeprecationWarning: This process (pid=699) is multi-threaded, use of fork() may lead to deadlocks in the child.
[2026-03-29T22:51:27.952+0000] {standard_task_runner.py:90} INFO - Running: ['***', 'tasks', 'run', 'static_trades_analytics', 'load_static_data', 'scheduled__2026-03-28T00:00:00+00:00', '--job-id', '10', '--raw', '--subdir', 'DAGS_FOLDER/static_user_analytics.py', '--cfg-path', '/tmp/tmplv2lj1kn']
[2026-03-29T22:51:27.954+0000] {standard_task_runner.py:63} INFO - Started process 708 to run task
[2026-03-29T22:51:27.965+0000] {standard_task_runner.py:91} INFO - Job 10: Subtask load_static_data
[2026-03-29T22:51:27.994+0000] {logging_mixin.py:188} WARNING - /home/***/.local/lib/python3.12/site-packages/***/settings.py:195 DeprecationWarning: The sql_alchemy_conn option in [core] has been moved to the sql_alchemy_conn option in [database] - the old setting has been used, but please update your config.
[2026-03-29T22:51:28.051+0000] {task_command.py:426} INFO - Running <TaskInstance: static_trades_analytics.load_static_data scheduled__2026-03-28T00:00:00+00:00 [running]> on host df8f2fa6a7f4
[2026-03-29T22:51:28.194+0000] {taskinstance.py:2648} INFO - Exporting env vars: AIRFLOW_CTX_DAG_OWNER='***' AIRFLOW_CTX_DAG_ID='static_trades_analytics' AIRFLOW_CTX_TASK_ID='load_static_data' AIRFLOW_CTX_EXECUTION_DATE='2026-03-28T00:00:00+00:00' AIRFLOW_CTX_TRY_NUMBER='1' AIRFLOW_CTX_DAG_RUN_ID='scheduled__2026-03-28T00:00:00+00:00'
[2026-03-29T22:51:28.196+0000] {taskinstance.py:430} INFO - ::endgroup::
[2026-03-29T22:51:28.220+0000] {logging_mixin.py:188} INFO - Loaded data to /opt/***/temp/static_final.csv
[2026-03-29T22:51:28.220+0000] {python.py:237} INFO - Done. Returned value was: None
[2026-03-29T22:51:28.221+0000] {taskinstance.py:441} INFO - ::group::Post task execution logs
[2026-03-29T22:51:28.237+0000] {taskinstance.py:1206} INFO - Marking task as SUCCESS. dag_id=static_trades_analytics, task_id=load_static_data, run_id=scheduled__2026-03-28T00:00:00+00:00, execution_date=20260328T000000, start_date=20260329T225127, end_date=20260329T225128
[2026-03-29T22:51:28.264+0000] {local_task_job_runner.py:240} INFO - Task exited with return code 0
[2026-03-29T22:51:28.284+0000] {taskinstance.py:3503} INFO - 0 downstream tasks scheduled from follow-on schedule check
[2026-03-29T22:51:28.287+0000] {local_task_job_runner.py:222} INFO - ::endgroup::
[2026-03-29T23:01:01.311+0000] {local_task_job_runner.py:120} INFO - ::group::Pre task execution logs
[2026-03-29T23:01:01.438+0000] {taskinstance.py:2076} INFO - Dependencies all met for dep_context=non-requeueable deps ti=<TaskInstance: static_trades_analytics.load_static_data scheduled__2026-03-28T00:00:00+00:00 [queued]>
[2026-03-29T23:01:01.473+0000] {taskinstance.py:2076} INFO - Dependencies all met for dep_context=requeueable deps ti=<TaskInstance: static_trades_analytics.load_static_data scheduled__2026-03-28T00:00:00+00:00 [queued]>
[2026-03-29T23:01:01.474+0000] {taskinstance.py:2306} INFO - Starting attempt 1 of 1
[2026-03-29T23:01:01.508+0000] {taskinstance.py:2330} INFO - Executing <Task(PythonOperator): load_static_data> on 2026-03-28 00:00:00+00:00
[2026-03-29T23:01:01.544+0000] {logging_mixin.py:188} WARNING - /home/***/.local/lib/python3.12/site-packages/***/task/task_runner/standard_task_runner.py:61 DeprecationWarning: This process (pid=382) is multi-threaded, use of fork() may lead to deadlocks in the child.
[2026-03-29T23:01:01.553+0000] {standard_task_runner.py:63} INFO - Started process 399 to run task
[2026-03-29T23:01:01.548+0000] {standard_task_runner.py:90} INFO - Running: ['***', 'tasks', 'run', 'static_trades_analytics', 'load_static_data', 'scheduled__2026-03-28T00:00:00+00:00', '--job-id', '16', '--raw', '--subdir', 'DAGS_FOLDER/static_user_analytics.py', '--cfg-path', '/tmp/tmpo5a4p4cw']
[2026-03-29T23:01:01.556+0000] {standard_task_runner.py:91} INFO - Job 16: Subtask load_static_data
[2026-03-29T23:01:01.607+0000] {logging_mixin.py:188} WARNING - /home/***/.local/lib/python3.12/site-packages/***/settings.py:195 DeprecationWarning: The sql_alchemy_conn option in [core] has been moved to the sql_alchemy_conn option in [database] - the old setting has been used, but please update your config.
[2026-03-29T23:01:01.676+0000] {task_command.py:426} INFO - Running <TaskInstance: static_trades_analytics.load_static_data scheduled__2026-03-28T00:00:00+00:00 [running]> on host 6b3b88b70881
[2026-03-29T23:01:01.932+0000] {taskinstance.py:2648} INFO - Exporting env vars: AIRFLOW_CTX_DAG_OWNER='***' AIRFLOW_CTX_DAG_ID='static_trades_analytics' AIRFLOW_CTX_TASK_ID='load_static_data' AIRFLOW_CTX_EXECUTION_DATE='2026-03-28T00:00:00+00:00' AIRFLOW_CTX_TRY_NUMBER='1' AIRFLOW_CTX_DAG_RUN_ID='scheduled__2026-03-28T00:00:00+00:00'
[2026-03-29T23:01:01.935+0000] {taskinstance.py:430} INFO - ::endgroup::
[2026-03-29T23:01:02.007+0000] {logging_mixin.py:188} INFO - Loaded data to /opt/***/temp/static_final.csv
[2026-03-29T23:01:02.008+0000] {python.py:237} INFO - Done. Returned value was: None
[2026-03-29T23:01:02.009+0000] {taskinstance.py:441} INFO - ::group::Post task execution logs
[2026-03-29T23:01:02.029+0000] {taskinstance.py:1206} INFO - Marking task as SUCCESS. dag_id=static_trades_analytics, task_id=load_static_data, run_id=scheduled__2026-03-28T00:00:00+00:00, execution_date=20260328T000000, start_date=20260329T230101, end_date=20260329T230102
[2026-03-29T23:01:02.175+0000] {local_task_job_runner.py:240} INFO - Task exited with return code 0
[2026-03-29T23:01:02.258+0000] {taskinstance.py:3503} INFO - 0 downstream tasks scheduled from follow-on schedule check
[2026-03-29T23:01:02.283+0000] {local_task_job_runner.py:222} INFO - ::endgroup::
[2026-03-29T23:09:31.188+0000] {local_task_job_runner.py:120} INFO - ::group::Pre task execution logs
[2026-03-29T23:09:31.396+0000] {taskinstance.py:2076} INFO - Dependencies all met for dep_context=non-requeueable deps ti=<TaskInstance: static_trades_analytics.load_static_data scheduled__2026-03-28T00:00:00+00:00 [queued]>
[2026-03-29T23:09:31.457+0000] {taskinstance.py:2076} INFO - Dependencies all met for dep_context=requeueable deps ti=<TaskInstance: static_trades_analytics.load_static_data scheduled__2026-03-28T00:00:00+00:00 [queued]>
[2026-03-29T23:09:31.459+0000] {taskinstance.py:2306} INFO - Starting attempt 1 of 1
[2026-03-29T23:09:31.529+0000] {taskinstance.py:2330} INFO - Executing <Task(PythonOperator): load_static_data> on 2026-03-28 00:00:00+00:00
[2026-03-29T23:09:31.582+0000] {logging_mixin.py:188} WARNING - /home/***/.local/lib/python3.12/site-packages/***/task/task_runner/standard_task_runner.py:61 DeprecationWarning: This process (pid=478) is multi-threaded, use of fork() may lead to deadlocks in the child.
[2026-03-29T23:09:31.588+0000] {standard_task_runner.py:63} INFO - Started process 492 to run task
[2026-03-29T23:09:31.583+0000] {standard_task_runner.py:90} INFO - Running: ['***', 'tasks', 'run', 'static_trades_analytics', 'load_static_data', 'scheduled__2026-03-28T00:00:00+00:00', '--job-id', '17', '--raw', '--subdir', 'DAGS_FOLDER/static_user_analytics.py', '--cfg-path', '/tmp/tmp4jissdfy']
[2026-03-29T23:09:31.601+0000] {standard_task_runner.py:91} INFO - Job 17: Subtask load_static_data
[2026-03-29T23:09:31.672+0000] {logging_mixin.py:188} WARNING - /home/***/.local/lib/python3.12/site-packages/***/settings.py:195 DeprecationWarning: The sql_alchemy_conn option in [core] has been moved to the sql_alchemy_conn option in [database] - the old setting has been used, but please update your config.
[2026-03-29T23:09:31.845+0000] {task_command.py:426} INFO - Running <TaskInstance: static_trades_analytics.load_static_data scheduled__2026-03-28T00:00:00+00:00 [running]> on host 90473cbdc518
[2026-03-29T23:09:32.180+0000] {taskinstance.py:2648} INFO - Exporting env vars: AIRFLOW_CTX_DAG_OWNER='***' AIRFLOW_CTX_DAG_ID='static_trades_analytics' AIRFLOW_CTX_TASK_ID='load_static_data' AIRFLOW_CTX_EXECUTION_DATE='2026-03-28T00:00:00+00:00' AIRFLOW_CTX_TRY_NUMBER='1' AIRFLOW_CTX_DAG_RUN_ID='scheduled__2026-03-28T00:00:00+00:00'
[2026-03-29T23:09:32.182+0000] {taskinstance.py:430} INFO - ::endgroup::
[2026-03-29T23:09:32.251+0000] {logging_mixin.py:188} INFO - Loaded data to /opt/***/temp/static_final.csv
[2026-03-29T23:09:32.252+0000] {python.py:237} INFO - Done. Returned value was: None
[2026-03-29T23:09:32.255+0000] {taskinstance.py:441} INFO - ::group::Post task execution logs
[2026-03-29T23:09:32.284+0000] {taskinstance.py:1206} INFO - Marking task as SUCCESS. dag_id=static_trades_analytics, task_id=load_static_data, run_id=scheduled__2026-03-28T00:00:00+00:00, execution_date=20260328T000000, start_date=20260329T230931, end_date=20260329T230932
[2026-03-29T23:09:32.389+0000] {local_task_job_runner.py:240} INFO - Task exited with return code 0
[2026-03-29T23:09:32.456+0000] {taskinstance.py:3503} INFO - 0 downstream tasks scheduled from follow-on schedule check
[2026-03-29T23:09:32.460+0000] {local_task_job_runner.py:222} INFO - ::endgroup::
[2026-03-29T23:22:44.512+0000] {local_task_job_runner.py:120} INFO - ::group::Pre task execution logs
[2026-03-29T23:22:44.602+0000] {taskinstance.py:2076} INFO - Dependencies all met for dep_context=non-requeueable deps ti=<TaskInstance: static_trades_analytics.load_static_data scheduled__2026-03-28T00:00:00+00:00 [queued]>
[2026-03-29T23:22:44.633+0000] {taskinstance.py:2076} INFO - Dependencies all met for dep_context=requeueable deps ti=<TaskInstance: static_trades_analytics.load_static_data scheduled__2026-03-28T00:00:00+00:00 [queued]>
[2026-03-29T23:22:44.633+0000] {taskinstance.py:2306} INFO - Starting attempt 1 of 1
[2026-03-29T23:22:44.660+0000] {taskinstance.py:2330} INFO - Executing <Task(PythonOperator): load_static_data> on 2026-03-28 00:00:00+00:00
[2026-03-29T23:22:44.690+0000] {logging_mixin.py:188} WARNING - /home/***/.local/lib/python3.12/site-packages/***/task/task_runner/standard_task_runner.py:61 DeprecationWarning: This process (pid=740) is multi-threaded, use of fork() may lead to deadlocks in the child.
[2026-03-29T23:22:44.692+0000] {standard_task_runner.py:63} INFO - Started process 757 to run task
[2026-03-29T23:22:44.695+0000] {standard_task_runner.py:90} INFO - Running: ['***', 'tasks', 'run', 'static_trades_analytics', 'load_static_data', 'scheduled__2026-03-28T00:00:00+00:00', '--job-id', '17', '--raw', '--subdir', 'DAGS_FOLDER/static_user_analytics.py', '--cfg-path', '/tmp/tmp73okhdsf']
[2026-03-29T23:22:44.701+0000] {standard_task_runner.py:91} INFO - Job 17: Subtask load_static_data
[2026-03-29T23:22:44.738+0000] {logging_mixin.py:188} WARNING - /home/***/.local/lib/python3.12/site-packages/***/settings.py:195 DeprecationWarning: The sql_alchemy_conn option in [core] has been moved to the sql_alchemy_conn option in [database] - the old setting has been used, but please update your config.
[2026-03-29T23:22:44.830+0000] {task_command.py:426} INFO - Running <TaskInstance: static_trades_analytics.load_static_data scheduled__2026-03-28T00:00:00+00:00 [running]> on host 17cff4ce87d9
[2026-03-29T23:22:45.220+0000] {taskinstance.py:2648} INFO - Exporting env vars: AIRFLOW_CTX_DAG_OWNER='***' AIRFLOW_CTX_DAG_ID='static_trades_analytics' AIRFLOW_CTX_TASK_ID='load_static_data' AIRFLOW_CTX_EXECUTION_DATE='2026-03-28T00:00:00+00:00' AIRFLOW_CTX_TRY_NUMBER='1' AIRFLOW_CTX_DAG_RUN_ID='scheduled__2026-03-28T00:00:00+00:00'
[2026-03-29T23:22:45.225+0000] {taskinstance.py:430} INFO - ::endgroup::
[2026-03-29T23:22:45.305+0000] {logging_mixin.py:188} INFO - Loaded data to /opt/***/temp/static_final.csv
[2026-03-29T23:22:45.305+0000] {python.py:237} INFO - Done. Returned value was: None
[2026-03-29T23:22:45.306+0000] {taskinstance.py:441} INFO - ::group::Post task execution logs
[2026-03-29T23:22:45.342+0000] {taskinstance.py:1206} INFO - Marking task as SUCCESS. dag_id=static_trades_analytics, task_id=load_static_data, run_id=scheduled__2026-03-28T00:00:00+00:00, execution_date=20260328T000000, start_date=20260329T232244, end_date=20260329T232245
[2026-03-29T23:22:45.413+0000] {local_task_job_runner.py:240} INFO - Task exited with return code 0
[2026-03-29T23:22:45.481+0000] {taskinstance.py:3503} INFO - 0 downstream tasks scheduled from follow-on schedule check
[2026-03-29T23:22:45.490+0000] {local_task_job_runner.py:222} INFO - ::endgroup::
