[2026-03-29T12:14:45.309+0000] {local_task_job_runner.py:120} INFO - ::group::Pre task execution logs
[2026-03-29T12:14:45.434+0000] {taskinstance.py:2076} INFO - Dependencies all met for dep_context=non-requeueable deps ti=<TaskInstance: live_trades_analytics.clean_live_trades manual__2026-03-29T12:14:24.300754+00:00 [queued]>
[2026-03-29T12:14:45.473+0000] {taskinstance.py:2076} INFO - Dependencies all met for dep_context=requeueable deps ti=<TaskInstance: live_trades_analytics.clean_live_trades manual__2026-03-29T12:14:24.300754+00:00 [queued]>
[2026-03-29T12:14:45.477+0000] {taskinstance.py:2306} INFO - Starting attempt 1 of 1
[2026-03-29T12:14:45.545+0000] {taskinstance.py:2330} INFO - Executing <Task(PythonOperator): clean_live_trades> on 2026-03-29 12:14:24.300754+00:00
[2026-03-29T12:14:45.595+0000] {logging_mixin.py:188} WARNING - /home/***/.local/lib/python3.12/site-packages/***/task/task_runner/standard_task_runner.py:61 DeprecationWarning: This process (pid=324) is multi-threaded, use of fork() may lead to deadlocks in the child.
[2026-03-29T12:14:45.599+0000] {standard_task_runner.py:63} INFO - Started process 332 to run task
[2026-03-29T12:14:45.589+0000] {standard_task_runner.py:90} INFO - Running: ['***', 'tasks', 'run', 'live_trades_analytics', 'clean_live_trades', 'manual__2026-03-29T12:14:24.300754+00:00', '--job-id', '12', '--raw', '--subdir', 'DAGS_FOLDER/live_user_analytics.py', '--cfg-path', '/tmp/tmp3xy5iw11']
[2026-03-29T12:14:45.605+0000] {standard_task_runner.py:91} INFO - Job 12: Subtask clean_live_trades
[2026-03-29T12:14:45.682+0000] {logging_mixin.py:188} WARNING - /home/***/.local/lib/python3.12/site-packages/***/settings.py:195 DeprecationWarning: The sql_alchemy_conn option in [core] has been moved to the sql_alchemy_conn option in [database] - the old setting has been used, but please update your config.
[2026-03-29T12:14:45.865+0000] {task_command.py:426} INFO - Running <TaskInstance: live_trades_analytics.clean_live_trades manual__2026-03-29T12:14:24.300754+00:00 [running]> on host 8536c3ac8533
[2026-03-29T12:14:46.265+0000] {taskinstance.py:2648} INFO - Exporting env vars: AIRFLOW_CTX_DAG_OWNER='***' AIRFLOW_CTX_DAG_ID='live_trades_analytics' AIRFLOW_CTX_TASK_ID='clean_live_trades' AIRFLOW_CTX_EXECUTION_DATE='2026-03-29T12:14:24.300754+00:00' AIRFLOW_CTX_TRY_NUMBER='1' AIRFLOW_CTX_DAG_RUN_ID='manual__2026-03-29T12:14:24.300754+00:00'
[2026-03-29T12:14:46.267+0000] {taskinstance.py:430} INFO - ::endgroup::
[2026-03-29T12:14:46.319+0000] {logging_mixin.py:188} INFO - Cleaned data saved to /opt/***/temp/live_transformed.csv, 4 rows kept.
[2026-03-29T12:14:46.320+0000] {python.py:237} INFO - Done. Returned value was: None
[2026-03-29T12:14:46.321+0000] {taskinstance.py:441} INFO - ::group::Post task execution logs
[2026-03-29T12:14:46.335+0000] {taskinstance.py:1206} INFO - Marking task as SUCCESS. dag_id=live_trades_analytics, task_id=clean_live_trades, run_id=manual__2026-03-29T12:14:24.300754+00:00, execution_date=20260329T121424, start_date=20260329T121445, end_date=20260329T121446
[2026-03-29T12:14:46.396+0000] {local_task_job_runner.py:240} INFO - Task exited with return code 0
[2026-03-29T12:14:46.438+0000] {taskinstance.py:3503} INFO - 1 downstream tasks scheduled from follow-on schedule check
[2026-03-29T12:14:46.441+0000] {local_task_job_runner.py:222} INFO - ::endgroup::
