[2026-03-29T14:33:08.054+0000] {local_task_job_runner.py:120} INFO - ::group::Pre task execution logs
[2026-03-29T14:33:08.111+0000] {taskinstance.py:2076} INFO - Dependencies all met for dep_context=non-requeueable deps ti=<TaskInstance: user_analytics.clean_trade_data manual__2026-03-29T14:32:36.784961+00:00 [queued]>
[2026-03-29T14:33:08.122+0000] {taskinstance.py:2076} INFO - Dependencies all met for dep_context=requeueable deps ti=<TaskInstance: user_analytics.clean_trade_data manual__2026-03-29T14:32:36.784961+00:00 [queued]>
[2026-03-29T14:33:08.122+0000] {taskinstance.py:2306} INFO - Starting attempt 1 of 1
[2026-03-29T14:33:08.139+0000] {taskinstance.py:2330} INFO - Executing <Task(PythonOperator): clean_trade_data> on 2026-03-29 14:32:36.784961+00:00
[2026-03-29T14:33:08.158+0000] {logging_mixin.py:188} WARNING - /home/***/.local/lib/python3.12/site-packages/***/task/task_runner/standard_task_runner.py:61 DeprecationWarning: This process (pid=402) is multi-threaded, use of fork() may lead to deadlocks in the child.
[2026-03-29T14:33:08.162+0000] {standard_task_runner.py:63} INFO - Started process 407 to run task
[2026-03-29T14:33:08.158+0000] {standard_task_runner.py:90} INFO - Running: ['***', 'tasks', 'run', 'user_analytics', 'clean_trade_data', 'manual__2026-03-29T14:32:36.784961+00:00', '--job-id', '19', '--raw', '--subdir', 'DAGS_FOLDER/user_analytics.py', '--cfg-path', '/tmp/tmpclzs6txk']
[2026-03-29T14:33:08.164+0000] {standard_task_runner.py:91} INFO - Job 19: Subtask clean_trade_data
[2026-03-29T14:33:08.225+0000] {logging_mixin.py:188} WARNING - /home/***/.local/lib/python3.12/site-packages/***/settings.py:195 DeprecationWarning: The sql_alchemy_conn option in [core] has been moved to the sql_alchemy_conn option in [database] - the old setting has been used, but please update your config.
[2026-03-29T14:33:08.287+0000] {task_command.py:426} INFO - Running <TaskInstance: user_analytics.clean_trade_data manual__2026-03-29T14:32:36.784961+00:00 [running]> on host 3942be4b0136
[2026-03-29T14:33:08.489+0000] {taskinstance.py:2648} INFO - Exporting env vars: AIRFLOW_CTX_DAG_OWNER='***' AIRFLOW_CTX_DAG_ID='user_analytics' AIRFLOW_CTX_TASK_ID='clean_trade_data' AIRFLOW_CTX_EXECUTION_DATE='2026-03-29T14:32:36.784961+00:00' AIRFLOW_CTX_TRY_NUMBER='1' AIRFLOW_CTX_DAG_RUN_ID='manual__2026-03-29T14:32:36.784961+00:00'
[2026-03-29T14:33:08.492+0000] {taskinstance.py:430} INFO - ::endgroup::
[2026-03-29T14:33:08.632+0000] {logging_mixin.py:188} INFO - Cleaned data saved to /opt/***/temp/transformed.csv, 10 rows kept.
[2026-03-29T14:33:08.635+0000] {python.py:237} INFO - Done. Returned value was: None
[2026-03-29T14:33:08.638+0000] {taskinstance.py:441} INFO - ::group::Post task execution logs
[2026-03-29T14:33:08.697+0000] {taskinstance.py:1206} INFO - Marking task as SUCCESS. dag_id=user_analytics, task_id=clean_trade_data, run_id=manual__2026-03-29T14:32:36.784961+00:00, execution_date=20260329T143236, start_date=20260329T143308, end_date=20260329T143308
[2026-03-29T14:33:08.828+0000] {local_task_job_runner.py:240} INFO - Task exited with return code 0
[2026-03-29T14:33:08.866+0000] {taskinstance.py:3503} INFO - 1 downstream tasks scheduled from follow-on schedule check
[2026-03-29T14:33:08.875+0000] {local_task_job_runner.py:222} INFO - ::endgroup::
